[2022-12-17 16:05:24,581] {taskinstance.py:1032} INFO - Dependencies all met for <TaskInstance: scheduler_dag.insert_to_db_task manual__2022-12-17T16:00:59.646896+00:00 [queued]>
[2022-12-17 16:05:24,685] {taskinstance.py:1032} INFO - Dependencies all met for <TaskInstance: scheduler_dag.insert_to_db_task manual__2022-12-17T16:00:59.646896+00:00 [queued]>
[2022-12-17 16:05:24,688] {taskinstance.py:1238} INFO - 
--------------------------------------------------------------------------------
[2022-12-17 16:05:24,690] {taskinstance.py:1239} INFO - Starting attempt 1 of 2
[2022-12-17 16:05:24,692] {taskinstance.py:1240} INFO - 
--------------------------------------------------------------------------------
[2022-12-17 16:05:24,773] {taskinstance.py:1259} INFO - Executing <Task(PythonOperator): insert_to_db_task> on 2022-12-17 16:00:59.646896+00:00
[2022-12-17 16:05:24,783] {standard_task_runner.py:52} INFO - Started process 298 to run task
[2022-12-17 16:05:24,794] {standard_task_runner.py:76} INFO - Running: ['***', 'tasks', 'run', 'scheduler_dag', 'insert_to_db_task', 'manual__2022-12-17T16:00:59.646896+00:00', '--job-id', '4', '--raw', '--subdir', 'DAGS_FOLDER/scheduler.py', '--cfg-path', '/tmp/tmppffhfv3i', '--error-file', '/tmp/tmpak8a2xwt']
[2022-12-17 16:05:24,799] {standard_task_runner.py:77} INFO - Job 4: Subtask insert_to_db_task
[2022-12-17 16:05:25,073] {logging_mixin.py:109} INFO - Running <TaskInstance: scheduler_dag.insert_to_db_task manual__2022-12-17T16:00:59.646896+00:00 [running]> on host 029a61150c79
[2022-12-17 16:05:25,418] {taskinstance.py:1426} INFO - Exporting the following env vars:
AIRFLOW_CTX_DAG_OWNER=***
AIRFLOW_CTX_DAG_ID=scheduler_dag
AIRFLOW_CTX_TASK_ID=insert_to_db_task
AIRFLOW_CTX_EXECUTION_DATE=2022-12-17T16:00:59.646896+00:00
AIRFLOW_CTX_DAG_RUN_ID=manual__2022-12-17T16:00:59.646896+00:00
[2022-12-17 16:05:25,425] {logging_mixin.py:109} INFO - ('Michael', 'B', 'Jordan', '591106443', '1965-01-09', '731 Fondren, Houston, TX', 'M', '30000', '333445555', '5')
[2022-12-17 16:05:25,433] {logging_mixin.py:109} INFO - ('Michael', 'B', 'Jordan', '487664379', '1965-01-09', '731 Fondren, Houston, TX', 'M', '30000', '333445555', '5')
[2022-12-17 16:05:25,436] {logging_mixin.py:109} INFO - ('Michael', 'B', 'Jordan', '350768399', '1965-01-09', '731 Fondren, Houston, TX', 'M', '30000', '333445555', '5')
[2022-12-17 16:05:25,439] {logging_mixin.py:109} INFO - ('Michael', 'B', 'Jordan', '087532435', '1965-01-09', '731 Fondren, Houston, TX', 'M', '30000', '333445555', '5')
[2022-12-17 16:05:25,443] {logging_mixin.py:109} INFO - ('Michael', 'B', 'Jordan', '780050036', '1965-01-09', '731 Fondren, Houston, TX', 'M', '30000', '333445555', '5')
[2022-12-17 16:05:25,446] {logging_mixin.py:109} INFO - ('Michael', 'B', 'Jordan', '118811534', '1965-01-09', '731 Fondren, Houston, TX', 'M', '30000', '333445555', '5')
[2022-12-17 16:05:25,449] {logging_mixin.py:109} INFO - ('Michael', 'B', 'Jordan', '092757449', '1965-01-09', '731 Fondren, Houston, TX', 'M', '30000', '333445555', '5')
[2022-12-17 16:05:25,452] {logging_mixin.py:109} INFO - ('Michael', 'B', 'Jordan', '252695502', '1965-01-09', '731 Fondren, Houston, TX', 'M', '30000', '333445555', '5')
[2022-12-17 16:05:25,455] {logging_mixin.py:109} INFO - ('Michael', 'B', 'Jordan', '134976386', '1965-01-09', '731 Fondren, Houston, TX', 'M', '30000', '333445555', '5')
[2022-12-17 16:05:25,458] {logging_mixin.py:109} INFO - ('Michael', 'B', 'Jordan', '232867440', '1965-01-09', '731 Fondren, Houston, TX', 'M', '30000', '333445555', '5')
[2022-12-17 16:05:25,466] {python.py:175} INFO - Done. Returned value was: None
[2022-12-17 16:05:25,515] {taskinstance.py:1277} INFO - Marking task as SUCCESS. dag_id=scheduler_dag, task_id=insert_to_db_task, execution_date=20221217T160059, start_date=20221217T160524, end_date=20221217T160525
[2022-12-17 16:05:25,596] {local_task_job.py:154} INFO - Task exited with return code 0
[2022-12-17 16:05:25,763] {local_task_job.py:264} INFO - 0 downstream tasks scheduled from follow-on schedule check
