[2022-12-17 05:32:12,923] {taskinstance.py:1032} INFO - Dependencies all met for <TaskInstance: scheduler_dag.insert_to_db_task manual__2022-12-17T05:32:03.357108+00:00 [queued]>
[2022-12-17 05:32:12,964] {taskinstance.py:1032} INFO - Dependencies all met for <TaskInstance: scheduler_dag.insert_to_db_task manual__2022-12-17T05:32:03.357108+00:00 [queued]>
[2022-12-17 05:32:12,965] {taskinstance.py:1238} INFO - 
--------------------------------------------------------------------------------
[2022-12-17 05:32:12,966] {taskinstance.py:1239} INFO - Starting attempt 1 of 2
[2022-12-17 05:32:12,967] {taskinstance.py:1240} INFO - 
--------------------------------------------------------------------------------
[2022-12-17 05:32:13,009] {taskinstance.py:1259} INFO - Executing <Task(PythonOperator): insert_to_db_task> on 2022-12-17 05:32:03.357108+00:00
[2022-12-17 05:32:13,015] {standard_task_runner.py:52} INFO - Started process 270 to run task
[2022-12-17 05:32:13,028] {standard_task_runner.py:76} INFO - Running: ['***', 'tasks', 'run', 'scheduler_dag', 'insert_to_db_task', 'manual__2022-12-17T05:32:03.357108+00:00', '--job-id', '6', '--raw', '--subdir', 'DAGS_FOLDER/scheduler.py', '--cfg-path', '/tmp/tmp_ju3ml9r', '--error-file', '/tmp/tmpqk25_cc4']
[2022-12-17 05:32:13,030] {standard_task_runner.py:77} INFO - Job 6: Subtask insert_to_db_task
[2022-12-17 05:32:13,269] {logging_mixin.py:109} INFO - Running <TaskInstance: scheduler_dag.insert_to_db_task manual__2022-12-17T05:32:03.357108+00:00 [running]> on host 74d73c162c9e
[2022-12-17 05:32:13,463] {taskinstance.py:1426} INFO - Exporting the following env vars:
AIRFLOW_CTX_DAG_OWNER=***
AIRFLOW_CTX_DAG_ID=scheduler_dag
AIRFLOW_CTX_TASK_ID=insert_to_db_task
AIRFLOW_CTX_EXECUTION_DATE=2022-12-17T05:32:03.357108+00:00
AIRFLOW_CTX_DAG_RUN_ID=manual__2022-12-17T05:32:03.357108+00:00
[2022-12-17 05:32:13,479] {python.py:175} INFO - Done. Returned value was: None
[2022-12-17 05:32:13,539] {taskinstance.py:1277} INFO - Marking task as SUCCESS. dag_id=scheduler_dag, task_id=insert_to_db_task, execution_date=20221217T053203, start_date=20221217T053212, end_date=20221217T053213
[2022-12-17 05:32:13,650] {local_task_job.py:154} INFO - Task exited with return code 0
[2022-12-17 05:32:13,739] {local_task_job.py:264} INFO - 0 downstream tasks scheduled from follow-on schedule check
