[2022-12-17T04:16:21.184+0000] {processor.py:153} INFO - Started process (PID=69) to work on /home/airflow/.local/lib/python3.7/site-packages/airflow/example_dags/example_subdag_operator.py
[2022-12-17T04:16:21.185+0000] {processor.py:743} INFO - Processing file /home/airflow/.local/lib/python3.7/site-packages/airflow/example_dags/example_subdag_operator.py for tasks to queue
[2022-12-17T04:16:21.185+0000] {logging_mixin.py:137} INFO - [2022-12-17T04:16:21.185+0000] {dagbag.py:538} INFO - Filling up the DagBag from /home/airflow/.local/lib/python3.7/site-packages/airflow/example_dags/example_subdag_operator.py
[2022-12-17T04:16:21.211+0000] {processor.py:753} INFO - DAG(s) dict_keys(['example_subdag_operator.section-1', 'example_subdag_operator.section-2', 'example_subdag_operator']) retrieved from /home/airflow/.local/lib/python3.7/site-packages/airflow/example_dags/example_subdag_operator.py
[2022-12-17T04:16:21.223+0000] {logging_mixin.py:137} INFO - [2022-12-17T04:16:21.223+0000] {dag.py:2676} INFO - Sync 3 DAGs
[2022-12-17T04:16:21.239+0000] {logging_mixin.py:137} INFO - [2022-12-17T04:16:21.238+0000] {dag.py:3427} INFO - Setting next_dagrun for example_subdag_operator to 2022-01-01T00:00:00+00:00, run_after=2022-01-01T00:00:00+00:00
[2022-12-17T04:16:21.241+0000] {logging_mixin.py:137} INFO - [2022-12-17T04:16:21.241+0000] {dag.py:3427} INFO - Setting next_dagrun for example_subdag_operator.section-1 to None, run_after=None
[2022-12-17T04:16:21.242+0000] {logging_mixin.py:137} INFO - [2022-12-17T04:16:21.242+0000] {dag.py:3427} INFO - Setting next_dagrun for example_subdag_operator.section-2 to None, run_after=None
[2022-12-17T04:16:21.247+0000] {logging_mixin.py:137} INFO - [2022-12-17T04:16:21.247+0000] {dag.py:2676} INFO - Sync 2 DAGs
[2022-12-17T04:16:21.250+0000] {logging_mixin.py:137} INFO - [2022-12-17T04:16:21.250+0000] {dag.py:3427} INFO - Setting next_dagrun for example_subdag_operator.section-1 to None, run_after=None
[2022-12-17T04:16:21.251+0000] {logging_mixin.py:137} INFO - [2022-12-17T04:16:21.251+0000] {dag.py:3427} INFO - Setting next_dagrun for example_subdag_operator.section-2 to None, run_after=None
[2022-12-17T04:16:21.259+0000] {processor.py:175} INFO - Processing /home/airflow/.local/lib/python3.7/site-packages/airflow/example_dags/example_subdag_operator.py took 0.078 seconds
[2022-12-17T04:16:51.638+0000] {processor.py:153} INFO - Started process (PID=144) to work on /home/airflow/.local/lib/python3.7/site-packages/airflow/example_dags/example_subdag_operator.py
[2022-12-17T04:16:51.639+0000] {processor.py:743} INFO - Processing file /home/airflow/.local/lib/python3.7/site-packages/airflow/example_dags/example_subdag_operator.py for tasks to queue
[2022-12-17T04:16:51.640+0000] {logging_mixin.py:137} INFO - [2022-12-17T04:16:51.640+0000] {dagbag.py:538} INFO - Filling up the DagBag from /home/airflow/.local/lib/python3.7/site-packages/airflow/example_dags/example_subdag_operator.py
[2022-12-17T04:16:51.666+0000] {processor.py:753} INFO - DAG(s) dict_keys(['example_subdag_operator.section-1', 'example_subdag_operator.section-2', 'example_subdag_operator']) retrieved from /home/airflow/.local/lib/python3.7/site-packages/airflow/example_dags/example_subdag_operator.py
[2022-12-17T04:16:51.687+0000] {logging_mixin.py:137} INFO - [2022-12-17T04:16:51.687+0000] {dag.py:2676} INFO - Sync 3 DAGs
[2022-12-17T04:16:51.703+0000] {logging_mixin.py:137} INFO - [2022-12-17T04:16:51.703+0000] {dag.py:3427} INFO - Setting next_dagrun for example_subdag_operator to 2022-01-01T00:00:00+00:00, run_after=2022-01-01T00:00:00+00:00
[2022-12-17T04:16:51.706+0000] {logging_mixin.py:137} INFO - [2022-12-17T04:16:51.706+0000] {dag.py:3427} INFO - Setting next_dagrun for example_subdag_operator.section-1 to None, run_after=None
[2022-12-17T04:16:51.707+0000] {logging_mixin.py:137} INFO - [2022-12-17T04:16:51.706+0000] {dag.py:3427} INFO - Setting next_dagrun for example_subdag_operator.section-2 to None, run_after=None
[2022-12-17T04:16:51.712+0000] {logging_mixin.py:137} INFO - [2022-12-17T04:16:51.712+0000] {dag.py:2676} INFO - Sync 2 DAGs
[2022-12-17T04:16:51.716+0000] {logging_mixin.py:137} INFO - [2022-12-17T04:16:51.716+0000] {dag.py:3427} INFO - Setting next_dagrun for example_subdag_operator.section-1 to None, run_after=None
[2022-12-17T04:16:51.716+0000] {logging_mixin.py:137} INFO - [2022-12-17T04:16:51.716+0000] {dag.py:3427} INFO - Setting next_dagrun for example_subdag_operator.section-2 to None, run_after=None
[2022-12-17T04:16:51.722+0000] {processor.py:175} INFO - Processing /home/airflow/.local/lib/python3.7/site-packages/airflow/example_dags/example_subdag_operator.py took 0.087 seconds
[2022-12-17T04:17:22.235+0000] {processor.py:153} INFO - Started process (PID=219) to work on /home/airflow/.local/lib/python3.7/site-packages/airflow/example_dags/example_subdag_operator.py
[2022-12-17T04:17:22.236+0000] {processor.py:743} INFO - Processing file /home/airflow/.local/lib/python3.7/site-packages/airflow/example_dags/example_subdag_operator.py for tasks to queue
[2022-12-17T04:17:22.237+0000] {logging_mixin.py:137} INFO - [2022-12-17T04:17:22.237+0000] {dagbag.py:538} INFO - Filling up the DagBag from /home/airflow/.local/lib/python3.7/site-packages/airflow/example_dags/example_subdag_operator.py
[2022-12-17T04:17:22.268+0000] {processor.py:753} INFO - DAG(s) dict_keys(['example_subdag_operator.section-1', 'example_subdag_operator.section-2', 'example_subdag_operator']) retrieved from /home/airflow/.local/lib/python3.7/site-packages/airflow/example_dags/example_subdag_operator.py
[2022-12-17T04:17:22.289+0000] {logging_mixin.py:137} INFO - [2022-12-17T04:17:22.288+0000] {dag.py:2676} INFO - Sync 3 DAGs
[2022-12-17T04:17:22.304+0000] {logging_mixin.py:137} INFO - [2022-12-17T04:17:22.304+0000] {dag.py:3427} INFO - Setting next_dagrun for example_subdag_operator to 2022-01-01T00:00:00+00:00, run_after=2022-01-01T00:00:00+00:00
[2022-12-17T04:17:22.306+0000] {logging_mixin.py:137} INFO - [2022-12-17T04:17:22.306+0000] {dag.py:3427} INFO - Setting next_dagrun for example_subdag_operator.section-1 to None, run_after=None
[2022-12-17T04:17:22.308+0000] {logging_mixin.py:137} INFO - [2022-12-17T04:17:22.308+0000] {dag.py:3427} INFO - Setting next_dagrun for example_subdag_operator.section-2 to None, run_after=None
[2022-12-17T04:17:22.312+0000] {logging_mixin.py:137} INFO - [2022-12-17T04:17:22.312+0000] {dag.py:2676} INFO - Sync 2 DAGs
[2022-12-17T04:17:22.316+0000] {logging_mixin.py:137} INFO - [2022-12-17T04:17:22.316+0000] {dag.py:3427} INFO - Setting next_dagrun for example_subdag_operator.section-1 to None, run_after=None
[2022-12-17T04:17:22.317+0000] {logging_mixin.py:137} INFO - [2022-12-17T04:17:22.317+0000] {dag.py:3427} INFO - Setting next_dagrun for example_subdag_operator.section-2 to None, run_after=None
[2022-12-17T04:17:22.324+0000] {processor.py:175} INFO - Processing /home/airflow/.local/lib/python3.7/site-packages/airflow/example_dags/example_subdag_operator.py took 0.092 seconds
[2022-12-17T04:17:52.508+0000] {processor.py:153} INFO - Started process (PID=281) to work on /home/airflow/.local/lib/python3.7/site-packages/airflow/example_dags/example_subdag_operator.py
[2022-12-17T04:17:52.509+0000] {processor.py:743} INFO - Processing file /home/airflow/.local/lib/python3.7/site-packages/airflow/example_dags/example_subdag_operator.py for tasks to queue
[2022-12-17T04:17:52.510+0000] {logging_mixin.py:137} INFO - [2022-12-17T04:17:52.510+0000] {dagbag.py:538} INFO - Filling up the DagBag from /home/airflow/.local/lib/python3.7/site-packages/airflow/example_dags/example_subdag_operator.py
[2022-12-17T04:17:52.539+0000] {processor.py:753} INFO - DAG(s) dict_keys(['example_subdag_operator.section-1', 'example_subdag_operator.section-2', 'example_subdag_operator']) retrieved from /home/airflow/.local/lib/python3.7/site-packages/airflow/example_dags/example_subdag_operator.py
[2022-12-17T04:17:52.558+0000] {logging_mixin.py:137} INFO - [2022-12-17T04:17:52.558+0000] {dag.py:2676} INFO - Sync 3 DAGs
[2022-12-17T04:17:52.575+0000] {logging_mixin.py:137} INFO - [2022-12-17T04:17:52.575+0000] {dag.py:3427} INFO - Setting next_dagrun for example_subdag_operator to 2022-01-01T00:00:00+00:00, run_after=2022-01-01T00:00:00+00:00
[2022-12-17T04:17:52.578+0000] {logging_mixin.py:137} INFO - [2022-12-17T04:17:52.577+0000] {dag.py:3427} INFO - Setting next_dagrun for example_subdag_operator.section-1 to None, run_after=None
[2022-12-17T04:17:52.579+0000] {logging_mixin.py:137} INFO - [2022-12-17T04:17:52.579+0000] {dag.py:3427} INFO - Setting next_dagrun for example_subdag_operator.section-2 to None, run_after=None
[2022-12-17T04:17:52.584+0000] {logging_mixin.py:137} INFO - [2022-12-17T04:17:52.584+0000] {dag.py:2676} INFO - Sync 2 DAGs
[2022-12-17T04:17:52.587+0000] {logging_mixin.py:137} INFO - [2022-12-17T04:17:52.587+0000] {dag.py:3427} INFO - Setting next_dagrun for example_subdag_operator.section-1 to None, run_after=None
[2022-12-17T04:17:52.588+0000] {logging_mixin.py:137} INFO - [2022-12-17T04:17:52.588+0000] {dag.py:3427} INFO - Setting next_dagrun for example_subdag_operator.section-2 to None, run_after=None
[2022-12-17T04:17:52.595+0000] {processor.py:175} INFO - Processing /home/airflow/.local/lib/python3.7/site-packages/airflow/example_dags/example_subdag_operator.py took 0.089 seconds
[2022-12-17T04:18:22.849+0000] {processor.py:153} INFO - Started process (PID=355) to work on /home/airflow/.local/lib/python3.7/site-packages/airflow/example_dags/example_subdag_operator.py
[2022-12-17T04:18:22.851+0000] {processor.py:743} INFO - Processing file /home/airflow/.local/lib/python3.7/site-packages/airflow/example_dags/example_subdag_operator.py for tasks to queue
[2022-12-17T04:18:22.851+0000] {logging_mixin.py:137} INFO - [2022-12-17T04:18:22.851+0000] {dagbag.py:538} INFO - Filling up the DagBag from /home/airflow/.local/lib/python3.7/site-packages/airflow/example_dags/example_subdag_operator.py
[2022-12-17T04:18:22.878+0000] {processor.py:753} INFO - DAG(s) dict_keys(['example_subdag_operator.section-1', 'example_subdag_operator.section-2', 'example_subdag_operator']) retrieved from /home/airflow/.local/lib/python3.7/site-packages/airflow/example_dags/example_subdag_operator.py
[2022-12-17T04:18:22.897+0000] {logging_mixin.py:137} INFO - [2022-12-17T04:18:22.897+0000] {dag.py:2676} INFO - Sync 3 DAGs
[2022-12-17T04:18:22.913+0000] {logging_mixin.py:137} INFO - [2022-12-17T04:18:22.913+0000] {dag.py:3427} INFO - Setting next_dagrun for example_subdag_operator to 2022-01-01T00:00:00+00:00, run_after=2022-01-01T00:00:00+00:00
[2022-12-17T04:18:22.916+0000] {logging_mixin.py:137} INFO - [2022-12-17T04:18:22.916+0000] {dag.py:3427} INFO - Setting next_dagrun for example_subdag_operator.section-1 to None, run_after=None
[2022-12-17T04:18:22.917+0000] {logging_mixin.py:137} INFO - [2022-12-17T04:18:22.917+0000] {dag.py:3427} INFO - Setting next_dagrun for example_subdag_operator.section-2 to None, run_after=None
[2022-12-17T04:18:22.923+0000] {logging_mixin.py:137} INFO - [2022-12-17T04:18:22.923+0000] {dag.py:2676} INFO - Sync 2 DAGs
[2022-12-17T04:18:22.927+0000] {logging_mixin.py:137} INFO - [2022-12-17T04:18:22.927+0000] {dag.py:3427} INFO - Setting next_dagrun for example_subdag_operator.section-1 to None, run_after=None
[2022-12-17T04:18:22.928+0000] {logging_mixin.py:137} INFO - [2022-12-17T04:18:22.928+0000] {dag.py:3427} INFO - Setting next_dagrun for example_subdag_operator.section-2 to None, run_after=None
[2022-12-17T04:18:22.934+0000] {processor.py:175} INFO - Processing /home/airflow/.local/lib/python3.7/site-packages/airflow/example_dags/example_subdag_operator.py took 0.089 seconds
[2022-12-17T04:18:53.433+0000] {processor.py:153} INFO - Started process (PID=430) to work on /home/airflow/.local/lib/python3.7/site-packages/airflow/example_dags/example_subdag_operator.py
[2022-12-17T04:18:53.435+0000] {processor.py:743} INFO - Processing file /home/airflow/.local/lib/python3.7/site-packages/airflow/example_dags/example_subdag_operator.py for tasks to queue
[2022-12-17T04:18:53.435+0000] {logging_mixin.py:137} INFO - [2022-12-17T04:18:53.435+0000] {dagbag.py:538} INFO - Filling up the DagBag from /home/airflow/.local/lib/python3.7/site-packages/airflow/example_dags/example_subdag_operator.py
[2022-12-17T04:18:53.462+0000] {processor.py:753} INFO - DAG(s) dict_keys(['example_subdag_operator.section-1', 'example_subdag_operator.section-2', 'example_subdag_operator']) retrieved from /home/airflow/.local/lib/python3.7/site-packages/airflow/example_dags/example_subdag_operator.py
[2022-12-17T04:18:53.481+0000] {logging_mixin.py:137} INFO - [2022-12-17T04:18:53.481+0000] {dag.py:2676} INFO - Sync 3 DAGs
[2022-12-17T04:18:53.498+0000] {logging_mixin.py:137} INFO - [2022-12-17T04:18:53.498+0000] {dag.py:3427} INFO - Setting next_dagrun for example_subdag_operator to 2022-01-01T00:00:00+00:00, run_after=2022-01-01T00:00:00+00:00
[2022-12-17T04:18:53.500+0000] {logging_mixin.py:137} INFO - [2022-12-17T04:18:53.500+0000] {dag.py:3427} INFO - Setting next_dagrun for example_subdag_operator.section-1 to None, run_after=None
[2022-12-17T04:18:53.501+0000] {logging_mixin.py:137} INFO - [2022-12-17T04:18:53.501+0000] {dag.py:3427} INFO - Setting next_dagrun for example_subdag_operator.section-2 to None, run_after=None
[2022-12-17T04:18:53.506+0000] {logging_mixin.py:137} INFO - [2022-12-17T04:18:53.506+0000] {dag.py:2676} INFO - Sync 2 DAGs
[2022-12-17T04:18:53.510+0000] {logging_mixin.py:137} INFO - [2022-12-17T04:18:53.510+0000] {dag.py:3427} INFO - Setting next_dagrun for example_subdag_operator.section-1 to None, run_after=None
[2022-12-17T04:18:53.511+0000] {logging_mixin.py:137} INFO - [2022-12-17T04:18:53.510+0000] {dag.py:3427} INFO - Setting next_dagrun for example_subdag_operator.section-2 to None, run_after=None
[2022-12-17T04:18:53.517+0000] {processor.py:175} INFO - Processing /home/airflow/.local/lib/python3.7/site-packages/airflow/example_dags/example_subdag_operator.py took 0.087 seconds
[2022-12-17T04:19:23.768+0000] {processor.py:153} INFO - Started process (PID=493) to work on /home/airflow/.local/lib/python3.7/site-packages/airflow/example_dags/example_subdag_operator.py
[2022-12-17T04:19:23.769+0000] {processor.py:743} INFO - Processing file /home/airflow/.local/lib/python3.7/site-packages/airflow/example_dags/example_subdag_operator.py for tasks to queue
[2022-12-17T04:19:23.770+0000] {logging_mixin.py:137} INFO - [2022-12-17T04:19:23.770+0000] {dagbag.py:538} INFO - Filling up the DagBag from /home/airflow/.local/lib/python3.7/site-packages/airflow/example_dags/example_subdag_operator.py
[2022-12-17T04:19:23.794+0000] {processor.py:753} INFO - DAG(s) dict_keys(['example_subdag_operator.section-1', 'example_subdag_operator.section-2', 'example_subdag_operator']) retrieved from /home/airflow/.local/lib/python3.7/site-packages/airflow/example_dags/example_subdag_operator.py
[2022-12-17T04:19:23.814+0000] {logging_mixin.py:137} INFO - [2022-12-17T04:19:23.814+0000] {dag.py:2676} INFO - Sync 3 DAGs
[2022-12-17T04:19:23.830+0000] {logging_mixin.py:137} INFO - [2022-12-17T04:19:23.829+0000] {dag.py:3427} INFO - Setting next_dagrun for example_subdag_operator to 2022-01-01T00:00:00+00:00, run_after=2022-01-01T00:00:00+00:00
[2022-12-17T04:19:23.832+0000] {logging_mixin.py:137} INFO - [2022-12-17T04:19:23.832+0000] {dag.py:3427} INFO - Setting next_dagrun for example_subdag_operator.section-1 to None, run_after=None
[2022-12-17T04:19:23.833+0000] {logging_mixin.py:137} INFO - [2022-12-17T04:19:23.833+0000] {dag.py:3427} INFO - Setting next_dagrun for example_subdag_operator.section-2 to None, run_after=None
[2022-12-17T04:19:23.837+0000] {logging_mixin.py:137} INFO - [2022-12-17T04:19:23.837+0000] {dag.py:2676} INFO - Sync 2 DAGs
[2022-12-17T04:19:23.841+0000] {logging_mixin.py:137} INFO - [2022-12-17T04:19:23.841+0000] {dag.py:3427} INFO - Setting next_dagrun for example_subdag_operator.section-1 to None, run_after=None
[2022-12-17T04:19:23.842+0000] {logging_mixin.py:137} INFO - [2022-12-17T04:19:23.841+0000] {dag.py:3427} INFO - Setting next_dagrun for example_subdag_operator.section-2 to None, run_after=None
[2022-12-17T04:19:23.848+0000] {processor.py:175} INFO - Processing /home/airflow/.local/lib/python3.7/site-packages/airflow/example_dags/example_subdag_operator.py took 0.083 seconds
[2022-12-17T04:19:54.187+0000] {processor.py:153} INFO - Started process (PID=568) to work on /home/airflow/.local/lib/python3.7/site-packages/airflow/example_dags/example_subdag_operator.py
[2022-12-17T04:19:54.188+0000] {processor.py:743} INFO - Processing file /home/airflow/.local/lib/python3.7/site-packages/airflow/example_dags/example_subdag_operator.py for tasks to queue
[2022-12-17T04:19:54.189+0000] {logging_mixin.py:137} INFO - [2022-12-17T04:19:54.189+0000] {dagbag.py:538} INFO - Filling up the DagBag from /home/airflow/.local/lib/python3.7/site-packages/airflow/example_dags/example_subdag_operator.py
[2022-12-17T04:19:54.214+0000] {processor.py:753} INFO - DAG(s) dict_keys(['example_subdag_operator.section-1', 'example_subdag_operator.section-2', 'example_subdag_operator']) retrieved from /home/airflow/.local/lib/python3.7/site-packages/airflow/example_dags/example_subdag_operator.py
[2022-12-17T04:19:54.234+0000] {logging_mixin.py:137} INFO - [2022-12-17T04:19:54.234+0000] {dag.py:2676} INFO - Sync 3 DAGs
[2022-12-17T04:19:54.249+0000] {logging_mixin.py:137} INFO - [2022-12-17T04:19:54.249+0000] {dag.py:3427} INFO - Setting next_dagrun for example_subdag_operator to 2022-01-01T00:00:00+00:00, run_after=2022-01-01T00:00:00+00:00
[2022-12-17T04:19:54.252+0000] {logging_mixin.py:137} INFO - [2022-12-17T04:19:54.252+0000] {dag.py:3427} INFO - Setting next_dagrun for example_subdag_operator.section-1 to None, run_after=None
[2022-12-17T04:19:54.253+0000] {logging_mixin.py:137} INFO - [2022-12-17T04:19:54.253+0000] {dag.py:3427} INFO - Setting next_dagrun for example_subdag_operator.section-2 to None, run_after=None
[2022-12-17T04:19:54.258+0000] {logging_mixin.py:137} INFO - [2022-12-17T04:19:54.258+0000] {dag.py:2676} INFO - Sync 2 DAGs
[2022-12-17T04:19:54.262+0000] {logging_mixin.py:137} INFO - [2022-12-17T04:19:54.262+0000] {dag.py:3427} INFO - Setting next_dagrun for example_subdag_operator.section-1 to None, run_after=None
[2022-12-17T04:19:54.263+0000] {logging_mixin.py:137} INFO - [2022-12-17T04:19:54.262+0000] {dag.py:3427} INFO - Setting next_dagrun for example_subdag_operator.section-2 to None, run_after=None
[2022-12-17T04:19:54.270+0000] {processor.py:175} INFO - Processing /home/airflow/.local/lib/python3.7/site-packages/airflow/example_dags/example_subdag_operator.py took 0.085 seconds
[2022-12-17T04:20:24.468+0000] {processor.py:153} INFO - Started process (PID=644) to work on /home/airflow/.local/lib/python3.7/site-packages/airflow/example_dags/example_subdag_operator.py
[2022-12-17T04:20:24.469+0000] {processor.py:743} INFO - Processing file /home/airflow/.local/lib/python3.7/site-packages/airflow/example_dags/example_subdag_operator.py for tasks to queue
[2022-12-17T04:20:24.470+0000] {logging_mixin.py:137} INFO - [2022-12-17T04:20:24.470+0000] {dagbag.py:538} INFO - Filling up the DagBag from /home/airflow/.local/lib/python3.7/site-packages/airflow/example_dags/example_subdag_operator.py
[2022-12-17T04:20:24.495+0000] {processor.py:753} INFO - DAG(s) dict_keys(['example_subdag_operator.section-1', 'example_subdag_operator.section-2', 'example_subdag_operator']) retrieved from /home/airflow/.local/lib/python3.7/site-packages/airflow/example_dags/example_subdag_operator.py
[2022-12-17T04:20:24.514+0000] {logging_mixin.py:137} INFO - [2022-12-17T04:20:24.514+0000] {dag.py:2676} INFO - Sync 3 DAGs
[2022-12-17T04:20:24.530+0000] {logging_mixin.py:137} INFO - [2022-12-17T04:20:24.530+0000] {dag.py:3427} INFO - Setting next_dagrun for example_subdag_operator to 2022-01-01T00:00:00+00:00, run_after=2022-01-01T00:00:00+00:00
[2022-12-17T04:20:24.532+0000] {logging_mixin.py:137} INFO - [2022-12-17T04:20:24.532+0000] {dag.py:3427} INFO - Setting next_dagrun for example_subdag_operator.section-1 to None, run_after=None
[2022-12-17T04:20:24.534+0000] {logging_mixin.py:137} INFO - [2022-12-17T04:20:24.533+0000] {dag.py:3427} INFO - Setting next_dagrun for example_subdag_operator.section-2 to None, run_after=None
[2022-12-17T04:20:24.539+0000] {logging_mixin.py:137} INFO - [2022-12-17T04:20:24.539+0000] {dag.py:2676} INFO - Sync 2 DAGs
[2022-12-17T04:20:24.543+0000] {logging_mixin.py:137} INFO - [2022-12-17T04:20:24.543+0000] {dag.py:3427} INFO - Setting next_dagrun for example_subdag_operator.section-1 to None, run_after=None
[2022-12-17T04:20:24.543+0000] {logging_mixin.py:137} INFO - [2022-12-17T04:20:24.543+0000] {dag.py:3427} INFO - Setting next_dagrun for example_subdag_operator.section-2 to None, run_after=None
[2022-12-17T04:20:24.550+0000] {processor.py:175} INFO - Processing /home/airflow/.local/lib/python3.7/site-packages/airflow/example_dags/example_subdag_operator.py took 0.084 seconds
[2022-12-17T04:20:54.907+0000] {processor.py:153} INFO - Started process (PID=717) to work on /home/airflow/.local/lib/python3.7/site-packages/airflow/example_dags/example_subdag_operator.py
[2022-12-17T04:20:54.908+0000] {processor.py:743} INFO - Processing file /home/airflow/.local/lib/python3.7/site-packages/airflow/example_dags/example_subdag_operator.py for tasks to queue
[2022-12-17T04:20:54.910+0000] {logging_mixin.py:137} INFO - [2022-12-17T04:20:54.910+0000] {dagbag.py:538} INFO - Filling up the DagBag from /home/airflow/.local/lib/python3.7/site-packages/airflow/example_dags/example_subdag_operator.py
[2022-12-17T04:20:54.939+0000] {processor.py:753} INFO - DAG(s) dict_keys(['example_subdag_operator.section-1', 'example_subdag_operator.section-2', 'example_subdag_operator']) retrieved from /home/airflow/.local/lib/python3.7/site-packages/airflow/example_dags/example_subdag_operator.py
[2022-12-17T04:20:54.962+0000] {logging_mixin.py:137} INFO - [2022-12-17T04:20:54.962+0000] {dag.py:2676} INFO - Sync 3 DAGs
[2022-12-17T04:20:54.979+0000] {logging_mixin.py:137} INFO - [2022-12-17T04:20:54.979+0000] {dag.py:3427} INFO - Setting next_dagrun for example_subdag_operator to 2022-01-01T00:00:00+00:00, run_after=2022-01-01T00:00:00+00:00
[2022-12-17T04:20:54.982+0000] {logging_mixin.py:137} INFO - [2022-12-17T04:20:54.982+0000] {dag.py:3427} INFO - Setting next_dagrun for example_subdag_operator.section-1 to None, run_after=None
[2022-12-17T04:20:54.983+0000] {logging_mixin.py:137} INFO - [2022-12-17T04:20:54.983+0000] {dag.py:3427} INFO - Setting next_dagrun for example_subdag_operator.section-2 to None, run_after=None
[2022-12-17T04:20:54.992+0000] {logging_mixin.py:137} INFO - [2022-12-17T04:20:54.991+0000] {dag.py:2676} INFO - Sync 2 DAGs
[2022-12-17T04:20:54.995+0000] {logging_mixin.py:137} INFO - [2022-12-17T04:20:54.995+0000] {dag.py:3427} INFO - Setting next_dagrun for example_subdag_operator.section-1 to None, run_after=None
[2022-12-17T04:20:54.995+0000] {logging_mixin.py:137} INFO - [2022-12-17T04:20:54.995+0000] {dag.py:3427} INFO - Setting next_dagrun for example_subdag_operator.section-2 to None, run_after=None
[2022-12-17T04:20:55.003+0000] {processor.py:175} INFO - Processing /home/airflow/.local/lib/python3.7/site-packages/airflow/example_dags/example_subdag_operator.py took 0.099 seconds
[2022-12-17T04:21:25.149+0000] {processor.py:153} INFO - Started process (PID=783) to work on /home/airflow/.local/lib/python3.7/site-packages/airflow/example_dags/example_subdag_operator.py
[2022-12-17T04:21:25.150+0000] {processor.py:743} INFO - Processing file /home/airflow/.local/lib/python3.7/site-packages/airflow/example_dags/example_subdag_operator.py for tasks to queue
[2022-12-17T04:21:25.151+0000] {logging_mixin.py:137} INFO - [2022-12-17T04:21:25.151+0000] {dagbag.py:538} INFO - Filling up the DagBag from /home/airflow/.local/lib/python3.7/site-packages/airflow/example_dags/example_subdag_operator.py
[2022-12-17T04:21:25.176+0000] {processor.py:753} INFO - DAG(s) dict_keys(['example_subdag_operator.section-1', 'example_subdag_operator.section-2', 'example_subdag_operator']) retrieved from /home/airflow/.local/lib/python3.7/site-packages/airflow/example_dags/example_subdag_operator.py
[2022-12-17T04:21:25.197+0000] {logging_mixin.py:137} INFO - [2022-12-17T04:21:25.196+0000] {dag.py:2676} INFO - Sync 3 DAGs
[2022-12-17T04:21:25.212+0000] {logging_mixin.py:137} INFO - [2022-12-17T04:21:25.212+0000] {dag.py:3427} INFO - Setting next_dagrun for example_subdag_operator to 2022-01-01T00:00:00+00:00, run_after=2022-01-01T00:00:00+00:00
[2022-12-17T04:21:25.215+0000] {logging_mixin.py:137} INFO - [2022-12-17T04:21:25.215+0000] {dag.py:3427} INFO - Setting next_dagrun for example_subdag_operator.section-1 to None, run_after=None
[2022-12-17T04:21:25.216+0000] {logging_mixin.py:137} INFO - [2022-12-17T04:21:25.216+0000] {dag.py:3427} INFO - Setting next_dagrun for example_subdag_operator.section-2 to None, run_after=None
[2022-12-17T04:21:25.222+0000] {logging_mixin.py:137} INFO - [2022-12-17T04:21:25.222+0000] {dag.py:2676} INFO - Sync 2 DAGs
[2022-12-17T04:21:25.226+0000] {logging_mixin.py:137} INFO - [2022-12-17T04:21:25.226+0000] {dag.py:3427} INFO - Setting next_dagrun for example_subdag_operator.section-1 to None, run_after=None
[2022-12-17T04:21:25.227+0000] {logging_mixin.py:137} INFO - [2022-12-17T04:21:25.227+0000] {dag.py:3427} INFO - Setting next_dagrun for example_subdag_operator.section-2 to None, run_after=None
[2022-12-17T04:21:25.235+0000] {processor.py:175} INFO - Processing /home/airflow/.local/lib/python3.7/site-packages/airflow/example_dags/example_subdag_operator.py took 0.089 seconds
