[2022-12-17T04:16:18.298+0000] {processor.py:153} INFO - Started process (PID=37) to work on /home/airflow/.local/lib/python3.7/site-packages/airflow/example_dags/example_nested_branch_dag.py
[2022-12-17T04:16:18.300+0000] {processor.py:743} INFO - Processing file /home/airflow/.local/lib/python3.7/site-packages/airflow/example_dags/example_nested_branch_dag.py for tasks to queue
[2022-12-17T04:16:18.301+0000] {logging_mixin.py:137} INFO - [2022-12-17T04:16:18.301+0000] {dagbag.py:538} INFO - Filling up the DagBag from /home/airflow/.local/lib/python3.7/site-packages/airflow/example_dags/example_nested_branch_dag.py
[2022-12-17T04:16:18.321+0000] {processor.py:753} INFO - DAG(s) dict_keys(['example_nested_branch_dag']) retrieved from /home/airflow/.local/lib/python3.7/site-packages/airflow/example_dags/example_nested_branch_dag.py
[2022-12-17T04:16:18.345+0000] {logging_mixin.py:137} INFO - [2022-12-17T04:16:18.345+0000] {dag.py:2676} INFO - Sync 1 DAGs
[2022-12-17T04:16:18.372+0000] {logging_mixin.py:137} INFO - [2022-12-17T04:16:18.372+0000] {dag.py:3427} INFO - Setting next_dagrun for example_nested_branch_dag to 2022-12-16T00:00:00+00:00, run_after=2022-12-17T00:00:00+00:00
[2022-12-17T04:16:18.386+0000] {processor.py:175} INFO - Processing /home/airflow/.local/lib/python3.7/site-packages/airflow/example_dags/example_nested_branch_dag.py took 0.091 seconds
[2022-12-17T04:16:48.768+0000] {processor.py:153} INFO - Started process (PID=112) to work on /home/airflow/.local/lib/python3.7/site-packages/airflow/example_dags/example_nested_branch_dag.py
[2022-12-17T04:16:48.769+0000] {processor.py:743} INFO - Processing file /home/airflow/.local/lib/python3.7/site-packages/airflow/example_dags/example_nested_branch_dag.py for tasks to queue
[2022-12-17T04:16:48.770+0000] {logging_mixin.py:137} INFO - [2022-12-17T04:16:48.770+0000] {dagbag.py:538} INFO - Filling up the DagBag from /home/airflow/.local/lib/python3.7/site-packages/airflow/example_dags/example_nested_branch_dag.py
[2022-12-17T04:16:48.790+0000] {processor.py:753} INFO - DAG(s) dict_keys(['example_nested_branch_dag']) retrieved from /home/airflow/.local/lib/python3.7/site-packages/airflow/example_dags/example_nested_branch_dag.py
[2022-12-17T04:16:48.817+0000] {logging_mixin.py:137} INFO - [2022-12-17T04:16:48.817+0000] {dag.py:2676} INFO - Sync 1 DAGs
[2022-12-17T04:16:48.834+0000] {logging_mixin.py:137} INFO - [2022-12-17T04:16:48.834+0000] {dag.py:3427} INFO - Setting next_dagrun for example_nested_branch_dag to 2022-12-16T00:00:00+00:00, run_after=2022-12-17T00:00:00+00:00
[2022-12-17T04:16:48.845+0000] {processor.py:175} INFO - Processing /home/airflow/.local/lib/python3.7/site-packages/airflow/example_dags/example_nested_branch_dag.py took 0.080 seconds
[2022-12-17T04:17:19.181+0000] {processor.py:153} INFO - Started process (PID=182) to work on /home/airflow/.local/lib/python3.7/site-packages/airflow/example_dags/example_nested_branch_dag.py
[2022-12-17T04:17:19.182+0000] {processor.py:743} INFO - Processing file /home/airflow/.local/lib/python3.7/site-packages/airflow/example_dags/example_nested_branch_dag.py for tasks to queue
[2022-12-17T04:17:19.183+0000] {logging_mixin.py:137} INFO - [2022-12-17T04:17:19.183+0000] {dagbag.py:538} INFO - Filling up the DagBag from /home/airflow/.local/lib/python3.7/site-packages/airflow/example_dags/example_nested_branch_dag.py
[2022-12-17T04:17:19.203+0000] {processor.py:753} INFO - DAG(s) dict_keys(['example_nested_branch_dag']) retrieved from /home/airflow/.local/lib/python3.7/site-packages/airflow/example_dags/example_nested_branch_dag.py
[2022-12-17T04:17:19.250+0000] {logging_mixin.py:137} INFO - [2022-12-17T04:17:19.250+0000] {dag.py:2676} INFO - Sync 1 DAGs
[2022-12-17T04:17:19.274+0000] {logging_mixin.py:137} INFO - [2022-12-17T04:17:19.274+0000] {dag.py:3427} INFO - Setting next_dagrun for example_nested_branch_dag to 2022-12-16T00:00:00+00:00, run_after=2022-12-17T00:00:00+00:00
[2022-12-17T04:17:19.300+0000] {processor.py:175} INFO - Processing /home/airflow/.local/lib/python3.7/site-packages/airflow/example_dags/example_nested_branch_dag.py took 0.122 seconds
[2022-12-17T04:17:49.781+0000] {processor.py:153} INFO - Started process (PID=249) to work on /home/airflow/.local/lib/python3.7/site-packages/airflow/example_dags/example_nested_branch_dag.py
[2022-12-17T04:17:49.782+0000] {processor.py:743} INFO - Processing file /home/airflow/.local/lib/python3.7/site-packages/airflow/example_dags/example_nested_branch_dag.py for tasks to queue
[2022-12-17T04:17:49.783+0000] {logging_mixin.py:137} INFO - [2022-12-17T04:17:49.783+0000] {dagbag.py:538} INFO - Filling up the DagBag from /home/airflow/.local/lib/python3.7/site-packages/airflow/example_dags/example_nested_branch_dag.py
[2022-12-17T04:17:49.800+0000] {processor.py:753} INFO - DAG(s) dict_keys(['example_nested_branch_dag']) retrieved from /home/airflow/.local/lib/python3.7/site-packages/airflow/example_dags/example_nested_branch_dag.py
[2022-12-17T04:17:49.830+0000] {logging_mixin.py:137} INFO - [2022-12-17T04:17:49.830+0000] {dag.py:2676} INFO - Sync 1 DAGs
[2022-12-17T04:17:49.846+0000] {logging_mixin.py:137} INFO - [2022-12-17T04:17:49.845+0000] {dag.py:3427} INFO - Setting next_dagrun for example_nested_branch_dag to 2022-12-16T00:00:00+00:00, run_after=2022-12-17T00:00:00+00:00
[2022-12-17T04:17:49.856+0000] {processor.py:175} INFO - Processing /home/airflow/.local/lib/python3.7/site-packages/airflow/example_dags/example_nested_branch_dag.py took 0.078 seconds
[2022-12-17T04:18:20.063+0000] {processor.py:153} INFO - Started process (PID=323) to work on /home/airflow/.local/lib/python3.7/site-packages/airflow/example_dags/example_nested_branch_dag.py
[2022-12-17T04:18:20.064+0000] {processor.py:743} INFO - Processing file /home/airflow/.local/lib/python3.7/site-packages/airflow/example_dags/example_nested_branch_dag.py for tasks to queue
[2022-12-17T04:18:20.065+0000] {logging_mixin.py:137} INFO - [2022-12-17T04:18:20.065+0000] {dagbag.py:538} INFO - Filling up the DagBag from /home/airflow/.local/lib/python3.7/site-packages/airflow/example_dags/example_nested_branch_dag.py
[2022-12-17T04:18:20.082+0000] {processor.py:753} INFO - DAG(s) dict_keys(['example_nested_branch_dag']) retrieved from /home/airflow/.local/lib/python3.7/site-packages/airflow/example_dags/example_nested_branch_dag.py
[2022-12-17T04:18:20.109+0000] {logging_mixin.py:137} INFO - [2022-12-17T04:18:20.109+0000] {dag.py:2676} INFO - Sync 1 DAGs
[2022-12-17T04:18:20.126+0000] {logging_mixin.py:137} INFO - [2022-12-17T04:18:20.126+0000] {dag.py:3427} INFO - Setting next_dagrun for example_nested_branch_dag to 2022-12-16T00:00:00+00:00, run_after=2022-12-17T00:00:00+00:00
[2022-12-17T04:18:20.139+0000] {processor.py:175} INFO - Processing /home/airflow/.local/lib/python3.7/site-packages/airflow/example_dags/example_nested_branch_dag.py took 0.079 seconds
[2022-12-17T04:18:50.386+0000] {processor.py:153} INFO - Started process (PID=395) to work on /home/airflow/.local/lib/python3.7/site-packages/airflow/example_dags/example_nested_branch_dag.py
[2022-12-17T04:18:50.387+0000] {processor.py:743} INFO - Processing file /home/airflow/.local/lib/python3.7/site-packages/airflow/example_dags/example_nested_branch_dag.py for tasks to queue
[2022-12-17T04:18:50.388+0000] {logging_mixin.py:137} INFO - [2022-12-17T04:18:50.388+0000] {dagbag.py:538} INFO - Filling up the DagBag from /home/airflow/.local/lib/python3.7/site-packages/airflow/example_dags/example_nested_branch_dag.py
[2022-12-17T04:18:50.404+0000] {processor.py:753} INFO - DAG(s) dict_keys(['example_nested_branch_dag']) retrieved from /home/airflow/.local/lib/python3.7/site-packages/airflow/example_dags/example_nested_branch_dag.py
[2022-12-17T04:18:50.434+0000] {logging_mixin.py:137} INFO - [2022-12-17T04:18:50.434+0000] {dag.py:2676} INFO - Sync 1 DAGs
[2022-12-17T04:18:50.464+0000] {logging_mixin.py:137} INFO - [2022-12-17T04:18:50.464+0000] {dag.py:3427} INFO - Setting next_dagrun for example_nested_branch_dag to 2022-12-16T00:00:00+00:00, run_after=2022-12-17T00:00:00+00:00
[2022-12-17T04:18:50.483+0000] {processor.py:175} INFO - Processing /home/airflow/.local/lib/python3.7/site-packages/airflow/example_dags/example_nested_branch_dag.py took 0.100 seconds
[2022-12-17T04:19:21.024+0000] {processor.py:153} INFO - Started process (PID=461) to work on /home/airflow/.local/lib/python3.7/site-packages/airflow/example_dags/example_nested_branch_dag.py
[2022-12-17T04:19:21.026+0000] {processor.py:743} INFO - Processing file /home/airflow/.local/lib/python3.7/site-packages/airflow/example_dags/example_nested_branch_dag.py for tasks to queue
[2022-12-17T04:19:21.026+0000] {logging_mixin.py:137} INFO - [2022-12-17T04:19:21.026+0000] {dagbag.py:538} INFO - Filling up the DagBag from /home/airflow/.local/lib/python3.7/site-packages/airflow/example_dags/example_nested_branch_dag.py
[2022-12-17T04:19:21.043+0000] {processor.py:753} INFO - DAG(s) dict_keys(['example_nested_branch_dag']) retrieved from /home/airflow/.local/lib/python3.7/site-packages/airflow/example_dags/example_nested_branch_dag.py
[2022-12-17T04:19:21.072+0000] {logging_mixin.py:137} INFO - [2022-12-17T04:19:21.072+0000] {dag.py:2676} INFO - Sync 1 DAGs
[2022-12-17T04:19:21.088+0000] {logging_mixin.py:137} INFO - [2022-12-17T04:19:21.088+0000] {dag.py:3427} INFO - Setting next_dagrun for example_nested_branch_dag to 2022-12-16T00:00:00+00:00, run_after=2022-12-17T00:00:00+00:00
[2022-12-17T04:19:21.099+0000] {processor.py:175} INFO - Processing /home/airflow/.local/lib/python3.7/site-packages/airflow/example_dags/example_nested_branch_dag.py took 0.077 seconds
[2022-12-17T04:19:51.280+0000] {processor.py:153} INFO - Started process (PID=536) to work on /home/airflow/.local/lib/python3.7/site-packages/airflow/example_dags/example_nested_branch_dag.py
[2022-12-17T04:19:51.281+0000] {processor.py:743} INFO - Processing file /home/airflow/.local/lib/python3.7/site-packages/airflow/example_dags/example_nested_branch_dag.py for tasks to queue
[2022-12-17T04:19:51.282+0000] {logging_mixin.py:137} INFO - [2022-12-17T04:19:51.282+0000] {dagbag.py:538} INFO - Filling up the DagBag from /home/airflow/.local/lib/python3.7/site-packages/airflow/example_dags/example_nested_branch_dag.py
[2022-12-17T04:19:51.300+0000] {processor.py:753} INFO - DAG(s) dict_keys(['example_nested_branch_dag']) retrieved from /home/airflow/.local/lib/python3.7/site-packages/airflow/example_dags/example_nested_branch_dag.py
[2022-12-17T04:19:51.332+0000] {logging_mixin.py:137} INFO - [2022-12-17T04:19:51.332+0000] {dag.py:2676} INFO - Sync 1 DAGs
[2022-12-17T04:19:51.351+0000] {logging_mixin.py:137} INFO - [2022-12-17T04:19:51.350+0000] {dag.py:3427} INFO - Setting next_dagrun for example_nested_branch_dag to 2022-12-16T00:00:00+00:00, run_after=2022-12-17T00:00:00+00:00
[2022-12-17T04:19:51.365+0000] {processor.py:175} INFO - Processing /home/airflow/.local/lib/python3.7/site-packages/airflow/example_dags/example_nested_branch_dag.py took 0.089 seconds
[2022-12-17T04:20:21.682+0000] {processor.py:153} INFO - Started process (PID=612) to work on /home/airflow/.local/lib/python3.7/site-packages/airflow/example_dags/example_nested_branch_dag.py
[2022-12-17T04:20:21.684+0000] {processor.py:743} INFO - Processing file /home/airflow/.local/lib/python3.7/site-packages/airflow/example_dags/example_nested_branch_dag.py for tasks to queue
[2022-12-17T04:20:21.685+0000] {logging_mixin.py:137} INFO - [2022-12-17T04:20:21.685+0000] {dagbag.py:538} INFO - Filling up the DagBag from /home/airflow/.local/lib/python3.7/site-packages/airflow/example_dags/example_nested_branch_dag.py
[2022-12-17T04:20:21.707+0000] {processor.py:753} INFO - DAG(s) dict_keys(['example_nested_branch_dag']) retrieved from /home/airflow/.local/lib/python3.7/site-packages/airflow/example_dags/example_nested_branch_dag.py
[2022-12-17T04:20:21.739+0000] {logging_mixin.py:137} INFO - [2022-12-17T04:20:21.739+0000] {dag.py:2676} INFO - Sync 1 DAGs
[2022-12-17T04:20:21.759+0000] {logging_mixin.py:137} INFO - [2022-12-17T04:20:21.759+0000] {dag.py:3427} INFO - Setting next_dagrun for example_nested_branch_dag to 2022-12-16T00:00:00+00:00, run_after=2022-12-17T00:00:00+00:00
[2022-12-17T04:20:21.773+0000] {processor.py:175} INFO - Processing /home/airflow/.local/lib/python3.7/site-packages/airflow/example_dags/example_nested_branch_dag.py took 0.095 seconds
[2022-12-17T04:20:51.941+0000] {processor.py:153} INFO - Started process (PID=676) to work on /home/airflow/.local/lib/python3.7/site-packages/airflow/example_dags/example_nested_branch_dag.py
[2022-12-17T04:20:51.942+0000] {processor.py:743} INFO - Processing file /home/airflow/.local/lib/python3.7/site-packages/airflow/example_dags/example_nested_branch_dag.py for tasks to queue
[2022-12-17T04:20:51.943+0000] {logging_mixin.py:137} INFO - [2022-12-17T04:20:51.943+0000] {dagbag.py:538} INFO - Filling up the DagBag from /home/airflow/.local/lib/python3.7/site-packages/airflow/example_dags/example_nested_branch_dag.py
[2022-12-17T04:20:51.960+0000] {processor.py:753} INFO - DAG(s) dict_keys(['example_nested_branch_dag']) retrieved from /home/airflow/.local/lib/python3.7/site-packages/airflow/example_dags/example_nested_branch_dag.py
[2022-12-17T04:20:52.029+0000] {logging_mixin.py:137} INFO - [2022-12-17T04:20:52.028+0000] {dag.py:2676} INFO - Sync 1 DAGs
[2022-12-17T04:20:52.046+0000] {logging_mixin.py:137} INFO - [2022-12-17T04:20:52.046+0000] {dag.py:3427} INFO - Setting next_dagrun for example_nested_branch_dag to 2022-12-16T00:00:00+00:00, run_after=2022-12-17T00:00:00+00:00
[2022-12-17T04:20:52.059+0000] {processor.py:175} INFO - Processing /home/airflow/.local/lib/python3.7/site-packages/airflow/example_dags/example_nested_branch_dag.py took 0.121 seconds
[2022-12-17T04:21:22.407+0000] {processor.py:153} INFO - Started process (PID=751) to work on /home/airflow/.local/lib/python3.7/site-packages/airflow/example_dags/example_nested_branch_dag.py
[2022-12-17T04:21:22.409+0000] {processor.py:743} INFO - Processing file /home/airflow/.local/lib/python3.7/site-packages/airflow/example_dags/example_nested_branch_dag.py for tasks to queue
[2022-12-17T04:21:22.409+0000] {logging_mixin.py:137} INFO - [2022-12-17T04:21:22.409+0000] {dagbag.py:538} INFO - Filling up the DagBag from /home/airflow/.local/lib/python3.7/site-packages/airflow/example_dags/example_nested_branch_dag.py
[2022-12-17T04:21:22.426+0000] {processor.py:753} INFO - DAG(s) dict_keys(['example_nested_branch_dag']) retrieved from /home/airflow/.local/lib/python3.7/site-packages/airflow/example_dags/example_nested_branch_dag.py
[2022-12-17T04:21:22.455+0000] {logging_mixin.py:137} INFO - [2022-12-17T04:21:22.455+0000] {dag.py:2676} INFO - Sync 1 DAGs
[2022-12-17T04:21:22.471+0000] {logging_mixin.py:137} INFO - [2022-12-17T04:21:22.471+0000] {dag.py:3427} INFO - Setting next_dagrun for example_nested_branch_dag to 2022-12-16T00:00:00+00:00, run_after=2022-12-17T00:00:00+00:00
[2022-12-17T04:21:22.481+0000] {processor.py:175} INFO - Processing /home/airflow/.local/lib/python3.7/site-packages/airflow/example_dags/example_nested_branch_dag.py took 0.077 seconds
