[2022-12-17T04:16:20.582+0000] {processor.py:153} INFO - Started process (PID=61) to work on /home/airflow/.local/lib/python3.7/site-packages/airflow/example_dags/example_complex.py
[2022-12-17T04:16:20.587+0000] {processor.py:743} INFO - Processing file /home/airflow/.local/lib/python3.7/site-packages/airflow/example_dags/example_complex.py for tasks to queue
[2022-12-17T04:16:20.588+0000] {logging_mixin.py:137} INFO - [2022-12-17T04:16:20.588+0000] {dagbag.py:538} INFO - Filling up the DagBag from /home/airflow/.local/lib/python3.7/site-packages/airflow/example_dags/example_complex.py
[2022-12-17T04:16:20.598+0000] {logging_mixin.py:137} INFO - [2022-12-17T04:16:20.598+0000] {taskmixin.py:205} WARNING - Dependency <Task(BashOperator): create_entry_group>, delete_entry_group already registered for DAG: example_complex
[2022-12-17T04:16:20.599+0000] {logging_mixin.py:137} INFO - [2022-12-17T04:16:20.599+0000] {taskmixin.py:205} WARNING - Dependency <Task(BashOperator): delete_entry_group>, create_entry_group already registered for DAG: example_complex
[2022-12-17T04:16:20.605+0000] {logging_mixin.py:137} INFO - [2022-12-17T04:16:20.605+0000] {taskmixin.py:205} WARNING - Dependency <Task(BashOperator): create_entry_gcs>, delete_entry already registered for DAG: example_complex
[2022-12-17T04:16:20.606+0000] {logging_mixin.py:137} INFO - [2022-12-17T04:16:20.605+0000] {taskmixin.py:205} WARNING - Dependency <Task(BashOperator): delete_entry>, create_entry_gcs already registered for DAG: example_complex
[2022-12-17T04:16:20.611+0000] {logging_mixin.py:137} INFO - [2022-12-17T04:16:20.611+0000] {taskmixin.py:205} WARNING - Dependency <Task(BashOperator): create_tag>, delete_tag already registered for DAG: example_complex
[2022-12-17T04:16:20.612+0000] {logging_mixin.py:137} INFO - [2022-12-17T04:16:20.612+0000] {taskmixin.py:205} WARNING - Dependency <Task(BashOperator): delete_tag>, create_tag already registered for DAG: example_complex
[2022-12-17T04:16:20.625+0000] {processor.py:753} INFO - DAG(s) dict_keys(['example_complex']) retrieved from /home/airflow/.local/lib/python3.7/site-packages/airflow/example_dags/example_complex.py
[2022-12-17T04:16:20.659+0000] {logging_mixin.py:137} INFO - [2022-12-17T04:16:20.659+0000] {dag.py:2676} INFO - Sync 1 DAGs
[2022-12-17T04:16:20.699+0000] {logging_mixin.py:137} INFO - [2022-12-17T04:16:20.699+0000] {dag.py:3427} INFO - Setting next_dagrun for example_complex to None, run_after=None
[2022-12-17T04:16:20.732+0000] {processor.py:175} INFO - Processing /home/airflow/.local/lib/python3.7/site-packages/airflow/example_dags/example_complex.py took 0.153 seconds
[2022-12-17T04:16:51.198+0000] {processor.py:153} INFO - Started process (PID=136) to work on /home/airflow/.local/lib/python3.7/site-packages/airflow/example_dags/example_complex.py
[2022-12-17T04:16:51.199+0000] {processor.py:743} INFO - Processing file /home/airflow/.local/lib/python3.7/site-packages/airflow/example_dags/example_complex.py for tasks to queue
[2022-12-17T04:16:51.200+0000] {logging_mixin.py:137} INFO - [2022-12-17T04:16:51.200+0000] {dagbag.py:538} INFO - Filling up the DagBag from /home/airflow/.local/lib/python3.7/site-packages/airflow/example_dags/example_complex.py
[2022-12-17T04:16:51.209+0000] {logging_mixin.py:137} INFO - [2022-12-17T04:16:51.209+0000] {taskmixin.py:205} WARNING - Dependency <Task(BashOperator): create_entry_group>, delete_entry_group already registered for DAG: example_complex
[2022-12-17T04:16:51.210+0000] {logging_mixin.py:137} INFO - [2022-12-17T04:16:51.210+0000] {taskmixin.py:205} WARNING - Dependency <Task(BashOperator): delete_entry_group>, create_entry_group already registered for DAG: example_complex
[2022-12-17T04:16:51.211+0000] {logging_mixin.py:137} INFO - [2022-12-17T04:16:51.211+0000] {taskmixin.py:205} WARNING - Dependency <Task(BashOperator): create_entry_gcs>, delete_entry already registered for DAG: example_complex
[2022-12-17T04:16:51.211+0000] {logging_mixin.py:137} INFO - [2022-12-17T04:16:51.211+0000] {taskmixin.py:205} WARNING - Dependency <Task(BashOperator): delete_entry>, create_entry_gcs already registered for DAG: example_complex
[2022-12-17T04:16:51.212+0000] {logging_mixin.py:137} INFO - [2022-12-17T04:16:51.212+0000] {taskmixin.py:205} WARNING - Dependency <Task(BashOperator): create_tag>, delete_tag already registered for DAG: example_complex
[2022-12-17T04:16:51.213+0000] {logging_mixin.py:137} INFO - [2022-12-17T04:16:51.213+0000] {taskmixin.py:205} WARNING - Dependency <Task(BashOperator): delete_tag>, create_tag already registered for DAG: example_complex
[2022-12-17T04:16:51.219+0000] {processor.py:753} INFO - DAG(s) dict_keys(['example_complex']) retrieved from /home/airflow/.local/lib/python3.7/site-packages/airflow/example_dags/example_complex.py
[2022-12-17T04:16:51.251+0000] {logging_mixin.py:137} INFO - [2022-12-17T04:16:51.251+0000] {dag.py:2676} INFO - Sync 1 DAGs
[2022-12-17T04:16:51.267+0000] {logging_mixin.py:137} INFO - [2022-12-17T04:16:51.267+0000] {dag.py:3427} INFO - Setting next_dagrun for example_complex to None, run_after=None
[2022-12-17T04:16:51.278+0000] {processor.py:175} INFO - Processing /home/airflow/.local/lib/python3.7/site-packages/airflow/example_dags/example_complex.py took 0.084 seconds
[2022-12-17T04:17:21.828+0000] {processor.py:153} INFO - Started process (PID=211) to work on /home/airflow/.local/lib/python3.7/site-packages/airflow/example_dags/example_complex.py
[2022-12-17T04:17:21.830+0000] {processor.py:743} INFO - Processing file /home/airflow/.local/lib/python3.7/site-packages/airflow/example_dags/example_complex.py for tasks to queue
[2022-12-17T04:17:21.830+0000] {logging_mixin.py:137} INFO - [2022-12-17T04:17:21.830+0000] {dagbag.py:538} INFO - Filling up the DagBag from /home/airflow/.local/lib/python3.7/site-packages/airflow/example_dags/example_complex.py
[2022-12-17T04:17:21.838+0000] {logging_mixin.py:137} INFO - [2022-12-17T04:17:21.838+0000] {taskmixin.py:205} WARNING - Dependency <Task(BashOperator): create_entry_group>, delete_entry_group already registered for DAG: example_complex
[2022-12-17T04:17:21.839+0000] {logging_mixin.py:137} INFO - [2022-12-17T04:17:21.839+0000] {taskmixin.py:205} WARNING - Dependency <Task(BashOperator): delete_entry_group>, create_entry_group already registered for DAG: example_complex
[2022-12-17T04:17:21.840+0000] {logging_mixin.py:137} INFO - [2022-12-17T04:17:21.840+0000] {taskmixin.py:205} WARNING - Dependency <Task(BashOperator): create_entry_gcs>, delete_entry already registered for DAG: example_complex
[2022-12-17T04:17:21.840+0000] {logging_mixin.py:137} INFO - [2022-12-17T04:17:21.840+0000] {taskmixin.py:205} WARNING - Dependency <Task(BashOperator): delete_entry>, create_entry_gcs already registered for DAG: example_complex
[2022-12-17T04:17:21.841+0000] {logging_mixin.py:137} INFO - [2022-12-17T04:17:21.841+0000] {taskmixin.py:205} WARNING - Dependency <Task(BashOperator): create_tag>, delete_tag already registered for DAG: example_complex
[2022-12-17T04:17:21.841+0000] {logging_mixin.py:137} INFO - [2022-12-17T04:17:21.841+0000] {taskmixin.py:205} WARNING - Dependency <Task(BashOperator): delete_tag>, create_tag already registered for DAG: example_complex
[2022-12-17T04:17:21.847+0000] {processor.py:753} INFO - DAG(s) dict_keys(['example_complex']) retrieved from /home/airflow/.local/lib/python3.7/site-packages/airflow/example_dags/example_complex.py
[2022-12-17T04:17:21.877+0000] {logging_mixin.py:137} INFO - [2022-12-17T04:17:21.877+0000] {dag.py:2676} INFO - Sync 1 DAGs
[2022-12-17T04:17:21.893+0000] {logging_mixin.py:137} INFO - [2022-12-17T04:17:21.893+0000] {dag.py:3427} INFO - Setting next_dagrun for example_complex to None, run_after=None
[2022-12-17T04:17:21.904+0000] {processor.py:175} INFO - Processing /home/airflow/.local/lib/python3.7/site-packages/airflow/example_dags/example_complex.py took 0.078 seconds
[2022-12-17T04:17:52.044+0000] {processor.py:153} INFO - Started process (PID=273) to work on /home/airflow/.local/lib/python3.7/site-packages/airflow/example_dags/example_complex.py
[2022-12-17T04:17:52.045+0000] {processor.py:743} INFO - Processing file /home/airflow/.local/lib/python3.7/site-packages/airflow/example_dags/example_complex.py for tasks to queue
[2022-12-17T04:17:52.046+0000] {logging_mixin.py:137} INFO - [2022-12-17T04:17:52.046+0000] {dagbag.py:538} INFO - Filling up the DagBag from /home/airflow/.local/lib/python3.7/site-packages/airflow/example_dags/example_complex.py
[2022-12-17T04:17:52.055+0000] {logging_mixin.py:137} INFO - [2022-12-17T04:17:52.055+0000] {taskmixin.py:205} WARNING - Dependency <Task(BashOperator): create_entry_group>, delete_entry_group already registered for DAG: example_complex
[2022-12-17T04:17:52.058+0000] {logging_mixin.py:137} INFO - [2022-12-17T04:17:52.058+0000] {taskmixin.py:205} WARNING - Dependency <Task(BashOperator): delete_entry_group>, create_entry_group already registered for DAG: example_complex
[2022-12-17T04:17:52.059+0000] {logging_mixin.py:137} INFO - [2022-12-17T04:17:52.059+0000] {taskmixin.py:205} WARNING - Dependency <Task(BashOperator): create_entry_gcs>, delete_entry already registered for DAG: example_complex
[2022-12-17T04:17:52.059+0000] {logging_mixin.py:137} INFO - [2022-12-17T04:17:52.059+0000] {taskmixin.py:205} WARNING - Dependency <Task(BashOperator): delete_entry>, create_entry_gcs already registered for DAG: example_complex
[2022-12-17T04:17:52.061+0000] {logging_mixin.py:137} INFO - [2022-12-17T04:17:52.061+0000] {taskmixin.py:205} WARNING - Dependency <Task(BashOperator): create_tag>, delete_tag already registered for DAG: example_complex
[2022-12-17T04:17:52.061+0000] {logging_mixin.py:137} INFO - [2022-12-17T04:17:52.061+0000] {taskmixin.py:205} WARNING - Dependency <Task(BashOperator): delete_tag>, create_tag already registered for DAG: example_complex
[2022-12-17T04:17:52.067+0000] {processor.py:753} INFO - DAG(s) dict_keys(['example_complex']) retrieved from /home/airflow/.local/lib/python3.7/site-packages/airflow/example_dags/example_complex.py
[2022-12-17T04:17:52.102+0000] {logging_mixin.py:137} INFO - [2022-12-17T04:17:52.102+0000] {dag.py:2676} INFO - Sync 1 DAGs
[2022-12-17T04:17:52.119+0000] {logging_mixin.py:137} INFO - [2022-12-17T04:17:52.119+0000] {dag.py:3427} INFO - Setting next_dagrun for example_complex to None, run_after=None
[2022-12-17T04:17:52.130+0000] {processor.py:175} INFO - Processing /home/airflow/.local/lib/python3.7/site-packages/airflow/example_dags/example_complex.py took 0.089 seconds
[2022-12-17T04:18:22.432+0000] {processor.py:153} INFO - Started process (PID=347) to work on /home/airflow/.local/lib/python3.7/site-packages/airflow/example_dags/example_complex.py
[2022-12-17T04:18:22.433+0000] {processor.py:743} INFO - Processing file /home/airflow/.local/lib/python3.7/site-packages/airflow/example_dags/example_complex.py for tasks to queue
[2022-12-17T04:18:22.434+0000] {logging_mixin.py:137} INFO - [2022-12-17T04:18:22.434+0000] {dagbag.py:538} INFO - Filling up the DagBag from /home/airflow/.local/lib/python3.7/site-packages/airflow/example_dags/example_complex.py
[2022-12-17T04:18:22.442+0000] {logging_mixin.py:137} INFO - [2022-12-17T04:18:22.442+0000] {taskmixin.py:205} WARNING - Dependency <Task(BashOperator): create_entry_group>, delete_entry_group already registered for DAG: example_complex
[2022-12-17T04:18:22.443+0000] {logging_mixin.py:137} INFO - [2022-12-17T04:18:22.443+0000] {taskmixin.py:205} WARNING - Dependency <Task(BashOperator): delete_entry_group>, create_entry_group already registered for DAG: example_complex
[2022-12-17T04:18:22.444+0000] {logging_mixin.py:137} INFO - [2022-12-17T04:18:22.444+0000] {taskmixin.py:205} WARNING - Dependency <Task(BashOperator): create_entry_gcs>, delete_entry already registered for DAG: example_complex
[2022-12-17T04:18:22.445+0000] {logging_mixin.py:137} INFO - [2022-12-17T04:18:22.445+0000] {taskmixin.py:205} WARNING - Dependency <Task(BashOperator): delete_entry>, create_entry_gcs already registered for DAG: example_complex
[2022-12-17T04:18:22.446+0000] {logging_mixin.py:137} INFO - [2022-12-17T04:18:22.445+0000] {taskmixin.py:205} WARNING - Dependency <Task(BashOperator): create_tag>, delete_tag already registered for DAG: example_complex
[2022-12-17T04:18:22.447+0000] {logging_mixin.py:137} INFO - [2022-12-17T04:18:22.447+0000] {taskmixin.py:205} WARNING - Dependency <Task(BashOperator): delete_tag>, create_tag already registered for DAG: example_complex
[2022-12-17T04:18:22.452+0000] {processor.py:753} INFO - DAG(s) dict_keys(['example_complex']) retrieved from /home/airflow/.local/lib/python3.7/site-packages/airflow/example_dags/example_complex.py
[2022-12-17T04:18:22.483+0000] {logging_mixin.py:137} INFO - [2022-12-17T04:18:22.483+0000] {dag.py:2676} INFO - Sync 1 DAGs
[2022-12-17T04:18:22.498+0000] {logging_mixin.py:137} INFO - [2022-12-17T04:18:22.498+0000] {dag.py:3427} INFO - Setting next_dagrun for example_complex to None, run_after=None
[2022-12-17T04:18:22.510+0000] {processor.py:175} INFO - Processing /home/airflow/.local/lib/python3.7/site-packages/airflow/example_dags/example_complex.py took 0.080 seconds
[2022-12-17T04:18:53.023+0000] {processor.py:153} INFO - Started process (PID=422) to work on /home/airflow/.local/lib/python3.7/site-packages/airflow/example_dags/example_complex.py
[2022-12-17T04:18:53.025+0000] {processor.py:743} INFO - Processing file /home/airflow/.local/lib/python3.7/site-packages/airflow/example_dags/example_complex.py for tasks to queue
[2022-12-17T04:18:53.025+0000] {logging_mixin.py:137} INFO - [2022-12-17T04:18:53.025+0000] {dagbag.py:538} INFO - Filling up the DagBag from /home/airflow/.local/lib/python3.7/site-packages/airflow/example_dags/example_complex.py
[2022-12-17T04:18:53.033+0000] {logging_mixin.py:137} INFO - [2022-12-17T04:18:53.033+0000] {taskmixin.py:205} WARNING - Dependency <Task(BashOperator): create_entry_group>, delete_entry_group already registered for DAG: example_complex
[2022-12-17T04:18:53.034+0000] {logging_mixin.py:137} INFO - [2022-12-17T04:18:53.034+0000] {taskmixin.py:205} WARNING - Dependency <Task(BashOperator): delete_entry_group>, create_entry_group already registered for DAG: example_complex
[2022-12-17T04:18:53.034+0000] {logging_mixin.py:137} INFO - [2022-12-17T04:18:53.034+0000] {taskmixin.py:205} WARNING - Dependency <Task(BashOperator): create_entry_gcs>, delete_entry already registered for DAG: example_complex
[2022-12-17T04:18:53.035+0000] {logging_mixin.py:137} INFO - [2022-12-17T04:18:53.035+0000] {taskmixin.py:205} WARNING - Dependency <Task(BashOperator): delete_entry>, create_entry_gcs already registered for DAG: example_complex
[2022-12-17T04:18:53.035+0000] {logging_mixin.py:137} INFO - [2022-12-17T04:18:53.035+0000] {taskmixin.py:205} WARNING - Dependency <Task(BashOperator): create_tag>, delete_tag already registered for DAG: example_complex
[2022-12-17T04:18:53.036+0000] {logging_mixin.py:137} INFO - [2022-12-17T04:18:53.036+0000] {taskmixin.py:205} WARNING - Dependency <Task(BashOperator): delete_tag>, create_tag already registered for DAG: example_complex
[2022-12-17T04:18:53.041+0000] {processor.py:753} INFO - DAG(s) dict_keys(['example_complex']) retrieved from /home/airflow/.local/lib/python3.7/site-packages/airflow/example_dags/example_complex.py
[2022-12-17T04:18:53.070+0000] {logging_mixin.py:137} INFO - [2022-12-17T04:18:53.070+0000] {dag.py:2676} INFO - Sync 1 DAGs
[2022-12-17T04:18:53.085+0000] {logging_mixin.py:137} INFO - [2022-12-17T04:18:53.085+0000] {dag.py:3427} INFO - Setting next_dagrun for example_complex to None, run_after=None
[2022-12-17T04:18:53.100+0000] {processor.py:175} INFO - Processing /home/airflow/.local/lib/python3.7/site-packages/airflow/example_dags/example_complex.py took 0.079 seconds
[2022-12-17T04:19:23.366+0000] {processor.py:153} INFO - Started process (PID=485) to work on /home/airflow/.local/lib/python3.7/site-packages/airflow/example_dags/example_complex.py
[2022-12-17T04:19:23.367+0000] {processor.py:743} INFO - Processing file /home/airflow/.local/lib/python3.7/site-packages/airflow/example_dags/example_complex.py for tasks to queue
[2022-12-17T04:19:23.368+0000] {logging_mixin.py:137} INFO - [2022-12-17T04:19:23.368+0000] {dagbag.py:538} INFO - Filling up the DagBag from /home/airflow/.local/lib/python3.7/site-packages/airflow/example_dags/example_complex.py
[2022-12-17T04:19:23.376+0000] {logging_mixin.py:137} INFO - [2022-12-17T04:19:23.375+0000] {taskmixin.py:205} WARNING - Dependency <Task(BashOperator): create_entry_group>, delete_entry_group already registered for DAG: example_complex
[2022-12-17T04:19:23.376+0000] {logging_mixin.py:137} INFO - [2022-12-17T04:19:23.376+0000] {taskmixin.py:205} WARNING - Dependency <Task(BashOperator): delete_entry_group>, create_entry_group already registered for DAG: example_complex
[2022-12-17T04:19:23.377+0000] {logging_mixin.py:137} INFO - [2022-12-17T04:19:23.377+0000] {taskmixin.py:205} WARNING - Dependency <Task(BashOperator): create_entry_gcs>, delete_entry already registered for DAG: example_complex
[2022-12-17T04:19:23.377+0000] {logging_mixin.py:137} INFO - [2022-12-17T04:19:23.377+0000] {taskmixin.py:205} WARNING - Dependency <Task(BashOperator): delete_entry>, create_entry_gcs already registered for DAG: example_complex
[2022-12-17T04:19:23.378+0000] {logging_mixin.py:137} INFO - [2022-12-17T04:19:23.378+0000] {taskmixin.py:205} WARNING - Dependency <Task(BashOperator): create_tag>, delete_tag already registered for DAG: example_complex
[2022-12-17T04:19:23.379+0000] {logging_mixin.py:137} INFO - [2022-12-17T04:19:23.378+0000] {taskmixin.py:205} WARNING - Dependency <Task(BashOperator): delete_tag>, create_tag already registered for DAG: example_complex
[2022-12-17T04:19:23.384+0000] {processor.py:753} INFO - DAG(s) dict_keys(['example_complex']) retrieved from /home/airflow/.local/lib/python3.7/site-packages/airflow/example_dags/example_complex.py
[2022-12-17T04:19:23.414+0000] {logging_mixin.py:137} INFO - [2022-12-17T04:19:23.414+0000] {dag.py:2676} INFO - Sync 1 DAGs
[2022-12-17T04:19:23.429+0000] {logging_mixin.py:137} INFO - [2022-12-17T04:19:23.429+0000] {dag.py:3427} INFO - Setting next_dagrun for example_complex to None, run_after=None
[2022-12-17T04:19:23.441+0000] {processor.py:175} INFO - Processing /home/airflow/.local/lib/python3.7/site-packages/airflow/example_dags/example_complex.py took 0.078 seconds
[2022-12-17T04:19:53.725+0000] {processor.py:153} INFO - Started process (PID=560) to work on /home/airflow/.local/lib/python3.7/site-packages/airflow/example_dags/example_complex.py
[2022-12-17T04:19:53.726+0000] {processor.py:743} INFO - Processing file /home/airflow/.local/lib/python3.7/site-packages/airflow/example_dags/example_complex.py for tasks to queue
[2022-12-17T04:19:53.727+0000] {logging_mixin.py:137} INFO - [2022-12-17T04:19:53.726+0000] {dagbag.py:538} INFO - Filling up the DagBag from /home/airflow/.local/lib/python3.7/site-packages/airflow/example_dags/example_complex.py
[2022-12-17T04:19:53.735+0000] {logging_mixin.py:137} INFO - [2022-12-17T04:19:53.735+0000] {taskmixin.py:205} WARNING - Dependency <Task(BashOperator): create_entry_group>, delete_entry_group already registered for DAG: example_complex
[2022-12-17T04:19:53.736+0000] {logging_mixin.py:137} INFO - [2022-12-17T04:19:53.735+0000] {taskmixin.py:205} WARNING - Dependency <Task(BashOperator): delete_entry_group>, create_entry_group already registered for DAG: example_complex
[2022-12-17T04:19:53.736+0000] {logging_mixin.py:137} INFO - [2022-12-17T04:19:53.736+0000] {taskmixin.py:205} WARNING - Dependency <Task(BashOperator): create_entry_gcs>, delete_entry already registered for DAG: example_complex
[2022-12-17T04:19:53.736+0000] {logging_mixin.py:137} INFO - [2022-12-17T04:19:53.736+0000] {taskmixin.py:205} WARNING - Dependency <Task(BashOperator): delete_entry>, create_entry_gcs already registered for DAG: example_complex
[2022-12-17T04:19:53.737+0000] {logging_mixin.py:137} INFO - [2022-12-17T04:19:53.737+0000] {taskmixin.py:205} WARNING - Dependency <Task(BashOperator): create_tag>, delete_tag already registered for DAG: example_complex
[2022-12-17T04:19:53.737+0000] {logging_mixin.py:137} INFO - [2022-12-17T04:19:53.737+0000] {taskmixin.py:205} WARNING - Dependency <Task(BashOperator): delete_tag>, create_tag already registered for DAG: example_complex
[2022-12-17T04:19:53.743+0000] {processor.py:753} INFO - DAG(s) dict_keys(['example_complex']) retrieved from /home/airflow/.local/lib/python3.7/site-packages/airflow/example_dags/example_complex.py
[2022-12-17T04:19:53.774+0000] {logging_mixin.py:137} INFO - [2022-12-17T04:19:53.774+0000] {dag.py:2676} INFO - Sync 1 DAGs
[2022-12-17T04:19:53.790+0000] {logging_mixin.py:137} INFO - [2022-12-17T04:19:53.790+0000] {dag.py:3427} INFO - Setting next_dagrun for example_complex to None, run_after=None
[2022-12-17T04:19:53.802+0000] {processor.py:175} INFO - Processing /home/airflow/.local/lib/python3.7/site-packages/airflow/example_dags/example_complex.py took 0.080 seconds
[2022-12-17T04:20:24.044+0000] {processor.py:153} INFO - Started process (PID=636) to work on /home/airflow/.local/lib/python3.7/site-packages/airflow/example_dags/example_complex.py
[2022-12-17T04:20:24.046+0000] {processor.py:743} INFO - Processing file /home/airflow/.local/lib/python3.7/site-packages/airflow/example_dags/example_complex.py for tasks to queue
[2022-12-17T04:20:24.046+0000] {logging_mixin.py:137} INFO - [2022-12-17T04:20:24.046+0000] {dagbag.py:538} INFO - Filling up the DagBag from /home/airflow/.local/lib/python3.7/site-packages/airflow/example_dags/example_complex.py
[2022-12-17T04:20:24.055+0000] {logging_mixin.py:137} INFO - [2022-12-17T04:20:24.054+0000] {taskmixin.py:205} WARNING - Dependency <Task(BashOperator): create_entry_group>, delete_entry_group already registered for DAG: example_complex
[2022-12-17T04:20:24.055+0000] {logging_mixin.py:137} INFO - [2022-12-17T04:20:24.055+0000] {taskmixin.py:205} WARNING - Dependency <Task(BashOperator): delete_entry_group>, create_entry_group already registered for DAG: example_complex
[2022-12-17T04:20:24.056+0000] {logging_mixin.py:137} INFO - [2022-12-17T04:20:24.056+0000] {taskmixin.py:205} WARNING - Dependency <Task(BashOperator): create_entry_gcs>, delete_entry already registered for DAG: example_complex
[2022-12-17T04:20:24.056+0000] {logging_mixin.py:137} INFO - [2022-12-17T04:20:24.056+0000] {taskmixin.py:205} WARNING - Dependency <Task(BashOperator): delete_entry>, create_entry_gcs already registered for DAG: example_complex
[2022-12-17T04:20:24.057+0000] {logging_mixin.py:137} INFO - [2022-12-17T04:20:24.057+0000] {taskmixin.py:205} WARNING - Dependency <Task(BashOperator): create_tag>, delete_tag already registered for DAG: example_complex
[2022-12-17T04:20:24.057+0000] {logging_mixin.py:137} INFO - [2022-12-17T04:20:24.057+0000] {taskmixin.py:205} WARNING - Dependency <Task(BashOperator): delete_tag>, create_tag already registered for DAG: example_complex
[2022-12-17T04:20:24.063+0000] {processor.py:753} INFO - DAG(s) dict_keys(['example_complex']) retrieved from /home/airflow/.local/lib/python3.7/site-packages/airflow/example_dags/example_complex.py
[2022-12-17T04:20:24.093+0000] {logging_mixin.py:137} INFO - [2022-12-17T04:20:24.093+0000] {dag.py:2676} INFO - Sync 1 DAGs
[2022-12-17T04:20:24.108+0000] {logging_mixin.py:137} INFO - [2022-12-17T04:20:24.108+0000] {dag.py:3427} INFO - Setting next_dagrun for example_complex to None, run_after=None
[2022-12-17T04:20:24.121+0000] {processor.py:175} INFO - Processing /home/airflow/.local/lib/python3.7/site-packages/airflow/example_dags/example_complex.py took 0.079 seconds
[2022-12-17T04:20:54.429+0000] {processor.py:153} INFO - Started process (PID=700) to work on /home/airflow/.local/lib/python3.7/site-packages/airflow/example_dags/example_complex.py
[2022-12-17T04:20:54.430+0000] {processor.py:743} INFO - Processing file /home/airflow/.local/lib/python3.7/site-packages/airflow/example_dags/example_complex.py for tasks to queue
[2022-12-17T04:20:54.431+0000] {logging_mixin.py:137} INFO - [2022-12-17T04:20:54.431+0000] {dagbag.py:538} INFO - Filling up the DagBag from /home/airflow/.local/lib/python3.7/site-packages/airflow/example_dags/example_complex.py
[2022-12-17T04:20:54.440+0000] {logging_mixin.py:137} INFO - [2022-12-17T04:20:54.440+0000] {taskmixin.py:205} WARNING - Dependency <Task(BashOperator): create_entry_group>, delete_entry_group already registered for DAG: example_complex
[2022-12-17T04:20:54.441+0000] {logging_mixin.py:137} INFO - [2022-12-17T04:20:54.441+0000] {taskmixin.py:205} WARNING - Dependency <Task(BashOperator): delete_entry_group>, create_entry_group already registered for DAG: example_complex
[2022-12-17T04:20:54.441+0000] {logging_mixin.py:137} INFO - [2022-12-17T04:20:54.441+0000] {taskmixin.py:205} WARNING - Dependency <Task(BashOperator): create_entry_gcs>, delete_entry already registered for DAG: example_complex
[2022-12-17T04:20:54.442+0000] {logging_mixin.py:137} INFO - [2022-12-17T04:20:54.442+0000] {taskmixin.py:205} WARNING - Dependency <Task(BashOperator): delete_entry>, create_entry_gcs already registered for DAG: example_complex
[2022-12-17T04:20:54.442+0000] {logging_mixin.py:137} INFO - [2022-12-17T04:20:54.442+0000] {taskmixin.py:205} WARNING - Dependency <Task(BashOperator): create_tag>, delete_tag already registered for DAG: example_complex
[2022-12-17T04:20:54.443+0000] {logging_mixin.py:137} INFO - [2022-12-17T04:20:54.443+0000] {taskmixin.py:205} WARNING - Dependency <Task(BashOperator): delete_tag>, create_tag already registered for DAG: example_complex
[2022-12-17T04:20:54.448+0000] {processor.py:753} INFO - DAG(s) dict_keys(['example_complex']) retrieved from /home/airflow/.local/lib/python3.7/site-packages/airflow/example_dags/example_complex.py
[2022-12-17T04:20:54.481+0000] {logging_mixin.py:137} INFO - [2022-12-17T04:20:54.481+0000] {dag.py:2676} INFO - Sync 1 DAGs
[2022-12-17T04:20:54.500+0000] {logging_mixin.py:137} INFO - [2022-12-17T04:20:54.500+0000] {dag.py:3427} INFO - Setting next_dagrun for example_complex to None, run_after=None
[2022-12-17T04:20:54.514+0000] {processor.py:175} INFO - Processing /home/airflow/.local/lib/python3.7/site-packages/airflow/example_dags/example_complex.py took 0.091 seconds
[2022-12-17T04:21:24.747+0000] {processor.py:153} INFO - Started process (PID=775) to work on /home/airflow/.local/lib/python3.7/site-packages/airflow/example_dags/example_complex.py
[2022-12-17T04:21:24.748+0000] {processor.py:743} INFO - Processing file /home/airflow/.local/lib/python3.7/site-packages/airflow/example_dags/example_complex.py for tasks to queue
[2022-12-17T04:21:24.749+0000] {logging_mixin.py:137} INFO - [2022-12-17T04:21:24.749+0000] {dagbag.py:538} INFO - Filling up the DagBag from /home/airflow/.local/lib/python3.7/site-packages/airflow/example_dags/example_complex.py
[2022-12-17T04:21:24.757+0000] {logging_mixin.py:137} INFO - [2022-12-17T04:21:24.757+0000] {taskmixin.py:205} WARNING - Dependency <Task(BashOperator): create_entry_group>, delete_entry_group already registered for DAG: example_complex
[2022-12-17T04:21:24.758+0000] {logging_mixin.py:137} INFO - [2022-12-17T04:21:24.758+0000] {taskmixin.py:205} WARNING - Dependency <Task(BashOperator): delete_entry_group>, create_entry_group already registered for DAG: example_complex
[2022-12-17T04:21:24.759+0000] {logging_mixin.py:137} INFO - [2022-12-17T04:21:24.759+0000] {taskmixin.py:205} WARNING - Dependency <Task(BashOperator): create_entry_gcs>, delete_entry already registered for DAG: example_complex
[2022-12-17T04:21:24.759+0000] {logging_mixin.py:137} INFO - [2022-12-17T04:21:24.759+0000] {taskmixin.py:205} WARNING - Dependency <Task(BashOperator): delete_entry>, create_entry_gcs already registered for DAG: example_complex
[2022-12-17T04:21:24.760+0000] {logging_mixin.py:137} INFO - [2022-12-17T04:21:24.760+0000] {taskmixin.py:205} WARNING - Dependency <Task(BashOperator): create_tag>, delete_tag already registered for DAG: example_complex
[2022-12-17T04:21:24.760+0000] {logging_mixin.py:137} INFO - [2022-12-17T04:21:24.760+0000] {taskmixin.py:205} WARNING - Dependency <Task(BashOperator): delete_tag>, create_tag already registered for DAG: example_complex
[2022-12-17T04:21:24.766+0000] {processor.py:753} INFO - DAG(s) dict_keys(['example_complex']) retrieved from /home/airflow/.local/lib/python3.7/site-packages/airflow/example_dags/example_complex.py
[2022-12-17T04:21:24.797+0000] {logging_mixin.py:137} INFO - [2022-12-17T04:21:24.796+0000] {dag.py:2676} INFO - Sync 1 DAGs
[2022-12-17T04:21:24.813+0000] {logging_mixin.py:137} INFO - [2022-12-17T04:21:24.813+0000] {dag.py:3427} INFO - Setting next_dagrun for example_complex to None, run_after=None
[2022-12-17T04:21:24.824+0000] {processor.py:175} INFO - Processing /home/airflow/.local/lib/python3.7/site-packages/airflow/example_dags/example_complex.py took 0.080 seconds
