[2022-12-17T04:16:19.918+0000] {processor.py:153} INFO - Started process (PID=55) to work on /home/airflow/.local/lib/python3.7/site-packages/airflow/example_dags/example_task_group_decorator.py
[2022-12-17T04:16:19.920+0000] {processor.py:743} INFO - Processing file /home/airflow/.local/lib/python3.7/site-packages/airflow/example_dags/example_task_group_decorator.py for tasks to queue
[2022-12-17T04:16:19.922+0000] {logging_mixin.py:137} INFO - [2022-12-17T04:16:19.922+0000] {dagbag.py:538} INFO - Filling up the DagBag from /home/airflow/.local/lib/python3.7/site-packages/airflow/example_dags/example_task_group_decorator.py
[2022-12-17T04:16:19.950+0000] {processor.py:753} INFO - DAG(s) dict_keys(['example_task_group_decorator']) retrieved from /home/airflow/.local/lib/python3.7/site-packages/airflow/example_dags/example_task_group_decorator.py
[2022-12-17T04:16:20.001+0000] {logging_mixin.py:137} INFO - [2022-12-17T04:16:20.001+0000] {dag.py:2676} INFO - Sync 1 DAGs
[2022-12-17T04:16:20.055+0000] {logging_mixin.py:137} INFO - [2022-12-17T04:16:20.055+0000] {dag.py:3427} INFO - Setting next_dagrun for example_task_group_decorator to 2022-12-16T04:16:20.055358+00:00, run_after=2022-12-17T04:16:20.055358+00:00
[2022-12-17T04:16:20.084+0000] {processor.py:175} INFO - Processing /home/airflow/.local/lib/python3.7/site-packages/airflow/example_dags/example_task_group_decorator.py took 0.170 seconds
[2022-12-17T04:16:50.821+0000] {processor.py:153} INFO - Started process (PID=130) to work on /home/airflow/.local/lib/python3.7/site-packages/airflow/example_dags/example_task_group_decorator.py
[2022-12-17T04:16:50.823+0000] {processor.py:743} INFO - Processing file /home/airflow/.local/lib/python3.7/site-packages/airflow/example_dags/example_task_group_decorator.py for tasks to queue
[2022-12-17T04:16:50.824+0000] {logging_mixin.py:137} INFO - [2022-12-17T04:16:50.824+0000] {dagbag.py:538} INFO - Filling up the DagBag from /home/airflow/.local/lib/python3.7/site-packages/airflow/example_dags/example_task_group_decorator.py
[2022-12-17T04:16:50.846+0000] {processor.py:753} INFO - DAG(s) dict_keys(['example_task_group_decorator']) retrieved from /home/airflow/.local/lib/python3.7/site-packages/airflow/example_dags/example_task_group_decorator.py
[2022-12-17T04:16:50.874+0000] {logging_mixin.py:137} INFO - [2022-12-17T04:16:50.874+0000] {dag.py:2676} INFO - Sync 1 DAGs
[2022-12-17T04:16:50.889+0000] {logging_mixin.py:137} INFO - [2022-12-17T04:16:50.889+0000] {dag.py:3427} INFO - Setting next_dagrun for example_task_group_decorator to 2022-12-16T04:16:50.889045+00:00, run_after=2022-12-17T04:16:50.889045+00:00
[2022-12-17T04:16:50.902+0000] {processor.py:175} INFO - Processing /home/airflow/.local/lib/python3.7/site-packages/airflow/example_dags/example_task_group_decorator.py took 0.084 seconds
[2022-12-17T04:17:21.517+0000] {processor.py:153} INFO - Started process (PID=205) to work on /home/airflow/.local/lib/python3.7/site-packages/airflow/example_dags/example_task_group_decorator.py
[2022-12-17T04:17:21.518+0000] {processor.py:743} INFO - Processing file /home/airflow/.local/lib/python3.7/site-packages/airflow/example_dags/example_task_group_decorator.py for tasks to queue
[2022-12-17T04:17:21.519+0000] {logging_mixin.py:137} INFO - [2022-12-17T04:17:21.519+0000] {dagbag.py:538} INFO - Filling up the DagBag from /home/airflow/.local/lib/python3.7/site-packages/airflow/example_dags/example_task_group_decorator.py
[2022-12-17T04:17:21.537+0000] {processor.py:753} INFO - DAG(s) dict_keys(['example_task_group_decorator']) retrieved from /home/airflow/.local/lib/python3.7/site-packages/airflow/example_dags/example_task_group_decorator.py
[2022-12-17T04:17:21.564+0000] {logging_mixin.py:137} INFO - [2022-12-17T04:17:21.564+0000] {dag.py:2676} INFO - Sync 1 DAGs
[2022-12-17T04:17:21.578+0000] {logging_mixin.py:137} INFO - [2022-12-17T04:17:21.578+0000] {dag.py:3427} INFO - Setting next_dagrun for example_task_group_decorator to 2022-12-16T04:17:21.578484+00:00, run_after=2022-12-17T04:17:21.578484+00:00
[2022-12-17T04:17:21.589+0000] {processor.py:175} INFO - Processing /home/airflow/.local/lib/python3.7/site-packages/airflow/example_dags/example_task_group_decorator.py took 0.075 seconds
[2022-12-17T04:17:51.709+0000] {processor.py:153} INFO - Started process (PID=267) to work on /home/airflow/.local/lib/python3.7/site-packages/airflow/example_dags/example_task_group_decorator.py
[2022-12-17T04:17:51.710+0000] {processor.py:743} INFO - Processing file /home/airflow/.local/lib/python3.7/site-packages/airflow/example_dags/example_task_group_decorator.py for tasks to queue
[2022-12-17T04:17:51.712+0000] {logging_mixin.py:137} INFO - [2022-12-17T04:17:51.711+0000] {dagbag.py:538} INFO - Filling up the DagBag from /home/airflow/.local/lib/python3.7/site-packages/airflow/example_dags/example_task_group_decorator.py
[2022-12-17T04:17:51.733+0000] {processor.py:753} INFO - DAG(s) dict_keys(['example_task_group_decorator']) retrieved from /home/airflow/.local/lib/python3.7/site-packages/airflow/example_dags/example_task_group_decorator.py
[2022-12-17T04:17:51.760+0000] {logging_mixin.py:137} INFO - [2022-12-17T04:17:51.760+0000] {dag.py:2676} INFO - Sync 1 DAGs
[2022-12-17T04:17:51.776+0000] {logging_mixin.py:137} INFO - [2022-12-17T04:17:51.776+0000] {dag.py:3427} INFO - Setting next_dagrun for example_task_group_decorator to 2022-12-16T04:17:51.776006+00:00, run_after=2022-12-17T04:17:51.776006+00:00
[2022-12-17T04:17:51.788+0000] {processor.py:175} INFO - Processing /home/airflow/.local/lib/python3.7/site-packages/airflow/example_dags/example_task_group_decorator.py took 0.082 seconds
[2022-12-17T04:18:22.021+0000] {processor.py:153} INFO - Started process (PID=341) to work on /home/airflow/.local/lib/python3.7/site-packages/airflow/example_dags/example_task_group_decorator.py
[2022-12-17T04:18:22.023+0000] {processor.py:743} INFO - Processing file /home/airflow/.local/lib/python3.7/site-packages/airflow/example_dags/example_task_group_decorator.py for tasks to queue
[2022-12-17T04:18:22.023+0000] {logging_mixin.py:137} INFO - [2022-12-17T04:18:22.023+0000] {dagbag.py:538} INFO - Filling up the DagBag from /home/airflow/.local/lib/python3.7/site-packages/airflow/example_dags/example_task_group_decorator.py
[2022-12-17T04:18:22.041+0000] {processor.py:753} INFO - DAG(s) dict_keys(['example_task_group_decorator']) retrieved from /home/airflow/.local/lib/python3.7/site-packages/airflow/example_dags/example_task_group_decorator.py
[2022-12-17T04:18:22.066+0000] {logging_mixin.py:137} INFO - [2022-12-17T04:18:22.066+0000] {dag.py:2676} INFO - Sync 1 DAGs
[2022-12-17T04:18:22.081+0000] {logging_mixin.py:137} INFO - [2022-12-17T04:18:22.081+0000] {dag.py:3427} INFO - Setting next_dagrun for example_task_group_decorator to 2022-12-16T04:18:22.081640+00:00, run_after=2022-12-17T04:18:22.081640+00:00
[2022-12-17T04:18:22.092+0000] {processor.py:175} INFO - Processing /home/airflow/.local/lib/python3.7/site-packages/airflow/example_dags/example_task_group_decorator.py took 0.074 seconds
[2022-12-17T04:18:52.604+0000] {processor.py:153} INFO - Started process (PID=416) to work on /home/airflow/.local/lib/python3.7/site-packages/airflow/example_dags/example_task_group_decorator.py
[2022-12-17T04:18:52.605+0000] {processor.py:743} INFO - Processing file /home/airflow/.local/lib/python3.7/site-packages/airflow/example_dags/example_task_group_decorator.py for tasks to queue
[2022-12-17T04:18:52.606+0000] {logging_mixin.py:137} INFO - [2022-12-17T04:18:52.606+0000] {dagbag.py:538} INFO - Filling up the DagBag from /home/airflow/.local/lib/python3.7/site-packages/airflow/example_dags/example_task_group_decorator.py
[2022-12-17T04:18:52.624+0000] {processor.py:753} INFO - DAG(s) dict_keys(['example_task_group_decorator']) retrieved from /home/airflow/.local/lib/python3.7/site-packages/airflow/example_dags/example_task_group_decorator.py
[2022-12-17T04:18:52.652+0000] {logging_mixin.py:137} INFO - [2022-12-17T04:18:52.651+0000] {dag.py:2676} INFO - Sync 1 DAGs
[2022-12-17T04:18:52.667+0000] {logging_mixin.py:137} INFO - [2022-12-17T04:18:52.667+0000] {dag.py:3427} INFO - Setting next_dagrun for example_task_group_decorator to 2022-12-16T04:18:52.666926+00:00, run_after=2022-12-17T04:18:52.666926+00:00
[2022-12-17T04:18:52.678+0000] {processor.py:175} INFO - Processing /home/airflow/.local/lib/python3.7/site-packages/airflow/example_dags/example_task_group_decorator.py took 0.077 seconds
[2022-12-17T04:19:23.038+0000] {processor.py:153} INFO - Started process (PID=479) to work on /home/airflow/.local/lib/python3.7/site-packages/airflow/example_dags/example_task_group_decorator.py
[2022-12-17T04:19:23.039+0000] {processor.py:743} INFO - Processing file /home/airflow/.local/lib/python3.7/site-packages/airflow/example_dags/example_task_group_decorator.py for tasks to queue
[2022-12-17T04:19:23.040+0000] {logging_mixin.py:137} INFO - [2022-12-17T04:19:23.039+0000] {dagbag.py:538} INFO - Filling up the DagBag from /home/airflow/.local/lib/python3.7/site-packages/airflow/example_dags/example_task_group_decorator.py
[2022-12-17T04:19:23.058+0000] {processor.py:753} INFO - DAG(s) dict_keys(['example_task_group_decorator']) retrieved from /home/airflow/.local/lib/python3.7/site-packages/airflow/example_dags/example_task_group_decorator.py
[2022-12-17T04:19:23.084+0000] {logging_mixin.py:137} INFO - [2022-12-17T04:19:23.084+0000] {dag.py:2676} INFO - Sync 1 DAGs
[2022-12-17T04:19:23.104+0000] {logging_mixin.py:137} INFO - [2022-12-17T04:19:23.104+0000] {dag.py:3427} INFO - Setting next_dagrun for example_task_group_decorator to 2022-12-16T04:19:23.103936+00:00, run_after=2022-12-17T04:19:23.103936+00:00
[2022-12-17T04:19:23.121+0000] {processor.py:175} INFO - Processing /home/airflow/.local/lib/python3.7/site-packages/airflow/example_dags/example_task_group_decorator.py took 0.086 seconds
[2022-12-17T04:19:53.406+0000] {processor.py:153} INFO - Started process (PID=554) to work on /home/airflow/.local/lib/python3.7/site-packages/airflow/example_dags/example_task_group_decorator.py
[2022-12-17T04:19:53.407+0000] {processor.py:743} INFO - Processing file /home/airflow/.local/lib/python3.7/site-packages/airflow/example_dags/example_task_group_decorator.py for tasks to queue
[2022-12-17T04:19:53.408+0000] {logging_mixin.py:137} INFO - [2022-12-17T04:19:53.408+0000] {dagbag.py:538} INFO - Filling up the DagBag from /home/airflow/.local/lib/python3.7/site-packages/airflow/example_dags/example_task_group_decorator.py
[2022-12-17T04:19:53.426+0000] {processor.py:753} INFO - DAG(s) dict_keys(['example_task_group_decorator']) retrieved from /home/airflow/.local/lib/python3.7/site-packages/airflow/example_dags/example_task_group_decorator.py
[2022-12-17T04:19:53.453+0000] {logging_mixin.py:137} INFO - [2022-12-17T04:19:53.453+0000] {dag.py:2676} INFO - Sync 1 DAGs
[2022-12-17T04:19:53.468+0000] {logging_mixin.py:137} INFO - [2022-12-17T04:19:53.467+0000] {dag.py:3427} INFO - Setting next_dagrun for example_task_group_decorator to 2022-12-16T04:19:53.467786+00:00, run_after=2022-12-17T04:19:53.467786+00:00
[2022-12-17T04:19:53.479+0000] {processor.py:175} INFO - Processing /home/airflow/.local/lib/python3.7/site-packages/airflow/example_dags/example_task_group_decorator.py took 0.075 seconds
[2022-12-17T04:20:23.729+0000] {processor.py:153} INFO - Started process (PID=630) to work on /home/airflow/.local/lib/python3.7/site-packages/airflow/example_dags/example_task_group_decorator.py
[2022-12-17T04:20:23.730+0000] {processor.py:743} INFO - Processing file /home/airflow/.local/lib/python3.7/site-packages/airflow/example_dags/example_task_group_decorator.py for tasks to queue
[2022-12-17T04:20:23.731+0000] {logging_mixin.py:137} INFO - [2022-12-17T04:20:23.731+0000] {dagbag.py:538} INFO - Filling up the DagBag from /home/airflow/.local/lib/python3.7/site-packages/airflow/example_dags/example_task_group_decorator.py
[2022-12-17T04:20:23.749+0000] {processor.py:753} INFO - DAG(s) dict_keys(['example_task_group_decorator']) retrieved from /home/airflow/.local/lib/python3.7/site-packages/airflow/example_dags/example_task_group_decorator.py
[2022-12-17T04:20:23.776+0000] {logging_mixin.py:137} INFO - [2022-12-17T04:20:23.776+0000] {dag.py:2676} INFO - Sync 1 DAGs
[2022-12-17T04:20:23.791+0000] {logging_mixin.py:137} INFO - [2022-12-17T04:20:23.791+0000] {dag.py:3427} INFO - Setting next_dagrun for example_task_group_decorator to 2022-12-16T04:20:23.791302+00:00, run_after=2022-12-17T04:20:23.791302+00:00
[2022-12-17T04:20:23.802+0000] {processor.py:175} INFO - Processing /home/airflow/.local/lib/python3.7/site-packages/airflow/example_dags/example_task_group_decorator.py took 0.075 seconds
[2022-12-17T04:20:54.093+0000] {processor.py:153} INFO - Started process (PID=694) to work on /home/airflow/.local/lib/python3.7/site-packages/airflow/example_dags/example_task_group_decorator.py
[2022-12-17T04:20:54.094+0000] {processor.py:743} INFO - Processing file /home/airflow/.local/lib/python3.7/site-packages/airflow/example_dags/example_task_group_decorator.py for tasks to queue
[2022-12-17T04:20:54.095+0000] {logging_mixin.py:137} INFO - [2022-12-17T04:20:54.095+0000] {dagbag.py:538} INFO - Filling up the DagBag from /home/airflow/.local/lib/python3.7/site-packages/airflow/example_dags/example_task_group_decorator.py
[2022-12-17T04:20:54.113+0000] {processor.py:753} INFO - DAG(s) dict_keys(['example_task_group_decorator']) retrieved from /home/airflow/.local/lib/python3.7/site-packages/airflow/example_dags/example_task_group_decorator.py
[2022-12-17T04:20:54.140+0000] {logging_mixin.py:137} INFO - [2022-12-17T04:20:54.140+0000] {dag.py:2676} INFO - Sync 1 DAGs
[2022-12-17T04:20:54.155+0000] {logging_mixin.py:137} INFO - [2022-12-17T04:20:54.155+0000] {dag.py:3427} INFO - Setting next_dagrun for example_task_group_decorator to 2022-12-16T04:20:54.155545+00:00, run_after=2022-12-17T04:20:54.155545+00:00
[2022-12-17T04:20:54.167+0000] {processor.py:175} INFO - Processing /home/airflow/.local/lib/python3.7/site-packages/airflow/example_dags/example_task_group_decorator.py took 0.076 seconds
[2022-12-17T04:21:24.417+0000] {processor.py:153} INFO - Started process (PID=769) to work on /home/airflow/.local/lib/python3.7/site-packages/airflow/example_dags/example_task_group_decorator.py
[2022-12-17T04:21:24.418+0000] {processor.py:743} INFO - Processing file /home/airflow/.local/lib/python3.7/site-packages/airflow/example_dags/example_task_group_decorator.py for tasks to queue
[2022-12-17T04:21:24.420+0000] {logging_mixin.py:137} INFO - [2022-12-17T04:21:24.419+0000] {dagbag.py:538} INFO - Filling up the DagBag from /home/airflow/.local/lib/python3.7/site-packages/airflow/example_dags/example_task_group_decorator.py
[2022-12-17T04:21:24.439+0000] {processor.py:753} INFO - DAG(s) dict_keys(['example_task_group_decorator']) retrieved from /home/airflow/.local/lib/python3.7/site-packages/airflow/example_dags/example_task_group_decorator.py
[2022-12-17T04:21:24.468+0000] {logging_mixin.py:137} INFO - [2022-12-17T04:21:24.468+0000] {dag.py:2676} INFO - Sync 1 DAGs
[2022-12-17T04:21:24.483+0000] {logging_mixin.py:137} INFO - [2022-12-17T04:21:24.483+0000] {dag.py:3427} INFO - Setting next_dagrun for example_task_group_decorator to 2022-12-16T04:21:24.483517+00:00, run_after=2022-12-17T04:21:24.483517+00:00
[2022-12-17T04:21:24.494+0000] {processor.py:175} INFO - Processing /home/airflow/.local/lib/python3.7/site-packages/airflow/example_dags/example_task_group_decorator.py took 0.080 seconds
