[2022-12-17T04:16:18.410+0000] {processor.py:153} INFO - Started process (PID=38) to work on /home/airflow/.local/lib/python3.7/site-packages/airflow/example_dags/example_latest_only_with_trigger.py
[2022-12-17T04:16:18.411+0000] {processor.py:743} INFO - Processing file /home/airflow/.local/lib/python3.7/site-packages/airflow/example_dags/example_latest_only_with_trigger.py for tasks to queue
[2022-12-17T04:16:18.412+0000] {logging_mixin.py:137} INFO - [2022-12-17T04:16:18.412+0000] {dagbag.py:538} INFO - Filling up the DagBag from /home/airflow/.local/lib/python3.7/site-packages/airflow/example_dags/example_latest_only_with_trigger.py
[2022-12-17T04:16:18.430+0000] {processor.py:753} INFO - DAG(s) dict_keys(['latest_only_with_trigger']) retrieved from /home/airflow/.local/lib/python3.7/site-packages/airflow/example_dags/example_latest_only_with_trigger.py
[2022-12-17T04:16:18.455+0000] {logging_mixin.py:137} INFO - [2022-12-17T04:16:18.455+0000] {dag.py:2676} INFO - Sync 1 DAGs
[2022-12-17T04:16:18.476+0000] {logging_mixin.py:137} INFO - [2022-12-17T04:16:18.476+0000] {dag.py:3427} INFO - Setting next_dagrun for latest_only_with_trigger to 2022-12-17T00:16:18.476249+00:00, run_after=2022-12-17T04:16:18.476249+00:00
[2022-12-17T04:16:18.496+0000] {processor.py:175} INFO - Processing /home/airflow/.local/lib/python3.7/site-packages/airflow/example_dags/example_latest_only_with_trigger.py took 0.085 seconds
[2022-12-17T04:16:48.811+0000] {processor.py:153} INFO - Started process (PID=113) to work on /home/airflow/.local/lib/python3.7/site-packages/airflow/example_dags/example_latest_only_with_trigger.py
[2022-12-17T04:16:48.812+0000] {processor.py:743} INFO - Processing file /home/airflow/.local/lib/python3.7/site-packages/airflow/example_dags/example_latest_only_with_trigger.py for tasks to queue
[2022-12-17T04:16:48.813+0000] {logging_mixin.py:137} INFO - [2022-12-17T04:16:48.813+0000] {dagbag.py:538} INFO - Filling up the DagBag from /home/airflow/.local/lib/python3.7/site-packages/airflow/example_dags/example_latest_only_with_trigger.py
[2022-12-17T04:16:48.825+0000] {processor.py:753} INFO - DAG(s) dict_keys(['latest_only_with_trigger']) retrieved from /home/airflow/.local/lib/python3.7/site-packages/airflow/example_dags/example_latest_only_with_trigger.py
[2022-12-17T04:16:48.851+0000] {logging_mixin.py:137} INFO - [2022-12-17T04:16:48.851+0000] {dag.py:2676} INFO - Sync 1 DAGs
[2022-12-17T04:16:48.868+0000] {logging_mixin.py:137} INFO - [2022-12-17T04:16:48.868+0000] {dag.py:3427} INFO - Setting next_dagrun for latest_only_with_trigger to 2022-12-17T00:16:48.868426+00:00, run_after=2022-12-17T04:16:48.868426+00:00
[2022-12-17T04:16:48.881+0000] {processor.py:175} INFO - Processing /home/airflow/.local/lib/python3.7/site-packages/airflow/example_dags/example_latest_only_with_trigger.py took 0.072 seconds
[2022-12-17T04:17:19.225+0000] {processor.py:153} INFO - Started process (PID=183) to work on /home/airflow/.local/lib/python3.7/site-packages/airflow/example_dags/example_latest_only_with_trigger.py
[2022-12-17T04:17:19.226+0000] {processor.py:743} INFO - Processing file /home/airflow/.local/lib/python3.7/site-packages/airflow/example_dags/example_latest_only_with_trigger.py for tasks to queue
[2022-12-17T04:17:19.227+0000] {logging_mixin.py:137} INFO - [2022-12-17T04:17:19.227+0000] {dagbag.py:538} INFO - Filling up the DagBag from /home/airflow/.local/lib/python3.7/site-packages/airflow/example_dags/example_latest_only_with_trigger.py
[2022-12-17T04:17:19.237+0000] {processor.py:753} INFO - DAG(s) dict_keys(['latest_only_with_trigger']) retrieved from /home/airflow/.local/lib/python3.7/site-packages/airflow/example_dags/example_latest_only_with_trigger.py
[2022-12-17T04:17:19.266+0000] {logging_mixin.py:137} INFO - [2022-12-17T04:17:19.266+0000] {dag.py:2676} INFO - Sync 1 DAGs
[2022-12-17T04:17:19.294+0000] {logging_mixin.py:137} INFO - [2022-12-17T04:17:19.294+0000] {dag.py:3427} INFO - Setting next_dagrun for latest_only_with_trigger to 2022-12-17T00:17:19.293824+00:00, run_after=2022-12-17T04:17:19.293824+00:00
[2022-12-17T04:17:19.318+0000] {processor.py:175} INFO - Processing /home/airflow/.local/lib/python3.7/site-packages/airflow/example_dags/example_latest_only_with_trigger.py took 0.096 seconds
[2022-12-17T04:17:49.833+0000] {processor.py:153} INFO - Started process (PID=250) to work on /home/airflow/.local/lib/python3.7/site-packages/airflow/example_dags/example_latest_only_with_trigger.py
[2022-12-17T04:17:49.834+0000] {processor.py:743} INFO - Processing file /home/airflow/.local/lib/python3.7/site-packages/airflow/example_dags/example_latest_only_with_trigger.py for tasks to queue
[2022-12-17T04:17:49.835+0000] {logging_mixin.py:137} INFO - [2022-12-17T04:17:49.835+0000] {dagbag.py:538} INFO - Filling up the DagBag from /home/airflow/.local/lib/python3.7/site-packages/airflow/example_dags/example_latest_only_with_trigger.py
[2022-12-17T04:17:49.846+0000] {processor.py:753} INFO - DAG(s) dict_keys(['latest_only_with_trigger']) retrieved from /home/airflow/.local/lib/python3.7/site-packages/airflow/example_dags/example_latest_only_with_trigger.py
[2022-12-17T04:17:49.874+0000] {logging_mixin.py:137} INFO - [2022-12-17T04:17:49.874+0000] {dag.py:2676} INFO - Sync 1 DAGs
[2022-12-17T04:17:49.890+0000] {logging_mixin.py:137} INFO - [2022-12-17T04:17:49.890+0000] {dag.py:3427} INFO - Setting next_dagrun for latest_only_with_trigger to 2022-12-17T00:17:49.890428+00:00, run_after=2022-12-17T04:17:49.890428+00:00
[2022-12-17T04:17:49.901+0000] {processor.py:175} INFO - Processing /home/airflow/.local/lib/python3.7/site-packages/airflow/example_dags/example_latest_only_with_trigger.py took 0.070 seconds
[2022-12-17T04:18:20.117+0000] {processor.py:153} INFO - Started process (PID=324) to work on /home/airflow/.local/lib/python3.7/site-packages/airflow/example_dags/example_latest_only_with_trigger.py
[2022-12-17T04:18:20.119+0000] {processor.py:743} INFO - Processing file /home/airflow/.local/lib/python3.7/site-packages/airflow/example_dags/example_latest_only_with_trigger.py for tasks to queue
[2022-12-17T04:18:20.120+0000] {logging_mixin.py:137} INFO - [2022-12-17T04:18:20.119+0000] {dagbag.py:538} INFO - Filling up the DagBag from /home/airflow/.local/lib/python3.7/site-packages/airflow/example_dags/example_latest_only_with_trigger.py
[2022-12-17T04:18:20.130+0000] {processor.py:753} INFO - DAG(s) dict_keys(['latest_only_with_trigger']) retrieved from /home/airflow/.local/lib/python3.7/site-packages/airflow/example_dags/example_latest_only_with_trigger.py
[2022-12-17T04:18:20.159+0000] {logging_mixin.py:137} INFO - [2022-12-17T04:18:20.158+0000] {dag.py:2676} INFO - Sync 1 DAGs
[2022-12-17T04:18:20.175+0000] {logging_mixin.py:137} INFO - [2022-12-17T04:18:20.175+0000] {dag.py:3427} INFO - Setting next_dagrun for latest_only_with_trigger to 2022-12-17T00:18:20.175051+00:00, run_after=2022-12-17T04:18:20.175051+00:00
[2022-12-17T04:18:20.186+0000] {processor.py:175} INFO - Processing /home/airflow/.local/lib/python3.7/site-packages/airflow/example_dags/example_latest_only_with_trigger.py took 0.072 seconds
[2022-12-17T04:18:50.438+0000] {processor.py:153} INFO - Started process (PID=396) to work on /home/airflow/.local/lib/python3.7/site-packages/airflow/example_dags/example_latest_only_with_trigger.py
[2022-12-17T04:18:50.439+0000] {processor.py:743} INFO - Processing file /home/airflow/.local/lib/python3.7/site-packages/airflow/example_dags/example_latest_only_with_trigger.py for tasks to queue
[2022-12-17T04:18:50.440+0000] {logging_mixin.py:137} INFO - [2022-12-17T04:18:50.440+0000] {dagbag.py:538} INFO - Filling up the DagBag from /home/airflow/.local/lib/python3.7/site-packages/airflow/example_dags/example_latest_only_with_trigger.py
[2022-12-17T04:18:50.452+0000] {processor.py:753} INFO - DAG(s) dict_keys(['latest_only_with_trigger']) retrieved from /home/airflow/.local/lib/python3.7/site-packages/airflow/example_dags/example_latest_only_with_trigger.py
[2022-12-17T04:18:50.499+0000] {logging_mixin.py:137} INFO - [2022-12-17T04:18:50.499+0000] {dag.py:2676} INFO - Sync 1 DAGs
[2022-12-17T04:18:50.521+0000] {logging_mixin.py:137} INFO - [2022-12-17T04:18:50.521+0000] {dag.py:3427} INFO - Setting next_dagrun for latest_only_with_trigger to 2022-12-17T00:18:50.521658+00:00, run_after=2022-12-17T04:18:50.521658+00:00
[2022-12-17T04:18:50.533+0000] {processor.py:175} INFO - Processing /home/airflow/.local/lib/python3.7/site-packages/airflow/example_dags/example_latest_only_with_trigger.py took 0.097 seconds
[2022-12-17T04:19:21.076+0000] {processor.py:153} INFO - Started process (PID=462) to work on /home/airflow/.local/lib/python3.7/site-packages/airflow/example_dags/example_latest_only_with_trigger.py
[2022-12-17T04:19:21.077+0000] {processor.py:743} INFO - Processing file /home/airflow/.local/lib/python3.7/site-packages/airflow/example_dags/example_latest_only_with_trigger.py for tasks to queue
[2022-12-17T04:19:21.078+0000] {logging_mixin.py:137} INFO - [2022-12-17T04:19:21.078+0000] {dagbag.py:538} INFO - Filling up the DagBag from /home/airflow/.local/lib/python3.7/site-packages/airflow/example_dags/example_latest_only_with_trigger.py
[2022-12-17T04:19:21.089+0000] {processor.py:753} INFO - DAG(s) dict_keys(['latest_only_with_trigger']) retrieved from /home/airflow/.local/lib/python3.7/site-packages/airflow/example_dags/example_latest_only_with_trigger.py
[2022-12-17T04:19:21.117+0000] {logging_mixin.py:137} INFO - [2022-12-17T04:19:21.117+0000] {dag.py:2676} INFO - Sync 1 DAGs
[2022-12-17T04:19:21.133+0000] {logging_mixin.py:137} INFO - [2022-12-17T04:19:21.133+0000] {dag.py:3427} INFO - Setting next_dagrun for latest_only_with_trigger to 2022-12-17T00:19:21.133511+00:00, run_after=2022-12-17T04:19:21.133511+00:00
[2022-12-17T04:19:21.144+0000] {processor.py:175} INFO - Processing /home/airflow/.local/lib/python3.7/site-packages/airflow/example_dags/example_latest_only_with_trigger.py took 0.071 seconds
[2022-12-17T04:19:51.340+0000] {processor.py:153} INFO - Started process (PID=537) to work on /home/airflow/.local/lib/python3.7/site-packages/airflow/example_dags/example_latest_only_with_trigger.py
[2022-12-17T04:19:51.341+0000] {processor.py:743} INFO - Processing file /home/airflow/.local/lib/python3.7/site-packages/airflow/example_dags/example_latest_only_with_trigger.py for tasks to queue
[2022-12-17T04:19:51.343+0000] {logging_mixin.py:137} INFO - [2022-12-17T04:19:51.342+0000] {dagbag.py:538} INFO - Filling up the DagBag from /home/airflow/.local/lib/python3.7/site-packages/airflow/example_dags/example_latest_only_with_trigger.py
[2022-12-17T04:19:51.358+0000] {processor.py:753} INFO - DAG(s) dict_keys(['latest_only_with_trigger']) retrieved from /home/airflow/.local/lib/python3.7/site-packages/airflow/example_dags/example_latest_only_with_trigger.py
[2022-12-17T04:19:51.388+0000] {logging_mixin.py:137} INFO - [2022-12-17T04:19:51.388+0000] {dag.py:2676} INFO - Sync 1 DAGs
[2022-12-17T04:19:51.405+0000] {logging_mixin.py:137} INFO - [2022-12-17T04:19:51.404+0000] {dag.py:3427} INFO - Setting next_dagrun for latest_only_with_trigger to 2022-12-17T00:19:51.404674+00:00, run_after=2022-12-17T04:19:51.404674+00:00
[2022-12-17T04:19:51.417+0000] {processor.py:175} INFO - Processing /home/airflow/.local/lib/python3.7/site-packages/airflow/example_dags/example_latest_only_with_trigger.py took 0.081 seconds
[2022-12-17T04:20:21.756+0000] {processor.py:153} INFO - Started process (PID=613) to work on /home/airflow/.local/lib/python3.7/site-packages/airflow/example_dags/example_latest_only_with_trigger.py
[2022-12-17T04:20:21.757+0000] {processor.py:743} INFO - Processing file /home/airflow/.local/lib/python3.7/site-packages/airflow/example_dags/example_latest_only_with_trigger.py for tasks to queue
[2022-12-17T04:20:21.758+0000] {logging_mixin.py:137} INFO - [2022-12-17T04:20:21.758+0000] {dagbag.py:538} INFO - Filling up the DagBag from /home/airflow/.local/lib/python3.7/site-packages/airflow/example_dags/example_latest_only_with_trigger.py
[2022-12-17T04:20:21.773+0000] {processor.py:753} INFO - DAG(s) dict_keys(['latest_only_with_trigger']) retrieved from /home/airflow/.local/lib/python3.7/site-packages/airflow/example_dags/example_latest_only_with_trigger.py
[2022-12-17T04:20:21.805+0000] {logging_mixin.py:137} INFO - [2022-12-17T04:20:21.805+0000] {dag.py:2676} INFO - Sync 1 DAGs
[2022-12-17T04:20:21.821+0000] {logging_mixin.py:137} INFO - [2022-12-17T04:20:21.821+0000] {dag.py:3427} INFO - Setting next_dagrun for latest_only_with_trigger to 2022-12-17T00:20:21.821085+00:00, run_after=2022-12-17T04:20:21.821085+00:00
[2022-12-17T04:20:21.834+0000] {processor.py:175} INFO - Processing /home/airflow/.local/lib/python3.7/site-packages/airflow/example_dags/example_latest_only_with_trigger.py took 0.081 seconds
[2022-12-17T04:20:52.035+0000] {processor.py:153} INFO - Started process (PID=677) to work on /home/airflow/.local/lib/python3.7/site-packages/airflow/example_dags/example_latest_only_with_trigger.py
[2022-12-17T04:20:52.037+0000] {processor.py:743} INFO - Processing file /home/airflow/.local/lib/python3.7/site-packages/airflow/example_dags/example_latest_only_with_trigger.py for tasks to queue
[2022-12-17T04:20:52.038+0000] {logging_mixin.py:137} INFO - [2022-12-17T04:20:52.038+0000] {dagbag.py:538} INFO - Filling up the DagBag from /home/airflow/.local/lib/python3.7/site-packages/airflow/example_dags/example_latest_only_with_trigger.py
[2022-12-17T04:20:52.049+0000] {processor.py:753} INFO - DAG(s) dict_keys(['latest_only_with_trigger']) retrieved from /home/airflow/.local/lib/python3.7/site-packages/airflow/example_dags/example_latest_only_with_trigger.py
[2022-12-17T04:20:52.079+0000] {logging_mixin.py:137} INFO - [2022-12-17T04:20:52.079+0000] {dag.py:2676} INFO - Sync 1 DAGs
[2022-12-17T04:20:52.098+0000] {logging_mixin.py:137} INFO - [2022-12-17T04:20:52.098+0000] {dag.py:3427} INFO - Setting next_dagrun for latest_only_with_trigger to 2022-12-17T00:20:52.097969+00:00, run_after=2022-12-17T04:20:52.097969+00:00
[2022-12-17T04:20:52.110+0000] {processor.py:175} INFO - Processing /home/airflow/.local/lib/python3.7/site-packages/airflow/example_dags/example_latest_only_with_trigger.py took 0.077 seconds
[2022-12-17T04:21:22.455+0000] {processor.py:153} INFO - Started process (PID=752) to work on /home/airflow/.local/lib/python3.7/site-packages/airflow/example_dags/example_latest_only_with_trigger.py
[2022-12-17T04:21:22.457+0000] {processor.py:743} INFO - Processing file /home/airflow/.local/lib/python3.7/site-packages/airflow/example_dags/example_latest_only_with_trigger.py for tasks to queue
[2022-12-17T04:21:22.458+0000] {logging_mixin.py:137} INFO - [2022-12-17T04:21:22.458+0000] {dagbag.py:538} INFO - Filling up the DagBag from /home/airflow/.local/lib/python3.7/site-packages/airflow/example_dags/example_latest_only_with_trigger.py
[2022-12-17T04:21:22.468+0000] {processor.py:753} INFO - DAG(s) dict_keys(['latest_only_with_trigger']) retrieved from /home/airflow/.local/lib/python3.7/site-packages/airflow/example_dags/example_latest_only_with_trigger.py
[2022-12-17T04:21:22.496+0000] {logging_mixin.py:137} INFO - [2022-12-17T04:21:22.496+0000] {dag.py:2676} INFO - Sync 1 DAGs
[2022-12-17T04:21:22.512+0000] {logging_mixin.py:137} INFO - [2022-12-17T04:21:22.512+0000] {dag.py:3427} INFO - Setting next_dagrun for latest_only_with_trigger to 2022-12-17T00:21:22.511859+00:00, run_after=2022-12-17T04:21:22.511859+00:00
[2022-12-17T04:21:22.523+0000] {processor.py:175} INFO - Processing /home/airflow/.local/lib/python3.7/site-packages/airflow/example_dags/example_latest_only_with_trigger.py took 0.071 seconds
