[2022-12-17T04:16:19.454+0000] {processor.py:153} INFO - Started process (PID=51) to work on /home/airflow/.local/lib/python3.7/site-packages/airflow/example_dags/example_branch_python_dop_operator_3.py
[2022-12-17T04:16:19.473+0000] {processor.py:743} INFO - Processing file /home/airflow/.local/lib/python3.7/site-packages/airflow/example_dags/example_branch_python_dop_operator_3.py for tasks to queue
[2022-12-17T04:16:19.474+0000] {logging_mixin.py:137} INFO - [2022-12-17T04:16:19.474+0000] {dagbag.py:538} INFO - Filling up the DagBag from /home/airflow/.local/lib/python3.7/site-packages/airflow/example_dags/example_branch_python_dop_operator_3.py
[2022-12-17T04:16:19.543+0000] {processor.py:753} INFO - DAG(s) dict_keys(['example_branch_dop_operator_v3']) retrieved from /home/airflow/.local/lib/python3.7/site-packages/airflow/example_dags/example_branch_python_dop_operator_3.py
[2022-12-17T04:16:19.591+0000] {logging_mixin.py:137} INFO - [2022-12-17T04:16:19.591+0000] {dag.py:2676} INFO - Sync 1 DAGs
[2022-12-17T04:16:19.643+0000] {logging_mixin.py:137} INFO - [2022-12-17T04:16:19.643+0000] {dag.py:3427} INFO - Setting next_dagrun for example_branch_dop_operator_v3 to 2022-12-17T04:15:00+00:00, run_after=2022-12-17T04:16:00+00:00
[2022-12-17T04:16:19.675+0000] {processor.py:175} INFO - Processing /home/airflow/.local/lib/python3.7/site-packages/airflow/example_dags/example_branch_python_dop_operator_3.py took 0.223 seconds
[2022-12-17T04:16:50.488+0000] {processor.py:153} INFO - Started process (PID=126) to work on /home/airflow/.local/lib/python3.7/site-packages/airflow/example_dags/example_branch_python_dop_operator_3.py
[2022-12-17T04:16:50.491+0000] {processor.py:743} INFO - Processing file /home/airflow/.local/lib/python3.7/site-packages/airflow/example_dags/example_branch_python_dop_operator_3.py for tasks to queue
[2022-12-17T04:16:50.492+0000] {logging_mixin.py:137} INFO - [2022-12-17T04:16:50.492+0000] {dagbag.py:538} INFO - Filling up the DagBag from /home/airflow/.local/lib/python3.7/site-packages/airflow/example_dags/example_branch_python_dop_operator_3.py
[2022-12-17T04:16:50.519+0000] {processor.py:753} INFO - DAG(s) dict_keys(['example_branch_dop_operator_v3']) retrieved from /home/airflow/.local/lib/python3.7/site-packages/airflow/example_dags/example_branch_python_dop_operator_3.py
[2022-12-17T04:16:50.546+0000] {logging_mixin.py:137} INFO - [2022-12-17T04:16:50.546+0000] {dag.py:2676} INFO - Sync 1 DAGs
[2022-12-17T04:16:50.563+0000] {logging_mixin.py:137} INFO - [2022-12-17T04:16:50.563+0000] {dag.py:3427} INFO - Setting next_dagrun for example_branch_dop_operator_v3 to 2022-12-17T04:15:00+00:00, run_after=2022-12-17T04:16:00+00:00
[2022-12-17T04:16:50.576+0000] {processor.py:175} INFO - Processing /home/airflow/.local/lib/python3.7/site-packages/airflow/example_dags/example_branch_python_dop_operator_3.py took 0.093 seconds
[2022-12-17T04:17:21.212+0000] {processor.py:153} INFO - Started process (PID=201) to work on /home/airflow/.local/lib/python3.7/site-packages/airflow/example_dags/example_branch_python_dop_operator_3.py
[2022-12-17T04:17:21.213+0000] {processor.py:743} INFO - Processing file /home/airflow/.local/lib/python3.7/site-packages/airflow/example_dags/example_branch_python_dop_operator_3.py for tasks to queue
[2022-12-17T04:17:21.214+0000] {logging_mixin.py:137} INFO - [2022-12-17T04:17:21.214+0000] {dagbag.py:538} INFO - Filling up the DagBag from /home/airflow/.local/lib/python3.7/site-packages/airflow/example_dags/example_branch_python_dop_operator_3.py
[2022-12-17T04:17:21.231+0000] {processor.py:753} INFO - DAG(s) dict_keys(['example_branch_dop_operator_v3']) retrieved from /home/airflow/.local/lib/python3.7/site-packages/airflow/example_dags/example_branch_python_dop_operator_3.py
[2022-12-17T04:17:21.258+0000] {logging_mixin.py:137} INFO - [2022-12-17T04:17:21.258+0000] {dag.py:2676} INFO - Sync 1 DAGs
[2022-12-17T04:17:21.275+0000] {logging_mixin.py:137} INFO - [2022-12-17T04:17:21.275+0000] {dag.py:3427} INFO - Setting next_dagrun for example_branch_dop_operator_v3 to 2022-12-17T04:16:00+00:00, run_after=2022-12-17T04:17:00+00:00
[2022-12-17T04:17:21.286+0000] {processor.py:175} INFO - Processing /home/airflow/.local/lib/python3.7/site-packages/airflow/example_dags/example_branch_python_dop_operator_3.py took 0.077 seconds
[2022-12-17T04:17:51.483+0000] {processor.py:153} INFO - Started process (PID=263) to work on /home/airflow/.local/lib/python3.7/site-packages/airflow/example_dags/example_branch_python_dop_operator_3.py
[2022-12-17T04:17:51.485+0000] {processor.py:743} INFO - Processing file /home/airflow/.local/lib/python3.7/site-packages/airflow/example_dags/example_branch_python_dop_operator_3.py for tasks to queue
[2022-12-17T04:17:51.486+0000] {logging_mixin.py:137} INFO - [2022-12-17T04:17:51.486+0000] {dagbag.py:538} INFO - Filling up the DagBag from /home/airflow/.local/lib/python3.7/site-packages/airflow/example_dags/example_branch_python_dop_operator_3.py
[2022-12-17T04:17:51.508+0000] {processor.py:753} INFO - DAG(s) dict_keys(['example_branch_dop_operator_v3']) retrieved from /home/airflow/.local/lib/python3.7/site-packages/airflow/example_dags/example_branch_python_dop_operator_3.py
[2022-12-17T04:17:51.550+0000] {logging_mixin.py:137} INFO - [2022-12-17T04:17:51.550+0000] {dag.py:2676} INFO - Sync 1 DAGs
[2022-12-17T04:17:51.566+0000] {logging_mixin.py:137} INFO - [2022-12-17T04:17:51.566+0000] {dag.py:3427} INFO - Setting next_dagrun for example_branch_dop_operator_v3 to 2022-12-17T04:16:00+00:00, run_after=2022-12-17T04:17:00+00:00
[2022-12-17T04:17:51.577+0000] {processor.py:175} INFO - Processing /home/airflow/.local/lib/python3.7/site-packages/airflow/example_dags/example_branch_python_dop_operator_3.py took 0.098 seconds
[2022-12-17T04:18:21.690+0000] {processor.py:153} INFO - Started process (PID=337) to work on /home/airflow/.local/lib/python3.7/site-packages/airflow/example_dags/example_branch_python_dop_operator_3.py
[2022-12-17T04:18:21.693+0000] {processor.py:743} INFO - Processing file /home/airflow/.local/lib/python3.7/site-packages/airflow/example_dags/example_branch_python_dop_operator_3.py for tasks to queue
[2022-12-17T04:18:21.694+0000] {logging_mixin.py:137} INFO - [2022-12-17T04:18:21.694+0000] {dagbag.py:538} INFO - Filling up the DagBag from /home/airflow/.local/lib/python3.7/site-packages/airflow/example_dags/example_branch_python_dop_operator_3.py
[2022-12-17T04:18:21.717+0000] {processor.py:753} INFO - DAG(s) dict_keys(['example_branch_dop_operator_v3']) retrieved from /home/airflow/.local/lib/python3.7/site-packages/airflow/example_dags/example_branch_python_dop_operator_3.py
[2022-12-17T04:18:21.746+0000] {logging_mixin.py:137} INFO - [2022-12-17T04:18:21.746+0000] {dag.py:2676} INFO - Sync 1 DAGs
[2022-12-17T04:18:21.762+0000] {logging_mixin.py:137} INFO - [2022-12-17T04:18:21.762+0000] {dag.py:3427} INFO - Setting next_dagrun for example_branch_dop_operator_v3 to 2022-12-17T04:17:00+00:00, run_after=2022-12-17T04:18:00+00:00
[2022-12-17T04:18:21.775+0000] {processor.py:175} INFO - Processing /home/airflow/.local/lib/python3.7/site-packages/airflow/example_dags/example_branch_python_dop_operator_3.py took 0.090 seconds
[2022-12-17T04:18:52.288+0000] {processor.py:153} INFO - Started process (PID=412) to work on /home/airflow/.local/lib/python3.7/site-packages/airflow/example_dags/example_branch_python_dop_operator_3.py
[2022-12-17T04:18:52.291+0000] {processor.py:743} INFO - Processing file /home/airflow/.local/lib/python3.7/site-packages/airflow/example_dags/example_branch_python_dop_operator_3.py for tasks to queue
[2022-12-17T04:18:52.292+0000] {logging_mixin.py:137} INFO - [2022-12-17T04:18:52.292+0000] {dagbag.py:538} INFO - Filling up the DagBag from /home/airflow/.local/lib/python3.7/site-packages/airflow/example_dags/example_branch_python_dop_operator_3.py
[2022-12-17T04:18:52.308+0000] {processor.py:753} INFO - DAG(s) dict_keys(['example_branch_dop_operator_v3']) retrieved from /home/airflow/.local/lib/python3.7/site-packages/airflow/example_dags/example_branch_python_dop_operator_3.py
[2022-12-17T04:18:52.335+0000] {logging_mixin.py:137} INFO - [2022-12-17T04:18:52.335+0000] {dag.py:2676} INFO - Sync 1 DAGs
[2022-12-17T04:18:52.359+0000] {logging_mixin.py:137} INFO - [2022-12-17T04:18:52.359+0000] {dag.py:3427} INFO - Setting next_dagrun for example_branch_dop_operator_v3 to 2022-12-17T04:17:00+00:00, run_after=2022-12-17T04:18:00+00:00
[2022-12-17T04:18:52.371+0000] {processor.py:175} INFO - Processing /home/airflow/.local/lib/python3.7/site-packages/airflow/example_dags/example_branch_python_dop_operator_3.py took 0.085 seconds
[2022-12-17T04:19:22.737+0000] {processor.py:153} INFO - Started process (PID=475) to work on /home/airflow/.local/lib/python3.7/site-packages/airflow/example_dags/example_branch_python_dop_operator_3.py
[2022-12-17T04:19:22.738+0000] {processor.py:743} INFO - Processing file /home/airflow/.local/lib/python3.7/site-packages/airflow/example_dags/example_branch_python_dop_operator_3.py for tasks to queue
[2022-12-17T04:19:22.740+0000] {logging_mixin.py:137} INFO - [2022-12-17T04:19:22.740+0000] {dagbag.py:538} INFO - Filling up the DagBag from /home/airflow/.local/lib/python3.7/site-packages/airflow/example_dags/example_branch_python_dop_operator_3.py
[2022-12-17T04:19:22.757+0000] {processor.py:753} INFO - DAG(s) dict_keys(['example_branch_dop_operator_v3']) retrieved from /home/airflow/.local/lib/python3.7/site-packages/airflow/example_dags/example_branch_python_dop_operator_3.py
[2022-12-17T04:19:22.785+0000] {logging_mixin.py:137} INFO - [2022-12-17T04:19:22.785+0000] {dag.py:2676} INFO - Sync 1 DAGs
[2022-12-17T04:19:22.803+0000] {logging_mixin.py:137} INFO - [2022-12-17T04:19:22.803+0000] {dag.py:3427} INFO - Setting next_dagrun for example_branch_dop_operator_v3 to 2022-12-17T04:18:00+00:00, run_after=2022-12-17T04:19:00+00:00
[2022-12-17T04:19:22.814+0000] {processor.py:175} INFO - Processing /home/airflow/.local/lib/python3.7/site-packages/airflow/example_dags/example_branch_python_dop_operator_3.py took 0.079 seconds
[2022-12-17T04:19:53.088+0000] {processor.py:153} INFO - Started process (PID=550) to work on /home/airflow/.local/lib/python3.7/site-packages/airflow/example_dags/example_branch_python_dop_operator_3.py
[2022-12-17T04:19:53.089+0000] {processor.py:743} INFO - Processing file /home/airflow/.local/lib/python3.7/site-packages/airflow/example_dags/example_branch_python_dop_operator_3.py for tasks to queue
[2022-12-17T04:19:53.090+0000] {logging_mixin.py:137} INFO - [2022-12-17T04:19:53.090+0000] {dagbag.py:538} INFO - Filling up the DagBag from /home/airflow/.local/lib/python3.7/site-packages/airflow/example_dags/example_branch_python_dop_operator_3.py
[2022-12-17T04:19:53.114+0000] {processor.py:753} INFO - DAG(s) dict_keys(['example_branch_dop_operator_v3']) retrieved from /home/airflow/.local/lib/python3.7/site-packages/airflow/example_dags/example_branch_python_dop_operator_3.py
[2022-12-17T04:19:53.145+0000] {logging_mixin.py:137} INFO - [2022-12-17T04:19:53.145+0000] {dag.py:2676} INFO - Sync 1 DAGs
[2022-12-17T04:19:53.162+0000] {logging_mixin.py:137} INFO - [2022-12-17T04:19:53.162+0000] {dag.py:3427} INFO - Setting next_dagrun for example_branch_dop_operator_v3 to 2022-12-17T04:18:00+00:00, run_after=2022-12-17T04:19:00+00:00
[2022-12-17T04:19:53.172+0000] {processor.py:175} INFO - Processing /home/airflow/.local/lib/python3.7/site-packages/airflow/example_dags/example_branch_python_dop_operator_3.py took 0.088 seconds
[2022-12-17T04:20:23.423+0000] {processor.py:153} INFO - Started process (PID=626) to work on /home/airflow/.local/lib/python3.7/site-packages/airflow/example_dags/example_branch_python_dop_operator_3.py
[2022-12-17T04:20:23.424+0000] {processor.py:743} INFO - Processing file /home/airflow/.local/lib/python3.7/site-packages/airflow/example_dags/example_branch_python_dop_operator_3.py for tasks to queue
[2022-12-17T04:20:23.426+0000] {logging_mixin.py:137} INFO - [2022-12-17T04:20:23.425+0000] {dagbag.py:538} INFO - Filling up the DagBag from /home/airflow/.local/lib/python3.7/site-packages/airflow/example_dags/example_branch_python_dop_operator_3.py
[2022-12-17T04:20:23.447+0000] {processor.py:753} INFO - DAG(s) dict_keys(['example_branch_dop_operator_v3']) retrieved from /home/airflow/.local/lib/python3.7/site-packages/airflow/example_dags/example_branch_python_dop_operator_3.py
[2022-12-17T04:20:23.477+0000] {logging_mixin.py:137} INFO - [2022-12-17T04:20:23.477+0000] {dag.py:2676} INFO - Sync 1 DAGs
[2022-12-17T04:20:23.495+0000] {logging_mixin.py:137} INFO - [2022-12-17T04:20:23.495+0000] {dag.py:3427} INFO - Setting next_dagrun for example_branch_dop_operator_v3 to 2022-12-17T04:19:00+00:00, run_after=2022-12-17T04:20:00+00:00
[2022-12-17T04:20:23.505+0000] {processor.py:175} INFO - Processing /home/airflow/.local/lib/python3.7/site-packages/airflow/example_dags/example_branch_python_dop_operator_3.py took 0.087 seconds
[2022-12-17T04:20:53.777+0000] {processor.py:153} INFO - Started process (PID=690) to work on /home/airflow/.local/lib/python3.7/site-packages/airflow/example_dags/example_branch_python_dop_operator_3.py
[2022-12-17T04:20:53.780+0000] {processor.py:743} INFO - Processing file /home/airflow/.local/lib/python3.7/site-packages/airflow/example_dags/example_branch_python_dop_operator_3.py for tasks to queue
[2022-12-17T04:20:53.781+0000] {logging_mixin.py:137} INFO - [2022-12-17T04:20:53.781+0000] {dagbag.py:538} INFO - Filling up the DagBag from /home/airflow/.local/lib/python3.7/site-packages/airflow/example_dags/example_branch_python_dop_operator_3.py
[2022-12-17T04:20:53.800+0000] {processor.py:753} INFO - DAG(s) dict_keys(['example_branch_dop_operator_v3']) retrieved from /home/airflow/.local/lib/python3.7/site-packages/airflow/example_dags/example_branch_python_dop_operator_3.py
[2022-12-17T04:20:53.828+0000] {logging_mixin.py:137} INFO - [2022-12-17T04:20:53.828+0000] {dag.py:2676} INFO - Sync 1 DAGs
[2022-12-17T04:20:53.846+0000] {logging_mixin.py:137} INFO - [2022-12-17T04:20:53.846+0000] {dag.py:3427} INFO - Setting next_dagrun for example_branch_dop_operator_v3 to 2022-12-17T04:19:00+00:00, run_after=2022-12-17T04:20:00+00:00
[2022-12-17T04:20:53.857+0000] {processor.py:175} INFO - Processing /home/airflow/.local/lib/python3.7/site-packages/airflow/example_dags/example_branch_python_dop_operator_3.py took 0.084 seconds
[2022-12-17T04:21:24.104+0000] {processor.py:153} INFO - Started process (PID=765) to work on /home/airflow/.local/lib/python3.7/site-packages/airflow/example_dags/example_branch_python_dop_operator_3.py
[2022-12-17T04:21:24.105+0000] {processor.py:743} INFO - Processing file /home/airflow/.local/lib/python3.7/site-packages/airflow/example_dags/example_branch_python_dop_operator_3.py for tasks to queue
[2022-12-17T04:21:24.107+0000] {logging_mixin.py:137} INFO - [2022-12-17T04:21:24.106+0000] {dagbag.py:538} INFO - Filling up the DagBag from /home/airflow/.local/lib/python3.7/site-packages/airflow/example_dags/example_branch_python_dop_operator_3.py
[2022-12-17T04:21:24.129+0000] {processor.py:753} INFO - DAG(s) dict_keys(['example_branch_dop_operator_v3']) retrieved from /home/airflow/.local/lib/python3.7/site-packages/airflow/example_dags/example_branch_python_dop_operator_3.py
[2022-12-17T04:21:24.160+0000] {logging_mixin.py:137} INFO - [2022-12-17T04:21:24.160+0000] {dag.py:2676} INFO - Sync 1 DAGs
[2022-12-17T04:21:24.177+0000] {logging_mixin.py:137} INFO - [2022-12-17T04:21:24.177+0000] {dag.py:3427} INFO - Setting next_dagrun for example_branch_dop_operator_v3 to 2022-12-17T04:20:00+00:00, run_after=2022-12-17T04:21:00+00:00
[2022-12-17T04:21:24.188+0000] {processor.py:175} INFO - Processing /home/airflow/.local/lib/python3.7/site-packages/airflow/example_dags/example_branch_python_dop_operator_3.py took 0.089 seconds
