[2022-12-17T04:16:18.086+0000] {processor.py:153} INFO - Started process (PID=34) to work on /home/airflow/.local/lib/python3.7/site-packages/airflow/example_dags/example_branch_labels.py
[2022-12-17T04:16:18.088+0000] {processor.py:743} INFO - Processing file /home/airflow/.local/lib/python3.7/site-packages/airflow/example_dags/example_branch_labels.py for tasks to queue
[2022-12-17T04:16:18.088+0000] {logging_mixin.py:137} INFO - [2022-12-17T04:16:18.088+0000] {dagbag.py:538} INFO - Filling up the DagBag from /home/airflow/.local/lib/python3.7/site-packages/airflow/example_dags/example_branch_labels.py
[2022-12-17T04:16:18.125+0000] {processor.py:753} INFO - DAG(s) dict_keys(['example_branch_labels']) retrieved from /home/airflow/.local/lib/python3.7/site-packages/airflow/example_dags/example_branch_labels.py
[2022-12-17T04:16:18.161+0000] {logging_mixin.py:137} INFO - [2022-12-17T04:16:18.161+0000] {dag.py:2676} INFO - Sync 1 DAGs
[2022-12-17T04:16:18.185+0000] {logging_mixin.py:137} INFO - [2022-12-17T04:16:18.185+0000] {dag.py:3427} INFO - Setting next_dagrun for example_branch_labels to 2022-12-16T00:00:00+00:00, run_after=2022-12-17T00:00:00+00:00
[2022-12-17T04:16:18.222+0000] {processor.py:175} INFO - Processing /home/airflow/.local/lib/python3.7/site-packages/airflow/example_dags/example_branch_labels.py took 0.138 seconds
[2022-12-17T04:16:48.594+0000] {processor.py:153} INFO - Started process (PID=109) to work on /home/airflow/.local/lib/python3.7/site-packages/airflow/example_dags/example_branch_labels.py
[2022-12-17T04:16:48.595+0000] {processor.py:743} INFO - Processing file /home/airflow/.local/lib/python3.7/site-packages/airflow/example_dags/example_branch_labels.py for tasks to queue
[2022-12-17T04:16:48.596+0000] {logging_mixin.py:137} INFO - [2022-12-17T04:16:48.596+0000] {dagbag.py:538} INFO - Filling up the DagBag from /home/airflow/.local/lib/python3.7/site-packages/airflow/example_dags/example_branch_labels.py
[2022-12-17T04:16:48.610+0000] {processor.py:753} INFO - DAG(s) dict_keys(['example_branch_labels']) retrieved from /home/airflow/.local/lib/python3.7/site-packages/airflow/example_dags/example_branch_labels.py
[2022-12-17T04:16:48.646+0000] {logging_mixin.py:137} INFO - [2022-12-17T04:16:48.646+0000] {dag.py:2676} INFO - Sync 1 DAGs
[2022-12-17T04:16:48.667+0000] {logging_mixin.py:137} INFO - [2022-12-17T04:16:48.667+0000] {dag.py:3427} INFO - Setting next_dagrun for example_branch_labels to 2022-12-16T00:00:00+00:00, run_after=2022-12-17T00:00:00+00:00
[2022-12-17T04:16:48.677+0000] {processor.py:175} INFO - Processing /home/airflow/.local/lib/python3.7/site-packages/airflow/example_dags/example_branch_labels.py took 0.086 seconds
[2022-12-17T04:17:18.993+0000] {processor.py:153} INFO - Started process (PID=172) to work on /home/airflow/.local/lib/python3.7/site-packages/airflow/example_dags/example_branch_labels.py
[2022-12-17T04:17:18.994+0000] {processor.py:743} INFO - Processing file /home/airflow/.local/lib/python3.7/site-packages/airflow/example_dags/example_branch_labels.py for tasks to queue
[2022-12-17T04:17:18.995+0000] {logging_mixin.py:137} INFO - [2022-12-17T04:17:18.994+0000] {dagbag.py:538} INFO - Filling up the DagBag from /home/airflow/.local/lib/python3.7/site-packages/airflow/example_dags/example_branch_labels.py
[2022-12-17T04:17:19.006+0000] {processor.py:753} INFO - DAG(s) dict_keys(['example_branch_labels']) retrieved from /home/airflow/.local/lib/python3.7/site-packages/airflow/example_dags/example_branch_labels.py
[2022-12-17T04:17:19.037+0000] {logging_mixin.py:137} INFO - [2022-12-17T04:17:19.037+0000] {dag.py:2676} INFO - Sync 1 DAGs
[2022-12-17T04:17:19.058+0000] {logging_mixin.py:137} INFO - [2022-12-17T04:17:19.058+0000] {dag.py:3427} INFO - Setting next_dagrun for example_branch_labels to 2022-12-16T00:00:00+00:00, run_after=2022-12-17T00:00:00+00:00
[2022-12-17T04:17:19.076+0000] {processor.py:175} INFO - Processing /home/airflow/.local/lib/python3.7/site-packages/airflow/example_dags/example_branch_labels.py took 0.085 seconds
[2022-12-17T04:17:49.617+0000] {processor.py:153} INFO - Started process (PID=246) to work on /home/airflow/.local/lib/python3.7/site-packages/airflow/example_dags/example_branch_labels.py
[2022-12-17T04:17:49.618+0000] {processor.py:743} INFO - Processing file /home/airflow/.local/lib/python3.7/site-packages/airflow/example_dags/example_branch_labels.py for tasks to queue
[2022-12-17T04:17:49.620+0000] {logging_mixin.py:137} INFO - [2022-12-17T04:17:49.620+0000] {dagbag.py:538} INFO - Filling up the DagBag from /home/airflow/.local/lib/python3.7/site-packages/airflow/example_dags/example_branch_labels.py
[2022-12-17T04:17:49.639+0000] {processor.py:753} INFO - DAG(s) dict_keys(['example_branch_labels']) retrieved from /home/airflow/.local/lib/python3.7/site-packages/airflow/example_dags/example_branch_labels.py
[2022-12-17T04:17:49.673+0000] {logging_mixin.py:137} INFO - [2022-12-17T04:17:49.673+0000] {dag.py:2676} INFO - Sync 1 DAGs
[2022-12-17T04:17:49.690+0000] {logging_mixin.py:137} INFO - [2022-12-17T04:17:49.690+0000] {dag.py:3427} INFO - Setting next_dagrun for example_branch_labels to 2022-12-16T00:00:00+00:00, run_after=2022-12-17T00:00:00+00:00
[2022-12-17T04:17:49.700+0000] {processor.py:175} INFO - Processing /home/airflow/.local/lib/python3.7/site-packages/airflow/example_dags/example_branch_labels.py took 0.088 seconds
[2022-12-17T04:18:19.908+0000] {processor.py:153} INFO - Started process (PID=320) to work on /home/airflow/.local/lib/python3.7/site-packages/airflow/example_dags/example_branch_labels.py
[2022-12-17T04:18:19.909+0000] {processor.py:743} INFO - Processing file /home/airflow/.local/lib/python3.7/site-packages/airflow/example_dags/example_branch_labels.py for tasks to queue
[2022-12-17T04:18:19.911+0000] {logging_mixin.py:137} INFO - [2022-12-17T04:18:19.910+0000] {dagbag.py:538} INFO - Filling up the DagBag from /home/airflow/.local/lib/python3.7/site-packages/airflow/example_dags/example_branch_labels.py
[2022-12-17T04:18:19.928+0000] {processor.py:753} INFO - DAG(s) dict_keys(['example_branch_labels']) retrieved from /home/airflow/.local/lib/python3.7/site-packages/airflow/example_dags/example_branch_labels.py
[2022-12-17T04:18:19.961+0000] {logging_mixin.py:137} INFO - [2022-12-17T04:18:19.961+0000] {dag.py:2676} INFO - Sync 1 DAGs
[2022-12-17T04:18:19.979+0000] {logging_mixin.py:137} INFO - [2022-12-17T04:18:19.979+0000] {dag.py:3427} INFO - Setting next_dagrun for example_branch_labels to 2022-12-16T00:00:00+00:00, run_after=2022-12-17T00:00:00+00:00
[2022-12-17T04:18:19.990+0000] {processor.py:175} INFO - Processing /home/airflow/.local/lib/python3.7/site-packages/airflow/example_dags/example_branch_labels.py took 0.086 seconds
[2022-12-17T04:18:50.213+0000] {processor.py:153} INFO - Started process (PID=392) to work on /home/airflow/.local/lib/python3.7/site-packages/airflow/example_dags/example_branch_labels.py
[2022-12-17T04:18:50.215+0000] {processor.py:743} INFO - Processing file /home/airflow/.local/lib/python3.7/site-packages/airflow/example_dags/example_branch_labels.py for tasks to queue
[2022-12-17T04:18:50.215+0000] {logging_mixin.py:137} INFO - [2022-12-17T04:18:50.215+0000] {dagbag.py:538} INFO - Filling up the DagBag from /home/airflow/.local/lib/python3.7/site-packages/airflow/example_dags/example_branch_labels.py
[2022-12-17T04:18:50.231+0000] {processor.py:753} INFO - DAG(s) dict_keys(['example_branch_labels']) retrieved from /home/airflow/.local/lib/python3.7/site-packages/airflow/example_dags/example_branch_labels.py
[2022-12-17T04:18:50.268+0000] {logging_mixin.py:137} INFO - [2022-12-17T04:18:50.268+0000] {dag.py:2676} INFO - Sync 1 DAGs
[2022-12-17T04:18:50.285+0000] {logging_mixin.py:137} INFO - [2022-12-17T04:18:50.285+0000] {dag.py:3427} INFO - Setting next_dagrun for example_branch_labels to 2022-12-16T00:00:00+00:00, run_after=2022-12-17T00:00:00+00:00
[2022-12-17T04:18:50.295+0000] {processor.py:175} INFO - Processing /home/airflow/.local/lib/python3.7/site-packages/airflow/example_dags/example_branch_labels.py took 0.083 seconds
[2022-12-17T04:19:20.869+0000] {processor.py:153} INFO - Started process (PID=458) to work on /home/airflow/.local/lib/python3.7/site-packages/airflow/example_dags/example_branch_labels.py
[2022-12-17T04:19:20.871+0000] {processor.py:743} INFO - Processing file /home/airflow/.local/lib/python3.7/site-packages/airflow/example_dags/example_branch_labels.py for tasks to queue
[2022-12-17T04:19:20.872+0000] {logging_mixin.py:137} INFO - [2022-12-17T04:19:20.872+0000] {dagbag.py:538} INFO - Filling up the DagBag from /home/airflow/.local/lib/python3.7/site-packages/airflow/example_dags/example_branch_labels.py
[2022-12-17T04:19:20.887+0000] {processor.py:753} INFO - DAG(s) dict_keys(['example_branch_labels']) retrieved from /home/airflow/.local/lib/python3.7/site-packages/airflow/example_dags/example_branch_labels.py
[2022-12-17T04:19:20.915+0000] {logging_mixin.py:137} INFO - [2022-12-17T04:19:20.915+0000] {dag.py:2676} INFO - Sync 1 DAGs
[2022-12-17T04:19:20.932+0000] {logging_mixin.py:137} INFO - [2022-12-17T04:19:20.932+0000] {dag.py:3427} INFO - Setting next_dagrun for example_branch_labels to 2022-12-16T00:00:00+00:00, run_after=2022-12-17T00:00:00+00:00
[2022-12-17T04:19:20.942+0000] {processor.py:175} INFO - Processing /home/airflow/.local/lib/python3.7/site-packages/airflow/example_dags/example_branch_labels.py took 0.077 seconds
[2022-12-17T04:19:51.077+0000] {processor.py:153} INFO - Started process (PID=533) to work on /home/airflow/.local/lib/python3.7/site-packages/airflow/example_dags/example_branch_labels.py
[2022-12-17T04:19:51.077+0000] {processor.py:743} INFO - Processing file /home/airflow/.local/lib/python3.7/site-packages/airflow/example_dags/example_branch_labels.py for tasks to queue
[2022-12-17T04:19:51.078+0000] {logging_mixin.py:137} INFO - [2022-12-17T04:19:51.078+0000] {dagbag.py:538} INFO - Filling up the DagBag from /home/airflow/.local/lib/python3.7/site-packages/airflow/example_dags/example_branch_labels.py
[2022-12-17T04:19:51.089+0000] {processor.py:753} INFO - DAG(s) dict_keys(['example_branch_labels']) retrieved from /home/airflow/.local/lib/python3.7/site-packages/airflow/example_dags/example_branch_labels.py
[2022-12-17T04:19:51.125+0000] {logging_mixin.py:137} INFO - [2022-12-17T04:19:51.125+0000] {dag.py:2676} INFO - Sync 1 DAGs
[2022-12-17T04:19:51.150+0000] {logging_mixin.py:137} INFO - [2022-12-17T04:19:51.150+0000] {dag.py:3427} INFO - Setting next_dagrun for example_branch_labels to 2022-12-16T00:00:00+00:00, run_after=2022-12-17T00:00:00+00:00
[2022-12-17T04:19:51.164+0000] {processor.py:175} INFO - Processing /home/airflow/.local/lib/python3.7/site-packages/airflow/example_dags/example_branch_labels.py took 0.090 seconds
[2022-12-17T04:20:21.496+0000] {processor.py:153} INFO - Started process (PID=609) to work on /home/airflow/.local/lib/python3.7/site-packages/airflow/example_dags/example_branch_labels.py
[2022-12-17T04:20:21.497+0000] {processor.py:743} INFO - Processing file /home/airflow/.local/lib/python3.7/site-packages/airflow/example_dags/example_branch_labels.py for tasks to queue
[2022-12-17T04:20:21.498+0000] {logging_mixin.py:137} INFO - [2022-12-17T04:20:21.498+0000] {dagbag.py:538} INFO - Filling up the DagBag from /home/airflow/.local/lib/python3.7/site-packages/airflow/example_dags/example_branch_labels.py
[2022-12-17T04:20:21.511+0000] {processor.py:753} INFO - DAG(s) dict_keys(['example_branch_labels']) retrieved from /home/airflow/.local/lib/python3.7/site-packages/airflow/example_dags/example_branch_labels.py
[2022-12-17T04:20:21.544+0000] {logging_mixin.py:137} INFO - [2022-12-17T04:20:21.544+0000] {dag.py:2676} INFO - Sync 1 DAGs
[2022-12-17T04:20:21.569+0000] {logging_mixin.py:137} INFO - [2022-12-17T04:20:21.569+0000] {dag.py:3427} INFO - Setting next_dagrun for example_branch_labels to 2022-12-16T00:00:00+00:00, run_after=2022-12-17T00:00:00+00:00
[2022-12-17T04:20:21.583+0000] {processor.py:175} INFO - Processing /home/airflow/.local/lib/python3.7/site-packages/airflow/example_dags/example_branch_labels.py took 0.091 seconds
[2022-12-17T04:20:51.776+0000] {processor.py:153} INFO - Started process (PID=673) to work on /home/airflow/.local/lib/python3.7/site-packages/airflow/example_dags/example_branch_labels.py
[2022-12-17T04:20:51.777+0000] {processor.py:743} INFO - Processing file /home/airflow/.local/lib/python3.7/site-packages/airflow/example_dags/example_branch_labels.py for tasks to queue
[2022-12-17T04:20:51.778+0000] {logging_mixin.py:137} INFO - [2022-12-17T04:20:51.778+0000] {dagbag.py:538} INFO - Filling up the DagBag from /home/airflow/.local/lib/python3.7/site-packages/airflow/example_dags/example_branch_labels.py
[2022-12-17T04:20:51.791+0000] {processor.py:753} INFO - DAG(s) dict_keys(['example_branch_labels']) retrieved from /home/airflow/.local/lib/python3.7/site-packages/airflow/example_dags/example_branch_labels.py
[2022-12-17T04:20:51.820+0000] {logging_mixin.py:137} INFO - [2022-12-17T04:20:51.820+0000] {dag.py:2676} INFO - Sync 1 DAGs
[2022-12-17T04:20:51.837+0000] {logging_mixin.py:137} INFO - [2022-12-17T04:20:51.837+0000] {dag.py:3427} INFO - Setting next_dagrun for example_branch_labels to 2022-12-16T00:00:00+00:00, run_after=2022-12-17T00:00:00+00:00
[2022-12-17T04:20:51.848+0000] {processor.py:175} INFO - Processing /home/airflow/.local/lib/python3.7/site-packages/airflow/example_dags/example_branch_labels.py took 0.075 seconds
[2022-12-17T04:21:22.251+0000] {processor.py:153} INFO - Started process (PID=748) to work on /home/airflow/.local/lib/python3.7/site-packages/airflow/example_dags/example_branch_labels.py
[2022-12-17T04:21:22.252+0000] {processor.py:743} INFO - Processing file /home/airflow/.local/lib/python3.7/site-packages/airflow/example_dags/example_branch_labels.py for tasks to queue
[2022-12-17T04:21:22.254+0000] {logging_mixin.py:137} INFO - [2022-12-17T04:21:22.253+0000] {dagbag.py:538} INFO - Filling up the DagBag from /home/airflow/.local/lib/python3.7/site-packages/airflow/example_dags/example_branch_labels.py
[2022-12-17T04:21:22.270+0000] {processor.py:753} INFO - DAG(s) dict_keys(['example_branch_labels']) retrieved from /home/airflow/.local/lib/python3.7/site-packages/airflow/example_dags/example_branch_labels.py
[2022-12-17T04:21:22.300+0000] {logging_mixin.py:137} INFO - [2022-12-17T04:21:22.300+0000] {dag.py:2676} INFO - Sync 1 DAGs
[2022-12-17T04:21:22.316+0000] {logging_mixin.py:137} INFO - [2022-12-17T04:21:22.316+0000] {dag.py:3427} INFO - Setting next_dagrun for example_branch_labels to 2022-12-16T00:00:00+00:00, run_after=2022-12-17T00:00:00+00:00
[2022-12-17T04:21:22.327+0000] {processor.py:175} INFO - Processing /home/airflow/.local/lib/python3.7/site-packages/airflow/example_dags/example_branch_labels.py took 0.080 seconds
