[2022-12-17T04:16:19.734+0000] {processor.py:153} INFO - Started process (PID=53) to work on /home/airflow/.local/lib/python3.7/site-packages/airflow/example_dags/example_short_circuit_decorator.py
[2022-12-17T04:16:19.741+0000] {processor.py:743} INFO - Processing file /home/airflow/.local/lib/python3.7/site-packages/airflow/example_dags/example_short_circuit_decorator.py for tasks to queue
[2022-12-17T04:16:19.742+0000] {logging_mixin.py:137} INFO - [2022-12-17T04:16:19.742+0000] {dagbag.py:538} INFO - Filling up the DagBag from /home/airflow/.local/lib/python3.7/site-packages/airflow/example_dags/example_short_circuit_decorator.py
[2022-12-17T04:16:19.792+0000] {processor.py:753} INFO - DAG(s) dict_keys(['example_short_circuit_decorator']) retrieved from /home/airflow/.local/lib/python3.7/site-packages/airflow/example_dags/example_short_circuit_decorator.py
[2022-12-17T04:16:19.820+0000] {logging_mixin.py:137} INFO - [2022-12-17T04:16:19.820+0000] {dag.py:2676} INFO - Sync 1 DAGs
[2022-12-17T04:16:19.847+0000] {logging_mixin.py:137} INFO - [2022-12-17T04:16:19.847+0000] {dag.py:3427} INFO - Setting next_dagrun for example_short_circuit_decorator to 2022-12-16T04:16:19.847555+00:00, run_after=2022-12-17T04:16:19.847555+00:00
[2022-12-17T04:16:19.866+0000] {processor.py:175} INFO - Processing /home/airflow/.local/lib/python3.7/site-packages/airflow/example_dags/example_short_circuit_decorator.py took 0.135 seconds
[2022-12-17T04:16:50.714+0000] {processor.py:153} INFO - Started process (PID=128) to work on /home/airflow/.local/lib/python3.7/site-packages/airflow/example_dags/example_short_circuit_decorator.py
[2022-12-17T04:16:50.715+0000] {processor.py:743} INFO - Processing file /home/airflow/.local/lib/python3.7/site-packages/airflow/example_dags/example_short_circuit_decorator.py for tasks to queue
[2022-12-17T04:16:50.716+0000] {logging_mixin.py:137} INFO - [2022-12-17T04:16:50.716+0000] {dagbag.py:538} INFO - Filling up the DagBag from /home/airflow/.local/lib/python3.7/site-packages/airflow/example_dags/example_short_circuit_decorator.py
[2022-12-17T04:16:50.739+0000] {processor.py:753} INFO - DAG(s) dict_keys(['example_short_circuit_decorator']) retrieved from /home/airflow/.local/lib/python3.7/site-packages/airflow/example_dags/example_short_circuit_decorator.py
[2022-12-17T04:16:50.767+0000] {logging_mixin.py:137} INFO - [2022-12-17T04:16:50.767+0000] {dag.py:2676} INFO - Sync 1 DAGs
[2022-12-17T04:16:50.783+0000] {logging_mixin.py:137} INFO - [2022-12-17T04:16:50.783+0000] {dag.py:3427} INFO - Setting next_dagrun for example_short_circuit_decorator to 2022-12-16T04:16:50.783012+00:00, run_after=2022-12-17T04:16:50.783012+00:00
[2022-12-17T04:16:50.795+0000] {processor.py:175} INFO - Processing /home/airflow/.local/lib/python3.7/site-packages/airflow/example_dags/example_short_circuit_decorator.py took 0.083 seconds
[2022-12-17T04:17:21.412+0000] {processor.py:153} INFO - Started process (PID=203) to work on /home/airflow/.local/lib/python3.7/site-packages/airflow/example_dags/example_short_circuit_decorator.py
[2022-12-17T04:17:21.413+0000] {processor.py:743} INFO - Processing file /home/airflow/.local/lib/python3.7/site-packages/airflow/example_dags/example_short_circuit_decorator.py for tasks to queue
[2022-12-17T04:17:21.414+0000] {logging_mixin.py:137} INFO - [2022-12-17T04:17:21.414+0000] {dagbag.py:538} INFO - Filling up the DagBag from /home/airflow/.local/lib/python3.7/site-packages/airflow/example_dags/example_short_circuit_decorator.py
[2022-12-17T04:17:21.431+0000] {processor.py:753} INFO - DAG(s) dict_keys(['example_short_circuit_decorator']) retrieved from /home/airflow/.local/lib/python3.7/site-packages/airflow/example_dags/example_short_circuit_decorator.py
[2022-12-17T04:17:21.462+0000] {logging_mixin.py:137} INFO - [2022-12-17T04:17:21.462+0000] {dag.py:2676} INFO - Sync 1 DAGs
[2022-12-17T04:17:21.477+0000] {logging_mixin.py:137} INFO - [2022-12-17T04:17:21.477+0000] {dag.py:3427} INFO - Setting next_dagrun for example_short_circuit_decorator to 2022-12-16T04:17:21.477276+00:00, run_after=2022-12-17T04:17:21.477276+00:00
[2022-12-17T04:17:21.492+0000] {processor.py:175} INFO - Processing /home/airflow/.local/lib/python3.7/site-packages/airflow/example_dags/example_short_circuit_decorator.py took 0.083 seconds
[2022-12-17T04:17:51.605+0000] {processor.py:153} INFO - Started process (PID=265) to work on /home/airflow/.local/lib/python3.7/site-packages/airflow/example_dags/example_short_circuit_decorator.py
[2022-12-17T04:17:51.606+0000] {processor.py:743} INFO - Processing file /home/airflow/.local/lib/python3.7/site-packages/airflow/example_dags/example_short_circuit_decorator.py for tasks to queue
[2022-12-17T04:17:51.607+0000] {logging_mixin.py:137} INFO - [2022-12-17T04:17:51.607+0000] {dagbag.py:538} INFO - Filling up the DagBag from /home/airflow/.local/lib/python3.7/site-packages/airflow/example_dags/example_short_circuit_decorator.py
[2022-12-17T04:17:51.623+0000] {processor.py:753} INFO - DAG(s) dict_keys(['example_short_circuit_decorator']) retrieved from /home/airflow/.local/lib/python3.7/site-packages/airflow/example_dags/example_short_circuit_decorator.py
[2022-12-17T04:17:51.653+0000] {logging_mixin.py:137} INFO - [2022-12-17T04:17:51.653+0000] {dag.py:2676} INFO - Sync 1 DAGs
[2022-12-17T04:17:51.670+0000] {logging_mixin.py:137} INFO - [2022-12-17T04:17:51.669+0000] {dag.py:3427} INFO - Setting next_dagrun for example_short_circuit_decorator to 2022-12-16T04:17:51.669721+00:00, run_after=2022-12-17T04:17:51.669721+00:00
[2022-12-17T04:17:51.680+0000] {processor.py:175} INFO - Processing /home/airflow/.local/lib/python3.7/site-packages/airflow/example_dags/example_short_circuit_decorator.py took 0.078 seconds
[2022-12-17T04:18:21.918+0000] {processor.py:153} INFO - Started process (PID=339) to work on /home/airflow/.local/lib/python3.7/site-packages/airflow/example_dags/example_short_circuit_decorator.py
[2022-12-17T04:18:21.920+0000] {processor.py:743} INFO - Processing file /home/airflow/.local/lib/python3.7/site-packages/airflow/example_dags/example_short_circuit_decorator.py for tasks to queue
[2022-12-17T04:18:21.921+0000] {logging_mixin.py:137} INFO - [2022-12-17T04:18:21.921+0000] {dagbag.py:538} INFO - Filling up the DagBag from /home/airflow/.local/lib/python3.7/site-packages/airflow/example_dags/example_short_circuit_decorator.py
[2022-12-17T04:18:21.938+0000] {processor.py:753} INFO - DAG(s) dict_keys(['example_short_circuit_decorator']) retrieved from /home/airflow/.local/lib/python3.7/site-packages/airflow/example_dags/example_short_circuit_decorator.py
[2022-12-17T04:18:21.965+0000] {logging_mixin.py:137} INFO - [2022-12-17T04:18:21.965+0000] {dag.py:2676} INFO - Sync 1 DAGs
[2022-12-17T04:18:21.980+0000] {logging_mixin.py:137} INFO - [2022-12-17T04:18:21.980+0000] {dag.py:3427} INFO - Setting next_dagrun for example_short_circuit_decorator to 2022-12-16T04:18:21.980619+00:00, run_after=2022-12-17T04:18:21.980619+00:00
[2022-12-17T04:18:21.993+0000] {processor.py:175} INFO - Processing /home/airflow/.local/lib/python3.7/site-packages/airflow/example_dags/example_short_circuit_decorator.py took 0.078 seconds
[2022-12-17T04:18:52.502+0000] {processor.py:153} INFO - Started process (PID=414) to work on /home/airflow/.local/lib/python3.7/site-packages/airflow/example_dags/example_short_circuit_decorator.py
[2022-12-17T04:18:52.504+0000] {processor.py:743} INFO - Processing file /home/airflow/.local/lib/python3.7/site-packages/airflow/example_dags/example_short_circuit_decorator.py for tasks to queue
[2022-12-17T04:18:52.504+0000] {logging_mixin.py:137} INFO - [2022-12-17T04:18:52.504+0000] {dagbag.py:538} INFO - Filling up the DagBag from /home/airflow/.local/lib/python3.7/site-packages/airflow/example_dags/example_short_circuit_decorator.py
[2022-12-17T04:18:52.522+0000] {processor.py:753} INFO - DAG(s) dict_keys(['example_short_circuit_decorator']) retrieved from /home/airflow/.local/lib/python3.7/site-packages/airflow/example_dags/example_short_circuit_decorator.py
[2022-12-17T04:18:52.550+0000] {logging_mixin.py:137} INFO - [2022-12-17T04:18:52.550+0000] {dag.py:2676} INFO - Sync 1 DAGs
[2022-12-17T04:18:52.566+0000] {logging_mixin.py:137} INFO - [2022-12-17T04:18:52.566+0000] {dag.py:3427} INFO - Setting next_dagrun for example_short_circuit_decorator to 2022-12-16T04:18:52.566522+00:00, run_after=2022-12-17T04:18:52.566522+00:00
[2022-12-17T04:18:52.578+0000] {processor.py:175} INFO - Processing /home/airflow/.local/lib/python3.7/site-packages/airflow/example_dags/example_short_circuit_decorator.py took 0.078 seconds
[2022-12-17T04:19:22.940+0000] {processor.py:153} INFO - Started process (PID=477) to work on /home/airflow/.local/lib/python3.7/site-packages/airflow/example_dags/example_short_circuit_decorator.py
[2022-12-17T04:19:22.941+0000] {processor.py:743} INFO - Processing file /home/airflow/.local/lib/python3.7/site-packages/airflow/example_dags/example_short_circuit_decorator.py for tasks to queue
[2022-12-17T04:19:22.942+0000] {logging_mixin.py:137} INFO - [2022-12-17T04:19:22.942+0000] {dagbag.py:538} INFO - Filling up the DagBag from /home/airflow/.local/lib/python3.7/site-packages/airflow/example_dags/example_short_circuit_decorator.py
[2022-12-17T04:19:22.959+0000] {processor.py:753} INFO - DAG(s) dict_keys(['example_short_circuit_decorator']) retrieved from /home/airflow/.local/lib/python3.7/site-packages/airflow/example_dags/example_short_circuit_decorator.py
[2022-12-17T04:19:22.987+0000] {logging_mixin.py:137} INFO - [2022-12-17T04:19:22.987+0000] {dag.py:2676} INFO - Sync 1 DAGs
[2022-12-17T04:19:23.002+0000] {logging_mixin.py:137} INFO - [2022-12-17T04:19:23.002+0000] {dag.py:3427} INFO - Setting next_dagrun for example_short_circuit_decorator to 2022-12-16T04:19:23.001815+00:00, run_after=2022-12-17T04:19:23.001815+00:00
[2022-12-17T04:19:23.013+0000] {processor.py:175} INFO - Processing /home/airflow/.local/lib/python3.7/site-packages/airflow/example_dags/example_short_circuit_decorator.py took 0.077 seconds
[2022-12-17T04:19:53.306+0000] {processor.py:153} INFO - Started process (PID=552) to work on /home/airflow/.local/lib/python3.7/site-packages/airflow/example_dags/example_short_circuit_decorator.py
[2022-12-17T04:19:53.308+0000] {processor.py:743} INFO - Processing file /home/airflow/.local/lib/python3.7/site-packages/airflow/example_dags/example_short_circuit_decorator.py for tasks to queue
[2022-12-17T04:19:53.309+0000] {logging_mixin.py:137} INFO - [2022-12-17T04:19:53.309+0000] {dagbag.py:538} INFO - Filling up the DagBag from /home/airflow/.local/lib/python3.7/site-packages/airflow/example_dags/example_short_circuit_decorator.py
[2022-12-17T04:19:53.326+0000] {processor.py:753} INFO - DAG(s) dict_keys(['example_short_circuit_decorator']) retrieved from /home/airflow/.local/lib/python3.7/site-packages/airflow/example_dags/example_short_circuit_decorator.py
[2022-12-17T04:19:53.354+0000] {logging_mixin.py:137} INFO - [2022-12-17T04:19:53.354+0000] {dag.py:2676} INFO - Sync 1 DAGs
[2022-12-17T04:19:53.369+0000] {logging_mixin.py:137} INFO - [2022-12-17T04:19:53.369+0000] {dag.py:3427} INFO - Setting next_dagrun for example_short_circuit_decorator to 2022-12-16T04:19:53.369461+00:00, run_after=2022-12-17T04:19:53.369461+00:00
[2022-12-17T04:19:53.380+0000] {processor.py:175} INFO - Processing /home/airflow/.local/lib/python3.7/site-packages/airflow/example_dags/example_short_circuit_decorator.py took 0.077 seconds
[2022-12-17T04:20:23.631+0000] {processor.py:153} INFO - Started process (PID=628) to work on /home/airflow/.local/lib/python3.7/site-packages/airflow/example_dags/example_short_circuit_decorator.py
[2022-12-17T04:20:23.632+0000] {processor.py:743} INFO - Processing file /home/airflow/.local/lib/python3.7/site-packages/airflow/example_dags/example_short_circuit_decorator.py for tasks to queue
[2022-12-17T04:20:23.633+0000] {logging_mixin.py:137} INFO - [2022-12-17T04:20:23.632+0000] {dagbag.py:538} INFO - Filling up the DagBag from /home/airflow/.local/lib/python3.7/site-packages/airflow/example_dags/example_short_circuit_decorator.py
[2022-12-17T04:20:23.650+0000] {processor.py:753} INFO - DAG(s) dict_keys(['example_short_circuit_decorator']) retrieved from /home/airflow/.local/lib/python3.7/site-packages/airflow/example_dags/example_short_circuit_decorator.py
[2022-12-17T04:20:23.677+0000] {logging_mixin.py:137} INFO - [2022-12-17T04:20:23.676+0000] {dag.py:2676} INFO - Sync 1 DAGs
[2022-12-17T04:20:23.693+0000] {logging_mixin.py:137} INFO - [2022-12-17T04:20:23.693+0000] {dag.py:3427} INFO - Setting next_dagrun for example_short_circuit_decorator to 2022-12-16T04:20:23.692819+00:00, run_after=2022-12-17T04:20:23.692819+00:00
[2022-12-17T04:20:23.705+0000] {processor.py:175} INFO - Processing /home/airflow/.local/lib/python3.7/site-packages/airflow/example_dags/example_short_circuit_decorator.py took 0.077 seconds
[2022-12-17T04:20:53.986+0000] {processor.py:153} INFO - Started process (PID=692) to work on /home/airflow/.local/lib/python3.7/site-packages/airflow/example_dags/example_short_circuit_decorator.py
[2022-12-17T04:20:53.987+0000] {processor.py:743} INFO - Processing file /home/airflow/.local/lib/python3.7/site-packages/airflow/example_dags/example_short_circuit_decorator.py for tasks to queue
[2022-12-17T04:20:53.988+0000] {logging_mixin.py:137} INFO - [2022-12-17T04:20:53.988+0000] {dagbag.py:538} INFO - Filling up the DagBag from /home/airflow/.local/lib/python3.7/site-packages/airflow/example_dags/example_short_circuit_decorator.py
[2022-12-17T04:20:54.007+0000] {processor.py:753} INFO - DAG(s) dict_keys(['example_short_circuit_decorator']) retrieved from /home/airflow/.local/lib/python3.7/site-packages/airflow/example_dags/example_short_circuit_decorator.py
[2022-12-17T04:20:54.039+0000] {logging_mixin.py:137} INFO - [2022-12-17T04:20:54.039+0000] {dag.py:2676} INFO - Sync 1 DAGs
[2022-12-17T04:20:54.056+0000] {logging_mixin.py:137} INFO - [2022-12-17T04:20:54.056+0000] {dag.py:3427} INFO - Setting next_dagrun for example_short_circuit_decorator to 2022-12-16T04:20:54.055843+00:00, run_after=2022-12-17T04:20:54.055843+00:00
[2022-12-17T04:20:54.067+0000] {processor.py:175} INFO - Processing /home/airflow/.local/lib/python3.7/site-packages/airflow/example_dags/example_short_circuit_decorator.py took 0.085 seconds
[2022-12-17T04:21:24.317+0000] {processor.py:153} INFO - Started process (PID=767) to work on /home/airflow/.local/lib/python3.7/site-packages/airflow/example_dags/example_short_circuit_decorator.py
[2022-12-17T04:21:24.318+0000] {processor.py:743} INFO - Processing file /home/airflow/.local/lib/python3.7/site-packages/airflow/example_dags/example_short_circuit_decorator.py for tasks to queue
[2022-12-17T04:21:24.319+0000] {logging_mixin.py:137} INFO - [2022-12-17T04:21:24.319+0000] {dagbag.py:538} INFO - Filling up the DagBag from /home/airflow/.local/lib/python3.7/site-packages/airflow/example_dags/example_short_circuit_decorator.py
[2022-12-17T04:21:24.335+0000] {processor.py:753} INFO - DAG(s) dict_keys(['example_short_circuit_decorator']) retrieved from /home/airflow/.local/lib/python3.7/site-packages/airflow/example_dags/example_short_circuit_decorator.py
[2022-12-17T04:21:24.363+0000] {logging_mixin.py:137} INFO - [2022-12-17T04:21:24.363+0000] {dag.py:2676} INFO - Sync 1 DAGs
[2022-12-17T04:21:24.379+0000] {logging_mixin.py:137} INFO - [2022-12-17T04:21:24.379+0000] {dag.py:3427} INFO - Setting next_dagrun for example_short_circuit_decorator to 2022-12-16T04:21:24.378823+00:00, run_after=2022-12-17T04:21:24.378823+00:00
[2022-12-17T04:21:24.391+0000] {processor.py:175} INFO - Processing /home/airflow/.local/lib/python3.7/site-packages/airflow/example_dags/example_short_circuit_decorator.py took 0.077 seconds
