[2022-12-17T04:16:20.793+0000] {processor.py:153} INFO - Started process (PID=64) to work on /home/airflow/.local/lib/python3.7/site-packages/airflow/example_dags/example_short_circuit_operator.py
[2022-12-17T04:16:20.795+0000] {processor.py:743} INFO - Processing file /home/airflow/.local/lib/python3.7/site-packages/airflow/example_dags/example_short_circuit_operator.py for tasks to queue
[2022-12-17T04:16:20.798+0000] {logging_mixin.py:137} INFO - [2022-12-17T04:16:20.798+0000] {dagbag.py:538} INFO - Filling up the DagBag from /home/airflow/.local/lib/python3.7/site-packages/airflow/example_dags/example_short_circuit_operator.py
[2022-12-17T04:16:20.827+0000] {processor.py:753} INFO - DAG(s) dict_keys(['example_short_circuit_operator']) retrieved from /home/airflow/.local/lib/python3.7/site-packages/airflow/example_dags/example_short_circuit_operator.py
[2022-12-17T04:16:20.851+0000] {logging_mixin.py:137} INFO - [2022-12-17T04:16:20.851+0000] {dag.py:2676} INFO - Sync 1 DAGs
[2022-12-17T04:16:20.872+0000] {logging_mixin.py:137} INFO - [2022-12-17T04:16:20.872+0000] {dag.py:3427} INFO - Setting next_dagrun for example_short_circuit_operator to 2022-12-16T04:16:20.872255+00:00, run_after=2022-12-17T04:16:20.872255+00:00
[2022-12-17T04:16:20.915+0000] {processor.py:175} INFO - Processing /home/airflow/.local/lib/python3.7/site-packages/airflow/example_dags/example_short_circuit_operator.py took 0.130 seconds
[2022-12-17T04:16:51.352+0000] {processor.py:153} INFO - Started process (PID=139) to work on /home/airflow/.local/lib/python3.7/site-packages/airflow/example_dags/example_short_circuit_operator.py
[2022-12-17T04:16:51.353+0000] {processor.py:743} INFO - Processing file /home/airflow/.local/lib/python3.7/site-packages/airflow/example_dags/example_short_circuit_operator.py for tasks to queue
[2022-12-17T04:16:51.354+0000] {logging_mixin.py:137} INFO - [2022-12-17T04:16:51.354+0000] {dagbag.py:538} INFO - Filling up the DagBag from /home/airflow/.local/lib/python3.7/site-packages/airflow/example_dags/example_short_circuit_operator.py
[2022-12-17T04:16:51.368+0000] {processor.py:753} INFO - DAG(s) dict_keys(['example_short_circuit_operator']) retrieved from /home/airflow/.local/lib/python3.7/site-packages/airflow/example_dags/example_short_circuit_operator.py
[2022-12-17T04:16:51.394+0000] {logging_mixin.py:137} INFO - [2022-12-17T04:16:51.394+0000] {dag.py:2676} INFO - Sync 1 DAGs
[2022-12-17T04:16:51.409+0000] {logging_mixin.py:137} INFO - [2022-12-17T04:16:51.409+0000] {dag.py:3427} INFO - Setting next_dagrun for example_short_circuit_operator to 2022-12-16T04:16:51.408897+00:00, run_after=2022-12-17T04:16:51.408897+00:00
[2022-12-17T04:16:51.421+0000] {processor.py:175} INFO - Processing /home/airflow/.local/lib/python3.7/site-packages/airflow/example_dags/example_short_circuit_operator.py took 0.071 seconds
[2022-12-17T04:17:21.992+0000] {processor.py:153} INFO - Started process (PID=214) to work on /home/airflow/.local/lib/python3.7/site-packages/airflow/example_dags/example_short_circuit_operator.py
[2022-12-17T04:17:21.993+0000] {processor.py:743} INFO - Processing file /home/airflow/.local/lib/python3.7/site-packages/airflow/example_dags/example_short_circuit_operator.py for tasks to queue
[2022-12-17T04:17:21.994+0000] {logging_mixin.py:137} INFO - [2022-12-17T04:17:21.994+0000] {dagbag.py:538} INFO - Filling up the DagBag from /home/airflow/.local/lib/python3.7/site-packages/airflow/example_dags/example_short_circuit_operator.py
[2022-12-17T04:17:22.006+0000] {processor.py:753} INFO - DAG(s) dict_keys(['example_short_circuit_operator']) retrieved from /home/airflow/.local/lib/python3.7/site-packages/airflow/example_dags/example_short_circuit_operator.py
[2022-12-17T04:17:22.035+0000] {logging_mixin.py:137} INFO - [2022-12-17T04:17:22.035+0000] {dag.py:2676} INFO - Sync 1 DAGs
[2022-12-17T04:17:22.053+0000] {logging_mixin.py:137} INFO - [2022-12-17T04:17:22.053+0000] {dag.py:3427} INFO - Setting next_dagrun for example_short_circuit_operator to 2022-12-16T04:17:22.053565+00:00, run_after=2022-12-17T04:17:22.053565+00:00
[2022-12-17T04:17:22.064+0000] {processor.py:175} INFO - Processing /home/airflow/.local/lib/python3.7/site-packages/airflow/example_dags/example_short_circuit_operator.py took 0.075 seconds
[2022-12-17T04:17:52.217+0000] {processor.py:153} INFO - Started process (PID=276) to work on /home/airflow/.local/lib/python3.7/site-packages/airflow/example_dags/example_short_circuit_operator.py
[2022-12-17T04:17:52.219+0000] {processor.py:743} INFO - Processing file /home/airflow/.local/lib/python3.7/site-packages/airflow/example_dags/example_short_circuit_operator.py for tasks to queue
[2022-12-17T04:17:52.220+0000] {logging_mixin.py:137} INFO - [2022-12-17T04:17:52.220+0000] {dagbag.py:538} INFO - Filling up the DagBag from /home/airflow/.local/lib/python3.7/site-packages/airflow/example_dags/example_short_circuit_operator.py
[2022-12-17T04:17:52.232+0000] {processor.py:753} INFO - DAG(s) dict_keys(['example_short_circuit_operator']) retrieved from /home/airflow/.local/lib/python3.7/site-packages/airflow/example_dags/example_short_circuit_operator.py
[2022-12-17T04:17:52.261+0000] {logging_mixin.py:137} INFO - [2022-12-17T04:17:52.261+0000] {dag.py:2676} INFO - Sync 1 DAGs
[2022-12-17T04:17:52.278+0000] {logging_mixin.py:137} INFO - [2022-12-17T04:17:52.278+0000] {dag.py:3427} INFO - Setting next_dagrun for example_short_circuit_operator to 2022-12-16T04:17:52.278118+00:00, run_after=2022-12-17T04:17:52.278118+00:00
[2022-12-17T04:17:52.289+0000] {processor.py:175} INFO - Processing /home/airflow/.local/lib/python3.7/site-packages/airflow/example_dags/example_short_circuit_operator.py took 0.074 seconds
[2022-12-17T04:18:22.624+0000] {processor.py:153} INFO - Started process (PID=350) to work on /home/airflow/.local/lib/python3.7/site-packages/airflow/example_dags/example_short_circuit_operator.py
[2022-12-17T04:18:22.625+0000] {processor.py:743} INFO - Processing file /home/airflow/.local/lib/python3.7/site-packages/airflow/example_dags/example_short_circuit_operator.py for tasks to queue
[2022-12-17T04:18:22.626+0000] {logging_mixin.py:137} INFO - [2022-12-17T04:18:22.626+0000] {dagbag.py:538} INFO - Filling up the DagBag from /home/airflow/.local/lib/python3.7/site-packages/airflow/example_dags/example_short_circuit_operator.py
[2022-12-17T04:18:22.639+0000] {processor.py:753} INFO - DAG(s) dict_keys(['example_short_circuit_operator']) retrieved from /home/airflow/.local/lib/python3.7/site-packages/airflow/example_dags/example_short_circuit_operator.py
[2022-12-17T04:18:22.667+0000] {logging_mixin.py:137} INFO - [2022-12-17T04:18:22.667+0000] {dag.py:2676} INFO - Sync 1 DAGs
[2022-12-17T04:18:22.682+0000] {logging_mixin.py:137} INFO - [2022-12-17T04:18:22.682+0000] {dag.py:3427} INFO - Setting next_dagrun for example_short_circuit_operator to 2022-12-16T04:18:22.682616+00:00, run_after=2022-12-17T04:18:22.682616+00:00
[2022-12-17T04:18:22.695+0000] {processor.py:175} INFO - Processing /home/airflow/.local/lib/python3.7/site-packages/airflow/example_dags/example_short_circuit_operator.py took 0.074 seconds
[2022-12-17T04:18:53.207+0000] {processor.py:153} INFO - Started process (PID=425) to work on /home/airflow/.local/lib/python3.7/site-packages/airflow/example_dags/example_short_circuit_operator.py
[2022-12-17T04:18:53.209+0000] {processor.py:743} INFO - Processing file /home/airflow/.local/lib/python3.7/site-packages/airflow/example_dags/example_short_circuit_operator.py for tasks to queue
[2022-12-17T04:18:53.210+0000] {logging_mixin.py:137} INFO - [2022-12-17T04:18:53.210+0000] {dagbag.py:538} INFO - Filling up the DagBag from /home/airflow/.local/lib/python3.7/site-packages/airflow/example_dags/example_short_circuit_operator.py
[2022-12-17T04:18:53.222+0000] {processor.py:753} INFO - DAG(s) dict_keys(['example_short_circuit_operator']) retrieved from /home/airflow/.local/lib/python3.7/site-packages/airflow/example_dags/example_short_circuit_operator.py
[2022-12-17T04:18:53.250+0000] {logging_mixin.py:137} INFO - [2022-12-17T04:18:53.250+0000] {dag.py:2676} INFO - Sync 1 DAGs
[2022-12-17T04:18:53.266+0000] {logging_mixin.py:137} INFO - [2022-12-17T04:18:53.265+0000] {dag.py:3427} INFO - Setting next_dagrun for example_short_circuit_operator to 2022-12-16T04:18:53.265719+00:00, run_after=2022-12-17T04:18:53.265719+00:00
[2022-12-17T04:18:53.277+0000] {processor.py:175} INFO - Processing /home/airflow/.local/lib/python3.7/site-packages/airflow/example_dags/example_short_circuit_operator.py took 0.072 seconds
[2022-12-17T04:19:23.535+0000] {processor.py:153} INFO - Started process (PID=488) to work on /home/airflow/.local/lib/python3.7/site-packages/airflow/example_dags/example_short_circuit_operator.py
[2022-12-17T04:19:23.536+0000] {processor.py:743} INFO - Processing file /home/airflow/.local/lib/python3.7/site-packages/airflow/example_dags/example_short_circuit_operator.py for tasks to queue
[2022-12-17T04:19:23.537+0000] {logging_mixin.py:137} INFO - [2022-12-17T04:19:23.537+0000] {dagbag.py:538} INFO - Filling up the DagBag from /home/airflow/.local/lib/python3.7/site-packages/airflow/example_dags/example_short_circuit_operator.py
[2022-12-17T04:19:23.549+0000] {processor.py:753} INFO - DAG(s) dict_keys(['example_short_circuit_operator']) retrieved from /home/airflow/.local/lib/python3.7/site-packages/airflow/example_dags/example_short_circuit_operator.py
[2022-12-17T04:19:23.578+0000] {logging_mixin.py:137} INFO - [2022-12-17T04:19:23.578+0000] {dag.py:2676} INFO - Sync 1 DAGs
[2022-12-17T04:19:23.592+0000] {logging_mixin.py:137} INFO - [2022-12-17T04:19:23.592+0000] {dag.py:3427} INFO - Setting next_dagrun for example_short_circuit_operator to 2022-12-16T04:19:23.591941+00:00, run_after=2022-12-17T04:19:23.591941+00:00
[2022-12-17T04:19:23.603+0000] {processor.py:175} INFO - Processing /home/airflow/.local/lib/python3.7/site-packages/airflow/example_dags/example_short_circuit_operator.py took 0.071 seconds
[2022-12-17T04:19:53.907+0000] {processor.py:153} INFO - Started process (PID=563) to work on /home/airflow/.local/lib/python3.7/site-packages/airflow/example_dags/example_short_circuit_operator.py
[2022-12-17T04:19:53.908+0000] {processor.py:743} INFO - Processing file /home/airflow/.local/lib/python3.7/site-packages/airflow/example_dags/example_short_circuit_operator.py for tasks to queue
[2022-12-17T04:19:53.909+0000] {logging_mixin.py:137} INFO - [2022-12-17T04:19:53.909+0000] {dagbag.py:538} INFO - Filling up the DagBag from /home/airflow/.local/lib/python3.7/site-packages/airflow/example_dags/example_short_circuit_operator.py
[2022-12-17T04:19:53.923+0000] {processor.py:753} INFO - DAG(s) dict_keys(['example_short_circuit_operator']) retrieved from /home/airflow/.local/lib/python3.7/site-packages/airflow/example_dags/example_short_circuit_operator.py
[2022-12-17T04:19:53.954+0000] {logging_mixin.py:137} INFO - [2022-12-17T04:19:53.954+0000] {dag.py:2676} INFO - Sync 1 DAGs
[2022-12-17T04:19:53.971+0000] {logging_mixin.py:137} INFO - [2022-12-17T04:19:53.970+0000] {dag.py:3427} INFO - Setting next_dagrun for example_short_circuit_operator to 2022-12-16T04:19:53.970747+00:00, run_after=2022-12-17T04:19:53.970747+00:00
[2022-12-17T04:19:53.983+0000] {processor.py:175} INFO - Processing /home/airflow/.local/lib/python3.7/site-packages/airflow/example_dags/example_short_circuit_operator.py took 0.080 seconds
[2022-12-17T04:20:24.211+0000] {processor.py:153} INFO - Started process (PID=639) to work on /home/airflow/.local/lib/python3.7/site-packages/airflow/example_dags/example_short_circuit_operator.py
[2022-12-17T04:20:24.212+0000] {processor.py:743} INFO - Processing file /home/airflow/.local/lib/python3.7/site-packages/airflow/example_dags/example_short_circuit_operator.py for tasks to queue
[2022-12-17T04:20:24.213+0000] {logging_mixin.py:137} INFO - [2022-12-17T04:20:24.213+0000] {dagbag.py:538} INFO - Filling up the DagBag from /home/airflow/.local/lib/python3.7/site-packages/airflow/example_dags/example_short_circuit_operator.py
[2022-12-17T04:20:24.226+0000] {processor.py:753} INFO - DAG(s) dict_keys(['example_short_circuit_operator']) retrieved from /home/airflow/.local/lib/python3.7/site-packages/airflow/example_dags/example_short_circuit_operator.py
[2022-12-17T04:20:24.266+0000] {logging_mixin.py:137} INFO - [2022-12-17T04:20:24.266+0000] {dag.py:2676} INFO - Sync 1 DAGs
[2022-12-17T04:20:24.282+0000] {logging_mixin.py:137} INFO - [2022-12-17T04:20:24.282+0000] {dag.py:3427} INFO - Setting next_dagrun for example_short_circuit_operator to 2022-12-16T04:20:24.281815+00:00, run_after=2022-12-17T04:20:24.281815+00:00
[2022-12-17T04:20:24.293+0000] {processor.py:175} INFO - Processing /home/airflow/.local/lib/python3.7/site-packages/airflow/example_dags/example_short_circuit_operator.py took 0.085 seconds
[2022-12-17T04:20:54.595+0000] {processor.py:153} INFO - Started process (PID=710) to work on /home/airflow/.local/lib/python3.7/site-packages/airflow/example_dags/example_short_circuit_operator.py
[2022-12-17T04:20:54.597+0000] {processor.py:743} INFO - Processing file /home/airflow/.local/lib/python3.7/site-packages/airflow/example_dags/example_short_circuit_operator.py for tasks to queue
[2022-12-17T04:20:54.597+0000] {logging_mixin.py:137} INFO - [2022-12-17T04:20:54.597+0000] {dagbag.py:538} INFO - Filling up the DagBag from /home/airflow/.local/lib/python3.7/site-packages/airflow/example_dags/example_short_circuit_operator.py
[2022-12-17T04:20:54.612+0000] {processor.py:753} INFO - DAG(s) dict_keys(['example_short_circuit_operator']) retrieved from /home/airflow/.local/lib/python3.7/site-packages/airflow/example_dags/example_short_circuit_operator.py
[2022-12-17T04:20:54.644+0000] {logging_mixin.py:137} INFO - [2022-12-17T04:20:54.644+0000] {dag.py:2676} INFO - Sync 1 DAGs
[2022-12-17T04:20:54.663+0000] {logging_mixin.py:137} INFO - [2022-12-17T04:20:54.663+0000] {dag.py:3427} INFO - Setting next_dagrun for example_short_circuit_operator to 2022-12-16T04:20:54.662853+00:00, run_after=2022-12-17T04:20:54.662853+00:00
[2022-12-17T04:20:54.674+0000] {processor.py:175} INFO - Processing /home/airflow/.local/lib/python3.7/site-packages/airflow/example_dags/example_short_circuit_operator.py took 0.082 seconds
[2022-12-17T04:21:24.907+0000] {processor.py:153} INFO - Started process (PID=778) to work on /home/airflow/.local/lib/python3.7/site-packages/airflow/example_dags/example_short_circuit_operator.py
[2022-12-17T04:21:24.909+0000] {processor.py:743} INFO - Processing file /home/airflow/.local/lib/python3.7/site-packages/airflow/example_dags/example_short_circuit_operator.py for tasks to queue
[2022-12-17T04:21:24.909+0000] {logging_mixin.py:137} INFO - [2022-12-17T04:21:24.909+0000] {dagbag.py:538} INFO - Filling up the DagBag from /home/airflow/.local/lib/python3.7/site-packages/airflow/example_dags/example_short_circuit_operator.py
[2022-12-17T04:21:24.922+0000] {processor.py:753} INFO - DAG(s) dict_keys(['example_short_circuit_operator']) retrieved from /home/airflow/.local/lib/python3.7/site-packages/airflow/example_dags/example_short_circuit_operator.py
[2022-12-17T04:21:24.950+0000] {logging_mixin.py:137} INFO - [2022-12-17T04:21:24.950+0000] {dag.py:2676} INFO - Sync 1 DAGs
[2022-12-17T04:21:24.966+0000] {logging_mixin.py:137} INFO - [2022-12-17T04:21:24.965+0000] {dag.py:3427} INFO - Setting next_dagrun for example_short_circuit_operator to 2022-12-16T04:21:24.965738+00:00, run_after=2022-12-17T04:21:24.965738+00:00
[2022-12-17T04:21:24.976+0000] {processor.py:175} INFO - Processing /home/airflow/.local/lib/python3.7/site-packages/airflow/example_dags/example_short_circuit_operator.py took 0.072 seconds
