[2022-12-17T04:16:18.150+0000] {processor.py:153} INFO - Started process (PID=35) to work on /home/airflow/.local/lib/python3.7/site-packages/airflow/example_dags/example_sla_dag.py
[2022-12-17T04:16:18.153+0000] {processor.py:743} INFO - Processing file /home/airflow/.local/lib/python3.7/site-packages/airflow/example_dags/example_sla_dag.py for tasks to queue
[2022-12-17T04:16:18.154+0000] {logging_mixin.py:137} INFO - [2022-12-17T04:16:18.154+0000] {dagbag.py:538} INFO - Filling up the DagBag from /home/airflow/.local/lib/python3.7/site-packages/airflow/example_dags/example_sla_dag.py
[2022-12-17T04:16:18.194+0000] {processor.py:753} INFO - DAG(s) dict_keys(['example_sla_dag']) retrieved from /home/airflow/.local/lib/python3.7/site-packages/airflow/example_dags/example_sla_dag.py
[2022-12-17T04:16:18.219+0000] {logging_mixin.py:137} INFO - [2022-12-17T04:16:18.218+0000] {dag.py:2676} INFO - Sync 1 DAGs
[2022-12-17T04:16:18.245+0000] {logging_mixin.py:137} INFO - [2022-12-17T04:16:18.245+0000] {dag.py:3427} INFO - Setting next_dagrun for example_sla_dag to 2022-12-17T04:14:00+00:00, run_after=2022-12-17T04:16:00+00:00
[2022-12-17T04:16:18.258+0000] {processor.py:175} INFO - Processing /home/airflow/.local/lib/python3.7/site-packages/airflow/example_dags/example_sla_dag.py took 0.114 seconds
[2022-12-17T04:16:48.663+0000] {processor.py:153} INFO - Started process (PID=110) to work on /home/airflow/.local/lib/python3.7/site-packages/airflow/example_dags/example_sla_dag.py
[2022-12-17T04:16:48.665+0000] {processor.py:743} INFO - Processing file /home/airflow/.local/lib/python3.7/site-packages/airflow/example_dags/example_sla_dag.py for tasks to queue
[2022-12-17T04:16:48.666+0000] {logging_mixin.py:137} INFO - [2022-12-17T04:16:48.666+0000] {dagbag.py:538} INFO - Filling up the DagBag from /home/airflow/.local/lib/python3.7/site-packages/airflow/example_dags/example_sla_dag.py
[2022-12-17T04:16:48.684+0000] {processor.py:753} INFO - DAG(s) dict_keys(['example_sla_dag']) retrieved from /home/airflow/.local/lib/python3.7/site-packages/airflow/example_dags/example_sla_dag.py
[2022-12-17T04:16:48.714+0000] {logging_mixin.py:137} INFO - [2022-12-17T04:16:48.714+0000] {dag.py:2676} INFO - Sync 1 DAGs
[2022-12-17T04:16:48.732+0000] {logging_mixin.py:137} INFO - [2022-12-17T04:16:48.732+0000] {dag.py:3427} INFO - Setting next_dagrun for example_sla_dag to 2022-12-17T04:14:00+00:00, run_after=2022-12-17T04:16:00+00:00
[2022-12-17T04:16:48.742+0000] {processor.py:175} INFO - Processing /home/airflow/.local/lib/python3.7/site-packages/airflow/example_dags/example_sla_dag.py took 0.082 seconds
[2022-12-17T04:17:19.039+0000] {processor.py:153} INFO - Started process (PID=173) to work on /home/airflow/.local/lib/python3.7/site-packages/airflow/example_dags/example_sla_dag.py
[2022-12-17T04:17:19.041+0000] {processor.py:743} INFO - Processing file /home/airflow/.local/lib/python3.7/site-packages/airflow/example_dags/example_sla_dag.py for tasks to queue
[2022-12-17T04:17:19.043+0000] {logging_mixin.py:137} INFO - [2022-12-17T04:17:19.043+0000] {dagbag.py:538} INFO - Filling up the DagBag from /home/airflow/.local/lib/python3.7/site-packages/airflow/example_dags/example_sla_dag.py
[2022-12-17T04:17:19.063+0000] {processor.py:753} INFO - DAG(s) dict_keys(['example_sla_dag']) retrieved from /home/airflow/.local/lib/python3.7/site-packages/airflow/example_dags/example_sla_dag.py
[2022-12-17T04:17:19.099+0000] {logging_mixin.py:137} INFO - [2022-12-17T04:17:19.099+0000] {dag.py:2676} INFO - Sync 1 DAGs
[2022-12-17T04:17:19.119+0000] {logging_mixin.py:137} INFO - [2022-12-17T04:17:19.119+0000] {dag.py:3427} INFO - Setting next_dagrun for example_sla_dag to 2022-12-17T04:14:00+00:00, run_after=2022-12-17T04:16:00+00:00
[2022-12-17T04:17:19.142+0000] {processor.py:175} INFO - Processing /home/airflow/.local/lib/python3.7/site-packages/airflow/example_dags/example_sla_dag.py took 0.105 seconds
[2022-12-17T04:17:49.677+0000] {processor.py:153} INFO - Started process (PID=247) to work on /home/airflow/.local/lib/python3.7/site-packages/airflow/example_dags/example_sla_dag.py
[2022-12-17T04:17:49.678+0000] {processor.py:743} INFO - Processing file /home/airflow/.local/lib/python3.7/site-packages/airflow/example_dags/example_sla_dag.py for tasks to queue
[2022-12-17T04:17:49.679+0000] {logging_mixin.py:137} INFO - [2022-12-17T04:17:49.679+0000] {dagbag.py:538} INFO - Filling up the DagBag from /home/airflow/.local/lib/python3.7/site-packages/airflow/example_dags/example_sla_dag.py
[2022-12-17T04:17:49.695+0000] {processor.py:753} INFO - DAG(s) dict_keys(['example_sla_dag']) retrieved from /home/airflow/.local/lib/python3.7/site-packages/airflow/example_dags/example_sla_dag.py
[2022-12-17T04:17:49.724+0000] {logging_mixin.py:137} INFO - [2022-12-17T04:17:49.724+0000] {dag.py:2676} INFO - Sync 1 DAGs
[2022-12-17T04:17:49.745+0000] {logging_mixin.py:137} INFO - [2022-12-17T04:17:49.745+0000] {dag.py:3427} INFO - Setting next_dagrun for example_sla_dag to 2022-12-17T04:14:00+00:00, run_after=2022-12-17T04:16:00+00:00
[2022-12-17T04:17:49.756+0000] {processor.py:175} INFO - Processing /home/airflow/.local/lib/python3.7/site-packages/airflow/example_dags/example_sla_dag.py took 0.082 seconds
[2022-12-17T04:18:19.963+0000] {processor.py:153} INFO - Started process (PID=321) to work on /home/airflow/.local/lib/python3.7/site-packages/airflow/example_dags/example_sla_dag.py
[2022-12-17T04:18:19.964+0000] {processor.py:743} INFO - Processing file /home/airflow/.local/lib/python3.7/site-packages/airflow/example_dags/example_sla_dag.py for tasks to queue
[2022-12-17T04:18:19.965+0000] {logging_mixin.py:137} INFO - [2022-12-17T04:18:19.965+0000] {dagbag.py:538} INFO - Filling up the DagBag from /home/airflow/.local/lib/python3.7/site-packages/airflow/example_dags/example_sla_dag.py
[2022-12-17T04:18:19.982+0000] {processor.py:753} INFO - DAG(s) dict_keys(['example_sla_dag']) retrieved from /home/airflow/.local/lib/python3.7/site-packages/airflow/example_dags/example_sla_dag.py
[2022-12-17T04:18:20.009+0000] {logging_mixin.py:137} INFO - [2022-12-17T04:18:20.009+0000] {dag.py:2676} INFO - Sync 1 DAGs
[2022-12-17T04:18:20.026+0000] {logging_mixin.py:137} INFO - [2022-12-17T04:18:20.026+0000] {dag.py:3427} INFO - Setting next_dagrun for example_sla_dag to 2022-12-17T04:16:00+00:00, run_after=2022-12-17T04:18:00+00:00
[2022-12-17T04:18:20.037+0000] {processor.py:175} INFO - Processing /home/airflow/.local/lib/python3.7/site-packages/airflow/example_dags/example_sla_dag.py took 0.077 seconds
[2022-12-17T04:18:50.268+0000] {processor.py:153} INFO - Started process (PID=393) to work on /home/airflow/.local/lib/python3.7/site-packages/airflow/example_dags/example_sla_dag.py
[2022-12-17T04:18:50.269+0000] {processor.py:743} INFO - Processing file /home/airflow/.local/lib/python3.7/site-packages/airflow/example_dags/example_sla_dag.py for tasks to queue
[2022-12-17T04:18:50.270+0000] {logging_mixin.py:137} INFO - [2022-12-17T04:18:50.270+0000] {dagbag.py:538} INFO - Filling up the DagBag from /home/airflow/.local/lib/python3.7/site-packages/airflow/example_dags/example_sla_dag.py
[2022-12-17T04:18:50.286+0000] {processor.py:753} INFO - DAG(s) dict_keys(['example_sla_dag']) retrieved from /home/airflow/.local/lib/python3.7/site-packages/airflow/example_dags/example_sla_dag.py
[2022-12-17T04:18:50.316+0000] {logging_mixin.py:137} INFO - [2022-12-17T04:18:50.316+0000] {dag.py:2676} INFO - Sync 1 DAGs
[2022-12-17T04:18:50.337+0000] {logging_mixin.py:137} INFO - [2022-12-17T04:18:50.337+0000] {dag.py:3427} INFO - Setting next_dagrun for example_sla_dag to 2022-12-17T04:16:00+00:00, run_after=2022-12-17T04:18:00+00:00
[2022-12-17T04:18:50.348+0000] {processor.py:175} INFO - Processing /home/airflow/.local/lib/python3.7/site-packages/airflow/example_dags/example_sla_dag.py took 0.083 seconds
[2022-12-17T04:19:20.923+0000] {processor.py:153} INFO - Started process (PID=459) to work on /home/airflow/.local/lib/python3.7/site-packages/airflow/example_dags/example_sla_dag.py
[2022-12-17T04:19:20.924+0000] {processor.py:743} INFO - Processing file /home/airflow/.local/lib/python3.7/site-packages/airflow/example_dags/example_sla_dag.py for tasks to queue
[2022-12-17T04:19:20.925+0000] {logging_mixin.py:137} INFO - [2022-12-17T04:19:20.925+0000] {dagbag.py:538} INFO - Filling up the DagBag from /home/airflow/.local/lib/python3.7/site-packages/airflow/example_dags/example_sla_dag.py
[2022-12-17T04:19:20.941+0000] {processor.py:753} INFO - DAG(s) dict_keys(['example_sla_dag']) retrieved from /home/airflow/.local/lib/python3.7/site-packages/airflow/example_dags/example_sla_dag.py
[2022-12-17T04:19:20.973+0000] {logging_mixin.py:137} INFO - [2022-12-17T04:19:20.973+0000] {dag.py:2676} INFO - Sync 1 DAGs
[2022-12-17T04:19:20.989+0000] {logging_mixin.py:137} INFO - [2022-12-17T04:19:20.989+0000] {dag.py:3427} INFO - Setting next_dagrun for example_sla_dag to 2022-12-17T04:16:00+00:00, run_after=2022-12-17T04:18:00+00:00
[2022-12-17T04:19:21.000+0000] {processor.py:175} INFO - Processing /home/airflow/.local/lib/python3.7/site-packages/airflow/example_dags/example_sla_dag.py took 0.079 seconds
[2022-12-17T04:19:51.135+0000] {processor.py:153} INFO - Started process (PID=534) to work on /home/airflow/.local/lib/python3.7/site-packages/airflow/example_dags/example_sla_dag.py
[2022-12-17T04:19:51.137+0000] {processor.py:743} INFO - Processing file /home/airflow/.local/lib/python3.7/site-packages/airflow/example_dags/example_sla_dag.py for tasks to queue
[2022-12-17T04:19:51.140+0000] {logging_mixin.py:137} INFO - [2022-12-17T04:19:51.140+0000] {dagbag.py:538} INFO - Filling up the DagBag from /home/airflow/.local/lib/python3.7/site-packages/airflow/example_dags/example_sla_dag.py
[2022-12-17T04:19:51.172+0000] {processor.py:753} INFO - DAG(s) dict_keys(['example_sla_dag']) retrieved from /home/airflow/.local/lib/python3.7/site-packages/airflow/example_dags/example_sla_dag.py
[2022-12-17T04:19:51.215+0000] {logging_mixin.py:137} INFO - [2022-12-17T04:19:51.215+0000] {dag.py:2676} INFO - Sync 1 DAGs
[2022-12-17T04:19:51.232+0000] {logging_mixin.py:137} INFO - [2022-12-17T04:19:51.232+0000] {dag.py:3427} INFO - Setting next_dagrun for example_sla_dag to 2022-12-17T04:16:00+00:00, run_after=2022-12-17T04:18:00+00:00
[2022-12-17T04:19:51.246+0000] {processor.py:175} INFO - Processing /home/airflow/.local/lib/python3.7/site-packages/airflow/example_dags/example_sla_dag.py took 0.114 seconds
[2022-12-17T04:20:21.546+0000] {processor.py:153} INFO - Started process (PID=610) to work on /home/airflow/.local/lib/python3.7/site-packages/airflow/example_dags/example_sla_dag.py
[2022-12-17T04:20:21.547+0000] {processor.py:743} INFO - Processing file /home/airflow/.local/lib/python3.7/site-packages/airflow/example_dags/example_sla_dag.py for tasks to queue
[2022-12-17T04:20:21.548+0000] {logging_mixin.py:137} INFO - [2022-12-17T04:20:21.548+0000] {dagbag.py:538} INFO - Filling up the DagBag from /home/airflow/.local/lib/python3.7/site-packages/airflow/example_dags/example_sla_dag.py
[2022-12-17T04:20:21.565+0000] {processor.py:753} INFO - DAG(s) dict_keys(['example_sla_dag']) retrieved from /home/airflow/.local/lib/python3.7/site-packages/airflow/example_dags/example_sla_dag.py
[2022-12-17T04:20:21.613+0000] {logging_mixin.py:137} INFO - [2022-12-17T04:20:21.613+0000] {dag.py:2676} INFO - Sync 1 DAGs
[2022-12-17T04:20:21.634+0000] {logging_mixin.py:137} INFO - [2022-12-17T04:20:21.634+0000] {dag.py:3427} INFO - Setting next_dagrun for example_sla_dag to 2022-12-17T04:18:00+00:00, run_after=2022-12-17T04:20:00+00:00
[2022-12-17T04:20:21.649+0000] {processor.py:175} INFO - Processing /home/airflow/.local/lib/python3.7/site-packages/airflow/example_dags/example_sla_dag.py took 0.107 seconds
[2022-12-17T04:20:51.825+0000] {processor.py:153} INFO - Started process (PID=674) to work on /home/airflow/.local/lib/python3.7/site-packages/airflow/example_dags/example_sla_dag.py
[2022-12-17T04:20:51.826+0000] {processor.py:743} INFO - Processing file /home/airflow/.local/lib/python3.7/site-packages/airflow/example_dags/example_sla_dag.py for tasks to queue
[2022-12-17T04:20:51.827+0000] {logging_mixin.py:137} INFO - [2022-12-17T04:20:51.827+0000] {dagbag.py:538} INFO - Filling up the DagBag from /home/airflow/.local/lib/python3.7/site-packages/airflow/example_dags/example_sla_dag.py
[2022-12-17T04:20:51.843+0000] {processor.py:753} INFO - DAG(s) dict_keys(['example_sla_dag']) retrieved from /home/airflow/.local/lib/python3.7/site-packages/airflow/example_dags/example_sla_dag.py
[2022-12-17T04:20:51.877+0000] {logging_mixin.py:137} INFO - [2022-12-17T04:20:51.877+0000] {dag.py:2676} INFO - Sync 1 DAGs
[2022-12-17T04:20:51.897+0000] {logging_mixin.py:137} INFO - [2022-12-17T04:20:51.896+0000] {dag.py:3427} INFO - Setting next_dagrun for example_sla_dag to 2022-12-17T04:18:00+00:00, run_after=2022-12-17T04:20:00+00:00
[2022-12-17T04:20:51.913+0000] {processor.py:175} INFO - Processing /home/airflow/.local/lib/python3.7/site-packages/airflow/example_dags/example_sla_dag.py took 0.091 seconds
[2022-12-17T04:21:22.305+0000] {processor.py:153} INFO - Started process (PID=749) to work on /home/airflow/.local/lib/python3.7/site-packages/airflow/example_dags/example_sla_dag.py
[2022-12-17T04:21:22.306+0000] {processor.py:743} INFO - Processing file /home/airflow/.local/lib/python3.7/site-packages/airflow/example_dags/example_sla_dag.py for tasks to queue
[2022-12-17T04:21:22.307+0000] {logging_mixin.py:137} INFO - [2022-12-17T04:21:22.307+0000] {dagbag.py:538} INFO - Filling up the DagBag from /home/airflow/.local/lib/python3.7/site-packages/airflow/example_dags/example_sla_dag.py
[2022-12-17T04:21:22.323+0000] {processor.py:753} INFO - DAG(s) dict_keys(['example_sla_dag']) retrieved from /home/airflow/.local/lib/python3.7/site-packages/airflow/example_dags/example_sla_dag.py
[2022-12-17T04:21:22.353+0000] {logging_mixin.py:137} INFO - [2022-12-17T04:21:22.352+0000] {dag.py:2676} INFO - Sync 1 DAGs
[2022-12-17T04:21:22.370+0000] {logging_mixin.py:137} INFO - [2022-12-17T04:21:22.370+0000] {dag.py:3427} INFO - Setting next_dagrun for example_sla_dag to 2022-12-17T04:18:00+00:00, run_after=2022-12-17T04:20:00+00:00
[2022-12-17T04:21:22.381+0000] {processor.py:175} INFO - Processing /home/airflow/.local/lib/python3.7/site-packages/airflow/example_dags/example_sla_dag.py took 0.078 seconds
