[2022-12-17T04:16:20.766+0000] {processor.py:153} INFO - Started process (PID=63) to work on /home/airflow/.local/lib/python3.7/site-packages/airflow/example_dags/example_python_operator.py
[2022-12-17T04:16:20.773+0000] {processor.py:743} INFO - Processing file /home/airflow/.local/lib/python3.7/site-packages/airflow/example_dags/example_python_operator.py for tasks to queue
[2022-12-17T04:16:20.775+0000] {logging_mixin.py:137} INFO - [2022-12-17T04:16:20.774+0000] {dagbag.py:538} INFO - Filling up the DagBag from /home/airflow/.local/lib/python3.7/site-packages/airflow/example_dags/example_python_operator.py
[2022-12-17T04:16:20.814+0000] {logging_mixin.py:137} INFO - [2022-12-17T04:16:20.814+0000] {taskmixin.py:205} WARNING - Dependency <Task(_PythonDecoratedOperator): print_the_context>, log_sql_query already registered for DAG: example_python_operator
[2022-12-17T04:16:20.815+0000] {logging_mixin.py:137} INFO - [2022-12-17T04:16:20.815+0000] {taskmixin.py:205} WARNING - Dependency <Task(_PythonDecoratedOperator): log_sql_query>, print_the_context already registered for DAG: example_python_operator
[2022-12-17T04:16:20.816+0000] {logging_mixin.py:137} INFO - [2022-12-17T04:16:20.816+0000] {taskmixin.py:205} WARNING - Dependency <Task(_PythonDecoratedOperator): print_the_context>, log_sql_query already registered for DAG: example_python_operator
[2022-12-17T04:16:20.817+0000] {logging_mixin.py:137} INFO - [2022-12-17T04:16:20.817+0000] {taskmixin.py:205} WARNING - Dependency <Task(_PythonDecoratedOperator): log_sql_query>, print_the_context already registered for DAG: example_python_operator
[2022-12-17T04:16:20.818+0000] {logging_mixin.py:137} INFO - [2022-12-17T04:16:20.818+0000] {taskmixin.py:205} WARNING - Dependency <Task(_PythonDecoratedOperator): print_the_context>, log_sql_query already registered for DAG: example_python_operator
[2022-12-17T04:16:20.819+0000] {logging_mixin.py:137} INFO - [2022-12-17T04:16:20.819+0000] {taskmixin.py:205} WARNING - Dependency <Task(_PythonDecoratedOperator): log_sql_query>, print_the_context already registered for DAG: example_python_operator
[2022-12-17T04:16:20.827+0000] {logging_mixin.py:137} INFO - [2022-12-17T04:16:20.827+0000] {taskmixin.py:205} WARNING - Dependency <Task(_PythonDecoratedOperator): print_the_context>, log_sql_query already registered for DAG: example_python_operator
[2022-12-17T04:16:20.828+0000] {logging_mixin.py:137} INFO - [2022-12-17T04:16:20.828+0000] {taskmixin.py:205} WARNING - Dependency <Task(_PythonDecoratedOperator): log_sql_query>, print_the_context already registered for DAG: example_python_operator
[2022-12-17T04:16:20.835+0000] {processor.py:753} INFO - DAG(s) dict_keys(['example_python_operator']) retrieved from /home/airflow/.local/lib/python3.7/site-packages/airflow/example_dags/example_python_operator.py
[2022-12-17T04:16:20.878+0000] {logging_mixin.py:137} INFO - [2022-12-17T04:16:20.878+0000] {dag.py:2676} INFO - Sync 1 DAGs
[2022-12-17T04:16:20.916+0000] {logging_mixin.py:137} INFO - [2022-12-17T04:16:20.916+0000] {dag.py:3427} INFO - Setting next_dagrun for example_python_operator to None, run_after=None
[2022-12-17T04:16:20.947+0000] {processor.py:175} INFO - Processing /home/airflow/.local/lib/python3.7/site-packages/airflow/example_dags/example_python_operator.py took 0.186 seconds
[2022-12-17T04:16:51.308+0000] {processor.py:153} INFO - Started process (PID=138) to work on /home/airflow/.local/lib/python3.7/site-packages/airflow/example_dags/example_python_operator.py
[2022-12-17T04:16:51.310+0000] {processor.py:743} INFO - Processing file /home/airflow/.local/lib/python3.7/site-packages/airflow/example_dags/example_python_operator.py for tasks to queue
[2022-12-17T04:16:51.311+0000] {logging_mixin.py:137} INFO - [2022-12-17T04:16:51.311+0000] {dagbag.py:538} INFO - Filling up the DagBag from /home/airflow/.local/lib/python3.7/site-packages/airflow/example_dags/example_python_operator.py
[2022-12-17T04:16:51.324+0000] {logging_mixin.py:137} INFO - [2022-12-17T04:16:51.324+0000] {taskmixin.py:205} WARNING - Dependency <Task(_PythonDecoratedOperator): print_the_context>, log_sql_query already registered for DAG: example_python_operator
[2022-12-17T04:16:51.326+0000] {logging_mixin.py:137} INFO - [2022-12-17T04:16:51.325+0000] {taskmixin.py:205} WARNING - Dependency <Task(_PythonDecoratedOperator): log_sql_query>, print_the_context already registered for DAG: example_python_operator
[2022-12-17T04:16:51.326+0000] {logging_mixin.py:137} INFO - [2022-12-17T04:16:51.326+0000] {taskmixin.py:205} WARNING - Dependency <Task(_PythonDecoratedOperator): print_the_context>, log_sql_query already registered for DAG: example_python_operator
[2022-12-17T04:16:51.327+0000] {logging_mixin.py:137} INFO - [2022-12-17T04:16:51.327+0000] {taskmixin.py:205} WARNING - Dependency <Task(_PythonDecoratedOperator): log_sql_query>, print_the_context already registered for DAG: example_python_operator
[2022-12-17T04:16:51.328+0000] {logging_mixin.py:137} INFO - [2022-12-17T04:16:51.328+0000] {taskmixin.py:205} WARNING - Dependency <Task(_PythonDecoratedOperator): print_the_context>, log_sql_query already registered for DAG: example_python_operator
[2022-12-17T04:16:51.328+0000] {logging_mixin.py:137} INFO - [2022-12-17T04:16:51.328+0000] {taskmixin.py:205} WARNING - Dependency <Task(_PythonDecoratedOperator): log_sql_query>, print_the_context already registered for DAG: example_python_operator
[2022-12-17T04:16:51.329+0000] {logging_mixin.py:137} INFO - [2022-12-17T04:16:51.329+0000] {taskmixin.py:205} WARNING - Dependency <Task(_PythonDecoratedOperator): print_the_context>, log_sql_query already registered for DAG: example_python_operator
[2022-12-17T04:16:51.329+0000] {logging_mixin.py:137} INFO - [2022-12-17T04:16:51.329+0000] {taskmixin.py:205} WARNING - Dependency <Task(_PythonDecoratedOperator): log_sql_query>, print_the_context already registered for DAG: example_python_operator
[2022-12-17T04:16:51.335+0000] {processor.py:753} INFO - DAG(s) dict_keys(['example_python_operator']) retrieved from /home/airflow/.local/lib/python3.7/site-packages/airflow/example_dags/example_python_operator.py
[2022-12-17T04:16:51.383+0000] {logging_mixin.py:137} INFO - [2022-12-17T04:16:51.383+0000] {dag.py:2676} INFO - Sync 1 DAGs
[2022-12-17T04:16:51.396+0000] {logging_mixin.py:137} INFO - [2022-12-17T04:16:51.396+0000] {dag.py:3427} INFO - Setting next_dagrun for example_python_operator to None, run_after=None
[2022-12-17T04:16:51.407+0000] {processor.py:175} INFO - Processing /home/airflow/.local/lib/python3.7/site-packages/airflow/example_dags/example_python_operator.py took 0.101 seconds
[2022-12-17T04:17:21.930+0000] {processor.py:153} INFO - Started process (PID=213) to work on /home/airflow/.local/lib/python3.7/site-packages/airflow/example_dags/example_python_operator.py
[2022-12-17T04:17:21.931+0000] {processor.py:743} INFO - Processing file /home/airflow/.local/lib/python3.7/site-packages/airflow/example_dags/example_python_operator.py for tasks to queue
[2022-12-17T04:17:21.932+0000] {logging_mixin.py:137} INFO - [2022-12-17T04:17:21.932+0000] {dagbag.py:538} INFO - Filling up the DagBag from /home/airflow/.local/lib/python3.7/site-packages/airflow/example_dags/example_python_operator.py
[2022-12-17T04:17:21.944+0000] {logging_mixin.py:137} INFO - [2022-12-17T04:17:21.944+0000] {taskmixin.py:205} WARNING - Dependency <Task(_PythonDecoratedOperator): print_the_context>, log_sql_query already registered for DAG: example_python_operator
[2022-12-17T04:17:21.945+0000] {logging_mixin.py:137} INFO - [2022-12-17T04:17:21.945+0000] {taskmixin.py:205} WARNING - Dependency <Task(_PythonDecoratedOperator): log_sql_query>, print_the_context already registered for DAG: example_python_operator
[2022-12-17T04:17:21.946+0000] {logging_mixin.py:137} INFO - [2022-12-17T04:17:21.946+0000] {taskmixin.py:205} WARNING - Dependency <Task(_PythonDecoratedOperator): print_the_context>, log_sql_query already registered for DAG: example_python_operator
[2022-12-17T04:17:21.946+0000] {logging_mixin.py:137} INFO - [2022-12-17T04:17:21.946+0000] {taskmixin.py:205} WARNING - Dependency <Task(_PythonDecoratedOperator): log_sql_query>, print_the_context already registered for DAG: example_python_operator
[2022-12-17T04:17:21.947+0000] {logging_mixin.py:137} INFO - [2022-12-17T04:17:21.947+0000] {taskmixin.py:205} WARNING - Dependency <Task(_PythonDecoratedOperator): print_the_context>, log_sql_query already registered for DAG: example_python_operator
[2022-12-17T04:17:21.948+0000] {logging_mixin.py:137} INFO - [2022-12-17T04:17:21.948+0000] {taskmixin.py:205} WARNING - Dependency <Task(_PythonDecoratedOperator): log_sql_query>, print_the_context already registered for DAG: example_python_operator
[2022-12-17T04:17:21.949+0000] {logging_mixin.py:137} INFO - [2022-12-17T04:17:21.949+0000] {taskmixin.py:205} WARNING - Dependency <Task(_PythonDecoratedOperator): print_the_context>, log_sql_query already registered for DAG: example_python_operator
[2022-12-17T04:17:21.949+0000] {logging_mixin.py:137} INFO - [2022-12-17T04:17:21.949+0000] {taskmixin.py:205} WARNING - Dependency <Task(_PythonDecoratedOperator): log_sql_query>, print_the_context already registered for DAG: example_python_operator
[2022-12-17T04:17:21.954+0000] {processor.py:753} INFO - DAG(s) dict_keys(['example_python_operator']) retrieved from /home/airflow/.local/lib/python3.7/site-packages/airflow/example_dags/example_python_operator.py
[2022-12-17T04:17:21.983+0000] {logging_mixin.py:137} INFO - [2022-12-17T04:17:21.983+0000] {dag.py:2676} INFO - Sync 1 DAGs
[2022-12-17T04:17:21.998+0000] {logging_mixin.py:137} INFO - [2022-12-17T04:17:21.998+0000] {dag.py:3427} INFO - Setting next_dagrun for example_python_operator to None, run_after=None
[2022-12-17T04:17:22.008+0000] {processor.py:175} INFO - Processing /home/airflow/.local/lib/python3.7/site-packages/airflow/example_dags/example_python_operator.py took 0.081 seconds
[2022-12-17T04:17:52.166+0000] {processor.py:153} INFO - Started process (PID=275) to work on /home/airflow/.local/lib/python3.7/site-packages/airflow/example_dags/example_python_operator.py
[2022-12-17T04:17:52.167+0000] {processor.py:743} INFO - Processing file /home/airflow/.local/lib/python3.7/site-packages/airflow/example_dags/example_python_operator.py for tasks to queue
[2022-12-17T04:17:52.168+0000] {logging_mixin.py:137} INFO - [2022-12-17T04:17:52.168+0000] {dagbag.py:538} INFO - Filling up the DagBag from /home/airflow/.local/lib/python3.7/site-packages/airflow/example_dags/example_python_operator.py
[2022-12-17T04:17:52.182+0000] {logging_mixin.py:137} INFO - [2022-12-17T04:17:52.182+0000] {taskmixin.py:205} WARNING - Dependency <Task(_PythonDecoratedOperator): print_the_context>, log_sql_query already registered for DAG: example_python_operator
[2022-12-17T04:17:52.183+0000] {logging_mixin.py:137} INFO - [2022-12-17T04:17:52.183+0000] {taskmixin.py:205} WARNING - Dependency <Task(_PythonDecoratedOperator): log_sql_query>, print_the_context already registered for DAG: example_python_operator
[2022-12-17T04:17:52.184+0000] {logging_mixin.py:137} INFO - [2022-12-17T04:17:52.184+0000] {taskmixin.py:205} WARNING - Dependency <Task(_PythonDecoratedOperator): print_the_context>, log_sql_query already registered for DAG: example_python_operator
[2022-12-17T04:17:52.184+0000] {logging_mixin.py:137} INFO - [2022-12-17T04:17:52.184+0000] {taskmixin.py:205} WARNING - Dependency <Task(_PythonDecoratedOperator): log_sql_query>, print_the_context already registered for DAG: example_python_operator
[2022-12-17T04:17:52.185+0000] {logging_mixin.py:137} INFO - [2022-12-17T04:17:52.185+0000] {taskmixin.py:205} WARNING - Dependency <Task(_PythonDecoratedOperator): print_the_context>, log_sql_query already registered for DAG: example_python_operator
[2022-12-17T04:17:52.186+0000] {logging_mixin.py:137} INFO - [2022-12-17T04:17:52.185+0000] {taskmixin.py:205} WARNING - Dependency <Task(_PythonDecoratedOperator): log_sql_query>, print_the_context already registered for DAG: example_python_operator
[2022-12-17T04:17:52.186+0000] {logging_mixin.py:137} INFO - [2022-12-17T04:17:52.186+0000] {taskmixin.py:205} WARNING - Dependency <Task(_PythonDecoratedOperator): print_the_context>, log_sql_query already registered for DAG: example_python_operator
[2022-12-17T04:17:52.187+0000] {logging_mixin.py:137} INFO - [2022-12-17T04:17:52.187+0000] {taskmixin.py:205} WARNING - Dependency <Task(_PythonDecoratedOperator): log_sql_query>, print_the_context already registered for DAG: example_python_operator
[2022-12-17T04:17:52.192+0000] {processor.py:753} INFO - DAG(s) dict_keys(['example_python_operator']) retrieved from /home/airflow/.local/lib/python3.7/site-packages/airflow/example_dags/example_python_operator.py
[2022-12-17T04:17:52.223+0000] {logging_mixin.py:137} INFO - [2022-12-17T04:17:52.223+0000] {dag.py:2676} INFO - Sync 1 DAGs
[2022-12-17T04:17:52.237+0000] {logging_mixin.py:137} INFO - [2022-12-17T04:17:52.237+0000] {dag.py:3427} INFO - Setting next_dagrun for example_python_operator to None, run_after=None
[2022-12-17T04:17:52.249+0000] {processor.py:175} INFO - Processing /home/airflow/.local/lib/python3.7/site-packages/airflow/example_dags/example_python_operator.py took 0.087 seconds
[2022-12-17T04:18:22.538+0000] {processor.py:153} INFO - Started process (PID=349) to work on /home/airflow/.local/lib/python3.7/site-packages/airflow/example_dags/example_python_operator.py
[2022-12-17T04:18:22.539+0000] {processor.py:743} INFO - Processing file /home/airflow/.local/lib/python3.7/site-packages/airflow/example_dags/example_python_operator.py for tasks to queue
[2022-12-17T04:18:22.540+0000] {logging_mixin.py:137} INFO - [2022-12-17T04:18:22.540+0000] {dagbag.py:538} INFO - Filling up the DagBag from /home/airflow/.local/lib/python3.7/site-packages/airflow/example_dags/example_python_operator.py
[2022-12-17T04:18:22.552+0000] {logging_mixin.py:137} INFO - [2022-12-17T04:18:22.552+0000] {taskmixin.py:205} WARNING - Dependency <Task(_PythonDecoratedOperator): print_the_context>, log_sql_query already registered for DAG: example_python_operator
[2022-12-17T04:18:22.552+0000] {logging_mixin.py:137} INFO - [2022-12-17T04:18:22.552+0000] {taskmixin.py:205} WARNING - Dependency <Task(_PythonDecoratedOperator): log_sql_query>, print_the_context already registered for DAG: example_python_operator
[2022-12-17T04:18:22.553+0000] {logging_mixin.py:137} INFO - [2022-12-17T04:18:22.553+0000] {taskmixin.py:205} WARNING - Dependency <Task(_PythonDecoratedOperator): print_the_context>, log_sql_query already registered for DAG: example_python_operator
[2022-12-17T04:18:22.554+0000] {logging_mixin.py:137} INFO - [2022-12-17T04:18:22.554+0000] {taskmixin.py:205} WARNING - Dependency <Task(_PythonDecoratedOperator): log_sql_query>, print_the_context already registered for DAG: example_python_operator
[2022-12-17T04:18:22.555+0000] {logging_mixin.py:137} INFO - [2022-12-17T04:18:22.555+0000] {taskmixin.py:205} WARNING - Dependency <Task(_PythonDecoratedOperator): print_the_context>, log_sql_query already registered for DAG: example_python_operator
[2022-12-17T04:18:22.555+0000] {logging_mixin.py:137} INFO - [2022-12-17T04:18:22.555+0000] {taskmixin.py:205} WARNING - Dependency <Task(_PythonDecoratedOperator): log_sql_query>, print_the_context already registered for DAG: example_python_operator
[2022-12-17T04:18:22.556+0000] {logging_mixin.py:137} INFO - [2022-12-17T04:18:22.556+0000] {taskmixin.py:205} WARNING - Dependency <Task(_PythonDecoratedOperator): print_the_context>, log_sql_query already registered for DAG: example_python_operator
[2022-12-17T04:18:22.557+0000] {logging_mixin.py:137} INFO - [2022-12-17T04:18:22.557+0000] {taskmixin.py:205} WARNING - Dependency <Task(_PythonDecoratedOperator): log_sql_query>, print_the_context already registered for DAG: example_python_operator
[2022-12-17T04:18:22.562+0000] {processor.py:753} INFO - DAG(s) dict_keys(['example_python_operator']) retrieved from /home/airflow/.local/lib/python3.7/site-packages/airflow/example_dags/example_python_operator.py
[2022-12-17T04:18:22.589+0000] {logging_mixin.py:137} INFO - [2022-12-17T04:18:22.589+0000] {dag.py:2676} INFO - Sync 1 DAGs
[2022-12-17T04:18:22.604+0000] {logging_mixin.py:137} INFO - [2022-12-17T04:18:22.604+0000] {dag.py:3427} INFO - Setting next_dagrun for example_python_operator to None, run_after=None
[2022-12-17T04:18:22.616+0000] {processor.py:175} INFO - Processing /home/airflow/.local/lib/python3.7/site-packages/airflow/example_dags/example_python_operator.py took 0.080 seconds
[2022-12-17T04:18:53.125+0000] {processor.py:153} INFO - Started process (PID=424) to work on /home/airflow/.local/lib/python3.7/site-packages/airflow/example_dags/example_python_operator.py
[2022-12-17T04:18:53.126+0000] {processor.py:743} INFO - Processing file /home/airflow/.local/lib/python3.7/site-packages/airflow/example_dags/example_python_operator.py for tasks to queue
[2022-12-17T04:18:53.127+0000] {logging_mixin.py:137} INFO - [2022-12-17T04:18:53.127+0000] {dagbag.py:538} INFO - Filling up the DagBag from /home/airflow/.local/lib/python3.7/site-packages/airflow/example_dags/example_python_operator.py
[2022-12-17T04:18:53.139+0000] {logging_mixin.py:137} INFO - [2022-12-17T04:18:53.139+0000] {taskmixin.py:205} WARNING - Dependency <Task(_PythonDecoratedOperator): print_the_context>, log_sql_query already registered for DAG: example_python_operator
[2022-12-17T04:18:53.140+0000] {logging_mixin.py:137} INFO - [2022-12-17T04:18:53.140+0000] {taskmixin.py:205} WARNING - Dependency <Task(_PythonDecoratedOperator): log_sql_query>, print_the_context already registered for DAG: example_python_operator
[2022-12-17T04:18:53.141+0000] {logging_mixin.py:137} INFO - [2022-12-17T04:18:53.141+0000] {taskmixin.py:205} WARNING - Dependency <Task(_PythonDecoratedOperator): print_the_context>, log_sql_query already registered for DAG: example_python_operator
[2022-12-17T04:18:53.141+0000] {logging_mixin.py:137} INFO - [2022-12-17T04:18:53.141+0000] {taskmixin.py:205} WARNING - Dependency <Task(_PythonDecoratedOperator): log_sql_query>, print_the_context already registered for DAG: example_python_operator
[2022-12-17T04:18:53.142+0000] {logging_mixin.py:137} INFO - [2022-12-17T04:18:53.142+0000] {taskmixin.py:205} WARNING - Dependency <Task(_PythonDecoratedOperator): print_the_context>, log_sql_query already registered for DAG: example_python_operator
[2022-12-17T04:18:53.143+0000] {logging_mixin.py:137} INFO - [2022-12-17T04:18:53.143+0000] {taskmixin.py:205} WARNING - Dependency <Task(_PythonDecoratedOperator): log_sql_query>, print_the_context already registered for DAG: example_python_operator
[2022-12-17T04:18:53.144+0000] {logging_mixin.py:137} INFO - [2022-12-17T04:18:53.144+0000] {taskmixin.py:205} WARNING - Dependency <Task(_PythonDecoratedOperator): print_the_context>, log_sql_query already registered for DAG: example_python_operator
[2022-12-17T04:18:53.145+0000] {logging_mixin.py:137} INFO - [2022-12-17T04:18:53.145+0000] {taskmixin.py:205} WARNING - Dependency <Task(_PythonDecoratedOperator): log_sql_query>, print_the_context already registered for DAG: example_python_operator
[2022-12-17T04:18:53.149+0000] {processor.py:753} INFO - DAG(s) dict_keys(['example_python_operator']) retrieved from /home/airflow/.local/lib/python3.7/site-packages/airflow/example_dags/example_python_operator.py
[2022-12-17T04:18:53.178+0000] {logging_mixin.py:137} INFO - [2022-12-17T04:18:53.178+0000] {dag.py:2676} INFO - Sync 1 DAGs
[2022-12-17T04:18:53.193+0000] {logging_mixin.py:137} INFO - [2022-12-17T04:18:53.193+0000] {dag.py:3427} INFO - Setting next_dagrun for example_python_operator to None, run_after=None
[2022-12-17T04:18:53.205+0000] {processor.py:175} INFO - Processing /home/airflow/.local/lib/python3.7/site-packages/airflow/example_dags/example_python_operator.py took 0.082 seconds
[2022-12-17T04:19:23.467+0000] {processor.py:153} INFO - Started process (PID=487) to work on /home/airflow/.local/lib/python3.7/site-packages/airflow/example_dags/example_python_operator.py
[2022-12-17T04:19:23.469+0000] {processor.py:743} INFO - Processing file /home/airflow/.local/lib/python3.7/site-packages/airflow/example_dags/example_python_operator.py for tasks to queue
[2022-12-17T04:19:23.470+0000] {logging_mixin.py:137} INFO - [2022-12-17T04:19:23.470+0000] {dagbag.py:538} INFO - Filling up the DagBag from /home/airflow/.local/lib/python3.7/site-packages/airflow/example_dags/example_python_operator.py
[2022-12-17T04:19:23.482+0000] {logging_mixin.py:137} INFO - [2022-12-17T04:19:23.482+0000] {taskmixin.py:205} WARNING - Dependency <Task(_PythonDecoratedOperator): print_the_context>, log_sql_query already registered for DAG: example_python_operator
[2022-12-17T04:19:23.483+0000] {logging_mixin.py:137} INFO - [2022-12-17T04:19:23.483+0000] {taskmixin.py:205} WARNING - Dependency <Task(_PythonDecoratedOperator): log_sql_query>, print_the_context already registered for DAG: example_python_operator
[2022-12-17T04:19:23.484+0000] {logging_mixin.py:137} INFO - [2022-12-17T04:19:23.484+0000] {taskmixin.py:205} WARNING - Dependency <Task(_PythonDecoratedOperator): print_the_context>, log_sql_query already registered for DAG: example_python_operator
[2022-12-17T04:19:23.484+0000] {logging_mixin.py:137} INFO - [2022-12-17T04:19:23.484+0000] {taskmixin.py:205} WARNING - Dependency <Task(_PythonDecoratedOperator): log_sql_query>, print_the_context already registered for DAG: example_python_operator
[2022-12-17T04:19:23.485+0000] {logging_mixin.py:137} INFO - [2022-12-17T04:19:23.485+0000] {taskmixin.py:205} WARNING - Dependency <Task(_PythonDecoratedOperator): print_the_context>, log_sql_query already registered for DAG: example_python_operator
[2022-12-17T04:19:23.486+0000] {logging_mixin.py:137} INFO - [2022-12-17T04:19:23.486+0000] {taskmixin.py:205} WARNING - Dependency <Task(_PythonDecoratedOperator): log_sql_query>, print_the_context already registered for DAG: example_python_operator
[2022-12-17T04:19:23.486+0000] {logging_mixin.py:137} INFO - [2022-12-17T04:19:23.486+0000] {taskmixin.py:205} WARNING - Dependency <Task(_PythonDecoratedOperator): print_the_context>, log_sql_query already registered for DAG: example_python_operator
[2022-12-17T04:19:23.487+0000] {logging_mixin.py:137} INFO - [2022-12-17T04:19:23.487+0000] {taskmixin.py:205} WARNING - Dependency <Task(_PythonDecoratedOperator): log_sql_query>, print_the_context already registered for DAG: example_python_operator
[2022-12-17T04:19:23.491+0000] {processor.py:753} INFO - DAG(s) dict_keys(['example_python_operator']) retrieved from /home/airflow/.local/lib/python3.7/site-packages/airflow/example_dags/example_python_operator.py
[2022-12-17T04:19:23.519+0000] {logging_mixin.py:137} INFO - [2022-12-17T04:19:23.519+0000] {dag.py:2676} INFO - Sync 1 DAGs
[2022-12-17T04:19:23.535+0000] {logging_mixin.py:137} INFO - [2022-12-17T04:19:23.535+0000] {dag.py:3427} INFO - Setting next_dagrun for example_python_operator to None, run_after=None
[2022-12-17T04:19:23.546+0000] {processor.py:175} INFO - Processing /home/airflow/.local/lib/python3.7/site-packages/airflow/example_dags/example_python_operator.py took 0.081 seconds
[2022-12-17T04:19:53.830+0000] {processor.py:153} INFO - Started process (PID=562) to work on /home/airflow/.local/lib/python3.7/site-packages/airflow/example_dags/example_python_operator.py
[2022-12-17T04:19:53.831+0000] {processor.py:743} INFO - Processing file /home/airflow/.local/lib/python3.7/site-packages/airflow/example_dags/example_python_operator.py for tasks to queue
[2022-12-17T04:19:53.832+0000] {logging_mixin.py:137} INFO - [2022-12-17T04:19:53.832+0000] {dagbag.py:538} INFO - Filling up the DagBag from /home/airflow/.local/lib/python3.7/site-packages/airflow/example_dags/example_python_operator.py
[2022-12-17T04:19:53.847+0000] {logging_mixin.py:137} INFO - [2022-12-17T04:19:53.847+0000] {taskmixin.py:205} WARNING - Dependency <Task(_PythonDecoratedOperator): print_the_context>, log_sql_query already registered for DAG: example_python_operator
[2022-12-17T04:19:53.848+0000] {logging_mixin.py:137} INFO - [2022-12-17T04:19:53.848+0000] {taskmixin.py:205} WARNING - Dependency <Task(_PythonDecoratedOperator): log_sql_query>, print_the_context already registered for DAG: example_python_operator
[2022-12-17T04:19:53.849+0000] {logging_mixin.py:137} INFO - [2022-12-17T04:19:53.849+0000] {taskmixin.py:205} WARNING - Dependency <Task(_PythonDecoratedOperator): print_the_context>, log_sql_query already registered for DAG: example_python_operator
[2022-12-17T04:19:53.850+0000] {logging_mixin.py:137} INFO - [2022-12-17T04:19:53.850+0000] {taskmixin.py:205} WARNING - Dependency <Task(_PythonDecoratedOperator): log_sql_query>, print_the_context already registered for DAG: example_python_operator
[2022-12-17T04:19:53.851+0000] {logging_mixin.py:137} INFO - [2022-12-17T04:19:53.851+0000] {taskmixin.py:205} WARNING - Dependency <Task(_PythonDecoratedOperator): print_the_context>, log_sql_query already registered for DAG: example_python_operator
[2022-12-17T04:19:53.851+0000] {logging_mixin.py:137} INFO - [2022-12-17T04:19:53.851+0000] {taskmixin.py:205} WARNING - Dependency <Task(_PythonDecoratedOperator): log_sql_query>, print_the_context already registered for DAG: example_python_operator
[2022-12-17T04:19:53.852+0000] {logging_mixin.py:137} INFO - [2022-12-17T04:19:53.852+0000] {taskmixin.py:205} WARNING - Dependency <Task(_PythonDecoratedOperator): print_the_context>, log_sql_query already registered for DAG: example_python_operator
[2022-12-17T04:19:53.853+0000] {logging_mixin.py:137} INFO - [2022-12-17T04:19:53.853+0000] {taskmixin.py:205} WARNING - Dependency <Task(_PythonDecoratedOperator): log_sql_query>, print_the_context already registered for DAG: example_python_operator
[2022-12-17T04:19:53.858+0000] {processor.py:753} INFO - DAG(s) dict_keys(['example_python_operator']) retrieved from /home/airflow/.local/lib/python3.7/site-packages/airflow/example_dags/example_python_operator.py
[2022-12-17T04:19:53.890+0000] {logging_mixin.py:137} INFO - [2022-12-17T04:19:53.890+0000] {dag.py:2676} INFO - Sync 1 DAGs
[2022-12-17T04:19:53.908+0000] {logging_mixin.py:137} INFO - [2022-12-17T04:19:53.908+0000] {dag.py:3427} INFO - Setting next_dagrun for example_python_operator to None, run_after=None
[2022-12-17T04:19:53.922+0000] {processor.py:175} INFO - Processing /home/airflow/.local/lib/python3.7/site-packages/airflow/example_dags/example_python_operator.py took 0.096 seconds
[2022-12-17T04:20:24.147+0000] {processor.py:153} INFO - Started process (PID=638) to work on /home/airflow/.local/lib/python3.7/site-packages/airflow/example_dags/example_python_operator.py
[2022-12-17T04:20:24.148+0000] {processor.py:743} INFO - Processing file /home/airflow/.local/lib/python3.7/site-packages/airflow/example_dags/example_python_operator.py for tasks to queue
[2022-12-17T04:20:24.149+0000] {logging_mixin.py:137} INFO - [2022-12-17T04:20:24.149+0000] {dagbag.py:538} INFO - Filling up the DagBag from /home/airflow/.local/lib/python3.7/site-packages/airflow/example_dags/example_python_operator.py
[2022-12-17T04:20:24.161+0000] {logging_mixin.py:137} INFO - [2022-12-17T04:20:24.161+0000] {taskmixin.py:205} WARNING - Dependency <Task(_PythonDecoratedOperator): print_the_context>, log_sql_query already registered for DAG: example_python_operator
[2022-12-17T04:20:24.162+0000] {logging_mixin.py:137} INFO - [2022-12-17T04:20:24.162+0000] {taskmixin.py:205} WARNING - Dependency <Task(_PythonDecoratedOperator): log_sql_query>, print_the_context already registered for DAG: example_python_operator
[2022-12-17T04:20:24.163+0000] {logging_mixin.py:137} INFO - [2022-12-17T04:20:24.163+0000] {taskmixin.py:205} WARNING - Dependency <Task(_PythonDecoratedOperator): print_the_context>, log_sql_query already registered for DAG: example_python_operator
[2022-12-17T04:20:24.163+0000] {logging_mixin.py:137} INFO - [2022-12-17T04:20:24.163+0000] {taskmixin.py:205} WARNING - Dependency <Task(_PythonDecoratedOperator): log_sql_query>, print_the_context already registered for DAG: example_python_operator
[2022-12-17T04:20:24.164+0000] {logging_mixin.py:137} INFO - [2022-12-17T04:20:24.164+0000] {taskmixin.py:205} WARNING - Dependency <Task(_PythonDecoratedOperator): print_the_context>, log_sql_query already registered for DAG: example_python_operator
[2022-12-17T04:20:24.164+0000] {logging_mixin.py:137} INFO - [2022-12-17T04:20:24.164+0000] {taskmixin.py:205} WARNING - Dependency <Task(_PythonDecoratedOperator): log_sql_query>, print_the_context already registered for DAG: example_python_operator
[2022-12-17T04:20:24.165+0000] {logging_mixin.py:137} INFO - [2022-12-17T04:20:24.165+0000] {taskmixin.py:205} WARNING - Dependency <Task(_PythonDecoratedOperator): print_the_context>, log_sql_query already registered for DAG: example_python_operator
[2022-12-17T04:20:24.165+0000] {logging_mixin.py:137} INFO - [2022-12-17T04:20:24.165+0000] {taskmixin.py:205} WARNING - Dependency <Task(_PythonDecoratedOperator): log_sql_query>, print_the_context already registered for DAG: example_python_operator
[2022-12-17T04:20:24.170+0000] {processor.py:753} INFO - DAG(s) dict_keys(['example_python_operator']) retrieved from /home/airflow/.local/lib/python3.7/site-packages/airflow/example_dags/example_python_operator.py
[2022-12-17T04:20:24.199+0000] {logging_mixin.py:137} INFO - [2022-12-17T04:20:24.199+0000] {dag.py:2676} INFO - Sync 1 DAGs
[2022-12-17T04:20:24.216+0000] {logging_mixin.py:137} INFO - [2022-12-17T04:20:24.215+0000] {dag.py:3427} INFO - Setting next_dagrun for example_python_operator to None, run_after=None
[2022-12-17T04:20:24.231+0000] {processor.py:175} INFO - Processing /home/airflow/.local/lib/python3.7/site-packages/airflow/example_dags/example_python_operator.py took 0.086 seconds
[2022-12-17T04:20:54.546+0000] {processor.py:153} INFO - Started process (PID=709) to work on /home/airflow/.local/lib/python3.7/site-packages/airflow/example_dags/example_python_operator.py
[2022-12-17T04:20:54.547+0000] {processor.py:743} INFO - Processing file /home/airflow/.local/lib/python3.7/site-packages/airflow/example_dags/example_python_operator.py for tasks to queue
[2022-12-17T04:20:54.548+0000] {logging_mixin.py:137} INFO - [2022-12-17T04:20:54.548+0000] {dagbag.py:538} INFO - Filling up the DagBag from /home/airflow/.local/lib/python3.7/site-packages/airflow/example_dags/example_python_operator.py
[2022-12-17T04:20:54.560+0000] {logging_mixin.py:137} INFO - [2022-12-17T04:20:54.560+0000] {taskmixin.py:205} WARNING - Dependency <Task(_PythonDecoratedOperator): print_the_context>, log_sql_query already registered for DAG: example_python_operator
[2022-12-17T04:20:54.561+0000] {logging_mixin.py:137} INFO - [2022-12-17T04:20:54.561+0000] {taskmixin.py:205} WARNING - Dependency <Task(_PythonDecoratedOperator): log_sql_query>, print_the_context already registered for DAG: example_python_operator
[2022-12-17T04:20:54.562+0000] {logging_mixin.py:137} INFO - [2022-12-17T04:20:54.562+0000] {taskmixin.py:205} WARNING - Dependency <Task(_PythonDecoratedOperator): print_the_context>, log_sql_query already registered for DAG: example_python_operator
[2022-12-17T04:20:54.562+0000] {logging_mixin.py:137} INFO - [2022-12-17T04:20:54.562+0000] {taskmixin.py:205} WARNING - Dependency <Task(_PythonDecoratedOperator): log_sql_query>, print_the_context already registered for DAG: example_python_operator
[2022-12-17T04:20:54.563+0000] {logging_mixin.py:137} INFO - [2022-12-17T04:20:54.563+0000] {taskmixin.py:205} WARNING - Dependency <Task(_PythonDecoratedOperator): print_the_context>, log_sql_query already registered for DAG: example_python_operator
[2022-12-17T04:20:54.563+0000] {logging_mixin.py:137} INFO - [2022-12-17T04:20:54.563+0000] {taskmixin.py:205} WARNING - Dependency <Task(_PythonDecoratedOperator): log_sql_query>, print_the_context already registered for DAG: example_python_operator
[2022-12-17T04:20:54.564+0000] {logging_mixin.py:137} INFO - [2022-12-17T04:20:54.564+0000] {taskmixin.py:205} WARNING - Dependency <Task(_PythonDecoratedOperator): print_the_context>, log_sql_query already registered for DAG: example_python_operator
[2022-12-17T04:20:54.565+0000] {logging_mixin.py:137} INFO - [2022-12-17T04:20:54.565+0000] {taskmixin.py:205} WARNING - Dependency <Task(_PythonDecoratedOperator): log_sql_query>, print_the_context already registered for DAG: example_python_operator
[2022-12-17T04:20:54.573+0000] {processor.py:753} INFO - DAG(s) dict_keys(['example_python_operator']) retrieved from /home/airflow/.local/lib/python3.7/site-packages/airflow/example_dags/example_python_operator.py
[2022-12-17T04:20:54.602+0000] {logging_mixin.py:137} INFO - [2022-12-17T04:20:54.602+0000] {dag.py:2676} INFO - Sync 1 DAGs
[2022-12-17T04:20:54.624+0000] {logging_mixin.py:137} INFO - [2022-12-17T04:20:54.624+0000] {dag.py:3427} INFO - Setting next_dagrun for example_python_operator to None, run_after=None
[2022-12-17T04:20:54.636+0000] {processor.py:175} INFO - Processing /home/airflow/.local/lib/python3.7/site-packages/airflow/example_dags/example_python_operator.py took 0.093 seconds
[2022-12-17T04:21:24.852+0000] {processor.py:153} INFO - Started process (PID=777) to work on /home/airflow/.local/lib/python3.7/site-packages/airflow/example_dags/example_python_operator.py
[2022-12-17T04:21:24.853+0000] {processor.py:743} INFO - Processing file /home/airflow/.local/lib/python3.7/site-packages/airflow/example_dags/example_python_operator.py for tasks to queue
[2022-12-17T04:21:24.854+0000] {logging_mixin.py:137} INFO - [2022-12-17T04:21:24.854+0000] {dagbag.py:538} INFO - Filling up the DagBag from /home/airflow/.local/lib/python3.7/site-packages/airflow/example_dags/example_python_operator.py
[2022-12-17T04:21:24.866+0000] {logging_mixin.py:137} INFO - [2022-12-17T04:21:24.866+0000] {taskmixin.py:205} WARNING - Dependency <Task(_PythonDecoratedOperator): print_the_context>, log_sql_query already registered for DAG: example_python_operator
[2022-12-17T04:21:24.867+0000] {logging_mixin.py:137} INFO - [2022-12-17T04:21:24.866+0000] {taskmixin.py:205} WARNING - Dependency <Task(_PythonDecoratedOperator): log_sql_query>, print_the_context already registered for DAG: example_python_operator
[2022-12-17T04:21:24.868+0000] {logging_mixin.py:137} INFO - [2022-12-17T04:21:24.867+0000] {taskmixin.py:205} WARNING - Dependency <Task(_PythonDecoratedOperator): print_the_context>, log_sql_query already registered for DAG: example_python_operator
[2022-12-17T04:21:24.868+0000] {logging_mixin.py:137} INFO - [2022-12-17T04:21:24.868+0000] {taskmixin.py:205} WARNING - Dependency <Task(_PythonDecoratedOperator): log_sql_query>, print_the_context already registered for DAG: example_python_operator
[2022-12-17T04:21:24.869+0000] {logging_mixin.py:137} INFO - [2022-12-17T04:21:24.869+0000] {taskmixin.py:205} WARNING - Dependency <Task(_PythonDecoratedOperator): print_the_context>, log_sql_query already registered for DAG: example_python_operator
[2022-12-17T04:21:24.869+0000] {logging_mixin.py:137} INFO - [2022-12-17T04:21:24.869+0000] {taskmixin.py:205} WARNING - Dependency <Task(_PythonDecoratedOperator): log_sql_query>, print_the_context already registered for DAG: example_python_operator
[2022-12-17T04:21:24.870+0000] {logging_mixin.py:137} INFO - [2022-12-17T04:21:24.870+0000] {taskmixin.py:205} WARNING - Dependency <Task(_PythonDecoratedOperator): print_the_context>, log_sql_query already registered for DAG: example_python_operator
[2022-12-17T04:21:24.871+0000] {logging_mixin.py:137} INFO - [2022-12-17T04:21:24.871+0000] {taskmixin.py:205} WARNING - Dependency <Task(_PythonDecoratedOperator): log_sql_query>, print_the_context already registered for DAG: example_python_operator
[2022-12-17T04:21:24.875+0000] {processor.py:753} INFO - DAG(s) dict_keys(['example_python_operator']) retrieved from /home/airflow/.local/lib/python3.7/site-packages/airflow/example_dags/example_python_operator.py
[2022-12-17T04:21:24.903+0000] {logging_mixin.py:137} INFO - [2022-12-17T04:21:24.902+0000] {dag.py:2676} INFO - Sync 1 DAGs
[2022-12-17T04:21:24.918+0000] {logging_mixin.py:137} INFO - [2022-12-17T04:21:24.918+0000] {dag.py:3427} INFO - Setting next_dagrun for example_python_operator to None, run_after=None
[2022-12-17T04:21:24.929+0000] {processor.py:175} INFO - Processing /home/airflow/.local/lib/python3.7/site-packages/airflow/example_dags/example_python_operator.py took 0.081 seconds
