[2022-12-17T04:16:18.272+0000] {processor.py:153} INFO - Started process (PID=36) to work on /home/airflow/.local/lib/python3.7/site-packages/airflow/example_dags/example_bash_operator.py
[2022-12-17T04:16:18.275+0000] {processor.py:743} INFO - Processing file /home/airflow/.local/lib/python3.7/site-packages/airflow/example_dags/example_bash_operator.py for tasks to queue
[2022-12-17T04:16:18.276+0000] {logging_mixin.py:137} INFO - [2022-12-17T04:16:18.276+0000] {dagbag.py:538} INFO - Filling up the DagBag from /home/airflow/.local/lib/python3.7/site-packages/airflow/example_dags/example_bash_operator.py
[2022-12-17T04:16:18.299+0000] {processor.py:753} INFO - DAG(s) dict_keys(['example_bash_operator']) retrieved from /home/airflow/.local/lib/python3.7/site-packages/airflow/example_dags/example_bash_operator.py
[2022-12-17T04:16:18.320+0000] {logging_mixin.py:137} INFO - [2022-12-17T04:16:18.320+0000] {dag.py:2676} INFO - Sync 1 DAGs
[2022-12-17T04:16:18.343+0000] {logging_mixin.py:137} INFO - [2022-12-17T04:16:18.343+0000] {dag.py:3427} INFO - Setting next_dagrun for example_bash_operator to 2022-12-16T00:00:00+00:00, run_after=2022-12-17T00:00:00+00:00
[2022-12-17T04:16:18.364+0000] {processor.py:175} INFO - Processing /home/airflow/.local/lib/python3.7/site-packages/airflow/example_dags/example_bash_operator.py took 0.100 seconds
[2022-12-17T04:16:48.705+0000] {processor.py:153} INFO - Started process (PID=111) to work on /home/airflow/.local/lib/python3.7/site-packages/airflow/example_dags/example_bash_operator.py
[2022-12-17T04:16:48.706+0000] {processor.py:743} INFO - Processing file /home/airflow/.local/lib/python3.7/site-packages/airflow/example_dags/example_bash_operator.py for tasks to queue
[2022-12-17T04:16:48.707+0000] {logging_mixin.py:137} INFO - [2022-12-17T04:16:48.707+0000] {dagbag.py:538} INFO - Filling up the DagBag from /home/airflow/.local/lib/python3.7/site-packages/airflow/example_dags/example_bash_operator.py
[2022-12-17T04:16:48.726+0000] {processor.py:753} INFO - DAG(s) dict_keys(['example_bash_operator']) retrieved from /home/airflow/.local/lib/python3.7/site-packages/airflow/example_dags/example_bash_operator.py
[2022-12-17T04:16:48.757+0000] {logging_mixin.py:137} INFO - [2022-12-17T04:16:48.757+0000] {dag.py:2676} INFO - Sync 1 DAGs
[2022-12-17T04:16:48.774+0000] {logging_mixin.py:137} INFO - [2022-12-17T04:16:48.774+0000] {dag.py:3427} INFO - Setting next_dagrun for example_bash_operator to 2022-12-16T00:00:00+00:00, run_after=2022-12-17T00:00:00+00:00
[2022-12-17T04:16:48.785+0000] {processor.py:175} INFO - Processing /home/airflow/.local/lib/python3.7/site-packages/airflow/example_dags/example_bash_operator.py took 0.084 seconds
[2022-12-17T04:17:19.106+0000] {processor.py:153} INFO - Started process (PID=181) to work on /home/airflow/.local/lib/python3.7/site-packages/airflow/example_dags/example_bash_operator.py
[2022-12-17T04:17:19.107+0000] {processor.py:743} INFO - Processing file /home/airflow/.local/lib/python3.7/site-packages/airflow/example_dags/example_bash_operator.py for tasks to queue
[2022-12-17T04:17:19.108+0000] {logging_mixin.py:137} INFO - [2022-12-17T04:17:19.108+0000] {dagbag.py:538} INFO - Filling up the DagBag from /home/airflow/.local/lib/python3.7/site-packages/airflow/example_dags/example_bash_operator.py
[2022-12-17T04:17:19.124+0000] {processor.py:753} INFO - DAG(s) dict_keys(['example_bash_operator']) retrieved from /home/airflow/.local/lib/python3.7/site-packages/airflow/example_dags/example_bash_operator.py
[2022-12-17T04:17:19.159+0000] {logging_mixin.py:137} INFO - [2022-12-17T04:17:19.159+0000] {dag.py:2676} INFO - Sync 1 DAGs
[2022-12-17T04:17:19.177+0000] {logging_mixin.py:137} INFO - [2022-12-17T04:17:19.177+0000] {dag.py:3427} INFO - Setting next_dagrun for example_bash_operator to 2022-12-16T00:00:00+00:00, run_after=2022-12-17T00:00:00+00:00
[2022-12-17T04:17:19.189+0000] {processor.py:175} INFO - Processing /home/airflow/.local/lib/python3.7/site-packages/airflow/example_dags/example_bash_operator.py took 0.086 seconds
[2022-12-17T04:17:49.726+0000] {processor.py:153} INFO - Started process (PID=248) to work on /home/airflow/.local/lib/python3.7/site-packages/airflow/example_dags/example_bash_operator.py
[2022-12-17T04:17:49.729+0000] {processor.py:743} INFO - Processing file /home/airflow/.local/lib/python3.7/site-packages/airflow/example_dags/example_bash_operator.py for tasks to queue
[2022-12-17T04:17:49.730+0000] {logging_mixin.py:137} INFO - [2022-12-17T04:17:49.730+0000] {dagbag.py:538} INFO - Filling up the DagBag from /home/airflow/.local/lib/python3.7/site-packages/airflow/example_dags/example_bash_operator.py
[2022-12-17T04:17:49.748+0000] {processor.py:753} INFO - DAG(s) dict_keys(['example_bash_operator']) retrieved from /home/airflow/.local/lib/python3.7/site-packages/airflow/example_dags/example_bash_operator.py
[2022-12-17T04:17:49.780+0000] {logging_mixin.py:137} INFO - [2022-12-17T04:17:49.780+0000] {dag.py:2676} INFO - Sync 1 DAGs
[2022-12-17T04:17:49.796+0000] {logging_mixin.py:137} INFO - [2022-12-17T04:17:49.796+0000] {dag.py:3427} INFO - Setting next_dagrun for example_bash_operator to 2022-12-16T00:00:00+00:00, run_after=2022-12-17T00:00:00+00:00
[2022-12-17T04:17:49.807+0000] {processor.py:175} INFO - Processing /home/airflow/.local/lib/python3.7/site-packages/airflow/example_dags/example_bash_operator.py took 0.084 seconds
[2022-12-17T04:18:20.015+0000] {processor.py:153} INFO - Started process (PID=322) to work on /home/airflow/.local/lib/python3.7/site-packages/airflow/example_dags/example_bash_operator.py
[2022-12-17T04:18:20.017+0000] {processor.py:743} INFO - Processing file /home/airflow/.local/lib/python3.7/site-packages/airflow/example_dags/example_bash_operator.py for tasks to queue
[2022-12-17T04:18:20.018+0000] {logging_mixin.py:137} INFO - [2022-12-17T04:18:20.018+0000] {dagbag.py:538} INFO - Filling up the DagBag from /home/airflow/.local/lib/python3.7/site-packages/airflow/example_dags/example_bash_operator.py
[2022-12-17T04:18:20.033+0000] {processor.py:753} INFO - DAG(s) dict_keys(['example_bash_operator']) retrieved from /home/airflow/.local/lib/python3.7/site-packages/airflow/example_dags/example_bash_operator.py
[2022-12-17T04:18:20.066+0000] {logging_mixin.py:137} INFO - [2022-12-17T04:18:20.066+0000] {dag.py:2676} INFO - Sync 1 DAGs
[2022-12-17T04:18:20.081+0000] {logging_mixin.py:137} INFO - [2022-12-17T04:18:20.081+0000] {dag.py:3427} INFO - Setting next_dagrun for example_bash_operator to 2022-12-16T00:00:00+00:00, run_after=2022-12-17T00:00:00+00:00
[2022-12-17T04:18:20.092+0000] {processor.py:175} INFO - Processing /home/airflow/.local/lib/python3.7/site-packages/airflow/example_dags/example_bash_operator.py took 0.080 seconds
[2022-12-17T04:18:50.323+0000] {processor.py:153} INFO - Started process (PID=394) to work on /home/airflow/.local/lib/python3.7/site-packages/airflow/example_dags/example_bash_operator.py
[2022-12-17T04:18:50.325+0000] {processor.py:743} INFO - Processing file /home/airflow/.local/lib/python3.7/site-packages/airflow/example_dags/example_bash_operator.py for tasks to queue
[2022-12-17T04:18:50.326+0000] {logging_mixin.py:137} INFO - [2022-12-17T04:18:50.325+0000] {dagbag.py:538} INFO - Filling up the DagBag from /home/airflow/.local/lib/python3.7/site-packages/airflow/example_dags/example_bash_operator.py
[2022-12-17T04:18:50.341+0000] {processor.py:753} INFO - DAG(s) dict_keys(['example_bash_operator']) retrieved from /home/airflow/.local/lib/python3.7/site-packages/airflow/example_dags/example_bash_operator.py
[2022-12-17T04:18:50.375+0000] {logging_mixin.py:137} INFO - [2022-12-17T04:18:50.375+0000] {dag.py:2676} INFO - Sync 1 DAGs
[2022-12-17T04:18:50.391+0000] {logging_mixin.py:137} INFO - [2022-12-17T04:18:50.391+0000] {dag.py:3427} INFO - Setting next_dagrun for example_bash_operator to 2022-12-16T00:00:00+00:00, run_after=2022-12-17T00:00:00+00:00
[2022-12-17T04:18:50.401+0000] {processor.py:175} INFO - Processing /home/airflow/.local/lib/python3.7/site-packages/airflow/example_dags/example_bash_operator.py took 0.080 seconds
[2022-12-17T04:19:20.970+0000] {processor.py:153} INFO - Started process (PID=460) to work on /home/airflow/.local/lib/python3.7/site-packages/airflow/example_dags/example_bash_operator.py
[2022-12-17T04:19:20.972+0000] {processor.py:743} INFO - Processing file /home/airflow/.local/lib/python3.7/site-packages/airflow/example_dags/example_bash_operator.py for tasks to queue
[2022-12-17T04:19:20.973+0000] {logging_mixin.py:137} INFO - [2022-12-17T04:19:20.973+0000] {dagbag.py:538} INFO - Filling up the DagBag from /home/airflow/.local/lib/python3.7/site-packages/airflow/example_dags/example_bash_operator.py
[2022-12-17T04:19:20.988+0000] {processor.py:753} INFO - DAG(s) dict_keys(['example_bash_operator']) retrieved from /home/airflow/.local/lib/python3.7/site-packages/airflow/example_dags/example_bash_operator.py
[2022-12-17T04:19:21.023+0000] {logging_mixin.py:137} INFO - [2022-12-17T04:19:21.023+0000] {dag.py:2676} INFO - Sync 1 DAGs
[2022-12-17T04:19:21.039+0000] {logging_mixin.py:137} INFO - [2022-12-17T04:19:21.039+0000] {dag.py:3427} INFO - Setting next_dagrun for example_bash_operator to 2022-12-16T00:00:00+00:00, run_after=2022-12-17T00:00:00+00:00
[2022-12-17T04:19:21.050+0000] {processor.py:175} INFO - Processing /home/airflow/.local/lib/python3.7/site-packages/airflow/example_dags/example_bash_operator.py took 0.083 seconds
[2022-12-17T04:19:51.212+0000] {processor.py:153} INFO - Started process (PID=535) to work on /home/airflow/.local/lib/python3.7/site-packages/airflow/example_dags/example_bash_operator.py
[2022-12-17T04:19:51.215+0000] {processor.py:743} INFO - Processing file /home/airflow/.local/lib/python3.7/site-packages/airflow/example_dags/example_bash_operator.py for tasks to queue
[2022-12-17T04:19:51.216+0000] {logging_mixin.py:137} INFO - [2022-12-17T04:19:51.216+0000] {dagbag.py:538} INFO - Filling up the DagBag from /home/airflow/.local/lib/python3.7/site-packages/airflow/example_dags/example_bash_operator.py
[2022-12-17T04:19:51.238+0000] {processor.py:753} INFO - DAG(s) dict_keys(['example_bash_operator']) retrieved from /home/airflow/.local/lib/python3.7/site-packages/airflow/example_dags/example_bash_operator.py
[2022-12-17T04:19:51.276+0000] {logging_mixin.py:137} INFO - [2022-12-17T04:19:51.276+0000] {dag.py:2676} INFO - Sync 1 DAGs
[2022-12-17T04:19:51.294+0000] {logging_mixin.py:137} INFO - [2022-12-17T04:19:51.294+0000] {dag.py:3427} INFO - Setting next_dagrun for example_bash_operator to 2022-12-16T00:00:00+00:00, run_after=2022-12-17T00:00:00+00:00
[2022-12-17T04:19:51.311+0000] {processor.py:175} INFO - Processing /home/airflow/.local/lib/python3.7/site-packages/airflow/example_dags/example_bash_operator.py took 0.103 seconds
[2022-12-17T04:20:21.621+0000] {processor.py:153} INFO - Started process (PID=611) to work on /home/airflow/.local/lib/python3.7/site-packages/airflow/example_dags/example_bash_operator.py
[2022-12-17T04:20:21.623+0000] {processor.py:743} INFO - Processing file /home/airflow/.local/lib/python3.7/site-packages/airflow/example_dags/example_bash_operator.py for tasks to queue
[2022-12-17T04:20:21.624+0000] {logging_mixin.py:137} INFO - [2022-12-17T04:20:21.624+0000] {dagbag.py:538} INFO - Filling up the DagBag from /home/airflow/.local/lib/python3.7/site-packages/airflow/example_dags/example_bash_operator.py
[2022-12-17T04:20:21.642+0000] {processor.py:753} INFO - DAG(s) dict_keys(['example_bash_operator']) retrieved from /home/airflow/.local/lib/python3.7/site-packages/airflow/example_dags/example_bash_operator.py
[2022-12-17T04:20:21.688+0000] {logging_mixin.py:137} INFO - [2022-12-17T04:20:21.688+0000] {dag.py:2676} INFO - Sync 1 DAGs
[2022-12-17T04:20:21.707+0000] {logging_mixin.py:137} INFO - [2022-12-17T04:20:21.707+0000] {dag.py:3427} INFO - Setting next_dagrun for example_bash_operator to 2022-12-16T00:00:00+00:00, run_after=2022-12-17T00:00:00+00:00
[2022-12-17T04:20:21.722+0000] {processor.py:175} INFO - Processing /home/airflow/.local/lib/python3.7/site-packages/airflow/example_dags/example_bash_operator.py took 0.104 seconds
[2022-12-17T04:20:51.879+0000] {processor.py:153} INFO - Started process (PID=675) to work on /home/airflow/.local/lib/python3.7/site-packages/airflow/example_dags/example_bash_operator.py
[2022-12-17T04:20:51.880+0000] {processor.py:743} INFO - Processing file /home/airflow/.local/lib/python3.7/site-packages/airflow/example_dags/example_bash_operator.py for tasks to queue
[2022-12-17T04:20:51.882+0000] {logging_mixin.py:137} INFO - [2022-12-17T04:20:51.882+0000] {dagbag.py:538} INFO - Filling up the DagBag from /home/airflow/.local/lib/python3.7/site-packages/airflow/example_dags/example_bash_operator.py
[2022-12-17T04:20:51.901+0000] {processor.py:753} INFO - DAG(s) dict_keys(['example_bash_operator']) retrieved from /home/airflow/.local/lib/python3.7/site-packages/airflow/example_dags/example_bash_operator.py
[2022-12-17T04:20:51.936+0000] {logging_mixin.py:137} INFO - [2022-12-17T04:20:51.936+0000] {dag.py:2676} INFO - Sync 1 DAGs
[2022-12-17T04:20:51.954+0000] {logging_mixin.py:137} INFO - [2022-12-17T04:20:51.954+0000] {dag.py:3427} INFO - Setting next_dagrun for example_bash_operator to 2022-12-16T00:00:00+00:00, run_after=2022-12-17T00:00:00+00:00
[2022-12-17T04:20:51.978+0000] {processor.py:175} INFO - Processing /home/airflow/.local/lib/python3.7/site-packages/airflow/example_dags/example_bash_operator.py took 0.102 seconds
[2022-12-17T04:21:22.352+0000] {processor.py:153} INFO - Started process (PID=750) to work on /home/airflow/.local/lib/python3.7/site-packages/airflow/example_dags/example_bash_operator.py
[2022-12-17T04:21:22.354+0000] {processor.py:743} INFO - Processing file /home/airflow/.local/lib/python3.7/site-packages/airflow/example_dags/example_bash_operator.py for tasks to queue
[2022-12-17T04:21:22.354+0000] {logging_mixin.py:137} INFO - [2022-12-17T04:21:22.354+0000] {dagbag.py:538} INFO - Filling up the DagBag from /home/airflow/.local/lib/python3.7/site-packages/airflow/example_dags/example_bash_operator.py
[2022-12-17T04:21:22.369+0000] {processor.py:753} INFO - DAG(s) dict_keys(['example_bash_operator']) retrieved from /home/airflow/.local/lib/python3.7/site-packages/airflow/example_dags/example_bash_operator.py
[2022-12-17T04:21:22.402+0000] {logging_mixin.py:137} INFO - [2022-12-17T04:21:22.402+0000] {dag.py:2676} INFO - Sync 1 DAGs
[2022-12-17T04:21:22.418+0000] {logging_mixin.py:137} INFO - [2022-12-17T04:21:22.418+0000] {dag.py:3427} INFO - Setting next_dagrun for example_bash_operator to 2022-12-16T00:00:00+00:00, run_after=2022-12-17T00:00:00+00:00
[2022-12-17T04:21:22.430+0000] {processor.py:175} INFO - Processing /home/airflow/.local/lib/python3.7/site-packages/airflow/example_dags/example_bash_operator.py took 0.081 seconds
