[2022-12-17T04:16:20.057+0000] {processor.py:153} INFO - Started process (PID=56) to work on /home/airflow/.local/lib/python3.7/site-packages/airflow/example_dags/example_datasets.py
[2022-12-17T04:16:20.059+0000] {processor.py:743} INFO - Processing file /home/airflow/.local/lib/python3.7/site-packages/airflow/example_dags/example_datasets.py for tasks to queue
[2022-12-17T04:16:20.061+0000] {logging_mixin.py:137} INFO - [2022-12-17T04:16:20.061+0000] {dagbag.py:538} INFO - Filling up the DagBag from /home/airflow/.local/lib/python3.7/site-packages/airflow/example_dags/example_datasets.py
[2022-12-17T04:16:20.081+0000] {processor.py:753} INFO - DAG(s) dict_keys(['dataset_produces_1', 'dataset_consumes_1_and_2', 'dataset_consumes_1', 'dataset_produces_2', 'dataset_consumes_1_never_scheduled', 'dataset_consumes_unknown_never_scheduled']) retrieved from /home/airflow/.local/lib/python3.7/site-packages/airflow/example_dags/example_datasets.py
[2022-12-17T04:16:20.134+0000] {logging_mixin.py:137} INFO - [2022-12-17T04:16:20.134+0000] {dag.py:2676} INFO - Sync 6 DAGs
[2022-12-17T04:16:20.164+0000] {logging_mixin.py:137} INFO - [2022-12-17T04:16:20.164+0000] {dag.py:3427} INFO - Setting next_dagrun for dataset_consumes_1 to None, run_after=None
[2022-12-17T04:16:20.170+0000] {logging_mixin.py:137} INFO - [2022-12-17T04:16:20.170+0000] {dag.py:3427} INFO - Setting next_dagrun for dataset_consumes_1_and_2 to None, run_after=None
[2022-12-17T04:16:20.172+0000] {logging_mixin.py:137} INFO - [2022-12-17T04:16:20.172+0000] {dag.py:3427} INFO - Setting next_dagrun for dataset_consumes_1_never_scheduled to None, run_after=None
[2022-12-17T04:16:20.173+0000] {logging_mixin.py:137} INFO - [2022-12-17T04:16:20.173+0000] {dag.py:3427} INFO - Setting next_dagrun for dataset_consumes_unknown_never_scheduled to None, run_after=None
[2022-12-17T04:16:20.177+0000] {logging_mixin.py:137} INFO - [2022-12-17T04:16:20.176+0000] {dag.py:3427} INFO - Setting next_dagrun for dataset_produces_1 to 2022-12-16T00:00:00+00:00, run_after=2022-12-17T00:00:00+00:00
[2022-12-17T04:16:20.179+0000] {logging_mixin.py:137} INFO - [2022-12-17T04:16:20.179+0000] {dag.py:3427} INFO - Setting next_dagrun for dataset_produces_2 to None, run_after=None
[2022-12-17T04:16:20.210+0000] {processor.py:175} INFO - Processing /home/airflow/.local/lib/python3.7/site-packages/airflow/example_dags/example_datasets.py took 0.158 seconds
[2022-12-17T04:16:50.932+0000] {processor.py:153} INFO - Started process (PID=131) to work on /home/airflow/.local/lib/python3.7/site-packages/airflow/example_dags/example_datasets.py
[2022-12-17T04:16:50.933+0000] {processor.py:743} INFO - Processing file /home/airflow/.local/lib/python3.7/site-packages/airflow/example_dags/example_datasets.py for tasks to queue
[2022-12-17T04:16:50.934+0000] {logging_mixin.py:137} INFO - [2022-12-17T04:16:50.934+0000] {dagbag.py:538} INFO - Filling up the DagBag from /home/airflow/.local/lib/python3.7/site-packages/airflow/example_dags/example_datasets.py
[2022-12-17T04:16:50.949+0000] {processor.py:753} INFO - DAG(s) dict_keys(['dataset_produces_1', 'dataset_consumes_1_never_scheduled', 'dataset_consumes_unknown_never_scheduled', 'dataset_consumes_1', 'dataset_consumes_1_and_2', 'dataset_produces_2']) retrieved from /home/airflow/.local/lib/python3.7/site-packages/airflow/example_dags/example_datasets.py
[2022-12-17T04:16:51.011+0000] {logging_mixin.py:137} INFO - [2022-12-17T04:16:51.011+0000] {dag.py:2676} INFO - Sync 6 DAGs
[2022-12-17T04:16:51.027+0000] {logging_mixin.py:137} INFO - [2022-12-17T04:16:51.027+0000] {dag.py:3427} INFO - Setting next_dagrun for dataset_consumes_1 to None, run_after=None
[2022-12-17T04:16:51.031+0000] {logging_mixin.py:137} INFO - [2022-12-17T04:16:51.031+0000] {dag.py:3427} INFO - Setting next_dagrun for dataset_consumes_1_and_2 to None, run_after=None
[2022-12-17T04:16:51.032+0000] {logging_mixin.py:137} INFO - [2022-12-17T04:16:51.032+0000] {dag.py:3427} INFO - Setting next_dagrun for dataset_consumes_1_never_scheduled to None, run_after=None
[2022-12-17T04:16:51.034+0000] {logging_mixin.py:137} INFO - [2022-12-17T04:16:51.034+0000] {dag.py:3427} INFO - Setting next_dagrun for dataset_consumes_unknown_never_scheduled to None, run_after=None
[2022-12-17T04:16:51.036+0000] {logging_mixin.py:137} INFO - [2022-12-17T04:16:51.036+0000] {dag.py:3427} INFO - Setting next_dagrun for dataset_produces_1 to 2022-12-16T00:00:00+00:00, run_after=2022-12-17T00:00:00+00:00
[2022-12-17T04:16:51.037+0000] {logging_mixin.py:137} INFO - [2022-12-17T04:16:51.037+0000] {dag.py:3427} INFO - Setting next_dagrun for dataset_produces_2 to None, run_after=None
[2022-12-17T04:16:51.056+0000] {processor.py:175} INFO - Processing /home/airflow/.local/lib/python3.7/site-packages/airflow/example_dags/example_datasets.py took 0.127 seconds
[2022-12-17T04:17:21.614+0000] {processor.py:153} INFO - Started process (PID=206) to work on /home/airflow/.local/lib/python3.7/site-packages/airflow/example_dags/example_datasets.py
[2022-12-17T04:17:21.616+0000] {processor.py:743} INFO - Processing file /home/airflow/.local/lib/python3.7/site-packages/airflow/example_dags/example_datasets.py for tasks to queue
[2022-12-17T04:17:21.616+0000] {logging_mixin.py:137} INFO - [2022-12-17T04:17:21.616+0000] {dagbag.py:538} INFO - Filling up the DagBag from /home/airflow/.local/lib/python3.7/site-packages/airflow/example_dags/example_datasets.py
[2022-12-17T04:17:21.628+0000] {processor.py:753} INFO - DAG(s) dict_keys(['dataset_consumes_1_never_scheduled', 'dataset_produces_2', 'dataset_produces_1', 'dataset_consumes_unknown_never_scheduled', 'dataset_consumes_1', 'dataset_consumes_1_and_2']) retrieved from /home/airflow/.local/lib/python3.7/site-packages/airflow/example_dags/example_datasets.py
[2022-12-17T04:17:21.663+0000] {logging_mixin.py:137} INFO - [2022-12-17T04:17:21.663+0000] {dag.py:2676} INFO - Sync 6 DAGs
[2022-12-17T04:17:21.678+0000] {logging_mixin.py:137} INFO - [2022-12-17T04:17:21.678+0000] {dag.py:3427} INFO - Setting next_dagrun for dataset_consumes_1 to None, run_after=None
[2022-12-17T04:17:21.681+0000] {logging_mixin.py:137} INFO - [2022-12-17T04:17:21.681+0000] {dag.py:3427} INFO - Setting next_dagrun for dataset_consumes_1_and_2 to None, run_after=None
[2022-12-17T04:17:21.682+0000] {logging_mixin.py:137} INFO - [2022-12-17T04:17:21.682+0000] {dag.py:3427} INFO - Setting next_dagrun for dataset_consumes_1_never_scheduled to None, run_after=None
[2022-12-17T04:17:21.683+0000] {logging_mixin.py:137} INFO - [2022-12-17T04:17:21.683+0000] {dag.py:3427} INFO - Setting next_dagrun for dataset_consumes_unknown_never_scheduled to None, run_after=None
[2022-12-17T04:17:21.685+0000] {logging_mixin.py:137} INFO - [2022-12-17T04:17:21.685+0000] {dag.py:3427} INFO - Setting next_dagrun for dataset_produces_1 to 2022-12-16T00:00:00+00:00, run_after=2022-12-17T00:00:00+00:00
[2022-12-17T04:17:21.686+0000] {logging_mixin.py:137} INFO - [2022-12-17T04:17:21.686+0000] {dag.py:3427} INFO - Setting next_dagrun for dataset_produces_2 to None, run_after=None
[2022-12-17T04:17:21.704+0000] {processor.py:175} INFO - Processing /home/airflow/.local/lib/python3.7/site-packages/airflow/example_dags/example_datasets.py took 0.093 seconds
[2022-12-17T04:17:51.815+0000] {processor.py:153} INFO - Started process (PID=269) to work on /home/airflow/.local/lib/python3.7/site-packages/airflow/example_dags/example_datasets.py
[2022-12-17T04:17:51.816+0000] {processor.py:743} INFO - Processing file /home/airflow/.local/lib/python3.7/site-packages/airflow/example_dags/example_datasets.py for tasks to queue
[2022-12-17T04:17:51.817+0000] {logging_mixin.py:137} INFO - [2022-12-17T04:17:51.817+0000] {dagbag.py:538} INFO - Filling up the DagBag from /home/airflow/.local/lib/python3.7/site-packages/airflow/example_dags/example_datasets.py
[2022-12-17T04:17:51.829+0000] {processor.py:753} INFO - DAG(s) dict_keys(['dataset_consumes_1_never_scheduled', 'dataset_produces_2', 'dataset_consumes_1_and_2', 'dataset_consumes_1', 'dataset_produces_1', 'dataset_consumes_unknown_never_scheduled']) retrieved from /home/airflow/.local/lib/python3.7/site-packages/airflow/example_dags/example_datasets.py
[2022-12-17T04:17:51.866+0000] {logging_mixin.py:137} INFO - [2022-12-17T04:17:51.866+0000] {dag.py:2676} INFO - Sync 6 DAGs
[2022-12-17T04:17:51.883+0000] {logging_mixin.py:137} INFO - [2022-12-17T04:17:51.883+0000] {dag.py:3427} INFO - Setting next_dagrun for dataset_consumes_1 to None, run_after=None
[2022-12-17T04:17:51.885+0000] {logging_mixin.py:137} INFO - [2022-12-17T04:17:51.885+0000] {dag.py:3427} INFO - Setting next_dagrun for dataset_consumes_1_and_2 to None, run_after=None
[2022-12-17T04:17:51.886+0000] {logging_mixin.py:137} INFO - [2022-12-17T04:17:51.886+0000] {dag.py:3427} INFO - Setting next_dagrun for dataset_consumes_1_never_scheduled to None, run_after=None
[2022-12-17T04:17:51.888+0000] {logging_mixin.py:137} INFO - [2022-12-17T04:17:51.887+0000] {dag.py:3427} INFO - Setting next_dagrun for dataset_consumes_unknown_never_scheduled to None, run_after=None
[2022-12-17T04:17:51.889+0000] {logging_mixin.py:137} INFO - [2022-12-17T04:17:51.889+0000] {dag.py:3427} INFO - Setting next_dagrun for dataset_produces_1 to 2022-12-16T00:00:00+00:00, run_after=2022-12-17T00:00:00+00:00
[2022-12-17T04:17:51.891+0000] {logging_mixin.py:137} INFO - [2022-12-17T04:17:51.890+0000] {dag.py:3427} INFO - Setting next_dagrun for dataset_produces_2 to None, run_after=None
[2022-12-17T04:17:51.911+0000] {processor.py:175} INFO - Processing /home/airflow/.local/lib/python3.7/site-packages/airflow/example_dags/example_datasets.py took 0.099 seconds
[2022-12-17T04:18:22.117+0000] {processor.py:153} INFO - Started process (PID=342) to work on /home/airflow/.local/lib/python3.7/site-packages/airflow/example_dags/example_datasets.py
[2022-12-17T04:18:22.118+0000] {processor.py:743} INFO - Processing file /home/airflow/.local/lib/python3.7/site-packages/airflow/example_dags/example_datasets.py for tasks to queue
[2022-12-17T04:18:22.119+0000] {logging_mixin.py:137} INFO - [2022-12-17T04:18:22.119+0000] {dagbag.py:538} INFO - Filling up the DagBag from /home/airflow/.local/lib/python3.7/site-packages/airflow/example_dags/example_datasets.py
[2022-12-17T04:18:22.132+0000] {processor.py:753} INFO - DAG(s) dict_keys(['dataset_produces_1', 'dataset_produces_2', 'dataset_consumes_1_never_scheduled', 'dataset_consumes_unknown_never_scheduled', 'dataset_consumes_1_and_2', 'dataset_consumes_1']) retrieved from /home/airflow/.local/lib/python3.7/site-packages/airflow/example_dags/example_datasets.py
[2022-12-17T04:18:22.167+0000] {logging_mixin.py:137} INFO - [2022-12-17T04:18:22.167+0000] {dag.py:2676} INFO - Sync 6 DAGs
[2022-12-17T04:18:22.182+0000] {logging_mixin.py:137} INFO - [2022-12-17T04:18:22.182+0000] {dag.py:3427} INFO - Setting next_dagrun for dataset_consumes_1 to None, run_after=None
[2022-12-17T04:18:22.184+0000] {logging_mixin.py:137} INFO - [2022-12-17T04:18:22.184+0000] {dag.py:3427} INFO - Setting next_dagrun for dataset_consumes_1_and_2 to None, run_after=None
[2022-12-17T04:18:22.185+0000] {logging_mixin.py:137} INFO - [2022-12-17T04:18:22.185+0000] {dag.py:3427} INFO - Setting next_dagrun for dataset_consumes_1_never_scheduled to None, run_after=None
[2022-12-17T04:18:22.186+0000] {logging_mixin.py:137} INFO - [2022-12-17T04:18:22.186+0000] {dag.py:3427} INFO - Setting next_dagrun for dataset_consumes_unknown_never_scheduled to None, run_after=None
[2022-12-17T04:18:22.188+0000] {logging_mixin.py:137} INFO - [2022-12-17T04:18:22.188+0000] {dag.py:3427} INFO - Setting next_dagrun for dataset_produces_1 to 2022-12-16T00:00:00+00:00, run_after=2022-12-17T00:00:00+00:00
[2022-12-17T04:18:22.190+0000] {logging_mixin.py:137} INFO - [2022-12-17T04:18:22.190+0000] {dag.py:3427} INFO - Setting next_dagrun for dataset_produces_2 to None, run_after=None
[2022-12-17T04:18:22.208+0000] {processor.py:175} INFO - Processing /home/airflow/.local/lib/python3.7/site-packages/airflow/example_dags/example_datasets.py took 0.093 seconds
[2022-12-17T04:18:52.703+0000] {processor.py:153} INFO - Started process (PID=417) to work on /home/airflow/.local/lib/python3.7/site-packages/airflow/example_dags/example_datasets.py
[2022-12-17T04:18:52.705+0000] {processor.py:743} INFO - Processing file /home/airflow/.local/lib/python3.7/site-packages/airflow/example_dags/example_datasets.py for tasks to queue
[2022-12-17T04:18:52.705+0000] {logging_mixin.py:137} INFO - [2022-12-17T04:18:52.705+0000] {dagbag.py:538} INFO - Filling up the DagBag from /home/airflow/.local/lib/python3.7/site-packages/airflow/example_dags/example_datasets.py
[2022-12-17T04:18:52.717+0000] {processor.py:753} INFO - DAG(s) dict_keys(['dataset_consumes_1_never_scheduled', 'dataset_produces_1', 'dataset_produces_2', 'dataset_consumes_1_and_2', 'dataset_consumes_unknown_never_scheduled', 'dataset_consumes_1']) retrieved from /home/airflow/.local/lib/python3.7/site-packages/airflow/example_dags/example_datasets.py
[2022-12-17T04:18:52.751+0000] {logging_mixin.py:137} INFO - [2022-12-17T04:18:52.751+0000] {dag.py:2676} INFO - Sync 6 DAGs
[2022-12-17T04:18:52.767+0000] {logging_mixin.py:137} INFO - [2022-12-17T04:18:52.767+0000] {dag.py:3427} INFO - Setting next_dagrun for dataset_consumes_1 to None, run_after=None
[2022-12-17T04:18:52.769+0000] {logging_mixin.py:137} INFO - [2022-12-17T04:18:52.769+0000] {dag.py:3427} INFO - Setting next_dagrun for dataset_consumes_1_and_2 to None, run_after=None
[2022-12-17T04:18:52.771+0000] {logging_mixin.py:137} INFO - [2022-12-17T04:18:52.771+0000] {dag.py:3427} INFO - Setting next_dagrun for dataset_consumes_1_never_scheduled to None, run_after=None
[2022-12-17T04:18:52.772+0000] {logging_mixin.py:137} INFO - [2022-12-17T04:18:52.772+0000] {dag.py:3427} INFO - Setting next_dagrun for dataset_consumes_unknown_never_scheduled to None, run_after=None
[2022-12-17T04:18:52.774+0000] {logging_mixin.py:137} INFO - [2022-12-17T04:18:52.774+0000] {dag.py:3427} INFO - Setting next_dagrun for dataset_produces_1 to 2022-12-16T00:00:00+00:00, run_after=2022-12-17T00:00:00+00:00
[2022-12-17T04:18:52.775+0000] {logging_mixin.py:137} INFO - [2022-12-17T04:18:52.775+0000] {dag.py:3427} INFO - Setting next_dagrun for dataset_produces_2 to None, run_after=None
[2022-12-17T04:18:52.793+0000] {processor.py:175} INFO - Processing /home/airflow/.local/lib/python3.7/site-packages/airflow/example_dags/example_datasets.py took 0.093 seconds
[2022-12-17T04:19:23.148+0000] {processor.py:153} INFO - Started process (PID=480) to work on /home/airflow/.local/lib/python3.7/site-packages/airflow/example_dags/example_datasets.py
[2022-12-17T04:19:23.149+0000] {processor.py:743} INFO - Processing file /home/airflow/.local/lib/python3.7/site-packages/airflow/example_dags/example_datasets.py for tasks to queue
[2022-12-17T04:19:23.150+0000] {logging_mixin.py:137} INFO - [2022-12-17T04:19:23.150+0000] {dagbag.py:538} INFO - Filling up the DagBag from /home/airflow/.local/lib/python3.7/site-packages/airflow/example_dags/example_datasets.py
[2022-12-17T04:19:23.162+0000] {processor.py:753} INFO - DAG(s) dict_keys(['dataset_produces_1', 'dataset_consumes_1_never_scheduled', 'dataset_produces_2', 'dataset_consumes_unknown_never_scheduled', 'dataset_consumes_1', 'dataset_consumes_1_and_2']) retrieved from /home/airflow/.local/lib/python3.7/site-packages/airflow/example_dags/example_datasets.py
[2022-12-17T04:19:23.196+0000] {logging_mixin.py:137} INFO - [2022-12-17T04:19:23.196+0000] {dag.py:2676} INFO - Sync 6 DAGs
[2022-12-17T04:19:23.211+0000] {logging_mixin.py:137} INFO - [2022-12-17T04:19:23.211+0000] {dag.py:3427} INFO - Setting next_dagrun for dataset_consumes_1 to None, run_after=None
[2022-12-17T04:19:23.213+0000] {logging_mixin.py:137} INFO - [2022-12-17T04:19:23.213+0000] {dag.py:3427} INFO - Setting next_dagrun for dataset_consumes_1_and_2 to None, run_after=None
[2022-12-17T04:19:23.215+0000] {logging_mixin.py:137} INFO - [2022-12-17T04:19:23.214+0000] {dag.py:3427} INFO - Setting next_dagrun for dataset_consumes_1_never_scheduled to None, run_after=None
[2022-12-17T04:19:23.216+0000] {logging_mixin.py:137} INFO - [2022-12-17T04:19:23.216+0000] {dag.py:3427} INFO - Setting next_dagrun for dataset_consumes_unknown_never_scheduled to None, run_after=None
[2022-12-17T04:19:23.218+0000] {logging_mixin.py:137} INFO - [2022-12-17T04:19:23.218+0000] {dag.py:3427} INFO - Setting next_dagrun for dataset_produces_1 to 2022-12-16T00:00:00+00:00, run_after=2022-12-17T00:00:00+00:00
[2022-12-17T04:19:23.221+0000] {logging_mixin.py:137} INFO - [2022-12-17T04:19:23.221+0000] {dag.py:3427} INFO - Setting next_dagrun for dataset_produces_2 to None, run_after=None
[2022-12-17T04:19:23.239+0000] {processor.py:175} INFO - Processing /home/airflow/.local/lib/python3.7/site-packages/airflow/example_dags/example_datasets.py took 0.095 seconds
[2022-12-17T04:19:53.502+0000] {processor.py:153} INFO - Started process (PID=555) to work on /home/airflow/.local/lib/python3.7/site-packages/airflow/example_dags/example_datasets.py
[2022-12-17T04:19:53.503+0000] {processor.py:743} INFO - Processing file /home/airflow/.local/lib/python3.7/site-packages/airflow/example_dags/example_datasets.py for tasks to queue
[2022-12-17T04:19:53.504+0000] {logging_mixin.py:137} INFO - [2022-12-17T04:19:53.504+0000] {dagbag.py:538} INFO - Filling up the DagBag from /home/airflow/.local/lib/python3.7/site-packages/airflow/example_dags/example_datasets.py
[2022-12-17T04:19:53.515+0000] {processor.py:753} INFO - DAG(s) dict_keys(['dataset_produces_1', 'dataset_produces_2', 'dataset_consumes_1_never_scheduled', 'dataset_consumes_1_and_2', 'dataset_consumes_unknown_never_scheduled', 'dataset_consumes_1']) retrieved from /home/airflow/.local/lib/python3.7/site-packages/airflow/example_dags/example_datasets.py
[2022-12-17T04:19:53.551+0000] {logging_mixin.py:137} INFO - [2022-12-17T04:19:53.551+0000] {dag.py:2676} INFO - Sync 6 DAGs
[2022-12-17T04:19:53.566+0000] {logging_mixin.py:137} INFO - [2022-12-17T04:19:53.566+0000] {dag.py:3427} INFO - Setting next_dagrun for dataset_consumes_1 to None, run_after=None
[2022-12-17T04:19:53.569+0000] {logging_mixin.py:137} INFO - [2022-12-17T04:19:53.569+0000] {dag.py:3427} INFO - Setting next_dagrun for dataset_consumes_1_and_2 to None, run_after=None
[2022-12-17T04:19:53.570+0000] {logging_mixin.py:137} INFO - [2022-12-17T04:19:53.570+0000] {dag.py:3427} INFO - Setting next_dagrun for dataset_consumes_1_never_scheduled to None, run_after=None
[2022-12-17T04:19:53.571+0000] {logging_mixin.py:137} INFO - [2022-12-17T04:19:53.571+0000] {dag.py:3427} INFO - Setting next_dagrun for dataset_consumes_unknown_never_scheduled to None, run_after=None
[2022-12-17T04:19:53.573+0000] {logging_mixin.py:137} INFO - [2022-12-17T04:19:53.573+0000] {dag.py:3427} INFO - Setting next_dagrun for dataset_produces_1 to 2022-12-16T00:00:00+00:00, run_after=2022-12-17T00:00:00+00:00
[2022-12-17T04:19:53.575+0000] {logging_mixin.py:137} INFO - [2022-12-17T04:19:53.575+0000] {dag.py:3427} INFO - Setting next_dagrun for dataset_produces_2 to None, run_after=None
[2022-12-17T04:19:53.597+0000] {processor.py:175} INFO - Processing /home/airflow/.local/lib/python3.7/site-packages/airflow/example_dags/example_datasets.py took 0.097 seconds
[2022-12-17T04:20:23.826+0000] {processor.py:153} INFO - Started process (PID=631) to work on /home/airflow/.local/lib/python3.7/site-packages/airflow/example_dags/example_datasets.py
[2022-12-17T04:20:23.827+0000] {processor.py:743} INFO - Processing file /home/airflow/.local/lib/python3.7/site-packages/airflow/example_dags/example_datasets.py for tasks to queue
[2022-12-17T04:20:23.828+0000] {logging_mixin.py:137} INFO - [2022-12-17T04:20:23.828+0000] {dagbag.py:538} INFO - Filling up the DagBag from /home/airflow/.local/lib/python3.7/site-packages/airflow/example_dags/example_datasets.py
[2022-12-17T04:20:23.840+0000] {processor.py:753} INFO - DAG(s) dict_keys(['dataset_consumes_1_never_scheduled', 'dataset_consumes_unknown_never_scheduled', 'dataset_produces_2', 'dataset_consumes_1', 'dataset_produces_1', 'dataset_consumes_1_and_2']) retrieved from /home/airflow/.local/lib/python3.7/site-packages/airflow/example_dags/example_datasets.py
[2022-12-17T04:20:23.876+0000] {logging_mixin.py:137} INFO - [2022-12-17T04:20:23.875+0000] {dag.py:2676} INFO - Sync 6 DAGs
[2022-12-17T04:20:23.890+0000] {logging_mixin.py:137} INFO - [2022-12-17T04:20:23.890+0000] {dag.py:3427} INFO - Setting next_dagrun for dataset_consumes_1 to None, run_after=None
[2022-12-17T04:20:23.893+0000] {logging_mixin.py:137} INFO - [2022-12-17T04:20:23.893+0000] {dag.py:3427} INFO - Setting next_dagrun for dataset_consumes_1_and_2 to None, run_after=None
[2022-12-17T04:20:23.894+0000] {logging_mixin.py:137} INFO - [2022-12-17T04:20:23.894+0000] {dag.py:3427} INFO - Setting next_dagrun for dataset_consumes_1_never_scheduled to None, run_after=None
[2022-12-17T04:20:23.896+0000] {logging_mixin.py:137} INFO - [2022-12-17T04:20:23.896+0000] {dag.py:3427} INFO - Setting next_dagrun for dataset_consumes_unknown_never_scheduled to None, run_after=None
[2022-12-17T04:20:23.897+0000] {logging_mixin.py:137} INFO - [2022-12-17T04:20:23.897+0000] {dag.py:3427} INFO - Setting next_dagrun for dataset_produces_1 to 2022-12-16T00:00:00+00:00, run_after=2022-12-17T00:00:00+00:00
[2022-12-17T04:20:23.898+0000] {logging_mixin.py:137} INFO - [2022-12-17T04:20:23.898+0000] {dag.py:3427} INFO - Setting next_dagrun for dataset_produces_2 to None, run_after=None
[2022-12-17T04:20:23.918+0000] {processor.py:175} INFO - Processing /home/airflow/.local/lib/python3.7/site-packages/airflow/example_dags/example_datasets.py took 0.095 seconds
[2022-12-17T04:20:54.193+0000] {processor.py:153} INFO - Started process (PID=695) to work on /home/airflow/.local/lib/python3.7/site-packages/airflow/example_dags/example_datasets.py
[2022-12-17T04:20:54.194+0000] {processor.py:743} INFO - Processing file /home/airflow/.local/lib/python3.7/site-packages/airflow/example_dags/example_datasets.py for tasks to queue
[2022-12-17T04:20:54.195+0000] {logging_mixin.py:137} INFO - [2022-12-17T04:20:54.195+0000] {dagbag.py:538} INFO - Filling up the DagBag from /home/airflow/.local/lib/python3.7/site-packages/airflow/example_dags/example_datasets.py
[2022-12-17T04:20:54.206+0000] {processor.py:753} INFO - DAG(s) dict_keys(['dataset_produces_2', 'dataset_consumes_1', 'dataset_produces_1', 'dataset_consumes_unknown_never_scheduled', 'dataset_consumes_1_and_2', 'dataset_consumes_1_never_scheduled']) retrieved from /home/airflow/.local/lib/python3.7/site-packages/airflow/example_dags/example_datasets.py
[2022-12-17T04:20:54.240+0000] {logging_mixin.py:137} INFO - [2022-12-17T04:20:54.240+0000] {dag.py:2676} INFO - Sync 6 DAGs
[2022-12-17T04:20:54.256+0000] {logging_mixin.py:137} INFO - [2022-12-17T04:20:54.256+0000] {dag.py:3427} INFO - Setting next_dagrun for dataset_consumes_1 to None, run_after=None
[2022-12-17T04:20:54.258+0000] {logging_mixin.py:137} INFO - [2022-12-17T04:20:54.258+0000] {dag.py:3427} INFO - Setting next_dagrun for dataset_consumes_1_and_2 to None, run_after=None
[2022-12-17T04:20:54.259+0000] {logging_mixin.py:137} INFO - [2022-12-17T04:20:54.259+0000] {dag.py:3427} INFO - Setting next_dagrun for dataset_consumes_1_never_scheduled to None, run_after=None
[2022-12-17T04:20:54.260+0000] {logging_mixin.py:137} INFO - [2022-12-17T04:20:54.260+0000] {dag.py:3427} INFO - Setting next_dagrun for dataset_consumes_unknown_never_scheduled to None, run_after=None
[2022-12-17T04:20:54.261+0000] {logging_mixin.py:137} INFO - [2022-12-17T04:20:54.261+0000] {dag.py:3427} INFO - Setting next_dagrun for dataset_produces_1 to 2022-12-16T00:00:00+00:00, run_after=2022-12-17T00:00:00+00:00
[2022-12-17T04:20:54.262+0000] {logging_mixin.py:137} INFO - [2022-12-17T04:20:54.262+0000] {dag.py:3427} INFO - Setting next_dagrun for dataset_produces_2 to None, run_after=None
[2022-12-17T04:20:54.281+0000] {processor.py:175} INFO - Processing /home/airflow/.local/lib/python3.7/site-packages/airflow/example_dags/example_datasets.py took 0.092 seconds
[2022-12-17T04:21:24.521+0000] {processor.py:153} INFO - Started process (PID=770) to work on /home/airflow/.local/lib/python3.7/site-packages/airflow/example_dags/example_datasets.py
[2022-12-17T04:21:24.522+0000] {processor.py:743} INFO - Processing file /home/airflow/.local/lib/python3.7/site-packages/airflow/example_dags/example_datasets.py for tasks to queue
[2022-12-17T04:21:24.524+0000] {logging_mixin.py:137} INFO - [2022-12-17T04:21:24.524+0000] {dagbag.py:538} INFO - Filling up the DagBag from /home/airflow/.local/lib/python3.7/site-packages/airflow/example_dags/example_datasets.py
[2022-12-17T04:21:24.536+0000] {processor.py:753} INFO - DAG(s) dict_keys(['dataset_consumes_1', 'dataset_produces_1', 'dataset_consumes_1_never_scheduled', 'dataset_consumes_1_and_2', 'dataset_consumes_unknown_never_scheduled', 'dataset_produces_2']) retrieved from /home/airflow/.local/lib/python3.7/site-packages/airflow/example_dags/example_datasets.py
[2022-12-17T04:21:24.572+0000] {logging_mixin.py:137} INFO - [2022-12-17T04:21:24.572+0000] {dag.py:2676} INFO - Sync 6 DAGs
[2022-12-17T04:21:24.588+0000] {logging_mixin.py:137} INFO - [2022-12-17T04:21:24.588+0000] {dag.py:3427} INFO - Setting next_dagrun for dataset_consumes_1 to None, run_after=None
[2022-12-17T04:21:24.590+0000] {logging_mixin.py:137} INFO - [2022-12-17T04:21:24.590+0000] {dag.py:3427} INFO - Setting next_dagrun for dataset_consumes_1_and_2 to None, run_after=None
[2022-12-17T04:21:24.592+0000] {logging_mixin.py:137} INFO - [2022-12-17T04:21:24.592+0000] {dag.py:3427} INFO - Setting next_dagrun for dataset_consumes_1_never_scheduled to None, run_after=None
[2022-12-17T04:21:24.593+0000] {logging_mixin.py:137} INFO - [2022-12-17T04:21:24.593+0000] {dag.py:3427} INFO - Setting next_dagrun for dataset_consumes_unknown_never_scheduled to None, run_after=None
[2022-12-17T04:21:24.595+0000] {logging_mixin.py:137} INFO - [2022-12-17T04:21:24.595+0000] {dag.py:3427} INFO - Setting next_dagrun for dataset_produces_1 to 2022-12-16T00:00:00+00:00, run_after=2022-12-17T00:00:00+00:00
[2022-12-17T04:21:24.596+0000] {logging_mixin.py:137} INFO - [2022-12-17T04:21:24.596+0000] {dag.py:3427} INFO - Setting next_dagrun for dataset_produces_2 to None, run_after=None
[2022-12-17T04:21:24.617+0000] {processor.py:175} INFO - Processing /home/airflow/.local/lib/python3.7/site-packages/airflow/example_dags/example_datasets.py took 0.100 seconds
