[2022-12-17T04:16:18.415+0000] {processor.py:153} INFO - Started process (PID=39) to work on /home/airflow/.local/lib/python3.7/site-packages/airflow/example_dags/example_external_task_marker_dag.py
[2022-12-17T04:16:18.416+0000] {processor.py:743} INFO - Processing file /home/airflow/.local/lib/python3.7/site-packages/airflow/example_dags/example_external_task_marker_dag.py for tasks to queue
[2022-12-17T04:16:18.418+0000] {logging_mixin.py:137} INFO - [2022-12-17T04:16:18.418+0000] {dagbag.py:538} INFO - Filling up the DagBag from /home/airflow/.local/lib/python3.7/site-packages/airflow/example_dags/example_external_task_marker_dag.py
[2022-12-17T04:16:18.433+0000] {processor.py:753} INFO - DAG(s) dict_keys(['example_external_task_marker_parent', 'example_external_task_marker_child']) retrieved from /home/airflow/.local/lib/python3.7/site-packages/airflow/example_dags/example_external_task_marker_dag.py
[2022-12-17T04:16:18.458+0000] {logging_mixin.py:137} INFO - [2022-12-17T04:16:18.458+0000] {dag.py:2676} INFO - Sync 2 DAGs
[2022-12-17T04:16:18.481+0000] {logging_mixin.py:137} INFO - [2022-12-17T04:16:18.481+0000] {dag.py:3427} INFO - Setting next_dagrun for example_external_task_marker_child to None, run_after=None
[2022-12-17T04:16:18.483+0000] {logging_mixin.py:137} INFO - [2022-12-17T04:16:18.483+0000] {dag.py:3427} INFO - Setting next_dagrun for example_external_task_marker_parent to None, run_after=None
[2022-12-17T04:16:18.493+0000] {processor.py:175} INFO - Processing /home/airflow/.local/lib/python3.7/site-packages/airflow/example_dags/example_external_task_marker_dag.py took 0.081 seconds
[2022-12-17T04:16:48.871+0000] {processor.py:153} INFO - Started process (PID=114) to work on /home/airflow/.local/lib/python3.7/site-packages/airflow/example_dags/example_external_task_marker_dag.py
[2022-12-17T04:16:48.872+0000] {processor.py:743} INFO - Processing file /home/airflow/.local/lib/python3.7/site-packages/airflow/example_dags/example_external_task_marker_dag.py for tasks to queue
[2022-12-17T04:16:48.873+0000] {logging_mixin.py:137} INFO - [2022-12-17T04:16:48.873+0000] {dagbag.py:538} INFO - Filling up the DagBag from /home/airflow/.local/lib/python3.7/site-packages/airflow/example_dags/example_external_task_marker_dag.py
[2022-12-17T04:16:48.888+0000] {processor.py:753} INFO - DAG(s) dict_keys(['example_external_task_marker_child', 'example_external_task_marker_parent']) retrieved from /home/airflow/.local/lib/python3.7/site-packages/airflow/example_dags/example_external_task_marker_dag.py
[2022-12-17T04:16:48.917+0000] {logging_mixin.py:137} INFO - [2022-12-17T04:16:48.917+0000] {dag.py:2676} INFO - Sync 2 DAGs
[2022-12-17T04:16:48.932+0000] {logging_mixin.py:137} INFO - [2022-12-17T04:16:48.932+0000] {dag.py:3427} INFO - Setting next_dagrun for example_external_task_marker_child to None, run_after=None
[2022-12-17T04:16:48.935+0000] {logging_mixin.py:137} INFO - [2022-12-17T04:16:48.935+0000] {dag.py:3427} INFO - Setting next_dagrun for example_external_task_marker_parent to None, run_after=None
[2022-12-17T04:16:48.945+0000] {processor.py:175} INFO - Processing /home/airflow/.local/lib/python3.7/site-packages/airflow/example_dags/example_external_task_marker_dag.py took 0.077 seconds
[2022-12-17T04:17:19.355+0000] {processor.py:153} INFO - Started process (PID=186) to work on /home/airflow/.local/lib/python3.7/site-packages/airflow/example_dags/example_external_task_marker_dag.py
[2022-12-17T04:17:19.358+0000] {processor.py:743} INFO - Processing file /home/airflow/.local/lib/python3.7/site-packages/airflow/example_dags/example_external_task_marker_dag.py for tasks to queue
[2022-12-17T04:17:19.359+0000] {logging_mixin.py:137} INFO - [2022-12-17T04:17:19.359+0000] {dagbag.py:538} INFO - Filling up the DagBag from /home/airflow/.local/lib/python3.7/site-packages/airflow/example_dags/example_external_task_marker_dag.py
[2022-12-17T04:17:19.375+0000] {processor.py:753} INFO - DAG(s) dict_keys(['example_external_task_marker_child', 'example_external_task_marker_parent']) retrieved from /home/airflow/.local/lib/python3.7/site-packages/airflow/example_dags/example_external_task_marker_dag.py
[2022-12-17T04:17:19.421+0000] {logging_mixin.py:137} INFO - [2022-12-17T04:17:19.421+0000] {dag.py:2676} INFO - Sync 2 DAGs
[2022-12-17T04:17:19.442+0000] {logging_mixin.py:137} INFO - [2022-12-17T04:17:19.442+0000] {dag.py:3427} INFO - Setting next_dagrun for example_external_task_marker_child to None, run_after=None
[2022-12-17T04:17:19.445+0000] {logging_mixin.py:137} INFO - [2022-12-17T04:17:19.445+0000] {dag.py:3427} INFO - Setting next_dagrun for example_external_task_marker_parent to None, run_after=None
[2022-12-17T04:17:19.454+0000] {processor.py:175} INFO - Processing /home/airflow/.local/lib/python3.7/site-packages/airflow/example_dags/example_external_task_marker_dag.py took 0.103 seconds
[2022-12-17T04:17:49.882+0000] {processor.py:153} INFO - Started process (PID=251) to work on /home/airflow/.local/lib/python3.7/site-packages/airflow/example_dags/example_external_task_marker_dag.py
[2022-12-17T04:17:49.883+0000] {processor.py:743} INFO - Processing file /home/airflow/.local/lib/python3.7/site-packages/airflow/example_dags/example_external_task_marker_dag.py for tasks to queue
[2022-12-17T04:17:49.884+0000] {logging_mixin.py:137} INFO - [2022-12-17T04:17:49.884+0000] {dagbag.py:538} INFO - Filling up the DagBag from /home/airflow/.local/lib/python3.7/site-packages/airflow/example_dags/example_external_task_marker_dag.py
[2022-12-17T04:17:49.894+0000] {processor.py:753} INFO - DAG(s) dict_keys(['example_external_task_marker_child', 'example_external_task_marker_parent']) retrieved from /home/airflow/.local/lib/python3.7/site-packages/airflow/example_dags/example_external_task_marker_dag.py
[2022-12-17T04:17:49.923+0000] {logging_mixin.py:137} INFO - [2022-12-17T04:17:49.923+0000] {dag.py:2676} INFO - Sync 2 DAGs
[2022-12-17T04:17:49.940+0000] {logging_mixin.py:137} INFO - [2022-12-17T04:17:49.940+0000] {dag.py:3427} INFO - Setting next_dagrun for example_external_task_marker_child to None, run_after=None
[2022-12-17T04:17:49.942+0000] {logging_mixin.py:137} INFO - [2022-12-17T04:17:49.942+0000] {dag.py:3427} INFO - Setting next_dagrun for example_external_task_marker_parent to None, run_after=None
[2022-12-17T04:17:49.953+0000] {processor.py:175} INFO - Processing /home/airflow/.local/lib/python3.7/site-packages/airflow/example_dags/example_external_task_marker_dag.py took 0.073 seconds
[2022-12-17T04:18:20.165+0000] {processor.py:153} INFO - Started process (PID=325) to work on /home/airflow/.local/lib/python3.7/site-packages/airflow/example_dags/example_external_task_marker_dag.py
[2022-12-17T04:18:20.166+0000] {processor.py:743} INFO - Processing file /home/airflow/.local/lib/python3.7/site-packages/airflow/example_dags/example_external_task_marker_dag.py for tasks to queue
[2022-12-17T04:18:20.166+0000] {logging_mixin.py:137} INFO - [2022-12-17T04:18:20.166+0000] {dagbag.py:538} INFO - Filling up the DagBag from /home/airflow/.local/lib/python3.7/site-packages/airflow/example_dags/example_external_task_marker_dag.py
[2022-12-17T04:18:20.177+0000] {processor.py:753} INFO - DAG(s) dict_keys(['example_external_task_marker_parent', 'example_external_task_marker_child']) retrieved from /home/airflow/.local/lib/python3.7/site-packages/airflow/example_dags/example_external_task_marker_dag.py
[2022-12-17T04:18:20.206+0000] {logging_mixin.py:137} INFO - [2022-12-17T04:18:20.206+0000] {dag.py:2676} INFO - Sync 2 DAGs
[2022-12-17T04:18:20.221+0000] {logging_mixin.py:137} INFO - [2022-12-17T04:18:20.221+0000] {dag.py:3427} INFO - Setting next_dagrun for example_external_task_marker_child to None, run_after=None
[2022-12-17T04:18:20.223+0000] {logging_mixin.py:137} INFO - [2022-12-17T04:18:20.223+0000] {dag.py:3427} INFO - Setting next_dagrun for example_external_task_marker_parent to None, run_after=None
[2022-12-17T04:18:20.234+0000] {processor.py:175} INFO - Processing /home/airflow/.local/lib/python3.7/site-packages/airflow/example_dags/example_external_task_marker_dag.py took 0.072 seconds
[2022-12-17T04:18:50.551+0000] {processor.py:153} INFO - Started process (PID=400) to work on /home/airflow/.local/lib/python3.7/site-packages/airflow/example_dags/example_external_task_marker_dag.py
[2022-12-17T04:18:50.553+0000] {processor.py:743} INFO - Processing file /home/airflow/.local/lib/python3.7/site-packages/airflow/example_dags/example_external_task_marker_dag.py for tasks to queue
[2022-12-17T04:18:50.553+0000] {logging_mixin.py:137} INFO - [2022-12-17T04:18:50.553+0000] {dagbag.py:538} INFO - Filling up the DagBag from /home/airflow/.local/lib/python3.7/site-packages/airflow/example_dags/example_external_task_marker_dag.py
[2022-12-17T04:18:50.572+0000] {processor.py:753} INFO - DAG(s) dict_keys(['example_external_task_marker_parent', 'example_external_task_marker_child']) retrieved from /home/airflow/.local/lib/python3.7/site-packages/airflow/example_dags/example_external_task_marker_dag.py
[2022-12-17T04:18:50.618+0000] {logging_mixin.py:137} INFO - [2022-12-17T04:18:50.618+0000] {dag.py:2676} INFO - Sync 2 DAGs
[2022-12-17T04:18:50.635+0000] {logging_mixin.py:137} INFO - [2022-12-17T04:18:50.635+0000] {dag.py:3427} INFO - Setting next_dagrun for example_external_task_marker_child to None, run_after=None
[2022-12-17T04:18:50.646+0000] {logging_mixin.py:137} INFO - [2022-12-17T04:18:50.646+0000] {dag.py:3427} INFO - Setting next_dagrun for example_external_task_marker_parent to None, run_after=None
[2022-12-17T04:18:50.658+0000] {processor.py:175} INFO - Processing /home/airflow/.local/lib/python3.7/site-packages/airflow/example_dags/example_external_task_marker_dag.py took 0.108 seconds
[2022-12-17T04:19:21.124+0000] {processor.py:153} INFO - Started process (PID=463) to work on /home/airflow/.local/lib/python3.7/site-packages/airflow/example_dags/example_external_task_marker_dag.py
[2022-12-17T04:19:21.126+0000] {processor.py:743} INFO - Processing file /home/airflow/.local/lib/python3.7/site-packages/airflow/example_dags/example_external_task_marker_dag.py for tasks to queue
[2022-12-17T04:19:21.127+0000] {logging_mixin.py:137} INFO - [2022-12-17T04:19:21.127+0000] {dagbag.py:538} INFO - Filling up the DagBag from /home/airflow/.local/lib/python3.7/site-packages/airflow/example_dags/example_external_task_marker_dag.py
[2022-12-17T04:19:21.137+0000] {processor.py:753} INFO - DAG(s) dict_keys(['example_external_task_marker_parent', 'example_external_task_marker_child']) retrieved from /home/airflow/.local/lib/python3.7/site-packages/airflow/example_dags/example_external_task_marker_dag.py
[2022-12-17T04:19:21.167+0000] {logging_mixin.py:137} INFO - [2022-12-17T04:19:21.166+0000] {dag.py:2676} INFO - Sync 2 DAGs
[2022-12-17T04:19:21.182+0000] {logging_mixin.py:137} INFO - [2022-12-17T04:19:21.182+0000] {dag.py:3427} INFO - Setting next_dagrun for example_external_task_marker_child to None, run_after=None
[2022-12-17T04:19:21.184+0000] {logging_mixin.py:137} INFO - [2022-12-17T04:19:21.184+0000] {dag.py:3427} INFO - Setting next_dagrun for example_external_task_marker_parent to None, run_after=None
[2022-12-17T04:19:21.194+0000] {processor.py:175} INFO - Processing /home/airflow/.local/lib/python3.7/site-packages/airflow/example_dags/example_external_task_marker_dag.py took 0.073 seconds
[2022-12-17T04:19:51.394+0000] {processor.py:153} INFO - Started process (PID=538) to work on /home/airflow/.local/lib/python3.7/site-packages/airflow/example_dags/example_external_task_marker_dag.py
[2022-12-17T04:19:51.395+0000] {processor.py:743} INFO - Processing file /home/airflow/.local/lib/python3.7/site-packages/airflow/example_dags/example_external_task_marker_dag.py for tasks to queue
[2022-12-17T04:19:51.396+0000] {logging_mixin.py:137} INFO - [2022-12-17T04:19:51.396+0000] {dagbag.py:538} INFO - Filling up the DagBag from /home/airflow/.local/lib/python3.7/site-packages/airflow/example_dags/example_external_task_marker_dag.py
[2022-12-17T04:19:51.412+0000] {processor.py:753} INFO - DAG(s) dict_keys(['example_external_task_marker_child', 'example_external_task_marker_parent']) retrieved from /home/airflow/.local/lib/python3.7/site-packages/airflow/example_dags/example_external_task_marker_dag.py
[2022-12-17T04:19:51.447+0000] {logging_mixin.py:137} INFO - [2022-12-17T04:19:51.447+0000] {dag.py:2676} INFO - Sync 2 DAGs
[2022-12-17T04:19:51.464+0000] {logging_mixin.py:137} INFO - [2022-12-17T04:19:51.464+0000] {dag.py:3427} INFO - Setting next_dagrun for example_external_task_marker_child to None, run_after=None
[2022-12-17T04:19:51.467+0000] {logging_mixin.py:137} INFO - [2022-12-17T04:19:51.466+0000] {dag.py:3427} INFO - Setting next_dagrun for example_external_task_marker_parent to None, run_after=None
[2022-12-17T04:19:51.478+0000] {processor.py:175} INFO - Processing /home/airflow/.local/lib/python3.7/site-packages/airflow/example_dags/example_external_task_marker_dag.py took 0.087 seconds
[2022-12-17T04:20:21.803+0000] {processor.py:153} INFO - Started process (PID=614) to work on /home/airflow/.local/lib/python3.7/site-packages/airflow/example_dags/example_external_task_marker_dag.py
[2022-12-17T04:20:21.805+0000] {processor.py:743} INFO - Processing file /home/airflow/.local/lib/python3.7/site-packages/airflow/example_dags/example_external_task_marker_dag.py for tasks to queue
[2022-12-17T04:20:21.806+0000] {logging_mixin.py:137} INFO - [2022-12-17T04:20:21.805+0000] {dagbag.py:538} INFO - Filling up the DagBag from /home/airflow/.local/lib/python3.7/site-packages/airflow/example_dags/example_external_task_marker_dag.py
[2022-12-17T04:20:21.817+0000] {processor.py:753} INFO - DAG(s) dict_keys(['example_external_task_marker_child', 'example_external_task_marker_parent']) retrieved from /home/airflow/.local/lib/python3.7/site-packages/airflow/example_dags/example_external_task_marker_dag.py
[2022-12-17T04:20:21.849+0000] {logging_mixin.py:137} INFO - [2022-12-17T04:20:21.849+0000] {dag.py:2676} INFO - Sync 2 DAGs
[2022-12-17T04:20:21.864+0000] {logging_mixin.py:137} INFO - [2022-12-17T04:20:21.864+0000] {dag.py:3427} INFO - Setting next_dagrun for example_external_task_marker_child to None, run_after=None
[2022-12-17T04:20:21.866+0000] {logging_mixin.py:137} INFO - [2022-12-17T04:20:21.866+0000] {dag.py:3427} INFO - Setting next_dagrun for example_external_task_marker_parent to None, run_after=None
[2022-12-17T04:20:21.876+0000] {processor.py:175} INFO - Processing /home/airflow/.local/lib/python3.7/site-packages/airflow/example_dags/example_external_task_marker_dag.py took 0.075 seconds
[2022-12-17T04:20:52.086+0000] {processor.py:153} INFO - Started process (PID=678) to work on /home/airflow/.local/lib/python3.7/site-packages/airflow/example_dags/example_external_task_marker_dag.py
[2022-12-17T04:20:52.088+0000] {processor.py:743} INFO - Processing file /home/airflow/.local/lib/python3.7/site-packages/airflow/example_dags/example_external_task_marker_dag.py for tasks to queue
[2022-12-17T04:20:52.089+0000] {logging_mixin.py:137} INFO - [2022-12-17T04:20:52.089+0000] {dagbag.py:538} INFO - Filling up the DagBag from /home/airflow/.local/lib/python3.7/site-packages/airflow/example_dags/example_external_task_marker_dag.py
[2022-12-17T04:20:52.101+0000] {processor.py:753} INFO - DAG(s) dict_keys(['example_external_task_marker_parent', 'example_external_task_marker_child']) retrieved from /home/airflow/.local/lib/python3.7/site-packages/airflow/example_dags/example_external_task_marker_dag.py
[2022-12-17T04:20:52.131+0000] {logging_mixin.py:137} INFO - [2022-12-17T04:20:52.131+0000] {dag.py:2676} INFO - Sync 2 DAGs
[2022-12-17T04:20:52.148+0000] {logging_mixin.py:137} INFO - [2022-12-17T04:20:52.148+0000] {dag.py:3427} INFO - Setting next_dagrun for example_external_task_marker_child to None, run_after=None
[2022-12-17T04:20:52.150+0000] {logging_mixin.py:137} INFO - [2022-12-17T04:20:52.150+0000] {dag.py:3427} INFO - Setting next_dagrun for example_external_task_marker_parent to None, run_after=None
[2022-12-17T04:20:52.162+0000] {processor.py:175} INFO - Processing /home/airflow/.local/lib/python3.7/site-packages/airflow/example_dags/example_external_task_marker_dag.py took 0.078 seconds
[2022-12-17T04:21:22.506+0000] {processor.py:153} INFO - Started process (PID=753) to work on /home/airflow/.local/lib/python3.7/site-packages/airflow/example_dags/example_external_task_marker_dag.py
[2022-12-17T04:21:22.508+0000] {processor.py:743} INFO - Processing file /home/airflow/.local/lib/python3.7/site-packages/airflow/example_dags/example_external_task_marker_dag.py for tasks to queue
[2022-12-17T04:21:22.508+0000] {logging_mixin.py:137} INFO - [2022-12-17T04:21:22.508+0000] {dagbag.py:538} INFO - Filling up the DagBag from /home/airflow/.local/lib/python3.7/site-packages/airflow/example_dags/example_external_task_marker_dag.py
[2022-12-17T04:21:22.519+0000] {processor.py:753} INFO - DAG(s) dict_keys(['example_external_task_marker_child', 'example_external_task_marker_parent']) retrieved from /home/airflow/.local/lib/python3.7/site-packages/airflow/example_dags/example_external_task_marker_dag.py
[2022-12-17T04:21:22.549+0000] {logging_mixin.py:137} INFO - [2022-12-17T04:21:22.549+0000] {dag.py:2676} INFO - Sync 2 DAGs
[2022-12-17T04:21:22.566+0000] {logging_mixin.py:137} INFO - [2022-12-17T04:21:22.565+0000] {dag.py:3427} INFO - Setting next_dagrun for example_external_task_marker_child to None, run_after=None
[2022-12-17T04:21:22.568+0000] {logging_mixin.py:137} INFO - [2022-12-17T04:21:22.568+0000] {dag.py:3427} INFO - Setting next_dagrun for example_external_task_marker_parent to None, run_after=None
[2022-12-17T04:21:22.578+0000] {processor.py:175} INFO - Processing /home/airflow/.local/lib/python3.7/site-packages/airflow/example_dags/example_external_task_marker_dag.py took 0.074 seconds
