[2022-12-17T04:16:20.355+0000] {processor.py:153} INFO - Started process (PID=59) to work on /home/airflow/.local/lib/python3.7/site-packages/airflow/example_dags/example_sensors.py
[2022-12-17T04:16:20.357+0000] {processor.py:743} INFO - Processing file /home/airflow/.local/lib/python3.7/site-packages/airflow/example_dags/example_sensors.py for tasks to queue
[2022-12-17T04:16:20.361+0000] {logging_mixin.py:137} INFO - [2022-12-17T04:16:20.360+0000] {dagbag.py:538} INFO - Filling up the DagBag from /home/airflow/.local/lib/python3.7/site-packages/airflow/example_dags/example_sensors.py
[2022-12-17T04:16:20.447+0000] {processor.py:753} INFO - DAG(s) dict_keys(['example_sensors']) retrieved from /home/airflow/.local/lib/python3.7/site-packages/airflow/example_dags/example_sensors.py
[2022-12-17T04:16:20.484+0000] {logging_mixin.py:137} INFO - [2022-12-17T04:16:20.484+0000] {dag.py:2676} INFO - Sync 1 DAGs
[2022-12-17T04:16:20.514+0000] {logging_mixin.py:137} INFO - [2022-12-17T04:16:20.514+0000] {dag.py:3427} INFO - Setting next_dagrun for example_sensors to None, run_after=None
[2022-12-17T04:16:20.533+0000] {processor.py:175} INFO - Processing /home/airflow/.local/lib/python3.7/site-packages/airflow/example_dags/example_sensors.py took 0.182 seconds
[2022-12-17T04:16:51.092+0000] {processor.py:153} INFO - Started process (PID=134) to work on /home/airflow/.local/lib/python3.7/site-packages/airflow/example_dags/example_sensors.py
[2022-12-17T04:16:51.094+0000] {processor.py:743} INFO - Processing file /home/airflow/.local/lib/python3.7/site-packages/airflow/example_dags/example_sensors.py for tasks to queue
[2022-12-17T04:16:51.094+0000] {logging_mixin.py:137} INFO - [2022-12-17T04:16:51.094+0000] {dagbag.py:538} INFO - Filling up the DagBag from /home/airflow/.local/lib/python3.7/site-packages/airflow/example_dags/example_sensors.py
[2022-12-17T04:16:51.111+0000] {processor.py:753} INFO - DAG(s) dict_keys(['example_sensors']) retrieved from /home/airflow/.local/lib/python3.7/site-packages/airflow/example_dags/example_sensors.py
[2022-12-17T04:16:51.140+0000] {logging_mixin.py:137} INFO - [2022-12-17T04:16:51.140+0000] {dag.py:2676} INFO - Sync 1 DAGs
[2022-12-17T04:16:51.156+0000] {logging_mixin.py:137} INFO - [2022-12-17T04:16:51.156+0000] {dag.py:3427} INFO - Setting next_dagrun for example_sensors to None, run_after=None
[2022-12-17T04:16:51.168+0000] {processor.py:175} INFO - Processing /home/airflow/.local/lib/python3.7/site-packages/airflow/example_dags/example_sensors.py took 0.078 seconds
[2022-12-17T04:17:21.732+0000] {processor.py:153} INFO - Started process (PID=209) to work on /home/airflow/.local/lib/python3.7/site-packages/airflow/example_dags/example_sensors.py
[2022-12-17T04:17:21.733+0000] {processor.py:743} INFO - Processing file /home/airflow/.local/lib/python3.7/site-packages/airflow/example_dags/example_sensors.py for tasks to queue
[2022-12-17T04:17:21.734+0000] {logging_mixin.py:137} INFO - [2022-12-17T04:17:21.734+0000] {dagbag.py:538} INFO - Filling up the DagBag from /home/airflow/.local/lib/python3.7/site-packages/airflow/example_dags/example_sensors.py
[2022-12-17T04:17:21.748+0000] {processor.py:753} INFO - DAG(s) dict_keys(['example_sensors']) retrieved from /home/airflow/.local/lib/python3.7/site-packages/airflow/example_dags/example_sensors.py
[2022-12-17T04:17:21.777+0000] {logging_mixin.py:137} INFO - [2022-12-17T04:17:21.776+0000] {dag.py:2676} INFO - Sync 1 DAGs
[2022-12-17T04:17:21.791+0000] {logging_mixin.py:137} INFO - [2022-12-17T04:17:21.791+0000] {dag.py:3427} INFO - Setting next_dagrun for example_sensors to None, run_after=None
[2022-12-17T04:17:21.802+0000] {processor.py:175} INFO - Processing /home/airflow/.local/lib/python3.7/site-packages/airflow/example_dags/example_sensors.py took 0.073 seconds
[2022-12-17T04:17:51.941+0000] {processor.py:153} INFO - Started process (PID=271) to work on /home/airflow/.local/lib/python3.7/site-packages/airflow/example_dags/example_sensors.py
[2022-12-17T04:17:51.943+0000] {processor.py:743} INFO - Processing file /home/airflow/.local/lib/python3.7/site-packages/airflow/example_dags/example_sensors.py for tasks to queue
[2022-12-17T04:17:51.944+0000] {logging_mixin.py:137} INFO - [2022-12-17T04:17:51.944+0000] {dagbag.py:538} INFO - Filling up the DagBag from /home/airflow/.local/lib/python3.7/site-packages/airflow/example_dags/example_sensors.py
[2022-12-17T04:17:51.960+0000] {processor.py:753} INFO - DAG(s) dict_keys(['example_sensors']) retrieved from /home/airflow/.local/lib/python3.7/site-packages/airflow/example_dags/example_sensors.py
[2022-12-17T04:17:51.990+0000] {logging_mixin.py:137} INFO - [2022-12-17T04:17:51.990+0000] {dag.py:2676} INFO - Sync 1 DAGs
[2022-12-17T04:17:52.005+0000] {logging_mixin.py:137} INFO - [2022-12-17T04:17:52.005+0000] {dag.py:3427} INFO - Setting next_dagrun for example_sensors to None, run_after=None
[2022-12-17T04:17:52.017+0000] {processor.py:175} INFO - Processing /home/airflow/.local/lib/python3.7/site-packages/airflow/example_dags/example_sensors.py took 0.079 seconds
[2022-12-17T04:18:22.329+0000] {processor.py:153} INFO - Started process (PID=345) to work on /home/airflow/.local/lib/python3.7/site-packages/airflow/example_dags/example_sensors.py
[2022-12-17T04:18:22.330+0000] {processor.py:743} INFO - Processing file /home/airflow/.local/lib/python3.7/site-packages/airflow/example_dags/example_sensors.py for tasks to queue
[2022-12-17T04:18:22.331+0000] {logging_mixin.py:137} INFO - [2022-12-17T04:18:22.331+0000] {dagbag.py:538} INFO - Filling up the DagBag from /home/airflow/.local/lib/python3.7/site-packages/airflow/example_dags/example_sensors.py
[2022-12-17T04:18:22.345+0000] {processor.py:753} INFO - DAG(s) dict_keys(['example_sensors']) retrieved from /home/airflow/.local/lib/python3.7/site-packages/airflow/example_dags/example_sensors.py
[2022-12-17T04:18:22.373+0000] {logging_mixin.py:137} INFO - [2022-12-17T04:18:22.373+0000] {dag.py:2676} INFO - Sync 1 DAGs
[2022-12-17T04:18:22.392+0000] {logging_mixin.py:137} INFO - [2022-12-17T04:18:22.392+0000] {dag.py:3427} INFO - Setting next_dagrun for example_sensors to None, run_after=None
[2022-12-17T04:18:22.404+0000] {processor.py:175} INFO - Processing /home/airflow/.local/lib/python3.7/site-packages/airflow/example_dags/example_sensors.py took 0.078 seconds
[2022-12-17T04:18:52.925+0000] {processor.py:153} INFO - Started process (PID=420) to work on /home/airflow/.local/lib/python3.7/site-packages/airflow/example_dags/example_sensors.py
[2022-12-17T04:18:52.926+0000] {processor.py:743} INFO - Processing file /home/airflow/.local/lib/python3.7/site-packages/airflow/example_dags/example_sensors.py for tasks to queue
[2022-12-17T04:18:52.927+0000] {logging_mixin.py:137} INFO - [2022-12-17T04:18:52.927+0000] {dagbag.py:538} INFO - Filling up the DagBag from /home/airflow/.local/lib/python3.7/site-packages/airflow/example_dags/example_sensors.py
[2022-12-17T04:18:52.941+0000] {processor.py:753} INFO - DAG(s) dict_keys(['example_sensors']) retrieved from /home/airflow/.local/lib/python3.7/site-packages/airflow/example_dags/example_sensors.py
[2022-12-17T04:18:52.969+0000] {logging_mixin.py:137} INFO - [2022-12-17T04:18:52.969+0000] {dag.py:2676} INFO - Sync 1 DAGs
[2022-12-17T04:18:52.984+0000] {logging_mixin.py:137} INFO - [2022-12-17T04:18:52.984+0000] {dag.py:3427} INFO - Setting next_dagrun for example_sensors to None, run_after=None
[2022-12-17T04:18:52.995+0000] {processor.py:175} INFO - Processing /home/airflow/.local/lib/python3.7/site-packages/airflow/example_dags/example_sensors.py took 0.072 seconds
[2022-12-17T04:19:23.265+0000] {processor.py:153} INFO - Started process (PID=483) to work on /home/airflow/.local/lib/python3.7/site-packages/airflow/example_dags/example_sensors.py
[2022-12-17T04:19:23.266+0000] {processor.py:743} INFO - Processing file /home/airflow/.local/lib/python3.7/site-packages/airflow/example_dags/example_sensors.py for tasks to queue
[2022-12-17T04:19:23.267+0000] {logging_mixin.py:137} INFO - [2022-12-17T04:19:23.267+0000] {dagbag.py:538} INFO - Filling up the DagBag from /home/airflow/.local/lib/python3.7/site-packages/airflow/example_dags/example_sensors.py
[2022-12-17T04:19:23.281+0000] {processor.py:753} INFO - DAG(s) dict_keys(['example_sensors']) retrieved from /home/airflow/.local/lib/python3.7/site-packages/airflow/example_dags/example_sensors.py
[2022-12-17T04:19:23.311+0000] {logging_mixin.py:137} INFO - [2022-12-17T04:19:23.311+0000] {dag.py:2676} INFO - Sync 1 DAGs
[2022-12-17T04:19:23.326+0000] {logging_mixin.py:137} INFO - [2022-12-17T04:19:23.326+0000] {dag.py:3427} INFO - Setting next_dagrun for example_sensors to None, run_after=None
[2022-12-17T04:19:23.340+0000] {processor.py:175} INFO - Processing /home/airflow/.local/lib/python3.7/site-packages/airflow/example_dags/example_sensors.py took 0.078 seconds
[2022-12-17T04:19:53.625+0000] {processor.py:153} INFO - Started process (PID=558) to work on /home/airflow/.local/lib/python3.7/site-packages/airflow/example_dags/example_sensors.py
[2022-12-17T04:19:53.626+0000] {processor.py:743} INFO - Processing file /home/airflow/.local/lib/python3.7/site-packages/airflow/example_dags/example_sensors.py for tasks to queue
[2022-12-17T04:19:53.627+0000] {logging_mixin.py:137} INFO - [2022-12-17T04:19:53.627+0000] {dagbag.py:538} INFO - Filling up the DagBag from /home/airflow/.local/lib/python3.7/site-packages/airflow/example_dags/example_sensors.py
[2022-12-17T04:19:53.642+0000] {processor.py:753} INFO - DAG(s) dict_keys(['example_sensors']) retrieved from /home/airflow/.local/lib/python3.7/site-packages/airflow/example_dags/example_sensors.py
[2022-12-17T04:19:53.671+0000] {logging_mixin.py:137} INFO - [2022-12-17T04:19:53.671+0000] {dag.py:2676} INFO - Sync 1 DAGs
[2022-12-17T04:19:53.686+0000] {logging_mixin.py:137} INFO - [2022-12-17T04:19:53.686+0000] {dag.py:3427} INFO - Setting next_dagrun for example_sensors to None, run_after=None
[2022-12-17T04:19:53.698+0000] {processor.py:175} INFO - Processing /home/airflow/.local/lib/python3.7/site-packages/airflow/example_dags/example_sensors.py took 0.076 seconds
[2022-12-17T04:20:23.946+0000] {processor.py:153} INFO - Started process (PID=634) to work on /home/airflow/.local/lib/python3.7/site-packages/airflow/example_dags/example_sensors.py
[2022-12-17T04:20:23.947+0000] {processor.py:743} INFO - Processing file /home/airflow/.local/lib/python3.7/site-packages/airflow/example_dags/example_sensors.py for tasks to queue
[2022-12-17T04:20:23.948+0000] {logging_mixin.py:137} INFO - [2022-12-17T04:20:23.948+0000] {dagbag.py:538} INFO - Filling up the DagBag from /home/airflow/.local/lib/python3.7/site-packages/airflow/example_dags/example_sensors.py
[2022-12-17T04:20:23.961+0000] {processor.py:753} INFO - DAG(s) dict_keys(['example_sensors']) retrieved from /home/airflow/.local/lib/python3.7/site-packages/airflow/example_dags/example_sensors.py
[2022-12-17T04:20:23.989+0000] {logging_mixin.py:137} INFO - [2022-12-17T04:20:23.989+0000] {dag.py:2676} INFO - Sync 1 DAGs
[2022-12-17T04:20:24.005+0000] {logging_mixin.py:137} INFO - [2022-12-17T04:20:24.005+0000] {dag.py:3427} INFO - Setting next_dagrun for example_sensors to None, run_after=None
[2022-12-17T04:20:24.017+0000] {processor.py:175} INFO - Processing /home/airflow/.local/lib/python3.7/site-packages/airflow/example_dags/example_sensors.py took 0.074 seconds
[2022-12-17T04:20:54.309+0000] {processor.py:153} INFO - Started process (PID=698) to work on /home/airflow/.local/lib/python3.7/site-packages/airflow/example_dags/example_sensors.py
[2022-12-17T04:20:54.310+0000] {processor.py:743} INFO - Processing file /home/airflow/.local/lib/python3.7/site-packages/airflow/example_dags/example_sensors.py for tasks to queue
[2022-12-17T04:20:54.311+0000] {logging_mixin.py:137} INFO - [2022-12-17T04:20:54.311+0000] {dagbag.py:538} INFO - Filling up the DagBag from /home/airflow/.local/lib/python3.7/site-packages/airflow/example_dags/example_sensors.py
[2022-12-17T04:20:54.325+0000] {processor.py:753} INFO - DAG(s) dict_keys(['example_sensors']) retrieved from /home/airflow/.local/lib/python3.7/site-packages/airflow/example_dags/example_sensors.py
[2022-12-17T04:20:54.352+0000] {logging_mixin.py:137} INFO - [2022-12-17T04:20:54.352+0000] {dag.py:2676} INFO - Sync 1 DAGs
[2022-12-17T04:20:54.369+0000] {logging_mixin.py:137} INFO - [2022-12-17T04:20:54.369+0000] {dag.py:3427} INFO - Setting next_dagrun for example_sensors to None, run_after=None
[2022-12-17T04:20:54.385+0000] {processor.py:175} INFO - Processing /home/airflow/.local/lib/python3.7/site-packages/airflow/example_dags/example_sensors.py took 0.078 seconds
[2022-12-17T04:21:24.644+0000] {processor.py:153} INFO - Started process (PID=773) to work on /home/airflow/.local/lib/python3.7/site-packages/airflow/example_dags/example_sensors.py
[2022-12-17T04:21:24.645+0000] {processor.py:743} INFO - Processing file /home/airflow/.local/lib/python3.7/site-packages/airflow/example_dags/example_sensors.py for tasks to queue
[2022-12-17T04:21:24.647+0000] {logging_mixin.py:137} INFO - [2022-12-17T04:21:24.646+0000] {dagbag.py:538} INFO - Filling up the DagBag from /home/airflow/.local/lib/python3.7/site-packages/airflow/example_dags/example_sensors.py
[2022-12-17T04:21:24.663+0000] {processor.py:753} INFO - DAG(s) dict_keys(['example_sensors']) retrieved from /home/airflow/.local/lib/python3.7/site-packages/airflow/example_dags/example_sensors.py
[2022-12-17T04:21:24.691+0000] {logging_mixin.py:137} INFO - [2022-12-17T04:21:24.691+0000] {dag.py:2676} INFO - Sync 1 DAGs
[2022-12-17T04:21:24.708+0000] {logging_mixin.py:137} INFO - [2022-12-17T04:21:24.708+0000] {dag.py:3427} INFO - Setting next_dagrun for example_sensors to None, run_after=None
[2022-12-17T04:21:24.721+0000] {processor.py:175} INFO - Processing /home/airflow/.local/lib/python3.7/site-packages/airflow/example_dags/example_sensors.py took 0.080 seconds
