[2022-12-17T04:16:18.781+0000] {processor.py:153} INFO - Started process (PID=43) to work on /home/airflow/.local/lib/python3.7/site-packages/airflow/example_dags/tutorial.py
[2022-12-17T04:16:18.782+0000] {processor.py:743} INFO - Processing file /home/airflow/.local/lib/python3.7/site-packages/airflow/example_dags/tutorial.py for tasks to queue
[2022-12-17T04:16:18.783+0000] {logging_mixin.py:137} INFO - [2022-12-17T04:16:18.783+0000] {dagbag.py:538} INFO - Filling up the DagBag from /home/airflow/.local/lib/python3.7/site-packages/airflow/example_dags/tutorial.py
[2022-12-17T04:16:18.799+0000] {processor.py:753} INFO - DAG(s) dict_keys(['tutorial']) retrieved from /home/airflow/.local/lib/python3.7/site-packages/airflow/example_dags/tutorial.py
[2022-12-17T04:16:18.849+0000] {logging_mixin.py:137} INFO - [2022-12-17T04:16:18.849+0000] {dag.py:2676} INFO - Sync 1 DAGs
[2022-12-17T04:16:18.881+0000] {logging_mixin.py:137} INFO - [2022-12-17T04:16:18.881+0000] {dag.py:3427} INFO - Setting next_dagrun for tutorial to 2022-12-16T04:16:18.881076+00:00, run_after=2022-12-17T04:16:18.881076+00:00
[2022-12-17T04:16:18.903+0000] {processor.py:175} INFO - Processing /home/airflow/.local/lib/python3.7/site-packages/airflow/example_dags/tutorial.py took 0.133 seconds
[2022-12-17T04:16:49.065+0000] {processor.py:153} INFO - Started process (PID=118) to work on /home/airflow/.local/lib/python3.7/site-packages/airflow/example_dags/tutorial.py
[2022-12-17T04:16:49.066+0000] {processor.py:743} INFO - Processing file /home/airflow/.local/lib/python3.7/site-packages/airflow/example_dags/tutorial.py for tasks to queue
[2022-12-17T04:16:49.067+0000] {logging_mixin.py:137} INFO - [2022-12-17T04:16:49.067+0000] {dagbag.py:538} INFO - Filling up the DagBag from /home/airflow/.local/lib/python3.7/site-packages/airflow/example_dags/tutorial.py
[2022-12-17T04:16:49.080+0000] {processor.py:753} INFO - DAG(s) dict_keys(['tutorial']) retrieved from /home/airflow/.local/lib/python3.7/site-packages/airflow/example_dags/tutorial.py
[2022-12-17T04:16:49.111+0000] {logging_mixin.py:137} INFO - [2022-12-17T04:16:49.110+0000] {dag.py:2676} INFO - Sync 1 DAGs
[2022-12-17T04:16:49.129+0000] {logging_mixin.py:137} INFO - [2022-12-17T04:16:49.128+0000] {dag.py:3427} INFO - Setting next_dagrun for tutorial to 2022-12-16T04:16:49.128751+00:00, run_after=2022-12-17T04:16:49.128751+00:00
[2022-12-17T04:16:49.140+0000] {processor.py:175} INFO - Processing /home/airflow/.local/lib/python3.7/site-packages/airflow/example_dags/tutorial.py took 0.078 seconds
[2022-12-17T04:17:19.741+0000] {processor.py:153} INFO - Started process (PID=190) to work on /home/airflow/.local/lib/python3.7/site-packages/airflow/example_dags/tutorial.py
[2022-12-17T04:17:19.742+0000] {processor.py:743} INFO - Processing file /home/airflow/.local/lib/python3.7/site-packages/airflow/example_dags/tutorial.py for tasks to queue
[2022-12-17T04:17:19.743+0000] {logging_mixin.py:137} INFO - [2022-12-17T04:17:19.743+0000] {dagbag.py:538} INFO - Filling up the DagBag from /home/airflow/.local/lib/python3.7/site-packages/airflow/example_dags/tutorial.py
[2022-12-17T04:17:19.766+0000] {processor.py:753} INFO - DAG(s) dict_keys(['tutorial']) retrieved from /home/airflow/.local/lib/python3.7/site-packages/airflow/example_dags/tutorial.py
[2022-12-17T04:17:19.827+0000] {logging_mixin.py:137} INFO - [2022-12-17T04:17:19.827+0000] {dag.py:2676} INFO - Sync 1 DAGs
[2022-12-17T04:17:19.878+0000] {logging_mixin.py:137} INFO - [2022-12-17T04:17:19.878+0000] {dag.py:3427} INFO - Setting next_dagrun for tutorial to 2022-12-16T04:17:19.878302+00:00, run_after=2022-12-17T04:17:19.878302+00:00
[2022-12-17T04:17:19.891+0000] {processor.py:175} INFO - Processing /home/airflow/.local/lib/python3.7/site-packages/airflow/example_dags/tutorial.py took 0.152 seconds
[2022-12-17T04:17:50.068+0000] {processor.py:153} INFO - Started process (PID=255) to work on /home/airflow/.local/lib/python3.7/site-packages/airflow/example_dags/tutorial.py
[2022-12-17T04:17:50.069+0000] {processor.py:743} INFO - Processing file /home/airflow/.local/lib/python3.7/site-packages/airflow/example_dags/tutorial.py for tasks to queue
[2022-12-17T04:17:50.070+0000] {logging_mixin.py:137} INFO - [2022-12-17T04:17:50.070+0000] {dagbag.py:538} INFO - Filling up the DagBag from /home/airflow/.local/lib/python3.7/site-packages/airflow/example_dags/tutorial.py
[2022-12-17T04:17:50.081+0000] {processor.py:753} INFO - DAG(s) dict_keys(['tutorial']) retrieved from /home/airflow/.local/lib/python3.7/site-packages/airflow/example_dags/tutorial.py
[2022-12-17T04:17:50.108+0000] {logging_mixin.py:137} INFO - [2022-12-17T04:17:50.108+0000] {dag.py:2676} INFO - Sync 1 DAGs
[2022-12-17T04:17:50.122+0000] {logging_mixin.py:137} INFO - [2022-12-17T04:17:50.122+0000] {dag.py:3427} INFO - Setting next_dagrun for tutorial to 2022-12-16T04:17:50.122414+00:00, run_after=2022-12-17T04:17:50.122414+00:00
[2022-12-17T04:17:50.134+0000] {processor.py:175} INFO - Processing /home/airflow/.local/lib/python3.7/site-packages/airflow/example_dags/tutorial.py took 0.068 seconds
[2022-12-17T04:18:20.351+0000] {processor.py:153} INFO - Started process (PID=329) to work on /home/airflow/.local/lib/python3.7/site-packages/airflow/example_dags/tutorial.py
[2022-12-17T04:18:20.352+0000] {processor.py:743} INFO - Processing file /home/airflow/.local/lib/python3.7/site-packages/airflow/example_dags/tutorial.py for tasks to queue
[2022-12-17T04:18:20.353+0000] {logging_mixin.py:137} INFO - [2022-12-17T04:18:20.352+0000] {dagbag.py:538} INFO - Filling up the DagBag from /home/airflow/.local/lib/python3.7/site-packages/airflow/example_dags/tutorial.py
[2022-12-17T04:18:20.363+0000] {processor.py:753} INFO - DAG(s) dict_keys(['tutorial']) retrieved from /home/airflow/.local/lib/python3.7/site-packages/airflow/example_dags/tutorial.py
[2022-12-17T04:18:20.389+0000] {logging_mixin.py:137} INFO - [2022-12-17T04:18:20.389+0000] {dag.py:2676} INFO - Sync 1 DAGs
[2022-12-17T04:18:20.404+0000] {logging_mixin.py:137} INFO - [2022-12-17T04:18:20.404+0000] {dag.py:3427} INFO - Setting next_dagrun for tutorial to 2022-12-16T04:18:20.403828+00:00, run_after=2022-12-17T04:18:20.403828+00:00
[2022-12-17T04:18:20.415+0000] {processor.py:175} INFO - Processing /home/airflow/.local/lib/python3.7/site-packages/airflow/example_dags/tutorial.py took 0.067 seconds
[2022-12-17T04:18:50.815+0000] {processor.py:153} INFO - Started process (PID=404) to work on /home/airflow/.local/lib/python3.7/site-packages/airflow/example_dags/tutorial.py
[2022-12-17T04:18:50.817+0000] {processor.py:743} INFO - Processing file /home/airflow/.local/lib/python3.7/site-packages/airflow/example_dags/tutorial.py for tasks to queue
[2022-12-17T04:18:50.818+0000] {logging_mixin.py:137} INFO - [2022-12-17T04:18:50.818+0000] {dagbag.py:538} INFO - Filling up the DagBag from /home/airflow/.local/lib/python3.7/site-packages/airflow/example_dags/tutorial.py
[2022-12-17T04:18:50.842+0000] {processor.py:753} INFO - DAG(s) dict_keys(['tutorial']) retrieved from /home/airflow/.local/lib/python3.7/site-packages/airflow/example_dags/tutorial.py
[2022-12-17T04:18:50.869+0000] {logging_mixin.py:137} INFO - [2022-12-17T04:18:50.869+0000] {dag.py:2676} INFO - Sync 1 DAGs
[2022-12-17T04:18:50.895+0000] {logging_mixin.py:137} INFO - [2022-12-17T04:18:50.895+0000] {dag.py:3427} INFO - Setting next_dagrun for tutorial to 2022-12-16T04:18:50.895564+00:00, run_after=2022-12-17T04:18:50.895564+00:00
[2022-12-17T04:18:50.910+0000] {processor.py:175} INFO - Processing /home/airflow/.local/lib/python3.7/site-packages/airflow/example_dags/tutorial.py took 0.102 seconds
[2022-12-17T04:19:21.313+0000] {processor.py:153} INFO - Started process (PID=467) to work on /home/airflow/.local/lib/python3.7/site-packages/airflow/example_dags/tutorial.py
[2022-12-17T04:19:21.315+0000] {processor.py:743} INFO - Processing file /home/airflow/.local/lib/python3.7/site-packages/airflow/example_dags/tutorial.py for tasks to queue
[2022-12-17T04:19:21.315+0000] {logging_mixin.py:137} INFO - [2022-12-17T04:19:21.315+0000] {dagbag.py:538} INFO - Filling up the DagBag from /home/airflow/.local/lib/python3.7/site-packages/airflow/example_dags/tutorial.py
[2022-12-17T04:19:21.327+0000] {processor.py:753} INFO - DAG(s) dict_keys(['tutorial']) retrieved from /home/airflow/.local/lib/python3.7/site-packages/airflow/example_dags/tutorial.py
[2022-12-17T04:19:21.353+0000] {logging_mixin.py:137} INFO - [2022-12-17T04:19:21.353+0000] {dag.py:2676} INFO - Sync 1 DAGs
[2022-12-17T04:19:21.369+0000] {logging_mixin.py:137} INFO - [2022-12-17T04:19:21.368+0000] {dag.py:3427} INFO - Setting next_dagrun for tutorial to 2022-12-16T04:19:21.368779+00:00, run_after=2022-12-17T04:19:21.368779+00:00
[2022-12-17T04:19:21.381+0000] {processor.py:175} INFO - Processing /home/airflow/.local/lib/python3.7/site-packages/airflow/example_dags/tutorial.py took 0.070 seconds
[2022-12-17T04:19:51.606+0000] {processor.py:153} INFO - Started process (PID=542) to work on /home/airflow/.local/lib/python3.7/site-packages/airflow/example_dags/tutorial.py
[2022-12-17T04:19:51.607+0000] {processor.py:743} INFO - Processing file /home/airflow/.local/lib/python3.7/site-packages/airflow/example_dags/tutorial.py for tasks to queue
[2022-12-17T04:19:51.608+0000] {logging_mixin.py:137} INFO - [2022-12-17T04:19:51.608+0000] {dagbag.py:538} INFO - Filling up the DagBag from /home/airflow/.local/lib/python3.7/site-packages/airflow/example_dags/tutorial.py
[2022-12-17T04:19:51.620+0000] {processor.py:753} INFO - DAG(s) dict_keys(['tutorial']) retrieved from /home/airflow/.local/lib/python3.7/site-packages/airflow/example_dags/tutorial.py
[2022-12-17T04:19:51.650+0000] {logging_mixin.py:137} INFO - [2022-12-17T04:19:51.650+0000] {dag.py:2676} INFO - Sync 1 DAGs
[2022-12-17T04:19:51.667+0000] {logging_mixin.py:137} INFO - [2022-12-17T04:19:51.666+0000] {dag.py:3427} INFO - Setting next_dagrun for tutorial to 2022-12-16T04:19:51.666685+00:00, run_after=2022-12-17T04:19:51.666685+00:00
[2022-12-17T04:19:51.695+0000] {processor.py:175} INFO - Processing /home/airflow/.local/lib/python3.7/site-packages/airflow/example_dags/tutorial.py took 0.092 seconds
[2022-12-17T04:20:21.991+0000] {processor.py:153} INFO - Started process (PID=618) to work on /home/airflow/.local/lib/python3.7/site-packages/airflow/example_dags/tutorial.py
[2022-12-17T04:20:21.992+0000] {processor.py:743} INFO - Processing file /home/airflow/.local/lib/python3.7/site-packages/airflow/example_dags/tutorial.py for tasks to queue
[2022-12-17T04:20:21.993+0000] {logging_mixin.py:137} INFO - [2022-12-17T04:20:21.993+0000] {dagbag.py:538} INFO - Filling up the DagBag from /home/airflow/.local/lib/python3.7/site-packages/airflow/example_dags/tutorial.py
[2022-12-17T04:20:22.003+0000] {processor.py:753} INFO - DAG(s) dict_keys(['tutorial']) retrieved from /home/airflow/.local/lib/python3.7/site-packages/airflow/example_dags/tutorial.py
[2022-12-17T04:20:22.030+0000] {logging_mixin.py:137} INFO - [2022-12-17T04:20:22.030+0000] {dag.py:2676} INFO - Sync 1 DAGs
[2022-12-17T04:20:22.045+0000] {logging_mixin.py:137} INFO - [2022-12-17T04:20:22.045+0000] {dag.py:3427} INFO - Setting next_dagrun for tutorial to 2022-12-16T04:20:22.045289+00:00, run_after=2022-12-17T04:20:22.045289+00:00
[2022-12-17T04:20:22.056+0000] {processor.py:175} INFO - Processing /home/airflow/.local/lib/python3.7/site-packages/airflow/example_dags/tutorial.py took 0.068 seconds
[2022-12-17T04:20:52.312+0000] {processor.py:153} INFO - Started process (PID=682) to work on /home/airflow/.local/lib/python3.7/site-packages/airflow/example_dags/tutorial.py
[2022-12-17T04:20:52.313+0000] {processor.py:743} INFO - Processing file /home/airflow/.local/lib/python3.7/site-packages/airflow/example_dags/tutorial.py for tasks to queue
[2022-12-17T04:20:52.314+0000] {logging_mixin.py:137} INFO - [2022-12-17T04:20:52.314+0000] {dagbag.py:538} INFO - Filling up the DagBag from /home/airflow/.local/lib/python3.7/site-packages/airflow/example_dags/tutorial.py
[2022-12-17T04:20:52.326+0000] {processor.py:753} INFO - DAG(s) dict_keys(['tutorial']) retrieved from /home/airflow/.local/lib/python3.7/site-packages/airflow/example_dags/tutorial.py
[2022-12-17T04:20:52.356+0000] {logging_mixin.py:137} INFO - [2022-12-17T04:20:52.356+0000] {dag.py:2676} INFO - Sync 1 DAGs
[2022-12-17T04:20:52.374+0000] {logging_mixin.py:137} INFO - [2022-12-17T04:20:52.374+0000] {dag.py:3427} INFO - Setting next_dagrun for tutorial to 2022-12-16T04:20:52.374645+00:00, run_after=2022-12-17T04:20:52.374645+00:00
[2022-12-17T04:20:52.388+0000] {processor.py:175} INFO - Processing /home/airflow/.local/lib/python3.7/site-packages/airflow/example_dags/tutorial.py took 0.079 seconds
[2022-12-17T04:21:22.694+0000] {processor.py:153} INFO - Started process (PID=757) to work on /home/airflow/.local/lib/python3.7/site-packages/airflow/example_dags/tutorial.py
[2022-12-17T04:21:22.696+0000] {processor.py:743} INFO - Processing file /home/airflow/.local/lib/python3.7/site-packages/airflow/example_dags/tutorial.py for tasks to queue
[2022-12-17T04:21:22.697+0000] {logging_mixin.py:137} INFO - [2022-12-17T04:21:22.697+0000] {dagbag.py:538} INFO - Filling up the DagBag from /home/airflow/.local/lib/python3.7/site-packages/airflow/example_dags/tutorial.py
[2022-12-17T04:21:22.707+0000] {processor.py:753} INFO - DAG(s) dict_keys(['tutorial']) retrieved from /home/airflow/.local/lib/python3.7/site-packages/airflow/example_dags/tutorial.py
[2022-12-17T04:21:22.737+0000] {logging_mixin.py:137} INFO - [2022-12-17T04:21:22.737+0000] {dag.py:2676} INFO - Sync 1 DAGs
[2022-12-17T04:21:22.754+0000] {logging_mixin.py:137} INFO - [2022-12-17T04:21:22.753+0000] {dag.py:3427} INFO - Setting next_dagrun for tutorial to 2022-12-16T04:21:22.753776+00:00, run_after=2022-12-17T04:21:22.753776+00:00
[2022-12-17T04:21:22.766+0000] {processor.py:175} INFO - Processing /home/airflow/.local/lib/python3.7/site-packages/airflow/example_dags/tutorial.py took 0.074 seconds
