[2022-12-17T04:16:19.332+0000] {processor.py:153} INFO - Started process (PID=49) to work on /home/airflow/.local/lib/python3.7/site-packages/airflow/example_dags/tutorial_dag.py
[2022-12-17T04:16:19.333+0000] {processor.py:743} INFO - Processing file /home/airflow/.local/lib/python3.7/site-packages/airflow/example_dags/tutorial_dag.py for tasks to queue
[2022-12-17T04:16:19.335+0000] {logging_mixin.py:137} INFO - [2022-12-17T04:16:19.334+0000] {dagbag.py:538} INFO - Filling up the DagBag from /home/airflow/.local/lib/python3.7/site-packages/airflow/example_dags/tutorial_dag.py
[2022-12-17T04:16:19.346+0000] {processor.py:753} INFO - DAG(s) dict_keys(['tutorial_dag']) retrieved from /home/airflow/.local/lib/python3.7/site-packages/airflow/example_dags/tutorial_dag.py
[2022-12-17T04:16:19.373+0000] {logging_mixin.py:137} INFO - [2022-12-17T04:16:19.372+0000] {dag.py:2676} INFO - Sync 1 DAGs
[2022-12-17T04:16:19.397+0000] {logging_mixin.py:137} INFO - [2022-12-17T04:16:19.396+0000] {dag.py:3427} INFO - Setting next_dagrun for tutorial_dag to None, run_after=None
[2022-12-17T04:16:19.412+0000] {processor.py:175} INFO - Processing /home/airflow/.local/lib/python3.7/site-packages/airflow/example_dags/tutorial_dag.py took 0.085 seconds
[2022-12-17T04:16:49.444+0000] {processor.py:153} INFO - Started process (PID=124) to work on /home/airflow/.local/lib/python3.7/site-packages/airflow/example_dags/tutorial_dag.py
[2022-12-17T04:16:49.446+0000] {processor.py:743} INFO - Processing file /home/airflow/.local/lib/python3.7/site-packages/airflow/example_dags/tutorial_dag.py for tasks to queue
[2022-12-17T04:16:49.447+0000] {logging_mixin.py:137} INFO - [2022-12-17T04:16:49.447+0000] {dagbag.py:538} INFO - Filling up the DagBag from /home/airflow/.local/lib/python3.7/site-packages/airflow/example_dags/tutorial_dag.py
[2022-12-17T04:16:49.458+0000] {processor.py:753} INFO - DAG(s) dict_keys(['tutorial_dag']) retrieved from /home/airflow/.local/lib/python3.7/site-packages/airflow/example_dags/tutorial_dag.py
[2022-12-17T04:16:49.487+0000] {logging_mixin.py:137} INFO - [2022-12-17T04:16:49.487+0000] {dag.py:2676} INFO - Sync 1 DAGs
[2022-12-17T04:16:49.504+0000] {logging_mixin.py:137} INFO - [2022-12-17T04:16:49.504+0000] {dag.py:3427} INFO - Setting next_dagrun for tutorial_dag to None, run_after=None
[2022-12-17T04:16:49.515+0000] {processor.py:175} INFO - Processing /home/airflow/.local/lib/python3.7/site-packages/airflow/example_dags/tutorial_dag.py took 0.074 seconds
[2022-12-17T04:17:20.195+0000] {processor.py:153} INFO - Started process (PID=199) to work on /home/airflow/.local/lib/python3.7/site-packages/airflow/example_dags/tutorial_dag.py
[2022-12-17T04:17:20.196+0000] {processor.py:743} INFO - Processing file /home/airflow/.local/lib/python3.7/site-packages/airflow/example_dags/tutorial_dag.py for tasks to queue
[2022-12-17T04:17:20.196+0000] {logging_mixin.py:137} INFO - [2022-12-17T04:17:20.196+0000] {dagbag.py:538} INFO - Filling up the DagBag from /home/airflow/.local/lib/python3.7/site-packages/airflow/example_dags/tutorial_dag.py
[2022-12-17T04:17:20.206+0000] {processor.py:753} INFO - DAG(s) dict_keys(['tutorial_dag']) retrieved from /home/airflow/.local/lib/python3.7/site-packages/airflow/example_dags/tutorial_dag.py
[2022-12-17T04:17:20.233+0000] {logging_mixin.py:137} INFO - [2022-12-17T04:17:20.233+0000] {dag.py:2676} INFO - Sync 1 DAGs
[2022-12-17T04:17:20.248+0000] {logging_mixin.py:137} INFO - [2022-12-17T04:17:20.247+0000] {dag.py:3427} INFO - Setting next_dagrun for tutorial_dag to None, run_after=None
[2022-12-17T04:17:20.259+0000] {processor.py:175} INFO - Processing /home/airflow/.local/lib/python3.7/site-packages/airflow/example_dags/tutorial_dag.py took 0.068 seconds
[2022-12-17T04:17:50.366+0000] {processor.py:153} INFO - Started process (PID=261) to work on /home/airflow/.local/lib/python3.7/site-packages/airflow/example_dags/tutorial_dag.py
[2022-12-17T04:17:50.367+0000] {processor.py:743} INFO - Processing file /home/airflow/.local/lib/python3.7/site-packages/airflow/example_dags/tutorial_dag.py for tasks to queue
[2022-12-17T04:17:50.369+0000] {logging_mixin.py:137} INFO - [2022-12-17T04:17:50.369+0000] {dagbag.py:538} INFO - Filling up the DagBag from /home/airflow/.local/lib/python3.7/site-packages/airflow/example_dags/tutorial_dag.py
[2022-12-17T04:17:50.379+0000] {processor.py:753} INFO - DAG(s) dict_keys(['tutorial_dag']) retrieved from /home/airflow/.local/lib/python3.7/site-packages/airflow/example_dags/tutorial_dag.py
[2022-12-17T04:17:50.406+0000] {logging_mixin.py:137} INFO - [2022-12-17T04:17:50.406+0000] {dag.py:2676} INFO - Sync 1 DAGs
[2022-12-17T04:17:50.421+0000] {logging_mixin.py:137} INFO - [2022-12-17T04:17:50.421+0000] {dag.py:3427} INFO - Setting next_dagrun for tutorial_dag to None, run_after=None
[2022-12-17T04:17:50.434+0000] {processor.py:175} INFO - Processing /home/airflow/.local/lib/python3.7/site-packages/airflow/example_dags/tutorial_dag.py took 0.071 seconds
[2022-12-17T04:18:20.645+0000] {processor.py:153} INFO - Started process (PID=335) to work on /home/airflow/.local/lib/python3.7/site-packages/airflow/example_dags/tutorial_dag.py
[2022-12-17T04:18:20.647+0000] {processor.py:743} INFO - Processing file /home/airflow/.local/lib/python3.7/site-packages/airflow/example_dags/tutorial_dag.py for tasks to queue
[2022-12-17T04:18:20.648+0000] {logging_mixin.py:137} INFO - [2022-12-17T04:18:20.648+0000] {dagbag.py:538} INFO - Filling up the DagBag from /home/airflow/.local/lib/python3.7/site-packages/airflow/example_dags/tutorial_dag.py
[2022-12-17T04:18:20.658+0000] {processor.py:753} INFO - DAG(s) dict_keys(['tutorial_dag']) retrieved from /home/airflow/.local/lib/python3.7/site-packages/airflow/example_dags/tutorial_dag.py
[2022-12-17T04:18:20.683+0000] {logging_mixin.py:137} INFO - [2022-12-17T04:18:20.683+0000] {dag.py:2676} INFO - Sync 1 DAGs
[2022-12-17T04:18:20.697+0000] {logging_mixin.py:137} INFO - [2022-12-17T04:18:20.697+0000] {dag.py:3427} INFO - Setting next_dagrun for tutorial_dag to None, run_after=None
[2022-12-17T04:18:20.709+0000] {processor.py:175} INFO - Processing /home/airflow/.local/lib/python3.7/site-packages/airflow/example_dags/tutorial_dag.py took 0.066 seconds
[2022-12-17T04:18:51.231+0000] {processor.py:153} INFO - Started process (PID=410) to work on /home/airflow/.local/lib/python3.7/site-packages/airflow/example_dags/tutorial_dag.py
[2022-12-17T04:18:51.233+0000] {processor.py:743} INFO - Processing file /home/airflow/.local/lib/python3.7/site-packages/airflow/example_dags/tutorial_dag.py for tasks to queue
[2022-12-17T04:18:51.234+0000] {logging_mixin.py:137} INFO - [2022-12-17T04:18:51.233+0000] {dagbag.py:538} INFO - Filling up the DagBag from /home/airflow/.local/lib/python3.7/site-packages/airflow/example_dags/tutorial_dag.py
[2022-12-17T04:18:51.247+0000] {processor.py:753} INFO - DAG(s) dict_keys(['tutorial_dag']) retrieved from /home/airflow/.local/lib/python3.7/site-packages/airflow/example_dags/tutorial_dag.py
[2022-12-17T04:18:51.292+0000] {logging_mixin.py:137} INFO - [2022-12-17T04:18:51.292+0000] {dag.py:2676} INFO - Sync 1 DAGs
[2022-12-17T04:18:51.310+0000] {logging_mixin.py:137} INFO - [2022-12-17T04:18:51.310+0000] {dag.py:3427} INFO - Setting next_dagrun for tutorial_dag to None, run_after=None
[2022-12-17T04:18:51.323+0000] {processor.py:175} INFO - Processing /home/airflow/.local/lib/python3.7/site-packages/airflow/example_dags/tutorial_dag.py took 0.096 seconds
[2022-12-17T04:19:21.613+0000] {processor.py:153} INFO - Started process (PID=473) to work on /home/airflow/.local/lib/python3.7/site-packages/airflow/example_dags/tutorial_dag.py
[2022-12-17T04:19:21.614+0000] {processor.py:743} INFO - Processing file /home/airflow/.local/lib/python3.7/site-packages/airflow/example_dags/tutorial_dag.py for tasks to queue
[2022-12-17T04:19:21.615+0000] {logging_mixin.py:137} INFO - [2022-12-17T04:19:21.615+0000] {dagbag.py:538} INFO - Filling up the DagBag from /home/airflow/.local/lib/python3.7/site-packages/airflow/example_dags/tutorial_dag.py
[2022-12-17T04:19:21.631+0000] {processor.py:753} INFO - DAG(s) dict_keys(['tutorial_dag']) retrieved from /home/airflow/.local/lib/python3.7/site-packages/airflow/example_dags/tutorial_dag.py
[2022-12-17T04:19:21.670+0000] {logging_mixin.py:137} INFO - [2022-12-17T04:19:21.670+0000] {dag.py:2676} INFO - Sync 1 DAGs
[2022-12-17T04:19:21.686+0000] {logging_mixin.py:137} INFO - [2022-12-17T04:19:21.686+0000] {dag.py:3427} INFO - Setting next_dagrun for tutorial_dag to None, run_after=None
[2022-12-17T04:19:21.697+0000] {processor.py:175} INFO - Processing /home/airflow/.local/lib/python3.7/site-packages/airflow/example_dags/tutorial_dag.py took 0.086 seconds
[2022-12-17T04:19:51.977+0000] {processor.py:153} INFO - Started process (PID=548) to work on /home/airflow/.local/lib/python3.7/site-packages/airflow/example_dags/tutorial_dag.py
[2022-12-17T04:19:51.979+0000] {processor.py:743} INFO - Processing file /home/airflow/.local/lib/python3.7/site-packages/airflow/example_dags/tutorial_dag.py for tasks to queue
[2022-12-17T04:19:51.980+0000] {logging_mixin.py:137} INFO - [2022-12-17T04:19:51.980+0000] {dagbag.py:538} INFO - Filling up the DagBag from /home/airflow/.local/lib/python3.7/site-packages/airflow/example_dags/tutorial_dag.py
[2022-12-17T04:19:51.992+0000] {processor.py:753} INFO - DAG(s) dict_keys(['tutorial_dag']) retrieved from /home/airflow/.local/lib/python3.7/site-packages/airflow/example_dags/tutorial_dag.py
[2022-12-17T04:19:52.024+0000] {logging_mixin.py:137} INFO - [2022-12-17T04:19:52.024+0000] {dag.py:2676} INFO - Sync 1 DAGs
[2022-12-17T04:19:52.041+0000] {logging_mixin.py:137} INFO - [2022-12-17T04:19:52.041+0000] {dag.py:3427} INFO - Setting next_dagrun for tutorial_dag to None, run_after=None
[2022-12-17T04:19:52.055+0000] {processor.py:175} INFO - Processing /home/airflow/.local/lib/python3.7/site-packages/airflow/example_dags/tutorial_dag.py took 0.080 seconds
[2022-12-17T04:20:22.288+0000] {processor.py:153} INFO - Started process (PID=624) to work on /home/airflow/.local/lib/python3.7/site-packages/airflow/example_dags/tutorial_dag.py
[2022-12-17T04:20:22.290+0000] {processor.py:743} INFO - Processing file /home/airflow/.local/lib/python3.7/site-packages/airflow/example_dags/tutorial_dag.py for tasks to queue
[2022-12-17T04:20:22.290+0000] {logging_mixin.py:137} INFO - [2022-12-17T04:20:22.290+0000] {dagbag.py:538} INFO - Filling up the DagBag from /home/airflow/.local/lib/python3.7/site-packages/airflow/example_dags/tutorial_dag.py
[2022-12-17T04:20:22.300+0000] {processor.py:753} INFO - DAG(s) dict_keys(['tutorial_dag']) retrieved from /home/airflow/.local/lib/python3.7/site-packages/airflow/example_dags/tutorial_dag.py
[2022-12-17T04:20:22.328+0000] {logging_mixin.py:137} INFO - [2022-12-17T04:20:22.328+0000] {dag.py:2676} INFO - Sync 1 DAGs
[2022-12-17T04:20:22.342+0000] {logging_mixin.py:137} INFO - [2022-12-17T04:20:22.342+0000] {dag.py:3427} INFO - Setting next_dagrun for tutorial_dag to None, run_after=None
[2022-12-17T04:20:22.354+0000] {processor.py:175} INFO - Processing /home/airflow/.local/lib/python3.7/site-packages/airflow/example_dags/tutorial_dag.py took 0.068 seconds
[2022-12-17T04:20:52.657+0000] {processor.py:153} INFO - Started process (PID=688) to work on /home/airflow/.local/lib/python3.7/site-packages/airflow/example_dags/tutorial_dag.py
[2022-12-17T04:20:52.659+0000] {processor.py:743} INFO - Processing file /home/airflow/.local/lib/python3.7/site-packages/airflow/example_dags/tutorial_dag.py for tasks to queue
[2022-12-17T04:20:52.660+0000] {logging_mixin.py:137} INFO - [2022-12-17T04:20:52.660+0000] {dagbag.py:538} INFO - Filling up the DagBag from /home/airflow/.local/lib/python3.7/site-packages/airflow/example_dags/tutorial_dag.py
[2022-12-17T04:20:52.671+0000] {processor.py:753} INFO - DAG(s) dict_keys(['tutorial_dag']) retrieved from /home/airflow/.local/lib/python3.7/site-packages/airflow/example_dags/tutorial_dag.py
[2022-12-17T04:20:52.699+0000] {logging_mixin.py:137} INFO - [2022-12-17T04:20:52.699+0000] {dag.py:2676} INFO - Sync 1 DAGs
[2022-12-17T04:20:52.717+0000] {logging_mixin.py:137} INFO - [2022-12-17T04:20:52.717+0000] {dag.py:3427} INFO - Setting next_dagrun for tutorial_dag to None, run_after=None
[2022-12-17T04:20:52.730+0000] {processor.py:175} INFO - Processing /home/airflow/.local/lib/python3.7/site-packages/airflow/example_dags/tutorial_dag.py took 0.075 seconds
[2022-12-17T04:21:22.994+0000] {processor.py:153} INFO - Started process (PID=763) to work on /home/airflow/.local/lib/python3.7/site-packages/airflow/example_dags/tutorial_dag.py
[2022-12-17T04:21:22.995+0000] {processor.py:743} INFO - Processing file /home/airflow/.local/lib/python3.7/site-packages/airflow/example_dags/tutorial_dag.py for tasks to queue
[2022-12-17T04:21:22.996+0000] {logging_mixin.py:137} INFO - [2022-12-17T04:21:22.996+0000] {dagbag.py:538} INFO - Filling up the DagBag from /home/airflow/.local/lib/python3.7/site-packages/airflow/example_dags/tutorial_dag.py
[2022-12-17T04:21:23.006+0000] {processor.py:753} INFO - DAG(s) dict_keys(['tutorial_dag']) retrieved from /home/airflow/.local/lib/python3.7/site-packages/airflow/example_dags/tutorial_dag.py
[2022-12-17T04:21:23.035+0000] {logging_mixin.py:137} INFO - [2022-12-17T04:21:23.035+0000] {dag.py:2676} INFO - Sync 1 DAGs
[2022-12-17T04:21:23.050+0000] {logging_mixin.py:137} INFO - [2022-12-17T04:21:23.050+0000] {dag.py:3427} INFO - Setting next_dagrun for tutorial_dag to None, run_after=None
[2022-12-17T04:21:23.061+0000] {processor.py:175} INFO - Processing /home/airflow/.local/lib/python3.7/site-packages/airflow/example_dags/tutorial_dag.py took 0.070 seconds
