[2022-12-17 16:22:59,557] {taskinstance.py:1032} INFO - Dependencies all met for <TaskInstance: scheduler_dag.insert_to_db_task manual__2022-12-17T16:22:53.539765+00:00 [queued]>
[2022-12-17 16:22:59,601] {taskinstance.py:1032} INFO - Dependencies all met for <TaskInstance: scheduler_dag.insert_to_db_task manual__2022-12-17T16:22:53.539765+00:00 [queued]>
[2022-12-17 16:22:59,602] {taskinstance.py:1238} INFO - 
--------------------------------------------------------------------------------
[2022-12-17 16:22:59,603] {taskinstance.py:1239} INFO - Starting attempt 1 of 2
[2022-12-17 16:22:59,604] {taskinstance.py:1240} INFO - 
--------------------------------------------------------------------------------
[2022-12-17 16:22:59,650] {taskinstance.py:1259} INFO - Executing <Task(PythonOperator): insert_to_db_task> on 2022-12-17 16:22:53.539765+00:00
[2022-12-17 16:22:59,656] {standard_task_runner.py:52} INFO - Started process 276 to run task
[2022-12-17 16:22:59,671] {standard_task_runner.py:76} INFO - Running: ['***', 'tasks', 'run', 'scheduler_dag', 'insert_to_db_task', 'manual__2022-12-17T16:22:53.539765+00:00', '--job-id', '4', '--raw', '--subdir', 'DAGS_FOLDER/scheduler.py', '--cfg-path', '/tmp/tmpqlj_fhen', '--error-file', '/tmp/tmpb20bkzx8']
[2022-12-17 16:22:59,672] {standard_task_runner.py:77} INFO - Job 4: Subtask insert_to_db_task
[2022-12-17 16:22:59,813] {logging_mixin.py:109} INFO - Running <TaskInstance: scheduler_dag.insert_to_db_task manual__2022-12-17T16:22:53.539765+00:00 [running]> on host b787dc03e2d9
[2022-12-17 16:22:59,985] {taskinstance.py:1426} INFO - Exporting the following env vars:
AIRFLOW_CTX_DAG_OWNER=***
AIRFLOW_CTX_DAG_ID=scheduler_dag
AIRFLOW_CTX_TASK_ID=insert_to_db_task
AIRFLOW_CTX_EXECUTION_DATE=2022-12-17T16:22:53.539765+00:00
AIRFLOW_CTX_DAG_RUN_ID=manual__2022-12-17T16:22:53.539765+00:00
[2022-12-17 16:23:00,015] {python.py:175} INFO - Done. Returned value was: None
[2022-12-17 16:23:00,052] {taskinstance.py:1277} INFO - Marking task as SUCCESS. dag_id=scheduler_dag, task_id=insert_to_db_task, execution_date=20221217T162253, start_date=20221217T162259, end_date=20221217T162300
[2022-12-17 16:23:00,122] {local_task_job.py:154} INFO - Task exited with return code 0
[2022-12-17 16:23:00,261] {local_task_job.py:264} INFO - 0 downstream tasks scheduled from follow-on schedule check
