[2022-12-17 15:34:16,811] {taskinstance.py:1032} INFO - Dependencies all met for <TaskInstance: scheduler_dag.insert_to_db_task manual__2022-12-17T15:34:12.855502+00:00 [queued]>
[2022-12-17 15:34:16,849] {taskinstance.py:1032} INFO - Dependencies all met for <TaskInstance: scheduler_dag.insert_to_db_task manual__2022-12-17T15:34:12.855502+00:00 [queued]>
[2022-12-17 15:34:16,851] {taskinstance.py:1238} INFO - 
--------------------------------------------------------------------------------
[2022-12-17 15:34:16,852] {taskinstance.py:1239} INFO - Starting attempt 1 of 2
[2022-12-17 15:34:16,853] {taskinstance.py:1240} INFO - 
--------------------------------------------------------------------------------
[2022-12-17 15:34:16,896] {taskinstance.py:1259} INFO - Executing <Task(PythonOperator): insert_to_db_task> on 2022-12-17 15:34:12.855502+00:00
[2022-12-17 15:34:16,902] {standard_task_runner.py:52} INFO - Started process 317 to run task
[2022-12-17 15:34:16,916] {standard_task_runner.py:76} INFO - Running: ['***', 'tasks', 'run', 'scheduler_dag', 'insert_to_db_task', 'manual__2022-12-17T15:34:12.855502+00:00', '--job-id', '6', '--raw', '--subdir', 'DAGS_FOLDER/scheduler.py', '--cfg-path', '/tmp/tmp945gg839', '--error-file', '/tmp/tmpzmek_wga']
[2022-12-17 15:34:16,918] {standard_task_runner.py:77} INFO - Job 6: Subtask insert_to_db_task
[2022-12-17 15:34:17,073] {logging_mixin.py:109} INFO - Running <TaskInstance: scheduler_dag.insert_to_db_task manual__2022-12-17T15:34:12.855502+00:00 [running]> on host 1716a21dddec
[2022-12-17 15:34:17,306] {taskinstance.py:1426} INFO - Exporting the following env vars:
AIRFLOW_CTX_DAG_OWNER=***
AIRFLOW_CTX_DAG_ID=scheduler_dag
AIRFLOW_CTX_TASK_ID=insert_to_db_task
AIRFLOW_CTX_EXECUTION_DATE=2022-12-17T15:34:12.855502+00:00
AIRFLOW_CTX_DAG_RUN_ID=manual__2022-12-17T15:34:12.855502+00:00
[2022-12-17 15:34:17,316] {python.py:175} INFO - Done. Returned value was: None
[2022-12-17 15:34:17,350] {taskinstance.py:1277} INFO - Marking task as SUCCESS. dag_id=scheduler_dag, task_id=insert_to_db_task, execution_date=20221217T153412, start_date=20221217T153416, end_date=20221217T153417
[2022-12-17 15:34:17,406] {local_task_job.py:154} INFO - Task exited with return code 0
[2022-12-17 15:34:17,489] {local_task_job.py:264} INFO - 0 downstream tasks scheduled from follow-on schedule check
