[2022-12-18 18:35:48,420] {processor.py:163} INFO - Started process (PID=137) to work on /opt/airflow/dags/scheduler.py
[2022-12-18 18:35:48,439] {processor.py:642} INFO - Processing file /opt/airflow/dags/scheduler.py for tasks to queue
[2022-12-18 18:35:48,441] {logging_mixin.py:109} INFO - [2022-12-18 18:35:48,441] {dagbag.py:500} INFO - Filling up the DagBag from /opt/airflow/dags/scheduler.py
[2022-12-18 18:35:50,426] {logging_mixin.py:109} INFO - [2022-12-18 18:35:50,419] {dagbag.py:334} ERROR - Failed to import: /opt/airflow/dags/scheduler.py
Traceback (most recent call last):
  File "/home/airflow/.local/lib/python3.7/site-packages/airflow/models/dagbag.py", line 331, in _load_modules_from_file
    loader.exec_module(new_module)
  File "<frozen importlib._bootstrap_external>", line 728, in exec_module
  File "<frozen importlib._bootstrap>", line 219, in _call_with_frames_removed
  File "/opt/airflow/dags/scheduler.py", line 8, in <module>
    import pyspark
ModuleNotFoundError: No module named 'pyspark'
[2022-12-18 18:35:50,464] {processor.py:656} WARNING - No viable dags retrieved from /opt/airflow/dags/scheduler.py
[2022-12-18 18:35:50,498] {processor.py:171} INFO - Processing /opt/airflow/dags/scheduler.py took 2.114 seconds
[2022-12-18 18:36:20,847] {processor.py:163} INFO - Started process (PID=169) to work on /opt/airflow/dags/scheduler.py
[2022-12-18 18:36:20,854] {processor.py:642} INFO - Processing file /opt/airflow/dags/scheduler.py for tasks to queue
[2022-12-18 18:36:20,859] {logging_mixin.py:109} INFO - [2022-12-18 18:36:20,859] {dagbag.py:500} INFO - Filling up the DagBag from /opt/airflow/dags/scheduler.py
[2022-12-18 18:36:21,263] {logging_mixin.py:109} INFO - [2022-12-18 18:36:21,257] {dagbag.py:334} ERROR - Failed to import: /opt/airflow/dags/scheduler.py
Traceback (most recent call last):
  File "/home/airflow/.local/lib/python3.7/site-packages/airflow/models/dagbag.py", line 331, in _load_modules_from_file
    loader.exec_module(new_module)
  File "<frozen importlib._bootstrap_external>", line 728, in exec_module
  File "<frozen importlib._bootstrap>", line 219, in _call_with_frames_removed
  File "/opt/airflow/dags/scheduler.py", line 8, in <module>
    import pyspark
ModuleNotFoundError: No module named 'pyspark'
[2022-12-18 18:36:21,359] {processor.py:656} WARNING - No viable dags retrieved from /opt/airflow/dags/scheduler.py
[2022-12-18 18:36:21,430] {processor.py:171} INFO - Processing /opt/airflow/dags/scheduler.py took 0.598 seconds
[2022-12-18 18:36:51,637] {processor.py:163} INFO - Started process (PID=187) to work on /opt/airflow/dags/scheduler.py
[2022-12-18 18:36:51,642] {processor.py:642} INFO - Processing file /opt/airflow/dags/scheduler.py for tasks to queue
[2022-12-18 18:36:51,645] {logging_mixin.py:109} INFO - [2022-12-18 18:36:51,644] {dagbag.py:500} INFO - Filling up the DagBag from /opt/airflow/dags/scheduler.py
[2022-12-18 18:36:51,795] {logging_mixin.py:109} INFO - [2022-12-18 18:36:51,791] {dagbag.py:334} ERROR - Failed to import: /opt/airflow/dags/scheduler.py
Traceback (most recent call last):
  File "/home/airflow/.local/lib/python3.7/site-packages/airflow/models/dagbag.py", line 331, in _load_modules_from_file
    loader.exec_module(new_module)
  File "<frozen importlib._bootstrap_external>", line 728, in exec_module
  File "<frozen importlib._bootstrap>", line 219, in _call_with_frames_removed
  File "/opt/airflow/dags/scheduler.py", line 8, in <module>
    import pyspark
ModuleNotFoundError: No module named 'pyspark'
[2022-12-18 18:36:51,822] {processor.py:656} WARNING - No viable dags retrieved from /opt/airflow/dags/scheduler.py
[2022-12-18 18:36:51,843] {processor.py:171} INFO - Processing /opt/airflow/dags/scheduler.py took 0.217 seconds
[2022-12-18 18:37:22,020] {processor.py:163} INFO - Started process (PID=221) to work on /opt/airflow/dags/scheduler.py
[2022-12-18 18:37:22,026] {processor.py:642} INFO - Processing file /opt/airflow/dags/scheduler.py for tasks to queue
[2022-12-18 18:37:22,029] {logging_mixin.py:109} INFO - [2022-12-18 18:37:22,029] {dagbag.py:500} INFO - Filling up the DagBag from /opt/airflow/dags/scheduler.py
[2022-12-18 18:37:22,207] {logging_mixin.py:109} INFO - [2022-12-18 18:37:22,203] {dagbag.py:334} ERROR - Failed to import: /opt/airflow/dags/scheduler.py
Traceback (most recent call last):
  File "/home/airflow/.local/lib/python3.7/site-packages/airflow/models/dagbag.py", line 331, in _load_modules_from_file
    loader.exec_module(new_module)
  File "<frozen importlib._bootstrap_external>", line 728, in exec_module
  File "<frozen importlib._bootstrap>", line 219, in _call_with_frames_removed
  File "/opt/airflow/dags/scheduler.py", line 8, in <module>
    import pyspark
ModuleNotFoundError: No module named 'pyspark'
[2022-12-18 18:37:22,240] {processor.py:656} WARNING - No viable dags retrieved from /opt/airflow/dags/scheduler.py
[2022-12-18 18:37:22,280] {processor.py:171} INFO - Processing /opt/airflow/dags/scheduler.py took 0.267 seconds
[2022-12-18 18:37:52,463] {processor.py:163} INFO - Started process (PID=239) to work on /opt/airflow/dags/scheduler.py
[2022-12-18 18:37:52,468] {processor.py:642} INFO - Processing file /opt/airflow/dags/scheduler.py for tasks to queue
[2022-12-18 18:37:52,470] {logging_mixin.py:109} INFO - [2022-12-18 18:37:52,470] {dagbag.py:500} INFO - Filling up the DagBag from /opt/airflow/dags/scheduler.py
[2022-12-18 18:37:52,630] {logging_mixin.py:109} INFO - [2022-12-18 18:37:52,626] {dagbag.py:334} ERROR - Failed to import: /opt/airflow/dags/scheduler.py
Traceback (most recent call last):
  File "/home/airflow/.local/lib/python3.7/site-packages/airflow/models/dagbag.py", line 331, in _load_modules_from_file
    loader.exec_module(new_module)
  File "<frozen importlib._bootstrap_external>", line 728, in exec_module
  File "<frozen importlib._bootstrap>", line 219, in _call_with_frames_removed
  File "/opt/airflow/dags/scheduler.py", line 8, in <module>
    import pyspark
ModuleNotFoundError: No module named 'pyspark'
[2022-12-18 18:37:52,659] {processor.py:656} WARNING - No viable dags retrieved from /opt/airflow/dags/scheduler.py
[2022-12-18 18:37:52,679] {processor.py:171} INFO - Processing /opt/airflow/dags/scheduler.py took 0.226 seconds
[2022-12-18 20:44:04,893] {processor.py:163} INFO - Started process (PID=151) to work on /opt/airflow/dags/scheduler.py
[2022-12-18 20:44:04,904] {processor.py:642} INFO - Processing file /opt/airflow/dags/scheduler.py for tasks to queue
[2022-12-18 20:44:04,909] {logging_mixin.py:109} INFO - [2022-12-18 20:44:04,909] {dagbag.py:500} INFO - Filling up the DagBag from /opt/airflow/dags/scheduler.py
[2022-12-18 20:44:07,563] {logging_mixin.py:109} INFO - [2022-12-18 20:44:07,550] {dagbag.py:334} ERROR - Failed to import: /opt/airflow/dags/scheduler.py
Traceback (most recent call last):
  File "/home/airflow/.local/lib/python3.7/site-packages/airflow/models/dagbag.py", line 331, in _load_modules_from_file
    loader.exec_module(new_module)
  File "<frozen importlib._bootstrap_external>", line 728, in exec_module
  File "<frozen importlib._bootstrap>", line 219, in _call_with_frames_removed
  File "/opt/airflow/dags/scheduler.py", line 8, in <module>
    import pyspark
ModuleNotFoundError: No module named 'pyspark'
[2022-12-18 20:44:07,655] {processor.py:656} WARNING - No viable dags retrieved from /opt/airflow/dags/scheduler.py
[2022-12-18 20:44:07,740] {processor.py:171} INFO - Processing /opt/airflow/dags/scheduler.py took 2.866 seconds
[2022-12-18 20:44:37,988] {processor.py:163} INFO - Started process (PID=183) to work on /opt/airflow/dags/scheduler.py
[2022-12-18 20:44:38,003] {processor.py:642} INFO - Processing file /opt/airflow/dags/scheduler.py for tasks to queue
[2022-12-18 20:44:38,013] {logging_mixin.py:109} INFO - [2022-12-18 20:44:38,011] {dagbag.py:500} INFO - Filling up the DagBag from /opt/airflow/dags/scheduler.py
[2022-12-18 20:44:38,497] {logging_mixin.py:109} INFO - [2022-12-18 20:44:38,489] {dagbag.py:334} ERROR - Failed to import: /opt/airflow/dags/scheduler.py
Traceback (most recent call last):
  File "/home/airflow/.local/lib/python3.7/site-packages/airflow/models/dagbag.py", line 331, in _load_modules_from_file
    loader.exec_module(new_module)
  File "<frozen importlib._bootstrap_external>", line 728, in exec_module
  File "<frozen importlib._bootstrap>", line 219, in _call_with_frames_removed
  File "/opt/airflow/dags/scheduler.py", line 8, in <module>
    import pyspark
ModuleNotFoundError: No module named 'pyspark'
[2022-12-18 20:44:38,561] {processor.py:656} WARNING - No viable dags retrieved from /opt/airflow/dags/scheduler.py
[2022-12-18 20:44:38,606] {processor.py:171} INFO - Processing /opt/airflow/dags/scheduler.py took 0.656 seconds
[2022-12-18 20:45:09,208] {processor.py:163} INFO - Started process (PID=216) to work on /opt/airflow/dags/scheduler.py
[2022-12-18 20:45:09,227] {processor.py:642} INFO - Processing file /opt/airflow/dags/scheduler.py for tasks to queue
[2022-12-18 20:45:09,232] {logging_mixin.py:109} INFO - [2022-12-18 20:45:09,232] {dagbag.py:500} INFO - Filling up the DagBag from /opt/airflow/dags/scheduler.py
[2022-12-18 20:45:09,657] {logging_mixin.py:109} INFO - [2022-12-18 20:45:09,641] {dagbag.py:334} ERROR - Failed to import: /opt/airflow/dags/scheduler.py
Traceback (most recent call last):
  File "/home/airflow/.local/lib/python3.7/site-packages/airflow/models/dagbag.py", line 331, in _load_modules_from_file
    loader.exec_module(new_module)
  File "<frozen importlib._bootstrap_external>", line 728, in exec_module
  File "<frozen importlib._bootstrap>", line 219, in _call_with_frames_removed
  File "/opt/airflow/dags/scheduler.py", line 8, in <module>
    import pyspark
ModuleNotFoundError: No module named 'pyspark'
[2022-12-18 20:45:09,722] {processor.py:656} WARNING - No viable dags retrieved from /opt/airflow/dags/scheduler.py
[2022-12-18 20:45:09,774] {processor.py:171} INFO - Processing /opt/airflow/dags/scheduler.py took 0.581 seconds
[2022-12-18 20:45:39,990] {processor.py:163} INFO - Started process (PID=234) to work on /opt/airflow/dags/scheduler.py
[2022-12-18 20:45:39,995] {processor.py:642} INFO - Processing file /opt/airflow/dags/scheduler.py for tasks to queue
[2022-12-18 20:45:39,997] {logging_mixin.py:109} INFO - [2022-12-18 20:45:39,997] {dagbag.py:500} INFO - Filling up the DagBag from /opt/airflow/dags/scheduler.py
[2022-12-18 20:45:40,161] {logging_mixin.py:109} INFO - [2022-12-18 20:45:40,157] {dagbag.py:334} ERROR - Failed to import: /opt/airflow/dags/scheduler.py
Traceback (most recent call last):
  File "/home/airflow/.local/lib/python3.7/site-packages/airflow/models/dagbag.py", line 331, in _load_modules_from_file
    loader.exec_module(new_module)
  File "<frozen importlib._bootstrap_external>", line 728, in exec_module
  File "<frozen importlib._bootstrap>", line 219, in _call_with_frames_removed
  File "/opt/airflow/dags/scheduler.py", line 8, in <module>
    import pyspark
ModuleNotFoundError: No module named 'pyspark'
[2022-12-18 20:45:40,188] {processor.py:656} WARNING - No viable dags retrieved from /opt/airflow/dags/scheduler.py
[2022-12-18 20:45:40,209] {processor.py:171} INFO - Processing /opt/airflow/dags/scheduler.py took 0.228 seconds
[2022-12-18 20:46:10,341] {processor.py:163} INFO - Started process (PID=268) to work on /opt/airflow/dags/scheduler.py
[2022-12-18 20:46:10,345] {processor.py:642} INFO - Processing file /opt/airflow/dags/scheduler.py for tasks to queue
[2022-12-18 20:46:10,348] {logging_mixin.py:109} INFO - [2022-12-18 20:46:10,347] {dagbag.py:500} INFO - Filling up the DagBag from /opt/airflow/dags/scheduler.py
[2022-12-18 20:46:10,575] {logging_mixin.py:109} INFO - [2022-12-18 20:46:10,570] {dagbag.py:334} ERROR - Failed to import: /opt/airflow/dags/scheduler.py
Traceback (most recent call last):
  File "/home/airflow/.local/lib/python3.7/site-packages/airflow/models/dagbag.py", line 331, in _load_modules_from_file
    loader.exec_module(new_module)
  File "<frozen importlib._bootstrap_external>", line 728, in exec_module
  File "<frozen importlib._bootstrap>", line 219, in _call_with_frames_removed
  File "/opt/airflow/dags/scheduler.py", line 8, in <module>
    import pyspark
ModuleNotFoundError: No module named 'pyspark'
[2022-12-18 20:46:10,612] {processor.py:656} WARNING - No viable dags retrieved from /opt/airflow/dags/scheduler.py
[2022-12-18 20:46:10,637] {processor.py:171} INFO - Processing /opt/airflow/dags/scheduler.py took 0.302 seconds
[2022-12-18 20:46:40,770] {processor.py:163} INFO - Started process (PID=286) to work on /opt/airflow/dags/scheduler.py
[2022-12-18 20:46:40,776] {processor.py:642} INFO - Processing file /opt/airflow/dags/scheduler.py for tasks to queue
[2022-12-18 20:46:40,779] {logging_mixin.py:109} INFO - [2022-12-18 20:46:40,779] {dagbag.py:500} INFO - Filling up the DagBag from /opt/airflow/dags/scheduler.py
[2022-12-18 20:46:40,935] {logging_mixin.py:109} INFO - [2022-12-18 20:46:40,931] {dagbag.py:334} ERROR - Failed to import: /opt/airflow/dags/scheduler.py
Traceback (most recent call last):
  File "/home/airflow/.local/lib/python3.7/site-packages/airflow/models/dagbag.py", line 331, in _load_modules_from_file
    loader.exec_module(new_module)
  File "<frozen importlib._bootstrap_external>", line 728, in exec_module
  File "<frozen importlib._bootstrap>", line 219, in _call_with_frames_removed
  File "/opt/airflow/dags/scheduler.py", line 8, in <module>
    import pyspark
ModuleNotFoundError: No module named 'pyspark'
[2022-12-18 20:46:40,961] {processor.py:656} WARNING - No viable dags retrieved from /opt/airflow/dags/scheduler.py
[2022-12-18 20:46:40,979] {processor.py:171} INFO - Processing /opt/airflow/dags/scheduler.py took 0.220 seconds
[2022-12-18 20:47:11,048] {processor.py:163} INFO - Started process (PID=320) to work on /opt/airflow/dags/scheduler.py
[2022-12-18 20:47:11,054] {processor.py:642} INFO - Processing file /opt/airflow/dags/scheduler.py for tasks to queue
[2022-12-18 20:47:11,060] {logging_mixin.py:109} INFO - [2022-12-18 20:47:11,059] {dagbag.py:500} INFO - Filling up the DagBag from /opt/airflow/dags/scheduler.py
[2022-12-18 20:47:11,316] {logging_mixin.py:109} INFO - [2022-12-18 20:47:11,312] {dagbag.py:334} ERROR - Failed to import: /opt/airflow/dags/scheduler.py
Traceback (most recent call last):
  File "/home/airflow/.local/lib/python3.7/site-packages/airflow/models/dagbag.py", line 331, in _load_modules_from_file
    loader.exec_module(new_module)
  File "<frozen importlib._bootstrap_external>", line 728, in exec_module
  File "<frozen importlib._bootstrap>", line 219, in _call_with_frames_removed
  File "/opt/airflow/dags/scheduler.py", line 8, in <module>
    import pyspark
ModuleNotFoundError: No module named 'pyspark'
[2022-12-18 20:47:11,384] {processor.py:656} WARNING - No viable dags retrieved from /opt/airflow/dags/scheduler.py
[2022-12-18 20:47:11,409] {processor.py:171} INFO - Processing /opt/airflow/dags/scheduler.py took 0.369 seconds
[2022-12-18 20:47:41,489] {processor.py:163} INFO - Started process (PID=338) to work on /opt/airflow/dags/scheduler.py
[2022-12-18 20:47:41,493] {processor.py:642} INFO - Processing file /opt/airflow/dags/scheduler.py for tasks to queue
[2022-12-18 20:47:41,495] {logging_mixin.py:109} INFO - [2022-12-18 20:47:41,495] {dagbag.py:500} INFO - Filling up the DagBag from /opt/airflow/dags/scheduler.py
[2022-12-18 20:47:41,664] {logging_mixin.py:109} INFO - [2022-12-18 20:47:41,661] {dagbag.py:334} ERROR - Failed to import: /opt/airflow/dags/scheduler.py
Traceback (most recent call last):
  File "/home/airflow/.local/lib/python3.7/site-packages/airflow/models/dagbag.py", line 331, in _load_modules_from_file
    loader.exec_module(new_module)
  File "<frozen importlib._bootstrap_external>", line 728, in exec_module
  File "<frozen importlib._bootstrap>", line 219, in _call_with_frames_removed
  File "/opt/airflow/dags/scheduler.py", line 8, in <module>
    import pyspark
ModuleNotFoundError: No module named 'pyspark'
[2022-12-18 20:47:41,693] {processor.py:656} WARNING - No viable dags retrieved from /opt/airflow/dags/scheduler.py
[2022-12-18 20:47:41,713] {processor.py:171} INFO - Processing /opt/airflow/dags/scheduler.py took 0.232 seconds
[2022-12-18 20:48:11,906] {processor.py:163} INFO - Started process (PID=372) to work on /opt/airflow/dags/scheduler.py
[2022-12-18 20:48:11,911] {processor.py:642} INFO - Processing file /opt/airflow/dags/scheduler.py for tasks to queue
[2022-12-18 20:48:11,914] {logging_mixin.py:109} INFO - [2022-12-18 20:48:11,913] {dagbag.py:500} INFO - Filling up the DagBag from /opt/airflow/dags/scheduler.py
[2022-12-18 20:48:12,144] {logging_mixin.py:109} INFO - [2022-12-18 20:48:12,140] {dagbag.py:334} ERROR - Failed to import: /opt/airflow/dags/scheduler.py
Traceback (most recent call last):
  File "/home/airflow/.local/lib/python3.7/site-packages/airflow/models/dagbag.py", line 331, in _load_modules_from_file
    loader.exec_module(new_module)
  File "<frozen importlib._bootstrap_external>", line 728, in exec_module
  File "<frozen importlib._bootstrap>", line 219, in _call_with_frames_removed
  File "/opt/airflow/dags/scheduler.py", line 8, in <module>
    import pyspark
ModuleNotFoundError: No module named 'pyspark'
[2022-12-18 20:48:12,185] {processor.py:656} WARNING - No viable dags retrieved from /opt/airflow/dags/scheduler.py
[2022-12-18 20:48:12,208] {processor.py:171} INFO - Processing /opt/airflow/dags/scheduler.py took 0.309 seconds
[2022-12-18 20:48:42,270] {processor.py:163} INFO - Started process (PID=390) to work on /opt/airflow/dags/scheduler.py
[2022-12-18 20:48:42,275] {processor.py:642} INFO - Processing file /opt/airflow/dags/scheduler.py for tasks to queue
[2022-12-18 20:48:42,278] {logging_mixin.py:109} INFO - [2022-12-18 20:48:42,277] {dagbag.py:500} INFO - Filling up the DagBag from /opt/airflow/dags/scheduler.py
[2022-12-18 20:48:42,445] {logging_mixin.py:109} INFO - [2022-12-18 20:48:42,441] {dagbag.py:334} ERROR - Failed to import: /opt/airflow/dags/scheduler.py
Traceback (most recent call last):
  File "/home/airflow/.local/lib/python3.7/site-packages/airflow/models/dagbag.py", line 331, in _load_modules_from_file
    loader.exec_module(new_module)
  File "<frozen importlib._bootstrap_external>", line 728, in exec_module
  File "<frozen importlib._bootstrap>", line 219, in _call_with_frames_removed
  File "/opt/airflow/dags/scheduler.py", line 8, in <module>
    import pyspark
ModuleNotFoundError: No module named 'pyspark'
[2022-12-18 20:48:42,473] {processor.py:656} WARNING - No viable dags retrieved from /opt/airflow/dags/scheduler.py
[2022-12-18 20:48:42,494] {processor.py:171} INFO - Processing /opt/airflow/dags/scheduler.py took 0.232 seconds
[2022-12-18 20:49:12,687] {processor.py:163} INFO - Started process (PID=423) to work on /opt/airflow/dags/scheduler.py
[2022-12-18 20:49:12,694] {processor.py:642} INFO - Processing file /opt/airflow/dags/scheduler.py for tasks to queue
[2022-12-18 20:49:12,701] {logging_mixin.py:109} INFO - [2022-12-18 20:49:12,700] {dagbag.py:500} INFO - Filling up the DagBag from /opt/airflow/dags/scheduler.py
[2022-12-18 20:49:12,992] {logging_mixin.py:109} INFO - [2022-12-18 20:49:12,980] {dagbag.py:334} ERROR - Failed to import: /opt/airflow/dags/scheduler.py
Traceback (most recent call last):
  File "/home/airflow/.local/lib/python3.7/site-packages/airflow/models/dagbag.py", line 331, in _load_modules_from_file
    loader.exec_module(new_module)
  File "<frozen importlib._bootstrap_external>", line 728, in exec_module
  File "<frozen importlib._bootstrap>", line 219, in _call_with_frames_removed
  File "/opt/airflow/dags/scheduler.py", line 8, in <module>
    import pyspark
ModuleNotFoundError: No module named 'pyspark'
[2022-12-18 20:49:13,051] {processor.py:656} WARNING - No viable dags retrieved from /opt/airflow/dags/scheduler.py
[2022-12-18 20:49:13,074] {processor.py:171} INFO - Processing /opt/airflow/dags/scheduler.py took 0.399 seconds
[2022-12-18 20:49:43,235] {processor.py:163} INFO - Started process (PID=451) to work on /opt/airflow/dags/scheduler.py
[2022-12-18 20:49:43,240] {processor.py:642} INFO - Processing file /opt/airflow/dags/scheduler.py for tasks to queue
[2022-12-18 20:49:43,242] {logging_mixin.py:109} INFO - [2022-12-18 20:49:43,242] {dagbag.py:500} INFO - Filling up the DagBag from /opt/airflow/dags/scheduler.py
[2022-12-18 20:49:43,407] {logging_mixin.py:109} INFO - [2022-12-18 20:49:43,403] {dagbag.py:334} ERROR - Failed to import: /opt/airflow/dags/scheduler.py
Traceback (most recent call last):
  File "/home/airflow/.local/lib/python3.7/site-packages/airflow/models/dagbag.py", line 331, in _load_modules_from_file
    loader.exec_module(new_module)
  File "<frozen importlib._bootstrap_external>", line 728, in exec_module
  File "<frozen importlib._bootstrap>", line 219, in _call_with_frames_removed
  File "/opt/airflow/dags/scheduler.py", line 8, in <module>
    import pyspark
ModuleNotFoundError: No module named 'pyspark'
[2022-12-18 20:49:43,434] {processor.py:656} WARNING - No viable dags retrieved from /opt/airflow/dags/scheduler.py
[2022-12-18 20:49:43,455] {processor.py:171} INFO - Processing /opt/airflow/dags/scheduler.py took 0.226 seconds
[2022-12-18 20:50:13,628] {processor.py:163} INFO - Started process (PID=474) to work on /opt/airflow/dags/scheduler.py
[2022-12-18 20:50:13,632] {processor.py:642} INFO - Processing file /opt/airflow/dags/scheduler.py for tasks to queue
[2022-12-18 20:50:13,635] {logging_mixin.py:109} INFO - [2022-12-18 20:50:13,634] {dagbag.py:500} INFO - Filling up the DagBag from /opt/airflow/dags/scheduler.py
[2022-12-18 20:50:13,841] {logging_mixin.py:109} INFO - [2022-12-18 20:50:13,837] {dagbag.py:334} ERROR - Failed to import: /opt/airflow/dags/scheduler.py
Traceback (most recent call last):
  File "/home/airflow/.local/lib/python3.7/site-packages/airflow/models/dagbag.py", line 331, in _load_modules_from_file
    loader.exec_module(new_module)
  File "<frozen importlib._bootstrap_external>", line 728, in exec_module
  File "<frozen importlib._bootstrap>", line 219, in _call_with_frames_removed
  File "/opt/airflow/dags/scheduler.py", line 8, in <module>
    import pyspark
ModuleNotFoundError: No module named 'pyspark'
[2022-12-18 20:50:13,872] {processor.py:656} WARNING - No viable dags retrieved from /opt/airflow/dags/scheduler.py
[2022-12-18 20:50:13,895] {processor.py:171} INFO - Processing /opt/airflow/dags/scheduler.py took 0.274 seconds
[2022-12-18 20:50:28,775] {processor.py:163} INFO - Started process (PID=492) to work on /opt/airflow/dags/scheduler.py
[2022-12-18 20:50:28,780] {processor.py:642} INFO - Processing file /opt/airflow/dags/scheduler.py for tasks to queue
[2022-12-18 20:50:28,783] {logging_mixin.py:109} INFO - [2022-12-18 20:50:28,782] {dagbag.py:500} INFO - Filling up the DagBag from /opt/airflow/dags/scheduler.py
[2022-12-18 20:50:29,200] {processor.py:654} INFO - DAG(s) dict_keys(['scheduler_dag']) retrieved from /opt/airflow/dags/scheduler.py
[2022-12-18 20:50:50,470] {logging_mixin.py:109} INFO - [2022-12-18 20:50:50,469] {manager.py:496} INFO - Created Permission View: can edit on DAG:scheduler_dag
[2022-12-18 20:50:50,497] {logging_mixin.py:109} INFO - [2022-12-18 20:50:50,497] {manager.py:496} INFO - Created Permission View: can read on DAG:scheduler_dag
[2022-12-18 20:50:50,500] {logging_mixin.py:109} INFO - [2022-12-18 20:50:50,499] {dag.py:2396} INFO - Sync 1 DAGs
[2022-12-18 20:50:50,526] {logging_mixin.py:109} INFO - [2022-12-18 20:50:50,525] {dag.py:2415} INFO - Creating ORM DAG for scheduler_dag
[2022-12-18 20:50:50,566] {logging_mixin.py:109} INFO - [2022-12-18 20:50:50,566] {dag.py:2935} INFO - Setting next_dagrun for scheduler_dag to 2022-12-11 00:00:00+00:00
[2022-12-18 20:50:50,610] {processor.py:171} INFO - Processing /opt/airflow/dags/scheduler.py took 21.842 seconds
[2022-12-18 20:51:20,902] {processor.py:163} INFO - Started process (PID=531) to work on /opt/airflow/dags/scheduler.py
[2022-12-18 20:51:20,907] {processor.py:642} INFO - Processing file /opt/airflow/dags/scheduler.py for tasks to queue
[2022-12-18 20:51:20,910] {logging_mixin.py:109} INFO - [2022-12-18 20:51:20,909] {dagbag.py:500} INFO - Filling up the DagBag from /opt/airflow/dags/scheduler.py
[2022-12-18 20:51:21,181] {processor.py:654} INFO - DAG(s) dict_keys(['scheduler_dag']) retrieved from /opt/airflow/dags/scheduler.py
[2022-12-18 20:51:21,210] {logging_mixin.py:109} INFO - [2022-12-18 20:51:21,210] {dag.py:2396} INFO - Sync 1 DAGs
[2022-12-18 20:51:21,269] {logging_mixin.py:109} INFO - [2022-12-18 20:51:21,268] {dag.py:2935} INFO - Setting next_dagrun for scheduler_dag to 2022-12-11 00:00:00+00:00
[2022-12-18 20:51:21,292] {processor.py:171} INFO - Processing /opt/airflow/dags/scheduler.py took 0.401 seconds
[2022-12-18 20:51:51,600] {processor.py:163} INFO - Started process (PID=565) to work on /opt/airflow/dags/scheduler.py
[2022-12-18 20:51:51,603] {processor.py:642} INFO - Processing file /opt/airflow/dags/scheduler.py for tasks to queue
[2022-12-18 20:51:51,606] {logging_mixin.py:109} INFO - [2022-12-18 20:51:51,605] {dagbag.py:500} INFO - Filling up the DagBag from /opt/airflow/dags/scheduler.py
[2022-12-18 20:51:51,853] {processor.py:654} INFO - DAG(s) dict_keys(['scheduler_dag']) retrieved from /opt/airflow/dags/scheduler.py
[2022-12-18 20:51:51,879] {logging_mixin.py:109} INFO - [2022-12-18 20:51:51,879] {dag.py:2396} INFO - Sync 1 DAGs
[2022-12-18 20:51:51,935] {logging_mixin.py:109} INFO - [2022-12-18 20:51:51,934] {dag.py:2935} INFO - Setting next_dagrun for scheduler_dag to 2022-12-11 00:00:00+00:00
[2022-12-18 20:51:51,956] {processor.py:171} INFO - Processing /opt/airflow/dags/scheduler.py took 0.362 seconds
[2022-12-18 20:52:22,151] {processor.py:163} INFO - Started process (PID=599) to work on /opt/airflow/dags/scheduler.py
[2022-12-18 20:52:22,155] {processor.py:642} INFO - Processing file /opt/airflow/dags/scheduler.py for tasks to queue
[2022-12-18 20:52:22,157] {logging_mixin.py:109} INFO - [2022-12-18 20:52:22,157] {dagbag.py:500} INFO - Filling up the DagBag from /opt/airflow/dags/scheduler.py
[2022-12-18 20:52:22,433] {processor.py:654} INFO - DAG(s) dict_keys(['scheduler_dag']) retrieved from /opt/airflow/dags/scheduler.py
[2022-12-18 20:52:22,460] {logging_mixin.py:109} INFO - [2022-12-18 20:52:22,460] {dag.py:2396} INFO - Sync 1 DAGs
[2022-12-18 20:52:22,520] {logging_mixin.py:109} INFO - [2022-12-18 20:52:22,519] {dag.py:2935} INFO - Setting next_dagrun for scheduler_dag to 2022-12-11 00:00:00+00:00
[2022-12-18 20:52:22,544] {processor.py:171} INFO - Processing /opt/airflow/dags/scheduler.py took 0.400 seconds
[2022-12-18 20:52:52,714] {processor.py:163} INFO - Started process (PID=617) to work on /opt/airflow/dags/scheduler.py
[2022-12-18 20:52:52,717] {processor.py:642} INFO - Processing file /opt/airflow/dags/scheduler.py for tasks to queue
[2022-12-18 20:52:52,720] {logging_mixin.py:109} INFO - [2022-12-18 20:52:52,719] {dagbag.py:500} INFO - Filling up the DagBag from /opt/airflow/dags/scheduler.py
[2022-12-18 20:52:52,968] {processor.py:654} INFO - DAG(s) dict_keys(['scheduler_dag']) retrieved from /opt/airflow/dags/scheduler.py
[2022-12-18 20:52:52,994] {logging_mixin.py:109} INFO - [2022-12-18 20:52:52,994] {dag.py:2396} INFO - Sync 1 DAGs
[2022-12-18 20:52:53,050] {logging_mixin.py:109} INFO - [2022-12-18 20:52:53,050] {dag.py:2935} INFO - Setting next_dagrun for scheduler_dag to 2022-12-11 00:00:00+00:00
[2022-12-18 20:52:53,072] {processor.py:171} INFO - Processing /opt/airflow/dags/scheduler.py took 0.364 seconds
[2022-12-18 20:53:23,228] {processor.py:163} INFO - Started process (PID=651) to work on /opt/airflow/dags/scheduler.py
[2022-12-18 20:53:23,232] {processor.py:642} INFO - Processing file /opt/airflow/dags/scheduler.py for tasks to queue
[2022-12-18 20:53:23,234] {logging_mixin.py:109} INFO - [2022-12-18 20:53:23,234] {dagbag.py:500} INFO - Filling up the DagBag from /opt/airflow/dags/scheduler.py
[2022-12-18 20:53:23,489] {processor.py:654} INFO - DAG(s) dict_keys(['scheduler_dag']) retrieved from /opt/airflow/dags/scheduler.py
[2022-12-18 20:53:23,516] {logging_mixin.py:109} INFO - [2022-12-18 20:53:23,515] {dag.py:2396} INFO - Sync 1 DAGs
[2022-12-18 20:53:23,572] {logging_mixin.py:109} INFO - [2022-12-18 20:53:23,571] {dag.py:2935} INFO - Setting next_dagrun for scheduler_dag to 2022-12-11 00:00:00+00:00
[2022-12-18 20:53:23,596] {processor.py:171} INFO - Processing /opt/airflow/dags/scheduler.py took 0.374 seconds
[2022-12-18 20:53:53,746] {processor.py:163} INFO - Started process (PID=669) to work on /opt/airflow/dags/scheduler.py
[2022-12-18 20:53:53,752] {processor.py:642} INFO - Processing file /opt/airflow/dags/scheduler.py for tasks to queue
[2022-12-18 20:53:53,754] {logging_mixin.py:109} INFO - [2022-12-18 20:53:53,753] {dagbag.py:500} INFO - Filling up the DagBag from /opt/airflow/dags/scheduler.py
[2022-12-18 20:53:54,011] {processor.py:654} INFO - DAG(s) dict_keys(['scheduler_dag']) retrieved from /opt/airflow/dags/scheduler.py
[2022-12-18 20:53:54,040] {logging_mixin.py:109} INFO - [2022-12-18 20:53:54,039] {dag.py:2396} INFO - Sync 1 DAGs
[2022-12-18 20:53:54,102] {logging_mixin.py:109} INFO - [2022-12-18 20:53:54,101] {dag.py:2935} INFO - Setting next_dagrun for scheduler_dag to 2022-12-11 00:00:00+00:00
[2022-12-18 20:53:54,125] {processor.py:171} INFO - Processing /opt/airflow/dags/scheduler.py took 0.386 seconds
[2022-12-18 20:54:24,263] {processor.py:163} INFO - Started process (PID=705) to work on /opt/airflow/dags/scheduler.py
[2022-12-18 20:54:24,268] {processor.py:642} INFO - Processing file /opt/airflow/dags/scheduler.py for tasks to queue
[2022-12-18 20:54:24,270] {logging_mixin.py:109} INFO - [2022-12-18 20:54:24,270] {dagbag.py:500} INFO - Filling up the DagBag from /opt/airflow/dags/scheduler.py
[2022-12-18 20:54:24,550] {processor.py:654} INFO - DAG(s) dict_keys(['scheduler_dag']) retrieved from /opt/airflow/dags/scheduler.py
[2022-12-18 20:54:24,579] {logging_mixin.py:109} INFO - [2022-12-18 20:54:24,579] {dag.py:2396} INFO - Sync 1 DAGs
[2022-12-18 20:54:24,637] {logging_mixin.py:109} INFO - [2022-12-18 20:54:24,637] {dag.py:2935} INFO - Setting next_dagrun for scheduler_dag to 2022-12-11 00:00:00+00:00
[2022-12-18 20:54:24,661] {processor.py:171} INFO - Processing /opt/airflow/dags/scheduler.py took 0.404 seconds
[2022-12-18 20:54:54,829] {processor.py:163} INFO - Started process (PID=733) to work on /opt/airflow/dags/scheduler.py
[2022-12-18 20:54:54,834] {processor.py:642} INFO - Processing file /opt/airflow/dags/scheduler.py for tasks to queue
[2022-12-18 20:54:54,837] {logging_mixin.py:109} INFO - [2022-12-18 20:54:54,837] {dagbag.py:500} INFO - Filling up the DagBag from /opt/airflow/dags/scheduler.py
[2022-12-18 20:54:55,146] {processor.py:654} INFO - DAG(s) dict_keys(['scheduler_dag']) retrieved from /opt/airflow/dags/scheduler.py
[2022-12-18 20:54:55,200] {logging_mixin.py:109} INFO - [2022-12-18 20:54:55,200] {dag.py:2396} INFO - Sync 1 DAGs
[2022-12-18 20:54:55,479] {logging_mixin.py:109} INFO - [2022-12-18 20:54:55,479] {dag.py:2935} INFO - Setting next_dagrun for scheduler_dag to 2022-12-11 00:00:00+00:00
[2022-12-18 20:54:55,505] {processor.py:171} INFO - Processing /opt/airflow/dags/scheduler.py took 0.683 seconds
[2022-12-18 20:55:25,819] {processor.py:163} INFO - Started process (PID=756) to work on /opt/airflow/dags/scheduler.py
[2022-12-18 20:55:25,824] {processor.py:642} INFO - Processing file /opt/airflow/dags/scheduler.py for tasks to queue
[2022-12-18 20:55:25,826] {logging_mixin.py:109} INFO - [2022-12-18 20:55:25,825] {dagbag.py:500} INFO - Filling up the DagBag from /opt/airflow/dags/scheduler.py
[2022-12-18 20:55:26,081] {processor.py:654} INFO - DAG(s) dict_keys(['scheduler_dag']) retrieved from /opt/airflow/dags/scheduler.py
[2022-12-18 20:55:26,110] {logging_mixin.py:109} INFO - [2022-12-18 20:55:26,110] {dag.py:2396} INFO - Sync 1 DAGs
[2022-12-18 20:55:26,283] {logging_mixin.py:109} INFO - [2022-12-18 20:55:26,283] {dag.py:2935} INFO - Setting next_dagrun for scheduler_dag to 2022-12-11 00:00:00+00:00
[2022-12-18 20:55:26,305] {processor.py:171} INFO - Processing /opt/airflow/dags/scheduler.py took 0.493 seconds
